-- Found ament_cmake: 1.3.11 (/opt/ros/humble/share/ament_cmake/cmake)
-- Override CMake install command with custom implementation using symlinks instead of copying resources
-- Found rclcpp: 16.0.11 (/opt/ros/humble/share/rclcpp/cmake)
-- Found rosidl_generator_c: 3.1.6 (/opt/ros/humble/share/rosidl_generator_c/cmake)
-- Found rosidl_adapter: 3.1.6 (/opt/ros/humble/share/rosidl_adapter/cmake)
-- Found rosidl_generator_cpp: 3.1.6 (/opt/ros/humble/share/rosidl_generator_cpp/cmake)
-- Using all available rosidl_typesupport_c: rosidl_typesupport_fastrtps_c;rosidl_typesupport_introspection_c
-- Using all available rosidl_typesupport_cpp: rosidl_typesupport_fastrtps_cpp;rosidl_typesupport_introspection_cpp
-- Found rmw_implementation_cmake: 6.1.2 (/opt/ros/humble/share/rmw_implementation_cmake/cmake)
-- Found rmw_fastrtps_cpp: 6.2.7 (/opt/ros/humble/share/rmw_fastrtps_cpp/cmake)
-- Using RMW implementation 'rmw_fastrtps_cpp' as default
-- Found rclpy: 3.3.15 (/opt/ros/humble/share/rclpy/cmake)
-- Found ament_lint_auto: 0.12.11 (/opt/ros/humble/share/ament_lint_auto/cmake)
-- Added test 'copyright' to check source files copyright and LICENSE
-- Added test 'flake8' to check Python code syntax and style conventions
-- Added test 'lint_cmake' to check CMake code style
-- Added test 'pep257' to check Python code against some of the docstring style conventions in PEP 257
-- Added test 'xmllint' to check XML markup files
-- Configuring done
-- Generating done
-- Build files have been written to: /home/sid/ws/build/tortoisebot_firmware
Built target ament_cmake_python_symlink_tortoisebot_firmware
running egg_info
creating tortoisebot_firmware.egg-info
writing tortoisebot_firmware.egg-info/PKG-INFO
writing dependency_links to tortoisebot_firmware.egg-info/dependency_links.txt
writing top-level names to tortoisebot_firmware.egg-info/top_level.txt
writing manifest file 'tortoisebot_firmware.egg-info/SOURCES.txt'
reading manifest file 'tortoisebot_firmware.egg-info/SOURCES.txt'
writing manifest file 'tortoisebot_firmware.egg-info/SOURCES.txt'
Built target ament_cmake_python_build_tortoisebot_firmware_egg
-- Install configuration: ""
-- Execute custom install script
-- Symlinking: /home/sid/ws/install/tortoisebot_firmware/share/tortoisebot_firmware/environment/pythonpath.sh
-- Symlinking: /home/sid/ws/install/tortoisebot_firmware/share/tortoisebot_firmware/environment/pythonpath.dsv
-- Symlinking: /home/sid/ws/install/tortoisebot_firmware/local/lib/python3.10/dist-packages/tortoisebot_firmware-0.0.0-py3.10.egg-info/PKG-INFO
-- Symlinking: /home/sid/ws/install/tortoisebot_firmware/local/lib/python3.10/dist-packages/tortoisebot_firmware-0.0.0-py3.10.egg-info/SOURCES.txt
-- Symlinking: /home/sid/ws/install/tortoisebot_firmware/local/lib/python3.10/dist-packages/tortoisebot_firmware-0.0.0-py3.10.egg-info/dependency_links.txt
-- Symlinking: /home/sid/ws/install/tortoisebot_firmware/local/lib/python3.10/dist-packages/tortoisebot_firmware-0.0.0-py3.10.egg-info/top_level.txt
-- Symlinking: /home/sid/ws/install/tortoisebot_firmware/local/lib/python3.10/dist-packages/tortoisebot_firmware/__init__.py
-- Symlinking: /home/sid/ws/install/tortoisebot_firmware/lib/tortoisebot_firmware/differential.py
-- Symlinking: /home/sid/ws/install/tortoisebot_firmware/share/ament_index/resource_index/package_run_dependencies/tortoisebot_firmware
-- Symlinking: /home/sid/ws/install/tortoisebot_firmware/share/ament_index/resource_index/parent_prefix_path/tortoisebot_firmware
-- Symlinking: /home/sid/ws/install/tortoisebot_firmware/share/tortoisebot_firmware/environment/ament_prefix_path.sh
-- Symlinking: /home/sid/ws/install/tortoisebot_firmware/share/tortoisebot_firmware/environment/ament_prefix_path.dsv
-- Symlinking: /home/sid/ws/install/tortoisebot_firmware/share/tortoisebot_firmware/environment/path.sh
-- Symlinking: /home/sid/ws/install/tortoisebot_firmware/share/tortoisebot_firmware/environment/path.dsv
-- Symlinking: /home/sid/ws/install/tortoisebot_firmware/share/tortoisebot_firmware/local_setup.bash
-- Symlinking: /home/sid/ws/install/tortoisebot_firmware/share/tortoisebot_firmware/local_setup.sh
-- Symlinking: /home/sid/ws/install/tortoisebot_firmware/share/tortoisebot_firmware/local_setup.zsh
-- Symlinking: /home/sid/ws/install/tortoisebot_firmware/share/tortoisebot_firmware/local_setup.dsv
-- Symlinking: /home/sid/ws/install/tortoisebot_firmware/share/tortoisebot_firmware/package.dsv
-- Symlinking: /home/sid/ws/install/tortoisebot_firmware/share/ament_index/resource_index/packages/tortoisebot_firmware
-- Symlinking: /home/sid/ws/install/tortoisebot_firmware/share/tortoisebot_firmware/cmake/tortoisebot_firmwareConfig.cmake
-- Symlinking: /home/sid/ws/install/tortoisebot_firmware/share/tortoisebot_firmware/cmake/tortoisebot_firmwareConfig-version.cmake
-- Symlinking: /home/sid/ws/install/tortoisebot_firmware/share/tortoisebot_firmware/package.xml
Listing '/home/sid/ws/install/tortoisebot_firmware/local/lib/python3.10/dist-packages/tortoisebot_firmware'...
