[0.229s] Invoking command in '/home/sid/ws/build/tortoisebot_firmware': CMAKE_PREFIX_PATH=${CMAKE_PREFIX_PATH}:/home/sid/ws/install/tortoisebot_control:/opt/ros/humble /usr/bin/cmake --build /home/sid/ws/build/tortoisebot_firmware -- -j12 -l12
[0.255s] -- Found ament_cmake: 1.3.11 (/opt/ros/humble/share/ament_cmake/cmake)
[0.403s] -- Override CMake install command with custom implementation using symlinks instead of copying resources
[0.411s] -- Found rclcpp: 16.0.11 (/opt/ros/humble/share/rclcpp/cmake)
[0.440s] -- Found rosidl_generator_c: 3.1.6 (/opt/ros/humble/share/rosidl_generator_c/cmake)
[0.442s] -- Found rosidl_adapter: 3.1.6 (/opt/ros/humble/share/rosidl_adapter/cmake)
[0.448s] -- Found rosidl_generator_cpp: 3.1.6 (/opt/ros/humble/share/rosidl_generator_cpp/cmake)
[0.457s] -- Using all available rosidl_typesupport_c: rosidl_typesupport_fastrtps_c;rosidl_typesupport_introspection_c
[0.468s] -- Using all available rosidl_typesupport_cpp: rosidl_typesupport_fastrtps_cpp;rosidl_typesupport_introspection_cpp
[0.498s] -- Found rmw_implementation_cmake: 6.1.2 (/opt/ros/humble/share/rmw_implementation_cmake/cmake)
[0.499s] -- Found rmw_fastrtps_cpp: 6.2.7 (/opt/ros/humble/share/rmw_fastrtps_cpp/cmake)
[0.600s] -- Using RMW implementation 'rmw_fastrtps_cpp' as default
[0.648s] -- Found rclpy: 3.3.15 (/opt/ros/humble/share/rclpy/cmake)
[0.648s] -- Found ament_lint_auto: 0.12.11 (/opt/ros/humble/share/ament_lint_auto/cmake)
[0.716s] -- Added test 'copyright' to check source files copyright and LICENSE
[0.717s] -- Added test 'flake8' to check Python code syntax and style conventions
[0.717s] -- Added test 'lint_cmake' to check CMake code style
[0.717s] -- Added test 'pep257' to check Python code against some of the docstring style conventions in PEP 257
[0.718s] -- Added test 'xmllint' to check XML markup files
[0.719s] -- Configuring done
[0.723s] -- Generating done
[0.726s] -- Build files have been written to: /home/sid/ws/build/tortoisebot_firmware
[0.764s] Built target ament_cmake_python_symlink_tortoisebot_firmware
[0.972s] running egg_info
[0.972s] creating tortoisebot_firmware.egg-info
[0.973s] writing tortoisebot_firmware.egg-info/PKG-INFO
[0.973s] writing dependency_links to tortoisebot_firmware.egg-info/dependency_links.txt
[0.973s] writing top-level names to tortoisebot_firmware.egg-info/top_level.txt
[0.973s] writing manifest file 'tortoisebot_firmware.egg-info/SOURCES.txt'
[0.975s] reading manifest file 'tortoisebot_firmware.egg-info/SOURCES.txt'
[0.976s] writing manifest file 'tortoisebot_firmware.egg-info/SOURCES.txt'
[1.001s] Built target ament_cmake_python_build_tortoisebot_firmware_egg
[1.012s] Invoked command in '/home/sid/ws/build/tortoisebot_firmware' returned '0': CMAKE_PREFIX_PATH=${CMAKE_PREFIX_PATH}:/home/sid/ws/install/tortoisebot_control:/opt/ros/humble /usr/bin/cmake --build /home/sid/ws/build/tortoisebot_firmware -- -j12 -l12
[1.014s] Invoking command in '/home/sid/ws/build/tortoisebot_firmware': CMAKE_PREFIX_PATH=${CMAKE_PREFIX_PATH}:/home/sid/ws/install/tortoisebot_control:/opt/ros/humble /usr/bin/cmake --install /home/sid/ws/build/tortoisebot_firmware
[1.021s] -- Install configuration: ""
[1.022s] -- Execute custom install script
[1.022s] -- Symlinking: /home/sid/ws/install/tortoisebot_firmware/share/tortoisebot_firmware/environment/pythonpath.sh
[1.031s] -- Symlinking: /home/sid/ws/install/tortoisebot_firmware/share/tortoisebot_firmware/environment/pythonpath.dsv
[1.039s] -- Symlinking: /home/sid/ws/install/tortoisebot_firmware/local/lib/python3.10/dist-packages/tortoisebot_firmware-0.0.0-py3.10.egg-info/PKG-INFO
[1.046s] -- Symlinking: /home/sid/ws/install/tortoisebot_firmware/local/lib/python3.10/dist-packages/tortoisebot_firmware-0.0.0-py3.10.egg-info/SOURCES.txt
[1.054s] -- Symlinking: /home/sid/ws/install/tortoisebot_firmware/local/lib/python3.10/dist-packages/tortoisebot_firmware-0.0.0-py3.10.egg-info/dependency_links.txt
[1.062s] -- Symlinking: /home/sid/ws/install/tortoisebot_firmware/local/lib/python3.10/dist-packages/tortoisebot_firmware-0.0.0-py3.10.egg-info/top_level.txt
[1.070s] -- Symlinking: /home/sid/ws/install/tortoisebot_firmware/local/lib/python3.10/dist-packages/tortoisebot_firmware/__init__.py
[1.078s] -- Symlinking: /home/sid/ws/install/tortoisebot_firmware/lib/tortoisebot_firmware/differential.py
[1.087s] -- Symlinking: /home/sid/ws/install/tortoisebot_firmware/share/ament_index/resource_index/package_run_dependencies/tortoisebot_firmware
[1.094s] -- Symlinking: /home/sid/ws/install/tortoisebot_firmware/share/ament_index/resource_index/parent_prefix_path/tortoisebot_firmware
[1.103s] -- Symlinking: /home/sid/ws/install/tortoisebot_firmware/share/tortoisebot_firmware/environment/ament_prefix_path.sh
[1.111s] -- Symlinking: /home/sid/ws/install/tortoisebot_firmware/share/tortoisebot_firmware/environment/ament_prefix_path.dsv
[1.121s] -- Symlinking: /home/sid/ws/install/tortoisebot_firmware/share/tortoisebot_firmware/environment/path.sh
[1.130s] -- Symlinking: /home/sid/ws/install/tortoisebot_firmware/share/tortoisebot_firmware/environment/path.dsv
[1.138s] -- Symlinking: /home/sid/ws/install/tortoisebot_firmware/share/tortoisebot_firmware/local_setup.bash
[1.145s] -- Symlinking: /home/sid/ws/install/tortoisebot_firmware/share/tortoisebot_firmware/local_setup.sh
[1.153s] -- Symlinking: /home/sid/ws/install/tortoisebot_firmware/share/tortoisebot_firmware/local_setup.zsh
[1.161s] -- Symlinking: /home/sid/ws/install/tortoisebot_firmware/share/tortoisebot_firmware/local_setup.dsv
[1.168s] -- Symlinking: /home/sid/ws/install/tortoisebot_firmware/share/tortoisebot_firmware/package.dsv
[1.177s] -- Symlinking: /home/sid/ws/install/tortoisebot_firmware/share/ament_index/resource_index/packages/tortoisebot_firmware
[1.184s] -- Symlinking: /home/sid/ws/install/tortoisebot_firmware/share/tortoisebot_firmware/cmake/tortoisebot_firmwareConfig.cmake
[1.192s] -- Symlinking: /home/sid/ws/install/tortoisebot_firmware/share/tortoisebot_firmware/cmake/tortoisebot_firmwareConfig-version.cmake
[1.201s] -- Symlinking: /home/sid/ws/install/tortoisebot_firmware/share/tortoisebot_firmware/package.xml
[1.241s] Listing '/home/sid/ws/install/tortoisebot_firmware/local/lib/python3.10/dist-packages/tortoisebot_firmware'...
[1.249s] Invoked command in '/home/sid/ws/build/tortoisebot_firmware' returned '0': CMAKE_PREFIX_PATH=${CMAKE_PREFIX_PATH}:/home/sid/ws/install/tortoisebot_control:/opt/ros/humble /usr/bin/cmake --install /home/sid/ws/build/tortoisebot_firmware
