[0.174s] Invoking command in '/home/sid/ws/build/tortoisebot_navigation': CMAKE_PREFIX_PATH=${CMAKE_PREFIX_PATH}:/home/sid/ws/install/tortoisebot_control:/opt/ros/humble /usr/bin/cmake --build /home/sid/ws/build/tortoisebot_navigation -- -j12 -l12
[0.215s] Invoked command in '/home/sid/ws/build/tortoisebot_navigation' returned '0': CMAKE_PREFIX_PATH=${CMAKE_PREFIX_PATH}:/home/sid/ws/install/tortoisebot_control:/opt/ros/humble /usr/bin/cmake --build /home/sid/ws/build/tortoisebot_navigation -- -j12 -l12
[0.218s] Invoking command in '/home/sid/ws/build/tortoisebot_navigation': CMAKE_PREFIX_PATH=${CMAKE_PREFIX_PATH}:/home/sid/ws/install/tortoisebot_control:/opt/ros/humble /usr/bin/cmake --install /home/sid/ws/build/tortoisebot_navigation
[0.225s] -- Install configuration: ""
[0.225s] -- Execute custom install script
[0.226s] -- Up-to-date symlink: /home/sid/ws/install/tortoisebot_navigation/share/tortoisebot_navigation/launch/navigation.launch.py
[0.226s] -- Up-to-date symlink: /home/sid/ws/install/tortoisebot_navigation/share/tortoisebot_navigation/config/nav2_params_robot.yaml
[0.226s] -- Up-to-date symlink: /home/sid/ws/install/tortoisebot_navigation/share/tortoisebot_navigation/config/nav2_params_simulation.yaml
[0.226s] -- Up-to-date symlink: /home/sid/ws/install/tortoisebot_navigation/share/ament_index/resource_index/package_run_dependencies/tortoisebot_navigation
[0.226s] -- Up-to-date symlink: /home/sid/ws/install/tortoisebot_navigation/share/ament_index/resource_index/parent_prefix_path/tortoisebot_navigation
[0.226s] -- Up-to-date symlink: /home/sid/ws/install/tortoisebot_navigation/share/tortoisebot_navigation/environment/ament_prefix_path.sh
[0.226s] -- Up-to-date symlink: /home/sid/ws/install/tortoisebot_navigation/share/tortoisebot_navigation/environment/ament_prefix_path.dsv
[0.226s] -- Up-to-date symlink: /home/sid/ws/install/tortoisebot_navigation/share/tortoisebot_navigation/environment/path.sh
[0.226s] -- Up-to-date symlink: /home/sid/ws/install/tortoisebot_navigation/share/tortoisebot_navigation/environment/path.dsv
[0.227s] -- Up-to-date symlink: /home/sid/ws/install/tortoisebot_navigation/share/tortoisebot_navigation/local_setup.bash
[0.227s] -- Up-to-date symlink: /home/sid/ws/install/tortoisebot_navigation/share/tortoisebot_navigation/local_setup.sh
[0.227s] -- Up-to-date symlink: /home/sid/ws/install/tortoisebot_navigation/share/tortoisebot_navigation/local_setup.zsh
[0.227s] -- Up-to-date symlink: /home/sid/ws/install/tortoisebot_navigation/share/tortoisebot_navigation/local_setup.dsv
[0.227s] -- Symlinking: /home/sid/ws/install/tortoisebot_navigation/share/tortoisebot_navigation/package.dsv
[0.234s] -- Up-to-date symlink: /home/sid/ws/install/tortoisebot_navigation/share/ament_index/resource_index/packages/tortoisebot_navigation
[0.234s] -- Up-to-date symlink: /home/sid/ws/install/tortoisebot_navigation/share/tortoisebot_navigation/cmake/tortoisebot_navigationConfig.cmake
[0.234s] -- Up-to-date symlink: /home/sid/ws/install/tortoisebot_navigation/share/tortoisebot_navigation/cmake/tortoisebot_navigationConfig-version.cmake
[0.234s] -- Up-to-date symlink: /home/sid/ws/install/tortoisebot_navigation/share/tortoisebot_navigation/package.xml
[0.274s] Invoked command in '/home/sid/ws/build/tortoisebot_navigation' returned '0': CMAKE_PREFIX_PATH=${CMAKE_PREFIX_PATH}:/home/sid/ws/install/tortoisebot_control:/opt/ros/humble /usr/bin/cmake --install /home/sid/ws/build/tortoisebot_navigation
