[0.176s] Invoking command in '/home/sid/ws/build/tortoisebot_slam': CMAKE_PREFIX_PATH=${CMAKE_PREFIX_PATH}:/home/sid/ws/install/tortoisebot_control:/opt/ros/humble /usr/bin/cmake --build /home/sid/ws/build/tortoisebot_slam -- -j12 -l12
[0.215s] Invoked command in '/home/sid/ws/build/tortoisebot_slam' returned '0': CMAKE_PREFIX_PATH=${CMAKE_PREFIX_PATH}:/home/sid/ws/install/tortoisebot_control:/opt/ros/humble /usr/bin/cmake --build /home/sid/ws/build/tortoisebot_slam -- -j12 -l12
[0.217s] Invoking command in '/home/sid/ws/build/tortoisebot_slam': CMAKE_PREFIX_PATH=${CMAKE_PREFIX_PATH}:/home/sid/ws/install/tortoisebot_control:/opt/ros/humble /usr/bin/cmake --install /home/sid/ws/build/tortoisebot_slam
[0.224s] -- Install configuration: ""
[0.224s] -- Execute custom install script
[0.224s] -- Up-to-date symlink: /home/sid/ws/install/tortoisebot_slam/share/tortoisebot_slam/launch/cartographer.launch.py
[0.225s] -- Up-to-date symlink: /home/sid/ws/install/tortoisebot_slam/share/tortoisebot_slam/config/ekf.yaml
[0.225s] -- Up-to-date symlink: /home/sid/ws/install/tortoisebot_slam/share/tortoisebot_slam/config/slam.lua
[0.225s] -- Up-to-date symlink: /home/sid/ws/install/tortoisebot_slam/share/ament_index/resource_index/package_run_dependencies/tortoisebot_slam
[0.225s] -- Up-to-date symlink: /home/sid/ws/install/tortoisebot_slam/share/ament_index/resource_index/parent_prefix_path/tortoisebot_slam
[0.225s] -- Up-to-date symlink: /home/sid/ws/install/tortoisebot_slam/share/tortoisebot_slam/environment/ament_prefix_path.sh
[0.225s] -- Up-to-date symlink: /home/sid/ws/install/tortoisebot_slam/share/tortoisebot_slam/environment/ament_prefix_path.dsv
[0.225s] -- Up-to-date symlink: /home/sid/ws/install/tortoisebot_slam/share/tortoisebot_slam/environment/path.sh
[0.225s] -- Up-to-date symlink: /home/sid/ws/install/tortoisebot_slam/share/tortoisebot_slam/environment/path.dsv
[0.225s] -- Up-to-date symlink: /home/sid/ws/install/tortoisebot_slam/share/tortoisebot_slam/local_setup.bash
[0.226s] -- Up-to-date symlink: /home/sid/ws/install/tortoisebot_slam/share/tortoisebot_slam/local_setup.sh
[0.226s] -- Up-to-date symlink: /home/sid/ws/install/tortoisebot_slam/share/tortoisebot_slam/local_setup.zsh
[0.226s] -- Up-to-date symlink: /home/sid/ws/install/tortoisebot_slam/share/tortoisebot_slam/local_setup.dsv
[0.226s] -- Symlinking: /home/sid/ws/install/tortoisebot_slam/share/tortoisebot_slam/package.dsv
[0.233s] -- Up-to-date symlink: /home/sid/ws/install/tortoisebot_slam/share/ament_index/resource_index/packages/tortoisebot_slam
[0.233s] -- Up-to-date symlink: /home/sid/ws/install/tortoisebot_slam/share/tortoisebot_slam/cmake/tortoisebot_slamConfig.cmake
[0.233s] -- Up-to-date symlink: /home/sid/ws/install/tortoisebot_slam/share/tortoisebot_slam/cmake/tortoisebot_slamConfig-version.cmake
[0.234s] -- Up-to-date symlink: /home/sid/ws/install/tortoisebot_slam/share/tortoisebot_slam/package.xml
[0.271s] Invoked command in '/home/sid/ws/build/tortoisebot_slam' returned '0': CMAKE_PREFIX_PATH=${CMAKE_PREFIX_PATH}:/home/sid/ws/install/tortoisebot_control:/opt/ros/humble /usr/bin/cmake --install /home/sid/ws/build/tortoisebot_slam
