[0.178s] Invoking command in '/home/sid/ws/build/tortoisebot_slam': CMAKE_PREFIX_PATH=${CMAKE_PREFIX_PATH}:/home/sid/ws/install/tortoisebot_control:/opt/ros/humble /usr/bin/cmake /home/sid/ws/tortoisebot/tortoisebot_slam -DAMENT_CMAKE_SYMLINK_INSTALL=1 -DCMAKE_INSTALL_PREFIX=/home/sid/ws/install/tortoisebot_slam
[0.188s] -- Found ament_cmake: 1.3.11 (/opt/ros/humble/share/ament_cmake/cmake)
[0.315s] -- Override CMake install command with custom implementation using symlinks instead of copying resources
[0.320s] -- Found ament_lint_auto: 0.12.11 (/opt/ros/humble/share/ament_lint_auto/cmake)
[0.378s] -- Added test 'copyright' to check source files copyright and LICENSE
[0.378s] -- Added test 'flake8' to check Python code syntax and style conventions
[0.378s] -- Added test 'lint_cmake' to check CMake code style
[0.378s] -- Added test 'pep257' to check Python code against some of the docstring style conventions in PEP 257
[0.378s] -- Added test 'xmllint' to check XML markup files
[0.379s] -- Configuring done
[0.380s] -- Generating done
[0.381s] -- Build files have been written to: /home/sid/ws/build/tortoisebot_slam
[0.384s] Invoked command in '/home/sid/ws/build/tortoisebot_slam' returned '0': CMAKE_PREFIX_PATH=${CMAKE_PREFIX_PATH}:/home/sid/ws/install/tortoisebot_control:/opt/ros/humble /usr/bin/cmake /home/sid/ws/tortoisebot/tortoisebot_slam -DAMENT_CMAKE_SYMLINK_INSTALL=1 -DCMAKE_INSTALL_PREFIX=/home/sid/ws/install/tortoisebot_slam
[0.386s] Invoking command in '/home/sid/ws/build/tortoisebot_slam': CMAKE_PREFIX_PATH=${CMAKE_PREFIX_PATH}:/home/sid/ws/install/tortoisebot_control:/opt/ros/humble /usr/bin/cmake --build /home/sid/ws/build/tortoisebot_slam -- -j12 -l12
[0.422s] Invoked command in '/home/sid/ws/build/tortoisebot_slam' returned '0': CMAKE_PREFIX_PATH=${CMAKE_PREFIX_PATH}:/home/sid/ws/install/tortoisebot_control:/opt/ros/humble /usr/bin/cmake --build /home/sid/ws/build/tortoisebot_slam -- -j12 -l12
[0.424s] Invoking command in '/home/sid/ws/build/tortoisebot_slam': CMAKE_PREFIX_PATH=${CMAKE_PREFIX_PATH}:/home/sid/ws/install/tortoisebot_control:/opt/ros/humble /usr/bin/cmake --install /home/sid/ws/build/tortoisebot_slam
[0.432s] -- Install configuration: ""
[0.432s] -- Execute custom install script
[0.432s] -- Up-to-date symlink: /home/sid/ws/install/tortoisebot_slam/share/tortoisebot_slam/launch/cartographer.launch.py
[0.433s] -- Up-to-date symlink: /home/sid/ws/install/tortoisebot_slam/share/tortoisebot_slam/config/ekf.yaml
[0.433s] -- Up-to-date symlink: /home/sid/ws/install/tortoisebot_slam/share/tortoisebot_slam/config/slam.lua
[0.433s] -- Up-to-date symlink: /home/sid/ws/install/tortoisebot_slam/share/ament_index/resource_index/package_run_dependencies/tortoisebot_slam
[0.433s] -- Up-to-date symlink: /home/sid/ws/install/tortoisebot_slam/share/ament_index/resource_index/parent_prefix_path/tortoisebot_slam
[0.433s] -- Up-to-date symlink: /home/sid/ws/install/tortoisebot_slam/share/tortoisebot_slam/environment/ament_prefix_path.sh
[0.433s] -- Up-to-date symlink: /home/sid/ws/install/tortoisebot_slam/share/tortoisebot_slam/environment/ament_prefix_path.dsv
[0.433s] -- Up-to-date symlink: /home/sid/ws/install/tortoisebot_slam/share/tortoisebot_slam/environment/path.sh
[0.434s] -- Up-to-date symlink: /home/sid/ws/install/tortoisebot_slam/share/tortoisebot_slam/environment/path.dsv
[0.434s] -- Up-to-date symlink: /home/sid/ws/install/tortoisebot_slam/share/tortoisebot_slam/local_setup.bash
[0.434s] -- Up-to-date symlink: /home/sid/ws/install/tortoisebot_slam/share/tortoisebot_slam/local_setup.sh
[0.434s] -- Up-to-date symlink: /home/sid/ws/install/tortoisebot_slam/share/tortoisebot_slam/local_setup.zsh
[0.434s] -- Up-to-date symlink: /home/sid/ws/install/tortoisebot_slam/share/tortoisebot_slam/local_setup.dsv
[0.435s] -- Symlinking: /home/sid/ws/install/tortoisebot_slam/share/tortoisebot_slam/package.dsv
[0.442s] -- Up-to-date symlink: /home/sid/ws/install/tortoisebot_slam/share/ament_index/resource_index/packages/tortoisebot_slam
[0.442s] -- Up-to-date symlink: /home/sid/ws/install/tortoisebot_slam/share/tortoisebot_slam/cmake/tortoisebot_slamConfig.cmake
[0.442s] -- Up-to-date symlink: /home/sid/ws/install/tortoisebot_slam/share/tortoisebot_slam/cmake/tortoisebot_slamConfig-version.cmake
[0.442s] -- Up-to-date symlink: /home/sid/ws/install/tortoisebot_slam/share/tortoisebot_slam/package.xml
[0.452s] Invoked command in '/home/sid/ws/build/tortoisebot_slam' returned '0': CMAKE_PREFIX_PATH=${CMAKE_PREFIX_PATH}:/home/sid/ws/install/tortoisebot_control:/opt/ros/humble /usr/bin/cmake --install /home/sid/ws/build/tortoisebot_slam
