-- Found ament_cmake: 1.3.11 (/opt/ros/humble/share/ament_cmake/cmake)
-- Override CMake install command with custom implementation using symlinks instead of copying resources
-- Found ament_lint_auto: 0.12.11 (/opt/ros/humble/share/ament_lint_auto/cmake)
-- Added test 'flake8' to check Python code syntax and style conventions
-- Added test 'lint_cmake' to check CMake code style
-- Added test 'pep257' to check Python code against some of the docstring style conventions in PEP 257
-- Added test 'xmllint' to check XML markup files
-- Configuring done
-- Generating done
-- Build files have been written to: /home/sid/ws/build/tortoisebot_imu
-- Install configuration: ""
-- Execute custom install script
-- Up-to-date symlink: /home/sid/ws/install/tortoisebot_imu/lib/tortoisebot_imu/imu_node.py
-- Up-to-date symlink: /home/sid/ws/install/tortoisebot_imu/share/ament_index/resource_index/package_run_dependencies/tortoisebot_imu
-- Up-to-date symlink: /home/sid/ws/install/tortoisebot_imu/share/ament_index/resource_index/parent_prefix_path/tortoisebot_imu
-- Up-to-date symlink: /home/sid/ws/install/tortoisebot_imu/share/tortoisebot_imu/environment/ament_prefix_path.sh
-- Up-to-date symlink: /home/sid/ws/install/tortoisebot_imu/share/tortoisebot_imu/environment/ament_prefix_path.dsv
-- Up-to-date symlink: /home/sid/ws/install/tortoisebot_imu/share/tortoisebot_imu/environment/path.sh
-- Up-to-date symlink: /home/sid/ws/install/tortoisebot_imu/share/tortoisebot_imu/environment/path.dsv
-- Up-to-date symlink: /home/sid/ws/install/tortoisebot_imu/share/tortoisebot_imu/local_setup.bash
-- Up-to-date symlink: /home/sid/ws/install/tortoisebot_imu/share/tortoisebot_imu/local_setup.sh
-- Up-to-date symlink: /home/sid/ws/install/tortoisebot_imu/share/tortoisebot_imu/local_setup.zsh
-- Up-to-date symlink: /home/sid/ws/install/tortoisebot_imu/share/tortoisebot_imu/local_setup.dsv
-- Symlinking: /home/sid/ws/install/tortoisebot_imu/share/tortoisebot_imu/package.dsv
-- Up-to-date symlink: /home/sid/ws/install/tortoisebot_imu/share/ament_index/resource_index/packages/tortoisebot_imu
-- Up-to-date symlink: /home/sid/ws/install/tortoisebot_imu/share/tortoisebot_imu/cmake/tortoisebot_imuConfig.cmake
-- Up-to-date symlink: /home/sid/ws/install/tortoisebot_imu/share/tortoisebot_imu/cmake/tortoisebot_imuConfig-version.cmake
-- Up-to-date symlink: /home/sid/ws/install/tortoisebot_imu/share/tortoisebot_imu/package.xml
