[0.179s] Invoking command in '/home/sid/ws/build/tortoisebot_imu': CMAKE_PREFIX_PATH=${CMAKE_PREFIX_PATH}:/home/sid/ws/install/tortoisebot_control:/opt/ros/humble /usr/bin/cmake /home/sid/ws/tortoisebot/tortoisebot_imu -DCMAKE_INSTALL_PREFIX=/home/sid/ws/install/tortoisebot_imu
[0.194s] -- Found ament_cmake: 1.3.11 (/opt/ros/humble/share/ament_cmake/cmake)
[0.310s] -- Override CMake install command with custom implementation using symlinks instead of copying resources
[0.318s] -- Found ament_lint_auto: 0.12.11 (/opt/ros/humble/share/ament_lint_auto/cmake)
[0.372s] -- Added test 'flake8' to check Python code syntax and style conventions
[0.372s] -- Added test 'lint_cmake' to check CMake code style
[0.373s] -- Added test 'pep257' to check Python code against some of the docstring style conventions in PEP 257
[0.373s] -- Added test 'xmllint' to check XML markup files
[0.374s] -- Configuring done
[0.376s] -- Generating done
[0.377s] -- Build files have been written to: /home/sid/ws/build/tortoisebot_imu
[0.379s] Invoked command in '/home/sid/ws/build/tortoisebot_imu' returned '0': CMAKE_PREFIX_PATH=${CMAKE_PREFIX_PATH}:/home/sid/ws/install/tortoisebot_control:/opt/ros/humble /usr/bin/cmake /home/sid/ws/tortoisebot/tortoisebot_imu -DCMAKE_INSTALL_PREFIX=/home/sid/ws/install/tortoisebot_imu
[0.381s] Invoking command in '/home/sid/ws/build/tortoisebot_imu': CMAKE_PREFIX_PATH=${CMAKE_PREFIX_PATH}:/home/sid/ws/install/tortoisebot_control:/opt/ros/humble /usr/bin/cmake --build /home/sid/ws/build/tortoisebot_imu -- -j12 -l12
[0.412s] Invoked command in '/home/sid/ws/build/tortoisebot_imu' returned '0': CMAKE_PREFIX_PATH=${CMAKE_PREFIX_PATH}:/home/sid/ws/install/tortoisebot_control:/opt/ros/humble /usr/bin/cmake --build /home/sid/ws/build/tortoisebot_imu -- -j12 -l12
[0.414s] Invoking command in '/home/sid/ws/build/tortoisebot_imu': CMAKE_PREFIX_PATH=${CMAKE_PREFIX_PATH}:/home/sid/ws/install/tortoisebot_control:/opt/ros/humble /usr/bin/cmake --install /home/sid/ws/build/tortoisebot_imu
[0.423s] -- Install configuration: ""
[0.423s] -- Execute custom install script
[0.423s] -- Up-to-date symlink: /home/sid/ws/install/tortoisebot_imu/lib/tortoisebot_imu/imu_node.py
[0.423s] -- Up-to-date symlink: /home/sid/ws/install/tortoisebot_imu/share/ament_index/resource_index/package_run_dependencies/tortoisebot_imu
[0.423s] -- Up-to-date symlink: /home/sid/ws/install/tortoisebot_imu/share/ament_index/resource_index/parent_prefix_path/tortoisebot_imu
[0.424s] -- Up-to-date symlink: /home/sid/ws/install/tortoisebot_imu/share/tortoisebot_imu/environment/ament_prefix_path.sh
[0.425s] -- Up-to-date symlink: /home/sid/ws/install/tortoisebot_imu/share/tortoisebot_imu/environment/ament_prefix_path.dsv
[0.426s] -- Up-to-date symlink: /home/sid/ws/install/tortoisebot_imu/share/tortoisebot_imu/environment/path.sh
[0.426s] -- Up-to-date symlink: /home/sid/ws/install/tortoisebot_imu/share/tortoisebot_imu/environment/path.dsv
[0.426s] -- Up-to-date symlink: /home/sid/ws/install/tortoisebot_imu/share/tortoisebot_imu/local_setup.bash
[0.426s] -- Up-to-date symlink: /home/sid/ws/install/tortoisebot_imu/share/tortoisebot_imu/local_setup.sh
[0.426s] -- Up-to-date symlink: /home/sid/ws/install/tortoisebot_imu/share/tortoisebot_imu/local_setup.zsh
[0.426s] -- Up-to-date symlink: /home/sid/ws/install/tortoisebot_imu/share/tortoisebot_imu/local_setup.dsv
[0.426s] -- Symlinking: /home/sid/ws/install/tortoisebot_imu/share/tortoisebot_imu/package.dsv
[0.433s] -- Up-to-date symlink: /home/sid/ws/install/tortoisebot_imu/share/ament_index/resource_index/packages/tortoisebot_imu
[0.433s] -- Up-to-date symlink: /home/sid/ws/install/tortoisebot_imu/share/tortoisebot_imu/cmake/tortoisebot_imuConfig.cmake
[0.434s] -- Up-to-date symlink: /home/sid/ws/install/tortoisebot_imu/share/tortoisebot_imu/cmake/tortoisebot_imuConfig-version.cmake
[0.434s] -- Up-to-date symlink: /home/sid/ws/install/tortoisebot_imu/share/tortoisebot_imu/package.xml
[0.448s] Invoked command in '/home/sid/ws/build/tortoisebot_imu' returned '0': CMAKE_PREFIX_PATH=${CMAKE_PREFIX_PATH}:/home/sid/ws/install/tortoisebot_control:/opt/ros/humble /usr/bin/cmake --install /home/sid/ws/build/tortoisebot_imu
