[0.175s] Invoking command in '/home/sid/ws/build/tortoisebot_firmware': CMAKE_PREFIX_PATH=${CMAKE_PREFIX_PATH}:/home/sid/ws/install/tortoisebot_control:/opt/ros/humble /usr/bin/cmake --build /home/sid/ws/build/tortoisebot_firmware -- -j12 -l12
[0.222s] Built target ament_cmake_python_symlink_tortoisebot_firmware
[0.402s] running egg_info
[0.403s] writing tortoisebot_firmware.egg-info/PKG-INFO
[0.403s] writing dependency_links to tortoisebot_firmware.egg-info/dependency_links.txt
[0.403s] writing top-level names to tortoisebot_firmware.egg-info/top_level.txt
[0.405s] reading manifest file 'tortoisebot_firmware.egg-info/SOURCES.txt'
[0.405s] writing manifest file 'tortoisebot_firmware.egg-info/SOURCES.txt'
[0.429s] Built target ament_cmake_python_build_tortoisebot_firmware_egg
[0.437s] Invoked command in '/home/sid/ws/build/tortoisebot_firmware' returned '0': CMAKE_PREFIX_PATH=${CMAKE_PREFIX_PATH}:/home/sid/ws/install/tortoisebot_control:/opt/ros/humble /usr/bin/cmake --build /home/sid/ws/build/tortoisebot_firmware -- -j12 -l12
[0.438s] Invoking command in '/home/sid/ws/build/tortoisebot_firmware': CMAKE_PREFIX_PATH=${CMAKE_PREFIX_PATH}:/home/sid/ws/install/tortoisebot_control:/opt/ros/humble /usr/bin/cmake --install /home/sid/ws/build/tortoisebot_firmware
[0.443s] -- Install configuration: ""
[0.443s] -- Execute custom install script
[0.444s] -- Up-to-date symlink: /home/sid/ws/install/tortoisebot_firmware/share/tortoisebot_firmware/environment/pythonpath.sh
[0.444s] -- Up-to-date symlink: /home/sid/ws/install/tortoisebot_firmware/share/tortoisebot_firmware/environment/pythonpath.dsv
[0.444s] -- Up-to-date symlink: /home/sid/ws/install/tortoisebot_firmware/local/lib/python3.10/dist-packages/tortoisebot_firmware-0.0.0-py3.10.egg-info/PKG-INFO
[0.444s] -- Up-to-date symlink: /home/sid/ws/install/tortoisebot_firmware/local/lib/python3.10/dist-packages/tortoisebot_firmware-0.0.0-py3.10.egg-info/SOURCES.txt
[0.444s] -- Up-to-date symlink: /home/sid/ws/install/tortoisebot_firmware/local/lib/python3.10/dist-packages/tortoisebot_firmware-0.0.0-py3.10.egg-info/dependency_links.txt
[0.444s] -- Up-to-date symlink: /home/sid/ws/install/tortoisebot_firmware/local/lib/python3.10/dist-packages/tortoisebot_firmware-0.0.0-py3.10.egg-info/top_level.txt
[0.444s] -- Up-to-date symlink: /home/sid/ws/install/tortoisebot_firmware/local/lib/python3.10/dist-packages/tortoisebot_firmware/__init__.py
[0.444s] -- Up-to-date symlink: /home/sid/ws/install/tortoisebot_firmware/lib/tortoisebot_firmware/differential.py
[0.444s] -- Up-to-date symlink: /home/sid/ws/install/tortoisebot_firmware/share/ament_index/resource_index/package_run_dependencies/tortoisebot_firmware
[0.445s] -- Up-to-date symlink: /home/sid/ws/install/tortoisebot_firmware/share/ament_index/resource_index/parent_prefix_path/tortoisebot_firmware
[0.445s] -- Up-to-date symlink: /home/sid/ws/install/tortoisebot_firmware/share/tortoisebot_firmware/environment/ament_prefix_path.sh
[0.445s] -- Up-to-date symlink: /home/sid/ws/install/tortoisebot_firmware/share/tortoisebot_firmware/environment/ament_prefix_path.dsv
[0.445s] -- Up-to-date symlink: /home/sid/ws/install/tortoisebot_firmware/share/tortoisebot_firmware/environment/path.sh
[0.445s] -- Up-to-date symlink: /home/sid/ws/install/tortoisebot_firmware/share/tortoisebot_firmware/environment/path.dsv
[0.445s] -- Up-to-date symlink: /home/sid/ws/install/tortoisebot_firmware/share/tortoisebot_firmware/local_setup.bash
[0.445s] -- Up-to-date symlink: /home/sid/ws/install/tortoisebot_firmware/share/tortoisebot_firmware/local_setup.sh
[0.445s] -- Up-to-date symlink: /home/sid/ws/install/tortoisebot_firmware/share/tortoisebot_firmware/local_setup.zsh
[0.445s] -- Up-to-date symlink: /home/sid/ws/install/tortoisebot_firmware/share/tortoisebot_firmware/local_setup.dsv
[0.445s] -- Symlinking: /home/sid/ws/install/tortoisebot_firmware/share/tortoisebot_firmware/package.dsv
[0.451s] -- Up-to-date symlink: /home/sid/ws/install/tortoisebot_firmware/share/ament_index/resource_index/packages/tortoisebot_firmware
[0.452s] -- Up-to-date symlink: /home/sid/ws/install/tortoisebot_firmware/share/tortoisebot_firmware/cmake/tortoisebot_firmwareConfig.cmake
[0.452s] -- Up-to-date symlink: /home/sid/ws/install/tortoisebot_firmware/share/tortoisebot_firmware/cmake/tortoisebot_firmwareConfig-version.cmake
[0.452s] -- Up-to-date symlink: /home/sid/ws/install/tortoisebot_firmware/share/tortoisebot_firmware/package.xml
[0.472s] Listing '/home/sid/ws/install/tortoisebot_firmware/local/lib/python3.10/dist-packages/tortoisebot_firmware'...
[0.476s] Invoked command in '/home/sid/ws/build/tortoisebot_firmware' returned '0': CMAKE_PREFIX_PATH=${CMAKE_PREFIX_PATH}:/home/sid/ws/install/tortoisebot_control:/opt/ros/humble /usr/bin/cmake --install /home/sid/ws/build/tortoisebot_firmware
