[0.185s] Invoking command in '/home/sid/ws/build/v4l2_camera': CMAKE_PREFIX_PATH=${CMAKE_PREFIX_PATH}:/home/sid/ws/install/tortoisebot_control:/opt/ros/humble /usr/bin/cmake /home/sid/ws/tortoisebot/v4l2_camera -DCMAKE_INSTALL_PREFIX=/home/sid/ws/install/v4l2_camera
[0.197s] -- Found ament_cmake: 1.3.11 (/opt/ros/humble/share/ament_cmake/cmake)
[0.311s] -- Override CMake install command with custom implementation using symlinks instead of copying resources
[0.316s] -- Found ament_cmake_ros: 0.10.0 (/opt/ros/humble/share/ament_cmake_ros/cmake)
[0.318s] -- Found rclcpp: 16.0.11 (/opt/ros/humble/share/rclcpp/cmake)
[0.351s] -- Found rosidl_generator_c: 3.1.6 (/opt/ros/humble/share/rosidl_generator_c/cmake)
[0.354s] -- Found rosidl_adapter: 3.1.6 (/opt/ros/humble/share/rosidl_adapter/cmake)
[0.361s] -- Found rosidl_generator_cpp: 3.1.6 (/opt/ros/humble/share/rosidl_generator_cpp/cmake)
[0.373s] -- Using all available rosidl_typesupport_c: rosidl_typesupport_fastrtps_c;rosidl_typesupport_introspection_c
[0.386s] -- Using all available rosidl_typesupport_cpp: rosidl_typesupport_fastrtps_cpp;rosidl_typesupport_introspection_cpp
[0.414s] -- Found rmw_implementation_cmake: 6.1.2 (/opt/ros/humble/share/rmw_implementation_cmake/cmake)
[0.415s] -- Found rmw_fastrtps_cpp: 6.2.7 (/opt/ros/humble/share/rmw_fastrtps_cpp/cmake)
[0.493s] -- Using RMW implementation 'rmw_fastrtps_cpp' as default
[0.526s] -- Found rclcpp_components: 16.0.11 (/opt/ros/humble/share/rclcpp_components/cmake)
[0.537s] -- Found camera_info_manager: 3.1.10 (/opt/ros/humble/share/camera_info_manager/cmake)
[0.561s] -- Found cv_bridge: 3.2.1 (/opt/ros/humble/share/cv_bridge/cmake)
[0.566s] -- Found image_transport: 3.1.10 (/opt/ros/humble/share/image_transport/cmake)
[0.581s] -- Found ament_lint_auto: 0.12.11 (/opt/ros/humble/share/ament_lint_auto/cmake)
[0.634s] -- Added test 'cppcheck' to perform static code analysis on C / C++ code
[0.634s] -- Configured cppcheck include dirs: $<BUILD_INTERFACE:/home/sid/ws/tortoisebot/v4l2_camera/include>
[0.634s] -- Configured cppcheck exclude dirs and/or files: 
[0.634s] -- Added test 'cpplint' to check C / C++ code against the Google style
[0.634s] -- Configured cpplint exclude dirs and/or files: 
[0.635s] -- Added test 'lint_cmake' to check CMake code style
[0.635s] -- Added test 'uncrustify' to check C / C++ code style
[0.635s] -- Configured uncrustify additional arguments: 
[0.636s] -- Added test 'xmllint' to check XML markup files
[0.637s] -- Configuring done
[0.650s] -- Generating done
[0.654s] -- Build files have been written to: /home/sid/ws/build/v4l2_camera
[0.661s] Invoked command in '/home/sid/ws/build/v4l2_camera' returned '0': CMAKE_PREFIX_PATH=${CMAKE_PREFIX_PATH}:/home/sid/ws/install/tortoisebot_control:/opt/ros/humble /usr/bin/cmake /home/sid/ws/tortoisebot/v4l2_camera -DCMAKE_INSTALL_PREFIX=/home/sid/ws/install/v4l2_camera
[0.662s] Invoking command in '/home/sid/ws/build/v4l2_camera': CMAKE_PREFIX_PATH=${CMAKE_PREFIX_PATH}:/home/sid/ws/install/tortoisebot_control:/opt/ros/humble /usr/bin/cmake --build /home/sid/ws/build/v4l2_camera -- -j12 -l12
[0.691s] [35m[1mConsolidate compiler generated dependencies of target v4l2_camera[0m
[0.705s] [ 50%] Built target v4l2_camera
[0.713s] [35m[1mConsolidate compiler generated dependencies of target v4l2_camera_compose_test[0m
[0.713s] [35m[1mConsolidate compiler generated dependencies of target v4l2_camera_node[0m
[0.725s] [100%] Built target v4l2_camera_compose_test
[0.725s] [100%] Built target v4l2_camera_node
[0.732s] Invoked command in '/home/sid/ws/build/v4l2_camera' returned '0': CMAKE_PREFIX_PATH=${CMAKE_PREFIX_PATH}:/home/sid/ws/install/tortoisebot_control:/opt/ros/humble /usr/bin/cmake --build /home/sid/ws/build/v4l2_camera -- -j12 -l12
[0.733s] Invoking command in '/home/sid/ws/build/v4l2_camera': CMAKE_PREFIX_PATH=${CMAKE_PREFIX_PATH}:/home/sid/ws/install/tortoisebot_control:/opt/ros/humble /usr/bin/cmake --install /home/sid/ws/build/v4l2_camera
[0.738s] -- Install configuration: ""
[0.739s] -- Execute custom install script
[0.739s] -- Up-to-date symlink: /home/sid/ws/install/v4l2_camera/include/v4l2_camera/control.hpp
[0.739s] -- Up-to-date symlink: /home/sid/ws/install/v4l2_camera/include/v4l2_camera/fourcc.hpp
[0.739s] -- Up-to-date symlink: /home/sid/ws/install/v4l2_camera/include/v4l2_camera/image_format.hpp
[0.739s] -- Up-to-date symlink: /home/sid/ws/install/v4l2_camera/include/v4l2_camera/parameters.hpp
[0.739s] -- Up-to-date symlink: /home/sid/ws/install/v4l2_camera/include/v4l2_camera/pixel_format.hpp
[0.739s] -- Up-to-date symlink: /home/sid/ws/install/v4l2_camera/include/v4l2_camera/v4l2_camera.hpp
[0.739s] -- Up-to-date symlink: /home/sid/ws/install/v4l2_camera/include/v4l2_camera/v4l2_camera_device.hpp
[0.739s] -- Up-to-date symlink: /home/sid/ws/install/v4l2_camera/include/v4l2_camera/visibility_control.h
[0.739s] -- Up-to-date symlink: /home/sid/ws/install/v4l2_camera/share/v4l2_camera/environment/library_path.sh
[0.740s] -- Up-to-date symlink: /home/sid/ws/install/v4l2_camera/share/v4l2_camera/environment/library_path.dsv
[0.740s] -- Up-to-date symlink: /home/sid/ws/install/v4l2_camera/share/ament_index/resource_index/package_run_dependencies/v4l2_camera
[0.740s] -- Up-to-date symlink: /home/sid/ws/install/v4l2_camera/share/ament_index/resource_index/parent_prefix_path/v4l2_camera
[0.740s] -- Up-to-date symlink: /home/sid/ws/install/v4l2_camera/share/v4l2_camera/environment/ament_prefix_path.sh
[0.740s] -- Up-to-date symlink: /home/sid/ws/install/v4l2_camera/share/v4l2_camera/environment/ament_prefix_path.dsv
[0.740s] -- Up-to-date symlink: /home/sid/ws/install/v4l2_camera/share/v4l2_camera/environment/path.sh
[0.740s] -- Up-to-date symlink: /home/sid/ws/install/v4l2_camera/share/v4l2_camera/environment/path.dsv
[0.740s] -- Up-to-date symlink: /home/sid/ws/install/v4l2_camera/share/v4l2_camera/local_setup.bash
[0.740s] -- Up-to-date symlink: /home/sid/ws/install/v4l2_camera/share/v4l2_camera/local_setup.sh
[0.740s] -- Up-to-date symlink: /home/sid/ws/install/v4l2_camera/share/v4l2_camera/local_setup.zsh
[0.740s] -- Up-to-date symlink: /home/sid/ws/install/v4l2_camera/share/v4l2_camera/local_setup.dsv
[0.741s] -- Symlinking: /home/sid/ws/install/v4l2_camera/share/v4l2_camera/package.dsv
[0.747s] -- Up-to-date symlink: /home/sid/ws/install/v4l2_camera/share/ament_index/resource_index/packages/v4l2_camera
[0.747s] -- Up-to-date symlink: /home/sid/ws/install/v4l2_camera/share/ament_index/resource_index/rclcpp_components/v4l2_camera
[0.747s] -- Up-to-date symlink: /home/sid/ws/install/v4l2_camera/share/v4l2_camera/cmake/ament_cmake_export_include_directories-extras.cmake
[0.747s] -- Up-to-date symlink: /home/sid/ws/install/v4l2_camera/share/v4l2_camera/cmake/ament_cmake_export_targets-extras.cmake
[0.747s] -- Up-to-date symlink: /home/sid/ws/install/v4l2_camera/share/v4l2_camera/cmake/ament_cmake_export_libraries-extras.cmake
[0.747s] -- Up-to-date symlink: /home/sid/ws/install/v4l2_camera/share/v4l2_camera/cmake/ament_cmake_export_dependencies-extras.cmake
[0.747s] -- Up-to-date symlink: /home/sid/ws/install/v4l2_camera/share/v4l2_camera/cmake/v4l2_cameraConfig.cmake
[0.747s] -- Up-to-date symlink: /home/sid/ws/install/v4l2_camera/share/v4l2_camera/cmake/v4l2_cameraConfig-version.cmake
[0.748s] -- Up-to-date symlink: /home/sid/ws/install/v4l2_camera/share/v4l2_camera/package.xml
[0.748s] -- Up-to-date: /home/sid/ws/install/v4l2_camera/lib/libv4l2_camera.so
[0.748s] -- Up-to-date: /home/sid/ws/install/v4l2_camera/lib/v4l2_camera/v4l2_camera_node
[0.748s] -- Up-to-date: /home/sid/ws/install/v4l2_camera/lib/v4l2_camera/v4l2_camera_compose_test
[0.748s] -- Up-to-date: /home/sid/ws/install/v4l2_camera/share/v4l2_camera/cmake/export_v4l2_cameraExport.cmake
[0.748s] -- Up-to-date: /home/sid/ws/install/v4l2_camera/share/v4l2_camera/cmake/export_v4l2_cameraExport-noconfig.cmake
[0.750s] Invoked command in '/home/sid/ws/build/v4l2_camera' returned '0': CMAKE_PREFIX_PATH=${CMAKE_PREFIX_PATH}:/home/sid/ws/install/tortoisebot_control:/opt/ros/humble /usr/bin/cmake --install /home/sid/ws/build/v4l2_camera
