[0.244s] Invoking command in '/home/sid/ws/build/tortoisebot_gazebo': CMAKE_PREFIX_PATH=/opt/ros/humble /usr/bin/cmake /home/sid/ws/tortoisebot/tortoisebot_gazebo -DCMAKE_INSTALL_PREFIX=/home/sid/ws/install/tortoisebot_gazebo
[0.325s] -- The C compiler identification is GNU 11.4.0
[0.406s] -- The CXX compiler identification is GNU 11.4.0
[0.416s] -- Detecting C compiler ABI info
[0.514s] -- Detecting C compiler ABI info - done
[0.529s] -- Check for working C compiler: /usr/bin/cc - skipped
[0.529s] -- Detecting C compile features
[0.531s] -- Detecting C compile features - done
[0.535s] -- Detecting CXX compiler ABI info
[0.631s] -- Detecting CXX compiler ABI info - done
[0.647s] -- Check for working CXX compiler: /usr/bin/c++ - skipped
[0.648s] -- Detecting CXX compile features
[0.649s] -- Detecting CXX compile features - done
[0.651s] -- Found ament_cmake: 1.3.11 (/opt/ros/humble/share/ament_cmake/cmake)
[0.886s] -- Found Python3: /usr/bin/python3 (found version "3.10.12") found components: Interpreter 
[0.983s] -- Found ament_lint_auto: 0.12.11 (/opt/ros/humble/share/ament_lint_auto/cmake)
[1.073s] -- Added test 'copyright' to check source files copyright and LICENSE
[1.074s] -- Added test 'flake8' to check Python code syntax and style conventions
[1.075s] -- Added test 'lint_cmake' to check CMake code style
[1.075s] -- Added test 'pep257' to check Python code against some of the docstring style conventions in PEP 257
[1.076s] -- Added test 'xmllint' to check XML markup files
[1.077s] -- Configuring done
[1.080s] -- Generating done
[1.081s] -- Build files have been written to: /home/sid/ws/build/tortoisebot_gazebo
[1.088s] Invoked command in '/home/sid/ws/build/tortoisebot_gazebo' returned '0': CMAKE_PREFIX_PATH=/opt/ros/humble /usr/bin/cmake /home/sid/ws/tortoisebot/tortoisebot_gazebo -DCMAKE_INSTALL_PREFIX=/home/sid/ws/install/tortoisebot_gazebo
[1.090s] Invoking command in '/home/sid/ws/build/tortoisebot_gazebo': CMAKE_PREFIX_PATH=/opt/ros/humble /usr/bin/cmake --build /home/sid/ws/build/tortoisebot_gazebo -- -j12 -l12
[1.139s] Invoked command in '/home/sid/ws/build/tortoisebot_gazebo' returned '0': CMAKE_PREFIX_PATH=/opt/ros/humble /usr/bin/cmake --build /home/sid/ws/build/tortoisebot_gazebo -- -j12 -l12
[1.141s] Invoking command in '/home/sid/ws/build/tortoisebot_gazebo': CMAKE_PREFIX_PATH=/opt/ros/humble /usr/bin/cmake --install /home/sid/ws/build/tortoisebot_gazebo
[1.148s] -- Install configuration: ""
[1.149s] -- Installing: /home/sid/ws/install/tortoisebot_gazebo/share/tortoisebot_gazebo/gazebo
[1.149s] -- Installing: /home/sid/ws/install/tortoisebot_gazebo/share/tortoisebot_gazebo/gazebo/tortoisebot_physics.gazebo
[1.149s] -- Installing: /home/sid/ws/install/tortoisebot_gazebo/share/tortoisebot_gazebo/gazebo/tortoisebot_materials.gazebo
[1.150s] -- Installing: /home/sid/ws/install/tortoisebot_gazebo/share/tortoisebot_gazebo/gazebo/tortoisebot_plugins.gazebo
[1.150s] -- Installing: /home/sid/ws/install/tortoisebot_gazebo/share/tortoisebot_gazebo/launch
[1.150s] -- Installing: /home/sid/ws/install/tortoisebot_gazebo/share/tortoisebot_gazebo/launch/gazebo.launch.py
[1.150s] -- Installing: /home/sid/ws/install/tortoisebot_gazebo/share/tortoisebot_gazebo/worlds
[1.150s] -- Installing: /home/sid/ws/install/tortoisebot_gazebo/share/tortoisebot_gazebo/worlds/room2.sdf
[1.150s] -- Installing: /home/sid/ws/install/tortoisebot_gazebo/share/ament_index/resource_index/package_run_dependencies/tortoisebot_gazebo
[1.150s] -- Installing: /home/sid/ws/install/tortoisebot_gazebo/share/ament_index/resource_index/parent_prefix_path/tortoisebot_gazebo
[1.150s] -- Installing: /home/sid/ws/install/tortoisebot_gazebo/share/tortoisebot_gazebo/environment/ament_prefix_path.sh
[1.151s] -- Installing: /home/sid/ws/install/tortoisebot_gazebo/share/tortoisebot_gazebo/environment/ament_prefix_path.dsv
[1.151s] -- Installing: /home/sid/ws/install/tortoisebot_gazebo/share/tortoisebot_gazebo/environment/path.sh
[1.152s] -- Installing: /home/sid/ws/install/tortoisebot_gazebo/share/tortoisebot_gazebo/environment/path.dsv
[1.152s] -- Installing: /home/sid/ws/install/tortoisebot_gazebo/share/tortoisebot_gazebo/local_setup.bash
[1.152s] -- Installing: /home/sid/ws/install/tortoisebot_gazebo/share/tortoisebot_gazebo/local_setup.sh
[1.152s] -- Installing: /home/sid/ws/install/tortoisebot_gazebo/share/tortoisebot_gazebo/local_setup.zsh
[1.152s] -- Installing: /home/sid/ws/install/tortoisebot_gazebo/share/tortoisebot_gazebo/local_setup.dsv
[1.153s] -- Installing: /home/sid/ws/install/tortoisebot_gazebo/share/tortoisebot_gazebo/package.dsv
[1.153s] -- Installing: /home/sid/ws/install/tortoisebot_gazebo/share/ament_index/resource_index/packages/tortoisebot_gazebo
[1.153s] -- Installing: /home/sid/ws/install/tortoisebot_gazebo/share/tortoisebot_gazebo/cmake/tortoisebot_gazeboConfig.cmake
[1.153s] -- Installing: /home/sid/ws/install/tortoisebot_gazebo/share/tortoisebot_gazebo/cmake/tortoisebot_gazeboConfig-version.cmake
[1.153s] -- Installing: /home/sid/ws/install/tortoisebot_gazebo/share/tortoisebot_gazebo/package.xml
[1.174s] Invoked command in '/home/sid/ws/build/tortoisebot_gazebo' returned '0': CMAKE_PREFIX_PATH=/opt/ros/humble /usr/bin/cmake --install /home/sid/ws/build/tortoisebot_gazebo
