[0.246s] Invoking command in '/home/sid/ws/build/tortoisebot_imu': CMAKE_PREFIX_PATH=${CMAKE_PREFIX_PATH}:/home/sid/ws/install/tortoisebot_control:/opt/ros/humble /usr/bin/cmake /home/sid/ws/tortoisebot/tortoisebot_imu -DAMENT_CMAKE_SYMLINK_INSTALL=1 -DCMAKE_INSTALL_PREFIX=/home/sid/ws/install/tortoisebot_imu
[0.259s] -- Found ament_cmake: 1.3.11 (/opt/ros/humble/share/ament_cmake/cmake)
[0.433s] -- Override CMake install command with custom implementation using symlinks instead of copying resources
[0.444s] -- Found ament_lint_auto: 0.12.11 (/opt/ros/humble/share/ament_lint_auto/cmake)
[0.565s] -- Added test 'flake8' to check Python code syntax and style conventions
[0.566s] -- Added test 'lint_cmake' to check CMake code style
[0.566s] -- Added test 'pep257' to check Python code against some of the docstring style conventions in PEP 257
[0.567s] -- Added test 'xmllint' to check XML markup files
[0.569s] -- Configuring done
[0.573s] -- Generating done
[0.577s] -- Build files have been written to: /home/sid/ws/build/tortoisebot_imu
[0.583s] Invoked command in '/home/sid/ws/build/tortoisebot_imu' returned '0': CMAKE_PREFIX_PATH=${CMAKE_PREFIX_PATH}:/home/sid/ws/install/tortoisebot_control:/opt/ros/humble /usr/bin/cmake /home/sid/ws/tortoisebot/tortoisebot_imu -DAMENT_CMAKE_SYMLINK_INSTALL=1 -DCMAKE_INSTALL_PREFIX=/home/sid/ws/install/tortoisebot_imu
[0.585s] Invoking command in '/home/sid/ws/build/tortoisebot_imu': CMAKE_PREFIX_PATH=${CMAKE_PREFIX_PATH}:/home/sid/ws/install/tortoisebot_control:/opt/ros/humble /usr/bin/cmake --build /home/sid/ws/build/tortoisebot_imu -- -j12 -l12
[0.646s] Invoked command in '/home/sid/ws/build/tortoisebot_imu' returned '0': CMAKE_PREFIX_PATH=${CMAKE_PREFIX_PATH}:/home/sid/ws/install/tortoisebot_control:/opt/ros/humble /usr/bin/cmake --build /home/sid/ws/build/tortoisebot_imu -- -j12 -l12
[0.648s] Invoking command in '/home/sid/ws/build/tortoisebot_imu': CMAKE_PREFIX_PATH=${CMAKE_PREFIX_PATH}:/home/sid/ws/install/tortoisebot_control:/opt/ros/humble /usr/bin/cmake --install /home/sid/ws/build/tortoisebot_imu
[0.657s] -- Install configuration: ""
[0.658s] -- Execute custom install script
[0.658s] -- Symlinking: /home/sid/ws/install/tortoisebot_imu/lib/tortoisebot_imu/imu_node.py
[0.671s] -- Symlinking: /home/sid/ws/install/tortoisebot_imu/share/ament_index/resource_index/package_run_dependencies/tortoisebot_imu
[0.686s] -- Symlinking: /home/sid/ws/install/tortoisebot_imu/share/ament_index/resource_index/parent_prefix_path/tortoisebot_imu
[0.696s] -- Symlinking: /home/sid/ws/install/tortoisebot_imu/share/tortoisebot_imu/environment/ament_prefix_path.sh
[0.706s] -- Symlinking: /home/sid/ws/install/tortoisebot_imu/share/tortoisebot_imu/environment/ament_prefix_path.dsv
[0.718s] -- Symlinking: /home/sid/ws/install/tortoisebot_imu/share/tortoisebot_imu/environment/path.sh
[0.731s] -- Symlinking: /home/sid/ws/install/tortoisebot_imu/share/tortoisebot_imu/environment/path.dsv
[0.746s] -- Symlinking: /home/sid/ws/install/tortoisebot_imu/share/tortoisebot_imu/local_setup.bash
[0.758s] -- Symlinking: /home/sid/ws/install/tortoisebot_imu/share/tortoisebot_imu/local_setup.sh
[0.770s] -- Symlinking: /home/sid/ws/install/tortoisebot_imu/share/tortoisebot_imu/local_setup.zsh
[0.782s] -- Symlinking: /home/sid/ws/install/tortoisebot_imu/share/tortoisebot_imu/local_setup.dsv
[0.794s] -- Symlinking: /home/sid/ws/install/tortoisebot_imu/share/tortoisebot_imu/package.dsv
[0.807s] -- Symlinking: /home/sid/ws/install/tortoisebot_imu/share/ament_index/resource_index/packages/tortoisebot_imu
[0.822s] -- Symlinking: /home/sid/ws/install/tortoisebot_imu/share/tortoisebot_imu/cmake/tortoisebot_imuConfig.cmake
[0.836s] -- Symlinking: /home/sid/ws/install/tortoisebot_imu/share/tortoisebot_imu/cmake/tortoisebot_imuConfig-version.cmake
[0.848s] -- Symlinking: /home/sid/ws/install/tortoisebot_imu/share/tortoisebot_imu/package.xml
[0.865s] Invoked command in '/home/sid/ws/build/tortoisebot_imu' returned '0': CMAKE_PREFIX_PATH=${CMAKE_PREFIX_PATH}:/home/sid/ws/install/tortoisebot_control:/opt/ros/humble /usr/bin/cmake --install /home/sid/ws/build/tortoisebot_imu
