[0.179s] Invoking command in '/home/sid/ws/build/tortoisebot_firmware': CMAKE_PREFIX_PATH=${CMAKE_PREFIX_PATH}:/home/sid/ws/install/tortoisebot_control:/opt/ros/humble /usr/bin/cmake /home/sid/ws/tortoisebot/tortoisebot_firmware -DAMENT_CMAKE_SYMLINK_INSTALL=1 -DCMAKE_INSTALL_PREFIX=/home/sid/ws/install/tortoisebot_firmware
[0.189s] -- Found ament_cmake: 1.3.11 (/opt/ros/humble/share/ament_cmake/cmake)
[0.322s] -- Override CMake install command with custom implementation using symlinks instead of copying resources
[0.330s] -- Found rclcpp: 16.0.11 (/opt/ros/humble/share/rclcpp/cmake)
[0.363s] -- Found rosidl_generator_c: 3.1.6 (/opt/ros/humble/share/rosidl_generator_c/cmake)
[0.367s] -- Found rosidl_adapter: 3.1.6 (/opt/ros/humble/share/rosidl_adapter/cmake)
[0.374s] -- Found rosidl_generator_cpp: 3.1.6 (/opt/ros/humble/share/rosidl_generator_cpp/cmake)
[0.382s] -- Using all available rosidl_typesupport_c: rosidl_typesupport_fastrtps_c;rosidl_typesupport_introspection_c
[0.395s] -- Using all available rosidl_typesupport_cpp: rosidl_typesupport_fastrtps_cpp;rosidl_typesupport_introspection_cpp
[0.422s] -- Found rmw_implementation_cmake: 6.1.2 (/opt/ros/humble/share/rmw_implementation_cmake/cmake)
[0.423s] -- Found rmw_fastrtps_cpp: 6.2.7 (/opt/ros/humble/share/rmw_fastrtps_cpp/cmake)
[0.514s] -- Using RMW implementation 'rmw_fastrtps_cpp' as default
[0.545s] -- Found rclpy: 3.3.15 (/opt/ros/humble/share/rclpy/cmake)
[0.546s] -- Found ament_lint_auto: 0.12.11 (/opt/ros/humble/share/ament_lint_auto/cmake)
[0.593s] -- Added test 'copyright' to check source files copyright and LICENSE
[0.594s] -- Added test 'flake8' to check Python code syntax and style conventions
[0.594s] -- Added test 'lint_cmake' to check CMake code style
[0.594s] -- Added test 'pep257' to check Python code against some of the docstring style conventions in PEP 257
[0.594s] -- Added test 'xmllint' to check XML markup files
[0.595s] -- Configuring done
[0.598s] -- Generating done
[0.599s] -- Build files have been written to: /home/sid/ws/build/tortoisebot_firmware
[0.605s] Invoked command in '/home/sid/ws/build/tortoisebot_firmware' returned '0': CMAKE_PREFIX_PATH=${CMAKE_PREFIX_PATH}:/home/sid/ws/install/tortoisebot_control:/opt/ros/humble /usr/bin/cmake /home/sid/ws/tortoisebot/tortoisebot_firmware -DAMENT_CMAKE_SYMLINK_INSTALL=1 -DCMAKE_INSTALL_PREFIX=/home/sid/ws/install/tortoisebot_firmware
[0.606s] Invoking command in '/home/sid/ws/build/tortoisebot_firmware': CMAKE_PREFIX_PATH=${CMAKE_PREFIX_PATH}:/home/sid/ws/install/tortoisebot_control:/opt/ros/humble /usr/bin/cmake --build /home/sid/ws/build/tortoisebot_firmware -- -j12 -l12
[0.649s] Built target ament_cmake_python_symlink_tortoisebot_firmware
[0.807s] running egg_info
[0.808s] writing tortoisebot_firmware.egg-info/PKG-INFO
[0.808s] writing dependency_links to tortoisebot_firmware.egg-info/dependency_links.txt
[0.808s] writing top-level names to tortoisebot_firmware.egg-info/top_level.txt
[0.809s] reading manifest file 'tortoisebot_firmware.egg-info/SOURCES.txt'
[0.810s] writing manifest file 'tortoisebot_firmware.egg-info/SOURCES.txt'
[0.829s] Built target ament_cmake_python_build_tortoisebot_firmware_egg
[0.836s] Invoked command in '/home/sid/ws/build/tortoisebot_firmware' returned '0': CMAKE_PREFIX_PATH=${CMAKE_PREFIX_PATH}:/home/sid/ws/install/tortoisebot_control:/opt/ros/humble /usr/bin/cmake --build /home/sid/ws/build/tortoisebot_firmware -- -j12 -l12
[0.837s] Invoking command in '/home/sid/ws/build/tortoisebot_firmware': CMAKE_PREFIX_PATH=${CMAKE_PREFIX_PATH}:/home/sid/ws/install/tortoisebot_control:/opt/ros/humble /usr/bin/cmake --install /home/sid/ws/build/tortoisebot_firmware
[0.842s] -- Install configuration: ""
[0.843s] -- Execute custom install script
[0.843s] -- Up-to-date symlink: /home/sid/ws/install/tortoisebot_firmware/share/tortoisebot_firmware/environment/pythonpath.sh
[0.843s] -- Up-to-date symlink: /home/sid/ws/install/tortoisebot_firmware/share/tortoisebot_firmware/environment/pythonpath.dsv
[0.843s] -- Up-to-date symlink: /home/sid/ws/install/tortoisebot_firmware/local/lib/python3.10/dist-packages/tortoisebot_firmware-0.0.0-py3.10.egg-info/PKG-INFO
[0.843s] -- Up-to-date symlink: /home/sid/ws/install/tortoisebot_firmware/local/lib/python3.10/dist-packages/tortoisebot_firmware-0.0.0-py3.10.egg-info/SOURCES.txt
[0.843s] -- Up-to-date symlink: /home/sid/ws/install/tortoisebot_firmware/local/lib/python3.10/dist-packages/tortoisebot_firmware-0.0.0-py3.10.egg-info/dependency_links.txt
[0.843s] -- Up-to-date symlink: /home/sid/ws/install/tortoisebot_firmware/local/lib/python3.10/dist-packages/tortoisebot_firmware-0.0.0-py3.10.egg-info/top_level.txt
[0.844s] -- Up-to-date symlink: /home/sid/ws/install/tortoisebot_firmware/local/lib/python3.10/dist-packages/tortoisebot_firmware/__init__.py
[0.844s] -- Up-to-date symlink: /home/sid/ws/install/tortoisebot_firmware/lib/tortoisebot_firmware/differential.py
[0.844s] -- Up-to-date symlink: /home/sid/ws/install/tortoisebot_firmware/share/ament_index/resource_index/package_run_dependencies/tortoisebot_firmware
[0.844s] -- Up-to-date symlink: /home/sid/ws/install/tortoisebot_firmware/share/ament_index/resource_index/parent_prefix_path/tortoisebot_firmware
[0.844s] -- Up-to-date symlink: /home/sid/ws/install/tortoisebot_firmware/share/tortoisebot_firmware/environment/ament_prefix_path.sh
[0.844s] -- Up-to-date symlink: /home/sid/ws/install/tortoisebot_firmware/share/tortoisebot_firmware/environment/ament_prefix_path.dsv
[0.844s] -- Up-to-date symlink: /home/sid/ws/install/tortoisebot_firmware/share/tortoisebot_firmware/environment/path.sh
[0.844s] -- Up-to-date symlink: /home/sid/ws/install/tortoisebot_firmware/share/tortoisebot_firmware/environment/path.dsv
[0.844s] -- Up-to-date symlink: /home/sid/ws/install/tortoisebot_firmware/share/tortoisebot_firmware/local_setup.bash
[0.844s] -- Up-to-date symlink: /home/sid/ws/install/tortoisebot_firmware/share/tortoisebot_firmware/local_setup.sh
[0.844s] -- Up-to-date symlink: /home/sid/ws/install/tortoisebot_firmware/share/tortoisebot_firmware/local_setup.zsh
[0.844s] -- Up-to-date symlink: /home/sid/ws/install/tortoisebot_firmware/share/tortoisebot_firmware/local_setup.dsv
[0.844s] -- Symlinking: /home/sid/ws/install/tortoisebot_firmware/share/tortoisebot_firmware/package.dsv
[0.851s] -- Up-to-date symlink: /home/sid/ws/install/tortoisebot_firmware/share/ament_index/resource_index/packages/tortoisebot_firmware
[0.851s] -- Up-to-date symlink: /home/sid/ws/install/tortoisebot_firmware/share/tortoisebot_firmware/cmake/tortoisebot_firmwareConfig.cmake
[0.851s] -- Up-to-date symlink: /home/sid/ws/install/tortoisebot_firmware/share/tortoisebot_firmware/cmake/tortoisebot_firmwareConfig-version.cmake
[0.851s] -- Up-to-date symlink: /home/sid/ws/install/tortoisebot_firmware/share/tortoisebot_firmware/package.xml
[0.870s] Listing '/home/sid/ws/install/tortoisebot_firmware/local/lib/python3.10/dist-packages/tortoisebot_firmware'...
[0.874s] Invoked command in '/home/sid/ws/build/tortoisebot_firmware' returned '0': CMAKE_PREFIX_PATH=${CMAKE_PREFIX_PATH}:/home/sid/ws/install/tortoisebot_control:/opt/ros/humble /usr/bin/cmake --install /home/sid/ws/build/tortoisebot_firmware
