[0.062s] DEBUG:colcon:Command line arguments: ['/usr/bin/colcon', 'build', '--packages-ignore', 'ydlidar_sdk', 'ydlidar_ros2_driver', 'v412_camera', '--symlink-install']
[0.062s] DEBUG:colcon:Parsed command line arguments: Namespace(log_base=None, log_level=None, verb_name='build', build_base='build', install_base='install', merge_install=False, symlink_install=True, test_result_base=None, continue_on_error=False, executor='parallel', parallel_workers=12, event_handlers=None, ignore_user_meta=False, metas=['./colcon.meta'], base_paths=['.'], packages_ignore=['ydlidar_sdk', 'ydlidar_ros2_driver', 'v412_camera'], packages_ignore_regex=None, paths=None, packages_up_to=None, packages_up_to_regex=None, packages_above=None, packages_above_and_dependencies=None, packages_above_depth=None, packages_select_by_dep=None, packages_skip_by_dep=None, packages_skip_up_to=None, packages_select_build_failed=False, packages_skip_build_finished=False, packages_select_test_failures=False, packages_skip_test_passed=False, packages_select=None, packages_skip=None, packages_select_regex=None, packages_skip_regex=None, packages_start=None, packages_end=None, allow_overriding=[], cmake_args=None, cmake_target=None, cmake_target_skip_unavailable=False, cmake_clean_cache=False, cmake_clean_first=False, cmake_force_configure=False, ament_cmake_args=None, catkin_cmake_args=None, catkin_skip_building_tests=False, verb_parser=<colcon_defaults.argument_parser.defaults.DefaultArgumentsDecorator object at 0x77c1a3a3c400>, verb_extension=<colcon_core.verb.build.BuildVerb object at 0x77c1a3b3d7e0>, main=<bound method BuildVerb.main of <colcon_core.verb.build.BuildVerb object at 0x77c1a3b3d7e0>>)
[0.158s] Level 1:colcon.colcon_core.package_discovery:discover_packages(colcon_meta) check parameters
[0.158s] Level 1:colcon.colcon_core.package_discovery:discover_packages(recursive) check parameters
[0.158s] Level 1:colcon.colcon_core.package_discovery:discover_packages(ignore) check parameters
[0.158s] Level 1:colcon.colcon_core.package_discovery:discover_packages(path) check parameters
[0.158s] Level 1:colcon.colcon_core.package_discovery:discover_packages(colcon_meta) discover
[0.158s] Level 1:colcon.colcon_core.package_discovery:discover_packages(recursive) discover
[0.158s] INFO:colcon.colcon_core.package_discovery:Crawling recursively for packages in '/home/sid/ws'
[0.158s] Level 1:colcon.colcon_core.package_identification:_identify(.) by extensions ['ignore', 'ignore_ament_install']
[0.158s] Level 1:colcon.colcon_core.package_identification:_identify(.) by extension 'ignore'
[0.158s] Level 1:colcon.colcon_core.package_identification:_identify(.) by extension 'ignore_ament_install'
[0.158s] Level 1:colcon.colcon_core.package_identification:_identify(.) by extensions ['colcon_pkg']
[0.158s] Level 1:colcon.colcon_core.package_identification:_identify(.) by extension 'colcon_pkg'
[0.158s] Level 1:colcon.colcon_core.package_identification:_identify(.) by extensions ['colcon_meta']
[0.158s] Level 1:colcon.colcon_core.package_identification:_identify(.) by extension 'colcon_meta'
[0.158s] Level 1:colcon.colcon_core.package_identification:_identify(.) by extensions ['ros']
[0.159s] Level 1:colcon.colcon_core.package_identification:_identify(.) by extension 'ros'
[0.165s] Level 1:colcon.colcon_core.package_identification:_identify(.) by extensions ['cmake', 'python']
[0.166s] Level 1:colcon.colcon_core.package_identification:_identify(.) by extension 'cmake'
[0.166s] Level 1:colcon.colcon_core.package_identification:_identify(.) by extension 'python'
[0.166s] Level 1:colcon.colcon_core.package_identification:_identify(.) by extensions ['python_setup_py']
[0.166s] Level 1:colcon.colcon_core.package_identification:_identify(.) by extension 'python_setup_py'
[0.166s] Level 1:colcon.colcon_core.package_identification:_identify(build) by extensions ['ignore', 'ignore_ament_install']
[0.166s] Level 1:colcon.colcon_core.package_identification:_identify(build) by extension 'ignore'
[0.166s] Level 1:colcon.colcon_core.package_identification:_identify(build) ignored
[0.166s] Level 1:colcon.colcon_core.package_identification:_identify(install) by extensions ['ignore', 'ignore_ament_install']
[0.166s] Level 1:colcon.colcon_core.package_identification:_identify(install) by extension 'ignore'
[0.166s] Level 1:colcon.colcon_core.package_identification:_identify(install) ignored
[0.166s] Level 1:colcon.colcon_core.package_identification:_identify(log) by extensions ['ignore', 'ignore_ament_install']
[0.166s] Level 1:colcon.colcon_core.package_identification:_identify(log) by extension 'ignore'
[0.166s] Level 1:colcon.colcon_core.package_identification:_identify(log) ignored
[0.166s] Level 1:colcon.colcon_core.package_identification:_identify(tortoisebot) by extensions ['ignore', 'ignore_ament_install']
[0.166s] Level 1:colcon.colcon_core.package_identification:_identify(tortoisebot) by extension 'ignore'
[0.166s] Level 1:colcon.colcon_core.package_identification:_identify(tortoisebot) by extension 'ignore_ament_install'
[0.166s] Level 1:colcon.colcon_core.package_identification:_identify(tortoisebot) by extensions ['colcon_pkg']
[0.166s] Level 1:colcon.colcon_core.package_identification:_identify(tortoisebot) by extension 'colcon_pkg'
[0.166s] Level 1:colcon.colcon_core.package_identification:_identify(tortoisebot) by extensions ['colcon_meta']
[0.166s] Level 1:colcon.colcon_core.package_identification:_identify(tortoisebot) by extension 'colcon_meta'
[0.166s] Level 1:colcon.colcon_core.package_identification:_identify(tortoisebot) by extensions ['ros']
[0.166s] Level 1:colcon.colcon_core.package_identification:_identify(tortoisebot) by extension 'ros'
[0.166s] Level 1:colcon.colcon_core.package_identification:_identify(tortoisebot) by extensions ['cmake', 'python']
[0.166s] Level 1:colcon.colcon_core.package_identification:_identify(tortoisebot) by extension 'cmake'
[0.166s] Level 1:colcon.colcon_core.package_identification:_identify(tortoisebot) by extension 'python'
[0.166s] Level 1:colcon.colcon_core.package_identification:_identify(tortoisebot) by extensions ['python_setup_py']
[0.166s] Level 1:colcon.colcon_core.package_identification:_identify(tortoisebot) by extension 'python_setup_py'
[0.166s] Level 1:colcon.colcon_core.package_identification:_identify(tortoisebot/YDLidar-SDK) by extensions ['ignore', 'ignore_ament_install']
[0.166s] Level 1:colcon.colcon_core.package_identification:_identify(tortoisebot/YDLidar-SDK) by extension 'ignore'
[0.167s] Level 1:colcon.colcon_core.package_identification:_identify(tortoisebot/YDLidar-SDK) by extension 'ignore_ament_install'
[0.167s] Level 1:colcon.colcon_core.package_identification:_identify(tortoisebot/YDLidar-SDK) by extensions ['colcon_pkg']
[0.167s] Level 1:colcon.colcon_core.package_identification:_identify(tortoisebot/YDLidar-SDK) by extension 'colcon_pkg'
[0.167s] Level 1:colcon.colcon_core.package_identification:_identify(tortoisebot/YDLidar-SDK) by extensions ['colcon_meta']
[0.167s] Level 1:colcon.colcon_core.package_identification:_identify(tortoisebot/YDLidar-SDK) by extension 'colcon_meta'
[0.167s] Level 1:colcon.colcon_core.package_identification:_identify(tortoisebot/YDLidar-SDK) by extensions ['ros']
[0.167s] Level 1:colcon.colcon_core.package_identification:_identify(tortoisebot/YDLidar-SDK) by extension 'ros'
[0.167s] Level 1:colcon.colcon_core.package_identification:_identify(tortoisebot/YDLidar-SDK) by extensions ['cmake', 'python']
[0.167s] Level 1:colcon.colcon_core.package_identification:_identify(tortoisebot/YDLidar-SDK) by extension 'cmake'
[0.174s] Level 1:colcon.colcon_core.package_identification:_identify(tortoisebot/YDLidar-SDK) by extension 'python'
[0.174s] DEBUG:colcon.colcon_core.package_identification:Package 'tortoisebot/YDLidar-SDK' with type 'cmake' and name 'ydlidar_sdk'
[0.174s] Level 1:colcon.colcon_core.package_identification:_identify(tortoisebot/tortoisebot_bringup) by extensions ['ignore', 'ignore_ament_install']
[0.174s] Level 1:colcon.colcon_core.package_identification:_identify(tortoisebot/tortoisebot_bringup) by extension 'ignore'
[0.174s] Level 1:colcon.colcon_core.package_identification:_identify(tortoisebot/tortoisebot_bringup) by extension 'ignore_ament_install'
[0.174s] Level 1:colcon.colcon_core.package_identification:_identify(tortoisebot/tortoisebot_bringup) by extensions ['colcon_pkg']
[0.174s] Level 1:colcon.colcon_core.package_identification:_identify(tortoisebot/tortoisebot_bringup) by extension 'colcon_pkg'
[0.174s] Level 1:colcon.colcon_core.package_identification:_identify(tortoisebot/tortoisebot_bringup) by extensions ['colcon_meta']
[0.174s] Level 1:colcon.colcon_core.package_identification:_identify(tortoisebot/tortoisebot_bringup) by extension 'colcon_meta'
[0.174s] Level 1:colcon.colcon_core.package_identification:_identify(tortoisebot/tortoisebot_bringup) by extensions ['ros']
[0.175s] Level 1:colcon.colcon_core.package_identification:_identify(tortoisebot/tortoisebot_bringup) by extension 'ros'
[0.176s] DEBUG:colcon.colcon_core.package_identification:Package 'tortoisebot/tortoisebot_bringup' with type 'ros.ament_cmake' and name 'tortoisebot_bringup'
[0.176s] Level 1:colcon.colcon_core.package_identification:_identify(tortoisebot/tortoisebot_control) by extensions ['ignore', 'ignore_ament_install']
[0.176s] Level 1:colcon.colcon_core.package_identification:_identify(tortoisebot/tortoisebot_control) by extension 'ignore'
[0.176s] Level 1:colcon.colcon_core.package_identification:_identify(tortoisebot/tortoisebot_control) by extension 'ignore_ament_install'
[0.176s] Level 1:colcon.colcon_core.package_identification:_identify(tortoisebot/tortoisebot_control) by extensions ['colcon_pkg']
[0.176s] Level 1:colcon.colcon_core.package_identification:_identify(tortoisebot/tortoisebot_control) by extension 'colcon_pkg'
[0.176s] Level 1:colcon.colcon_core.package_identification:_identify(tortoisebot/tortoisebot_control) by extensions ['colcon_meta']
[0.176s] Level 1:colcon.colcon_core.package_identification:_identify(tortoisebot/tortoisebot_control) by extension 'colcon_meta'
[0.176s] Level 1:colcon.colcon_core.package_identification:_identify(tortoisebot/tortoisebot_control) by extensions ['ros']
[0.176s] Level 1:colcon.colcon_core.package_identification:_identify(tortoisebot/tortoisebot_control) by extension 'ros'
[0.177s] DEBUG:colcon.colcon_core.package_identification:Package 'tortoisebot/tortoisebot_control' with type 'ros.ament_python' and name 'tortoisebot_control'
[0.177s] Level 1:colcon.colcon_core.package_identification:_identify(tortoisebot/tortoisebot_description) by extensions ['ignore', 'ignore_ament_install']
[0.177s] Level 1:colcon.colcon_core.package_identification:_identify(tortoisebot/tortoisebot_description) by extension 'ignore'
[0.177s] Level 1:colcon.colcon_core.package_identification:_identify(tortoisebot/tortoisebot_description) by extension 'ignore_ament_install'
[0.177s] Level 1:colcon.colcon_core.package_identification:_identify(tortoisebot/tortoisebot_description) by extensions ['colcon_pkg']
[0.177s] Level 1:colcon.colcon_core.package_identification:_identify(tortoisebot/tortoisebot_description) by extension 'colcon_pkg'
[0.177s] Level 1:colcon.colcon_core.package_identification:_identify(tortoisebot/tortoisebot_description) by extensions ['colcon_meta']
[0.177s] Level 1:colcon.colcon_core.package_identification:_identify(tortoisebot/tortoisebot_description) by extension 'colcon_meta'
[0.177s] Level 1:colcon.colcon_core.package_identification:_identify(tortoisebot/tortoisebot_description) by extensions ['ros']
[0.177s] Level 1:colcon.colcon_core.package_identification:_identify(tortoisebot/tortoisebot_description) by extension 'ros'
[0.177s] DEBUG:colcon.colcon_core.package_identification:Package 'tortoisebot/tortoisebot_description' with type 'ros.ament_cmake' and name 'tortoisebot_description'
[0.177s] Level 1:colcon.colcon_core.package_identification:_identify(tortoisebot/tortoisebot_firmware) by extensions ['ignore', 'ignore_ament_install']
[0.177s] Level 1:colcon.colcon_core.package_identification:_identify(tortoisebot/tortoisebot_firmware) by extension 'ignore'
[0.177s] Level 1:colcon.colcon_core.package_identification:_identify(tortoisebot/tortoisebot_firmware) by extension 'ignore_ament_install'
[0.177s] Level 1:colcon.colcon_core.package_identification:_identify(tortoisebot/tortoisebot_firmware) by extensions ['colcon_pkg']
[0.177s] Level 1:colcon.colcon_core.package_identification:_identify(tortoisebot/tortoisebot_firmware) by extension 'colcon_pkg'
[0.177s] Level 1:colcon.colcon_core.package_identification:_identify(tortoisebot/tortoisebot_firmware) by extensions ['colcon_meta']
[0.177s] Level 1:colcon.colcon_core.package_identification:_identify(tortoisebot/tortoisebot_firmware) by extension 'colcon_meta'
[0.177s] Level 1:colcon.colcon_core.package_identification:_identify(tortoisebot/tortoisebot_firmware) by extensions ['ros']
[0.177s] Level 1:colcon.colcon_core.package_identification:_identify(tortoisebot/tortoisebot_firmware) by extension 'ros'
[0.178s] DEBUG:colcon.colcon_core.package_identification:Package 'tortoisebot/tortoisebot_firmware' with type 'ros.ament_cmake' and name 'tortoisebot_firmware'
[0.178s] Level 1:colcon.colcon_core.package_identification:_identify(tortoisebot/tortoisebot_gazebo) by extensions ['ignore', 'ignore_ament_install']
[0.178s] Level 1:colcon.colcon_core.package_identification:_identify(tortoisebot/tortoisebot_gazebo) by extension 'ignore'
[0.178s] Level 1:colcon.colcon_core.package_identification:_identify(tortoisebot/tortoisebot_gazebo) by extension 'ignore_ament_install'
[0.178s] Level 1:colcon.colcon_core.package_identification:_identify(tortoisebot/tortoisebot_gazebo) by extensions ['colcon_pkg']
[0.178s] Level 1:colcon.colcon_core.package_identification:_identify(tortoisebot/tortoisebot_gazebo) by extension 'colcon_pkg'
[0.178s] Level 1:colcon.colcon_core.package_identification:_identify(tortoisebot/tortoisebot_gazebo) by extensions ['colcon_meta']
[0.178s] Level 1:colcon.colcon_core.package_identification:_identify(tortoisebot/tortoisebot_gazebo) by extension 'colcon_meta'
[0.178s] Level 1:colcon.colcon_core.package_identification:_identify(tortoisebot/tortoisebot_gazebo) by extensions ['ros']
[0.178s] Level 1:colcon.colcon_core.package_identification:_identify(tortoisebot/tortoisebot_gazebo) by extension 'ros'
[0.178s] DEBUG:colcon.colcon_core.package_identification:Package 'tortoisebot/tortoisebot_gazebo' with type 'ros.ament_cmake' and name 'tortoisebot_gazebo'
[0.178s] Level 1:colcon.colcon_core.package_identification:_identify(tortoisebot/tortoisebot_imu) by extensions ['ignore', 'ignore_ament_install']
[0.179s] Level 1:colcon.colcon_core.package_identification:_identify(tortoisebot/tortoisebot_imu) by extension 'ignore'
[0.179s] Level 1:colcon.colcon_core.package_identification:_identify(tortoisebot/tortoisebot_imu) by extension 'ignore_ament_install'
[0.179s] Level 1:colcon.colcon_core.package_identification:_identify(tortoisebot/tortoisebot_imu) by extensions ['colcon_pkg']
[0.179s] Level 1:colcon.colcon_core.package_identification:_identify(tortoisebot/tortoisebot_imu) by extension 'colcon_pkg'
[0.179s] Level 1:colcon.colcon_core.package_identification:_identify(tortoisebot/tortoisebot_imu) by extensions ['colcon_meta']
[0.179s] Level 1:colcon.colcon_core.package_identification:_identify(tortoisebot/tortoisebot_imu) by extension 'colcon_meta'
[0.179s] Level 1:colcon.colcon_core.package_identification:_identify(tortoisebot/tortoisebot_imu) by extensions ['ros']
[0.179s] Level 1:colcon.colcon_core.package_identification:_identify(tortoisebot/tortoisebot_imu) by extension 'ros'
[0.179s] DEBUG:colcon.colcon_core.package_identification:Package 'tortoisebot/tortoisebot_imu' with type 'ros.ament_cmake' and name 'tortoisebot_imu'
[0.179s] Level 1:colcon.colcon_core.package_identification:_identify(tortoisebot/tortoisebot_navigation) by extensions ['ignore', 'ignore_ament_install']
[0.179s] Level 1:colcon.colcon_core.package_identification:_identify(tortoisebot/tortoisebot_navigation) by extension 'ignore'
[0.179s] Level 1:colcon.colcon_core.package_identification:_identify(tortoisebot/tortoisebot_navigation) by extension 'ignore_ament_install'
[0.179s] Level 1:colcon.colcon_core.package_identification:_identify(tortoisebot/tortoisebot_navigation) by extensions ['colcon_pkg']
[0.179s] Level 1:colcon.colcon_core.package_identification:_identify(tortoisebot/tortoisebot_navigation) by extension 'colcon_pkg'
[0.179s] Level 1:colcon.colcon_core.package_identification:_identify(tortoisebot/tortoisebot_navigation) by extensions ['colcon_meta']
[0.179s] Level 1:colcon.colcon_core.package_identification:_identify(tortoisebot/tortoisebot_navigation) by extension 'colcon_meta'
[0.179s] Level 1:colcon.colcon_core.package_identification:_identify(tortoisebot/tortoisebot_navigation) by extensions ['ros']
[0.179s] Level 1:colcon.colcon_core.package_identification:_identify(tortoisebot/tortoisebot_navigation) by extension 'ros'
[0.179s] DEBUG:colcon.colcon_core.package_identification:Package 'tortoisebot/tortoisebot_navigation' with type 'ros.ament_cmake' and name 'tortoisebot_navigation'
[0.180s] Level 1:colcon.colcon_core.package_identification:_identify(tortoisebot/tortoisebot_slam) by extensions ['ignore', 'ignore_ament_install']
[0.180s] Level 1:colcon.colcon_core.package_identification:_identify(tortoisebot/tortoisebot_slam) by extension 'ignore'
[0.180s] Level 1:colcon.colcon_core.package_identification:_identify(tortoisebot/tortoisebot_slam) by extension 'ignore_ament_install'
[0.180s] Level 1:colcon.colcon_core.package_identification:_identify(tortoisebot/tortoisebot_slam) by extensions ['colcon_pkg']
[0.180s] Level 1:colcon.colcon_core.package_identification:_identify(tortoisebot/tortoisebot_slam) by extension 'colcon_pkg'
[0.180s] Level 1:colcon.colcon_core.package_identification:_identify(tortoisebot/tortoisebot_slam) by extensions ['colcon_meta']
[0.180s] Level 1:colcon.colcon_core.package_identification:_identify(tortoisebot/tortoisebot_slam) by extension 'colcon_meta'
[0.180s] Level 1:colcon.colcon_core.package_identification:_identify(tortoisebot/tortoisebot_slam) by extensions ['ros']
[0.180s] Level 1:colcon.colcon_core.package_identification:_identify(tortoisebot/tortoisebot_slam) by extension 'ros'
[0.180s] DEBUG:colcon.colcon_core.package_identification:Package 'tortoisebot/tortoisebot_slam' with type 'ros.ament_cmake' and name 'tortoisebot_slam'
[0.180s] Level 1:colcon.colcon_core.package_identification:_identify(tortoisebot/v4l2_camera) by extensions ['ignore', 'ignore_ament_install']
[0.180s] Level 1:colcon.colcon_core.package_identification:_identify(tortoisebot/v4l2_camera) by extension 'ignore'
[0.180s] Level 1:colcon.colcon_core.package_identification:_identify(tortoisebot/v4l2_camera) by extension 'ignore_ament_install'
[0.180s] Level 1:colcon.colcon_core.package_identification:_identify(tortoisebot/v4l2_camera) by extensions ['colcon_pkg']
[0.180s] Level 1:colcon.colcon_core.package_identification:_identify(tortoisebot/v4l2_camera) by extension 'colcon_pkg'
[0.180s] Level 1:colcon.colcon_core.package_identification:_identify(tortoisebot/v4l2_camera) by extensions ['colcon_meta']
[0.180s] Level 1:colcon.colcon_core.package_identification:_identify(tortoisebot/v4l2_camera) by extension 'colcon_meta'
[0.180s] Level 1:colcon.colcon_core.package_identification:_identify(tortoisebot/v4l2_camera) by extensions ['ros']
[0.180s] Level 1:colcon.colcon_core.package_identification:_identify(tortoisebot/v4l2_camera) by extension 'ros'
[0.181s] DEBUG:colcon.colcon_core.package_identification:Package 'tortoisebot/v4l2_camera' with type 'ros.ament_cmake' and name 'v4l2_camera'
[0.181s] Level 1:colcon.colcon_core.package_identification:_identify(tortoisebot/ydlidar_ros2_driver) by extensions ['ignore', 'ignore_ament_install']
[0.181s] Level 1:colcon.colcon_core.package_identification:_identify(tortoisebot/ydlidar_ros2_driver) by extension 'ignore'
[0.181s] Level 1:colcon.colcon_core.package_identification:_identify(tortoisebot/ydlidar_ros2_driver) by extension 'ignore_ament_install'
[0.181s] Level 1:colcon.colcon_core.package_identification:_identify(tortoisebot/ydlidar_ros2_driver) by extensions ['colcon_pkg']
[0.181s] Level 1:colcon.colcon_core.package_identification:_identify(tortoisebot/ydlidar_ros2_driver) by extension 'colcon_pkg'
[0.181s] Level 1:colcon.colcon_core.package_identification:_identify(tortoisebot/ydlidar_ros2_driver) by extensions ['colcon_meta']
[0.181s] Level 1:colcon.colcon_core.package_identification:_identify(tortoisebot/ydlidar_ros2_driver) by extension 'colcon_meta'
[0.181s] Level 1:colcon.colcon_core.package_identification:_identify(tortoisebot/ydlidar_ros2_driver) by extensions ['ros']
[0.181s] Level 1:colcon.colcon_core.package_identification:_identify(tortoisebot/ydlidar_ros2_driver) by extension 'ros'
[0.181s] DEBUG:colcon.colcon_core.package_identification:Package 'tortoisebot/ydlidar_ros2_driver' with type 'ros.ament_cmake' and name 'ydlidar_ros2_driver'
[0.181s] Level 1:colcon.colcon_core.package_discovery:discover_packages(recursive) using defaults
[0.182s] Level 1:colcon.colcon_core.package_discovery:discover_packages(ignore) discover
[0.182s] Level 1:colcon.colcon_core.package_discovery:discover_packages(ignore) using defaults
[0.182s] Level 1:colcon.colcon_core.package_discovery:discover_packages(path) discover
[0.182s] Level 1:colcon.colcon_core.package_discovery:discover_packages(path) using defaults
[0.193s] WARNING:colcon.colcon_core.package_discovery:ignoring unknown package 'v412_camera' in --packages-ignore
[0.194s] Level 1:colcon.colcon_core.package_discovery:discover_packages(prefix_path) check parameters
[0.194s] Level 1:colcon.colcon_core.package_discovery:discover_packages(prefix_path) discover
[0.195s] DEBUG:colcon.colcon_installed_package_information.package_discovery:Found 9 installed packages in /home/sid/ws/install
[0.196s] DEBUG:colcon.colcon_installed_package_information.package_discovery:Found 330 installed packages in /opt/ros/humble
[0.205s] Level 1:colcon.colcon_core.package_discovery:discover_packages(prefix_path) using defaults
[0.230s] Level 5:colcon.colcon_core.verb:set package 'tortoisebot_bringup' build argument 'cmake_args' from command line to 'None'
[0.230s] Level 5:colcon.colcon_core.verb:set package 'tortoisebot_bringup' build argument 'cmake_target' from command line to 'None'
[0.230s] Level 5:colcon.colcon_core.verb:set package 'tortoisebot_bringup' build argument 'cmake_target_skip_unavailable' from command line to 'False'
[0.230s] Level 5:colcon.colcon_core.verb:set package 'tortoisebot_bringup' build argument 'cmake_clean_cache' from command line to 'False'
[0.230s] Level 5:colcon.colcon_core.verb:set package 'tortoisebot_bringup' build argument 'cmake_clean_first' from command line to 'False'
[0.230s] Level 5:colcon.colcon_core.verb:set package 'tortoisebot_bringup' build argument 'cmake_force_configure' from command line to 'False'
[0.231s] Level 5:colcon.colcon_core.verb:set package 'tortoisebot_bringup' build argument 'ament_cmake_args' from command line to 'None'
[0.231s] Level 5:colcon.colcon_core.verb:set package 'tortoisebot_bringup' build argument 'catkin_cmake_args' from command line to 'None'
[0.231s] Level 5:colcon.colcon_core.verb:set package 'tortoisebot_bringup' build argument 'catkin_skip_building_tests' from command line to 'False'
[0.231s] DEBUG:colcon.colcon_core.verb:Building package 'tortoisebot_bringup' with the following arguments: {'ament_cmake_args': None, 'build_base': '/home/sid/ws/build/tortoisebot_bringup', 'catkin_cmake_args': None, 'catkin_skip_building_tests': False, 'cmake_args': None, 'cmake_clean_cache': False, 'cmake_clean_first': False, 'cmake_force_configure': False, 'cmake_target': None, 'cmake_target_skip_unavailable': False, 'install_base': '/home/sid/ws/install/tortoisebot_bringup', 'merge_install': False, 'path': '/home/sid/ws/tortoisebot/tortoisebot_bringup', 'symlink_install': True, 'test_result_base': None}
[0.231s] Level 5:colcon.colcon_core.verb:set package 'tortoisebot_control' build argument 'cmake_args' from command line to 'None'
[0.231s] Level 5:colcon.colcon_core.verb:set package 'tortoisebot_control' build argument 'cmake_target' from command line to 'None'
[0.231s] Level 5:colcon.colcon_core.verb:set package 'tortoisebot_control' build argument 'cmake_target_skip_unavailable' from command line to 'False'
[0.231s] Level 5:colcon.colcon_core.verb:set package 'tortoisebot_control' build argument 'cmake_clean_cache' from command line to 'False'
[0.231s] Level 5:colcon.colcon_core.verb:set package 'tortoisebot_control' build argument 'cmake_clean_first' from command line to 'False'
[0.231s] Level 5:colcon.colcon_core.verb:set package 'tortoisebot_control' build argument 'cmake_force_configure' from command line to 'False'
[0.231s] Level 5:colcon.colcon_core.verb:set package 'tortoisebot_control' build argument 'ament_cmake_args' from command line to 'None'
[0.231s] Level 5:colcon.colcon_core.verb:set package 'tortoisebot_control' build argument 'catkin_cmake_args' from command line to 'None'
[0.231s] Level 5:colcon.colcon_core.verb:set package 'tortoisebot_control' build argument 'catkin_skip_building_tests' from command line to 'False'
[0.231s] DEBUG:colcon.colcon_core.verb:Building package 'tortoisebot_control' with the following arguments: {'ament_cmake_args': None, 'build_base': '/home/sid/ws/build/tortoisebot_control', 'catkin_cmake_args': None, 'catkin_skip_building_tests': False, 'cmake_args': None, 'cmake_clean_cache': False, 'cmake_clean_first': False, 'cmake_force_configure': False, 'cmake_target': None, 'cmake_target_skip_unavailable': False, 'install_base': '/home/sid/ws/install/tortoisebot_control', 'merge_install': False, 'path': '/home/sid/ws/tortoisebot/tortoisebot_control', 'symlink_install': True, 'test_result_base': None}
[0.231s] Level 5:colcon.colcon_core.verb:set package 'tortoisebot_description' build argument 'cmake_args' from command line to 'None'
[0.231s] Level 5:colcon.colcon_core.verb:set package 'tortoisebot_description' build argument 'cmake_target' from command line to 'None'
[0.231s] Level 5:colcon.colcon_core.verb:set package 'tortoisebot_description' build argument 'cmake_target_skip_unavailable' from command line to 'False'
[0.231s] Level 5:colcon.colcon_core.verb:set package 'tortoisebot_description' build argument 'cmake_clean_cache' from command line to 'False'
[0.231s] Level 5:colcon.colcon_core.verb:set package 'tortoisebot_description' build argument 'cmake_clean_first' from command line to 'False'
[0.231s] Level 5:colcon.colcon_core.verb:set package 'tortoisebot_description' build argument 'cmake_force_configure' from command line to 'False'
[0.231s] Level 5:colcon.colcon_core.verb:set package 'tortoisebot_description' build argument 'ament_cmake_args' from command line to 'None'
[0.231s] Level 5:colcon.colcon_core.verb:set package 'tortoisebot_description' build argument 'catkin_cmake_args' from command line to 'None'
[0.231s] Level 5:colcon.colcon_core.verb:set package 'tortoisebot_description' build argument 'catkin_skip_building_tests' from command line to 'False'
[0.231s] DEBUG:colcon.colcon_core.verb:Building package 'tortoisebot_description' with the following arguments: {'ament_cmake_args': None, 'build_base': '/home/sid/ws/build/tortoisebot_description', 'catkin_cmake_args': None, 'catkin_skip_building_tests': False, 'cmake_args': None, 'cmake_clean_cache': False, 'cmake_clean_first': False, 'cmake_force_configure': False, 'cmake_target': None, 'cmake_target_skip_unavailable': False, 'install_base': '/home/sid/ws/install/tortoisebot_description', 'merge_install': False, 'path': '/home/sid/ws/tortoisebot/tortoisebot_description', 'symlink_install': True, 'test_result_base': None}
[0.232s] Level 5:colcon.colcon_core.verb:set package 'tortoisebot_firmware' build argument 'cmake_args' from command line to 'None'
[0.232s] Level 5:colcon.colcon_core.verb:set package 'tortoisebot_firmware' build argument 'cmake_target' from command line to 'None'
[0.232s] Level 5:colcon.colcon_core.verb:set package 'tortoisebot_firmware' build argument 'cmake_target_skip_unavailable' from command line to 'False'
[0.232s] Level 5:colcon.colcon_core.verb:set package 'tortoisebot_firmware' build argument 'cmake_clean_cache' from command line to 'False'
[0.232s] Level 5:colcon.colcon_core.verb:set package 'tortoisebot_firmware' build argument 'cmake_clean_first' from command line to 'False'
[0.232s] Level 5:colcon.colcon_core.verb:set package 'tortoisebot_firmware' build argument 'cmake_force_configure' from command line to 'False'
[0.232s] Level 5:colcon.colcon_core.verb:set package 'tortoisebot_firmware' build argument 'ament_cmake_args' from command line to 'None'
[0.232s] Level 5:colcon.colcon_core.verb:set package 'tortoisebot_firmware' build argument 'catkin_cmake_args' from command line to 'None'
[0.232s] Level 5:colcon.colcon_core.verb:set package 'tortoisebot_firmware' build argument 'catkin_skip_building_tests' from command line to 'False'
[0.232s] DEBUG:colcon.colcon_core.verb:Building package 'tortoisebot_firmware' with the following arguments: {'ament_cmake_args': None, 'build_base': '/home/sid/ws/build/tortoisebot_firmware', 'catkin_cmake_args': None, 'catkin_skip_building_tests': False, 'cmake_args': None, 'cmake_clean_cache': False, 'cmake_clean_first': False, 'cmake_force_configure': False, 'cmake_target': None, 'cmake_target_skip_unavailable': False, 'install_base': '/home/sid/ws/install/tortoisebot_firmware', 'merge_install': False, 'path': '/home/sid/ws/tortoisebot/tortoisebot_firmware', 'symlink_install': True, 'test_result_base': None}
[0.232s] Level 5:colcon.colcon_core.verb:set package 'tortoisebot_gazebo' build argument 'cmake_args' from command line to 'None'
[0.232s] Level 5:colcon.colcon_core.verb:set package 'tortoisebot_gazebo' build argument 'cmake_target' from command line to 'None'
[0.232s] Level 5:colcon.colcon_core.verb:set package 'tortoisebot_gazebo' build argument 'cmake_target_skip_unavailable' from command line to 'False'
[0.232s] Level 5:colcon.colcon_core.verb:set package 'tortoisebot_gazebo' build argument 'cmake_clean_cache' from command line to 'False'
[0.232s] Level 5:colcon.colcon_core.verb:set package 'tortoisebot_gazebo' build argument 'cmake_clean_first' from command line to 'False'
[0.232s] Level 5:colcon.colcon_core.verb:set package 'tortoisebot_gazebo' build argument 'cmake_force_configure' from command line to 'False'
[0.232s] Level 5:colcon.colcon_core.verb:set package 'tortoisebot_gazebo' build argument 'ament_cmake_args' from command line to 'None'
[0.232s] Level 5:colcon.colcon_core.verb:set package 'tortoisebot_gazebo' build argument 'catkin_cmake_args' from command line to 'None'
[0.232s] Level 5:colcon.colcon_core.verb:set package 'tortoisebot_gazebo' build argument 'catkin_skip_building_tests' from command line to 'False'
[0.232s] DEBUG:colcon.colcon_core.verb:Building package 'tortoisebot_gazebo' with the following arguments: {'ament_cmake_args': None, 'build_base': '/home/sid/ws/build/tortoisebot_gazebo', 'catkin_cmake_args': None, 'catkin_skip_building_tests': False, 'cmake_args': None, 'cmake_clean_cache': False, 'cmake_clean_first': False, 'cmake_force_configure': False, 'cmake_target': None, 'cmake_target_skip_unavailable': False, 'install_base': '/home/sid/ws/install/tortoisebot_gazebo', 'merge_install': False, 'path': '/home/sid/ws/tortoisebot/tortoisebot_gazebo', 'symlink_install': True, 'test_result_base': None}
[0.232s] Level 5:colcon.colcon_core.verb:set package 'tortoisebot_imu' build argument 'cmake_args' from command line to 'None'
[0.232s] Level 5:colcon.colcon_core.verb:set package 'tortoisebot_imu' build argument 'cmake_target' from command line to 'None'
[0.232s] Level 5:colcon.colcon_core.verb:set package 'tortoisebot_imu' build argument 'cmake_target_skip_unavailable' from command line to 'False'
[0.232s] Level 5:colcon.colcon_core.verb:set package 'tortoisebot_imu' build argument 'cmake_clean_cache' from command line to 'False'
[0.232s] Level 5:colcon.colcon_core.verb:set package 'tortoisebot_imu' build argument 'cmake_clean_first' from command line to 'False'
[0.232s] Level 5:colcon.colcon_core.verb:set package 'tortoisebot_imu' build argument 'cmake_force_configure' from command line to 'False'
[0.232s] Level 5:colcon.colcon_core.verb:set package 'tortoisebot_imu' build argument 'ament_cmake_args' from command line to 'None'
[0.232s] Level 5:colcon.colcon_core.verb:set package 'tortoisebot_imu' build argument 'catkin_cmake_args' from command line to 'None'
[0.232s] Level 5:colcon.colcon_core.verb:set package 'tortoisebot_imu' build argument 'catkin_skip_building_tests' from command line to 'False'
[0.232s] DEBUG:colcon.colcon_core.verb:Building package 'tortoisebot_imu' with the following arguments: {'ament_cmake_args': None, 'build_base': '/home/sid/ws/build/tortoisebot_imu', 'catkin_cmake_args': None, 'catkin_skip_building_tests': False, 'cmake_args': None, 'cmake_clean_cache': False, 'cmake_clean_first': False, 'cmake_force_configure': False, 'cmake_target': None, 'cmake_target_skip_unavailable': False, 'install_base': '/home/sid/ws/install/tortoisebot_imu', 'merge_install': False, 'path': '/home/sid/ws/tortoisebot/tortoisebot_imu', 'symlink_install': True, 'test_result_base': None}
[0.232s] Level 5:colcon.colcon_core.verb:set package 'tortoisebot_navigation' build argument 'cmake_args' from command line to 'None'
[0.232s] Level 5:colcon.colcon_core.verb:set package 'tortoisebot_navigation' build argument 'cmake_target' from command line to 'None'
[0.232s] Level 5:colcon.colcon_core.verb:set package 'tortoisebot_navigation' build argument 'cmake_target_skip_unavailable' from command line to 'False'
[0.233s] Level 5:colcon.colcon_core.verb:set package 'tortoisebot_navigation' build argument 'cmake_clean_cache' from command line to 'False'
[0.233s] Level 5:colcon.colcon_core.verb:set package 'tortoisebot_navigation' build argument 'cmake_clean_first' from command line to 'False'
[0.233s] Level 5:colcon.colcon_core.verb:set package 'tortoisebot_navigation' build argument 'cmake_force_configure' from command line to 'False'
[0.233s] Level 5:colcon.colcon_core.verb:set package 'tortoisebot_navigation' build argument 'ament_cmake_args' from command line to 'None'
[0.233s] Level 5:colcon.colcon_core.verb:set package 'tortoisebot_navigation' build argument 'catkin_cmake_args' from command line to 'None'
[0.233s] Level 5:colcon.colcon_core.verb:set package 'tortoisebot_navigation' build argument 'catkin_skip_building_tests' from command line to 'False'
[0.233s] DEBUG:colcon.colcon_core.verb:Building package 'tortoisebot_navigation' with the following arguments: {'ament_cmake_args': None, 'build_base': '/home/sid/ws/build/tortoisebot_navigation', 'catkin_cmake_args': None, 'catkin_skip_building_tests': False, 'cmake_args': None, 'cmake_clean_cache': False, 'cmake_clean_first': False, 'cmake_force_configure': False, 'cmake_target': None, 'cmake_target_skip_unavailable': False, 'install_base': '/home/sid/ws/install/tortoisebot_navigation', 'merge_install': False, 'path': '/home/sid/ws/tortoisebot/tortoisebot_navigation', 'symlink_install': True, 'test_result_base': None}
[0.233s] Level 5:colcon.colcon_core.verb:set package 'tortoisebot_slam' build argument 'cmake_args' from command line to 'None'
[0.233s] Level 5:colcon.colcon_core.verb:set package 'tortoisebot_slam' build argument 'cmake_target' from command line to 'None'
[0.233s] Level 5:colcon.colcon_core.verb:set package 'tortoisebot_slam' build argument 'cmake_target_skip_unavailable' from command line to 'False'
[0.233s] Level 5:colcon.colcon_core.verb:set package 'tortoisebot_slam' build argument 'cmake_clean_cache' from command line to 'False'
[0.233s] Level 5:colcon.colcon_core.verb:set package 'tortoisebot_slam' build argument 'cmake_clean_first' from command line to 'False'
[0.233s] Level 5:colcon.colcon_core.verb:set package 'tortoisebot_slam' build argument 'cmake_force_configure' from command line to 'False'
[0.233s] Level 5:colcon.colcon_core.verb:set package 'tortoisebot_slam' build argument 'ament_cmake_args' from command line to 'None'
[0.233s] Level 5:colcon.colcon_core.verb:set package 'tortoisebot_slam' build argument 'catkin_cmake_args' from command line to 'None'
[0.233s] Level 5:colcon.colcon_core.verb:set package 'tortoisebot_slam' build argument 'catkin_skip_building_tests' from command line to 'False'
[0.233s] DEBUG:colcon.colcon_core.verb:Building package 'tortoisebot_slam' with the following arguments: {'ament_cmake_args': None, 'build_base': '/home/sid/ws/build/tortoisebot_slam', 'catkin_cmake_args': None, 'catkin_skip_building_tests': False, 'cmake_args': None, 'cmake_clean_cache': False, 'cmake_clean_first': False, 'cmake_force_configure': False, 'cmake_target': None, 'cmake_target_skip_unavailable': False, 'install_base': '/home/sid/ws/install/tortoisebot_slam', 'merge_install': False, 'path': '/home/sid/ws/tortoisebot/tortoisebot_slam', 'symlink_install': True, 'test_result_base': None}
[0.233s] Level 5:colcon.colcon_core.verb:set package 'v4l2_camera' build argument 'cmake_args' from command line to 'None'
[0.233s] Level 5:colcon.colcon_core.verb:set package 'v4l2_camera' build argument 'cmake_target' from command line to 'None'
[0.233s] Level 5:colcon.colcon_core.verb:set package 'v4l2_camera' build argument 'cmake_target_skip_unavailable' from command line to 'False'
[0.233s] Level 5:colcon.colcon_core.verb:set package 'v4l2_camera' build argument 'cmake_clean_cache' from command line to 'False'
[0.233s] Level 5:colcon.colcon_core.verb:set package 'v4l2_camera' build argument 'cmake_clean_first' from command line to 'False'
[0.233s] Level 5:colcon.colcon_core.verb:set package 'v4l2_camera' build argument 'cmake_force_configure' from command line to 'False'
[0.233s] Level 5:colcon.colcon_core.verb:set package 'v4l2_camera' build argument 'ament_cmake_args' from command line to 'None'
[0.233s] Level 5:colcon.colcon_core.verb:set package 'v4l2_camera' build argument 'catkin_cmake_args' from command line to 'None'
[0.233s] Level 5:colcon.colcon_core.verb:set package 'v4l2_camera' build argument 'catkin_skip_building_tests' from command line to 'False'
[0.233s] DEBUG:colcon.colcon_core.verb:Building package 'v4l2_camera' with the following arguments: {'ament_cmake_args': None, 'build_base': '/home/sid/ws/build/v4l2_camera', 'catkin_cmake_args': None, 'catkin_skip_building_tests': False, 'cmake_args': None, 'cmake_clean_cache': False, 'cmake_clean_first': False, 'cmake_force_configure': False, 'cmake_target': None, 'cmake_target_skip_unavailable': False, 'install_base': '/home/sid/ws/install/v4l2_camera', 'merge_install': False, 'path': '/home/sid/ws/tortoisebot/v4l2_camera', 'symlink_install': True, 'test_result_base': None}
[0.233s] INFO:colcon.colcon_core.executor:Executing jobs using 'parallel' executor
[0.234s] DEBUG:colcon.colcon_parallel_executor.executor.parallel:run_until_complete
[0.234s] INFO:colcon.colcon_ros.task.ament_cmake.build:Building ROS package in '/home/sid/ws/tortoisebot/tortoisebot_bringup' with build type 'ament_cmake'
[0.234s] INFO:colcon.colcon_cmake.task.cmake.build:Building CMake package in '/home/sid/ws/tortoisebot/tortoisebot_bringup'
[0.236s] INFO:colcon.colcon_core.plugin_system:Skipping extension 'colcon_core.shell.bat': Not used on non-Windows systems
[0.236s] INFO:colcon.colcon_core.shell:Skip shell extension 'powershell' for command environment: Not usable outside of PowerShell
[0.236s] DEBUG:colcon.colcon_core.shell:Skip shell extension 'dsv' for command environment
[0.238s] INFO:colcon.colcon_ros.task.ament_python.build:Building ROS package in '/home/sid/ws/tortoisebot/tortoisebot_control' with build type 'ament_python'
[0.238s] Level 1:colcon.colcon_core.shell:create_environment_hook('tortoisebot_control', 'ament_prefix_path')
[0.238s] INFO:colcon.colcon_core.shell:Creating environment hook '/home/sid/ws/install/tortoisebot_control/share/tortoisebot_control/hook/ament_prefix_path.ps1'
[0.239s] INFO:colcon.colcon_core.shell:Creating environment descriptor '/home/sid/ws/install/tortoisebot_control/share/tortoisebot_control/hook/ament_prefix_path.dsv'
[0.239s] INFO:colcon.colcon_core.shell:Creating environment hook '/home/sid/ws/install/tortoisebot_control/share/tortoisebot_control/hook/ament_prefix_path.sh'
[0.239s] INFO:colcon.colcon_core.shell:Skip shell extension 'powershell' for command environment: Not usable outside of PowerShell
[0.239s] DEBUG:colcon.colcon_core.shell:Skip shell extension 'dsv' for command environment
[0.241s] INFO:colcon.colcon_ros.task.ament_cmake.build:Building ROS package in '/home/sid/ws/tortoisebot/tortoisebot_description' with build type 'ament_cmake'
[0.241s] INFO:colcon.colcon_cmake.task.cmake.build:Building CMake package in '/home/sid/ws/tortoisebot/tortoisebot_description'
[0.242s] INFO:colcon.colcon_core.shell:Skip shell extension 'powershell' for command environment: Not usable outside of PowerShell
[0.242s] DEBUG:colcon.colcon_core.shell:Skip shell extension 'dsv' for command environment
[0.244s] INFO:colcon.colcon_ros.task.ament_cmake.build:Building ROS package in '/home/sid/ws/tortoisebot/tortoisebot_firmware' with build type 'ament_cmake'
[0.244s] INFO:colcon.colcon_cmake.task.cmake.build:Building CMake package in '/home/sid/ws/tortoisebot/tortoisebot_firmware'
[0.244s] INFO:colcon.colcon_core.shell:Skip shell extension 'powershell' for command environment: Not usable outside of PowerShell
[0.244s] DEBUG:colcon.colcon_core.shell:Skip shell extension 'dsv' for command environment
[0.246s] INFO:colcon.colcon_ros.task.ament_cmake.build:Building ROS package in '/home/sid/ws/tortoisebot/tortoisebot_gazebo' with build type 'ament_cmake'
[0.246s] INFO:colcon.colcon_cmake.task.cmake.build:Building CMake package in '/home/sid/ws/tortoisebot/tortoisebot_gazebo'
[0.246s] INFO:colcon.colcon_core.shell:Skip shell extension 'powershell' for command environment: Not usable outside of PowerShell
[0.246s] DEBUG:colcon.colcon_core.shell:Skip shell extension 'dsv' for command environment
[0.248s] INFO:colcon.colcon_ros.task.ament_cmake.build:Building ROS package in '/home/sid/ws/tortoisebot/tortoisebot_imu' with build type 'ament_cmake'
[0.248s] INFO:colcon.colcon_cmake.task.cmake.build:Building CMake package in '/home/sid/ws/tortoisebot/tortoisebot_imu'
[0.248s] INFO:colcon.colcon_core.shell:Skip shell extension 'powershell' for command environment: Not usable outside of PowerShell
[0.248s] DEBUG:colcon.colcon_core.shell:Skip shell extension 'dsv' for command environment
[0.250s] INFO:colcon.colcon_ros.task.ament_cmake.build:Building ROS package in '/home/sid/ws/tortoisebot/tortoisebot_navigation' with build type 'ament_cmake'
[0.250s] INFO:colcon.colcon_cmake.task.cmake.build:Building CMake package in '/home/sid/ws/tortoisebot/tortoisebot_navigation'
[0.251s] INFO:colcon.colcon_core.shell:Skip shell extension 'powershell' for command environment: Not usable outside of PowerShell
[0.251s] DEBUG:colcon.colcon_core.shell:Skip shell extension 'dsv' for command environment
[0.253s] INFO:colcon.colcon_ros.task.ament_cmake.build:Building ROS package in '/home/sid/ws/tortoisebot/tortoisebot_slam' with build type 'ament_cmake'
[0.253s] INFO:colcon.colcon_cmake.task.cmake.build:Building CMake package in '/home/sid/ws/tortoisebot/tortoisebot_slam'
[0.253s] INFO:colcon.colcon_core.shell:Skip shell extension 'powershell' for command environment: Not usable outside of PowerShell
[0.253s] DEBUG:colcon.colcon_core.shell:Skip shell extension 'dsv' for command environment
[0.255s] INFO:colcon.colcon_ros.task.ament_cmake.build:Building ROS package in '/home/sid/ws/tortoisebot/v4l2_camera' with build type 'ament_cmake'
[0.256s] INFO:colcon.colcon_cmake.task.cmake.build:Building CMake package in '/home/sid/ws/tortoisebot/v4l2_camera'
[0.256s] INFO:colcon.colcon_core.shell:Skip shell extension 'powershell' for command environment: Not usable outside of PowerShell
[0.256s] DEBUG:colcon.colcon_core.shell:Skip shell extension 'dsv' for command environment
[0.262s] DEBUG:colcon.colcon_core.event_handler.log_command:Invoking command in '/home/sid/ws/build/tortoisebot_bringup': CMAKE_PREFIX_PATH=${CMAKE_PREFIX_PATH}:/home/sid/ws/install/tortoisebot_control:/opt/ros/humble /usr/bin/cmake --build /home/sid/ws/build/tortoisebot_bringup -- -j12 -l12
[0.418s] INFO:colcon.colcon_core.task.python.build:Building Python package in '/home/sid/ws/tortoisebot/tortoisebot_control'
[0.418s] INFO:colcon.colcon_core.shell:Skip shell extension 'powershell' for command environment: Not usable outside of PowerShell
[0.419s] DEBUG:colcon.colcon_core.shell:Skip shell extension 'dsv' for command environment
[0.423s] DEBUG:colcon.colcon_core.event_handler.log_command:Invoking command in '/home/sid/ws/build/tortoisebot_description': CMAKE_PREFIX_PATH=${CMAKE_PREFIX_PATH}:/home/sid/ws/install/tortoisebot_control:/opt/ros/humble /usr/bin/cmake --build /home/sid/ws/build/tortoisebot_description -- -j12 -l12
[0.424s] DEBUG:colcon.colcon_core.event_handler.log_command:Invoking command in '/home/sid/ws/build/tortoisebot_firmware': CMAKE_PREFIX_PATH=${CMAKE_PREFIX_PATH}:/home/sid/ws/install/tortoisebot_control:/opt/ros/humble /usr/bin/cmake --build /home/sid/ws/build/tortoisebot_firmware -- -j12 -l12
[0.426s] DEBUG:colcon.colcon_core.event_handler.log_command:Invoking command in '/home/sid/ws/build/tortoisebot_gazebo': CMAKE_PREFIX_PATH=${CMAKE_PREFIX_PATH}:/home/sid/ws/install/tortoisebot_control:/opt/ros/humble /usr/bin/cmake --build /home/sid/ws/build/tortoisebot_gazebo -- -j12 -l12
[0.428s] DEBUG:colcon.colcon_core.event_handler.log_command:Invoking command in '/home/sid/ws/build/tortoisebot_imu': CMAKE_PREFIX_PATH=${CMAKE_PREFIX_PATH}:/home/sid/ws/install/tortoisebot_control:/opt/ros/humble /usr/bin/cmake --build /home/sid/ws/build/tortoisebot_imu -- -j12 -l12
[0.429s] DEBUG:colcon.colcon_core.event_handler.log_command:Invoking command in '/home/sid/ws/build/tortoisebot_navigation': CMAKE_PREFIX_PATH=${CMAKE_PREFIX_PATH}:/home/sid/ws/install/tortoisebot_control:/opt/ros/humble /usr/bin/cmake --build /home/sid/ws/build/tortoisebot_navigation -- -j12 -l12
[0.433s] DEBUG:colcon.colcon_core.event_handler.log_command:Invoking command in '/home/sid/ws/build/tortoisebot_slam': CMAKE_PREFIX_PATH=${CMAKE_PREFIX_PATH}:/home/sid/ws/install/tortoisebot_control:/opt/ros/humble /usr/bin/cmake --build /home/sid/ws/build/tortoisebot_slam -- -j12 -l12
[0.438s] DEBUG:colcon.colcon_core.event_handler.log_command:Invoking command in '/home/sid/ws/build/v4l2_camera': CMAKE_PREFIX_PATH=${CMAKE_PREFIX_PATH}:/home/sid/ws/install/tortoisebot_control:/opt/ros/humble /usr/bin/cmake --build /home/sid/ws/build/v4l2_camera -- -j12 -l12
[0.440s] DEBUG:colcon.colcon_core.event_handler.log_command:Invoked command in '/home/sid/ws/build/tortoisebot_bringup' returned '0': CMAKE_PREFIX_PATH=${CMAKE_PREFIX_PATH}:/home/sid/ws/install/tortoisebot_control:/opt/ros/humble /usr/bin/cmake --build /home/sid/ws/build/tortoisebot_bringup -- -j12 -l12
[0.449s] DEBUG:colcon.colcon_core.event_handler.log_command:Invoking command in '/home/sid/ws/build/tortoisebot_bringup': CMAKE_PREFIX_PATH=${CMAKE_PREFIX_PATH}:/home/sid/ws/install/tortoisebot_control:/opt/ros/humble /usr/bin/cmake --install /home/sid/ws/build/tortoisebot_bringup
[0.454s] DEBUG:colcon.colcon_core.event_handler.log_command:Invoked command in '/home/sid/ws/build/tortoisebot_gazebo' returned '0': CMAKE_PREFIX_PATH=${CMAKE_PREFIX_PATH}:/home/sid/ws/install/tortoisebot_control:/opt/ros/humble /usr/bin/cmake --build /home/sid/ws/build/tortoisebot_gazebo -- -j12 -l12
[0.456s] DEBUG:colcon.colcon_core.event_handler.log_command:Invoking command in '/home/sid/ws/build/tortoisebot_gazebo': CMAKE_PREFIX_PATH=${CMAKE_PREFIX_PATH}:/home/sid/ws/install/tortoisebot_control:/opt/ros/humble /usr/bin/cmake --install /home/sid/ws/build/tortoisebot_gazebo
[0.458s] DEBUG:colcon.colcon_core.event_handler.log_command:Invoked command in '/home/sid/ws/build/tortoisebot_description' returned '0': CMAKE_PREFIX_PATH=${CMAKE_PREFIX_PATH}:/home/sid/ws/install/tortoisebot_control:/opt/ros/humble /usr/bin/cmake --build /home/sid/ws/build/tortoisebot_description -- -j12 -l12
[0.460s] DEBUG:colcon.colcon_core.event_handler.log_command:Invoking command in '/home/sid/ws/build/tortoisebot_description': CMAKE_PREFIX_PATH=${CMAKE_PREFIX_PATH}:/home/sid/ws/install/tortoisebot_control:/opt/ros/humble /usr/bin/cmake --install /home/sid/ws/build/tortoisebot_description
[0.464s] DEBUG:colcon.colcon_core.event_handler.log_command:Invoked command in '/home/sid/ws/build/tortoisebot_imu' returned '0': CMAKE_PREFIX_PATH=${CMAKE_PREFIX_PATH}:/home/sid/ws/install/tortoisebot_control:/opt/ros/humble /usr/bin/cmake --build /home/sid/ws/build/tortoisebot_imu -- -j12 -l12
[0.467s] DEBUG:colcon.colcon_core.event_handler.log_command:Invoking command in '/home/sid/ws/build/tortoisebot_imu': CMAKE_PREFIX_PATH=${CMAKE_PREFIX_PATH}:/home/sid/ws/install/tortoisebot_control:/opt/ros/humble /usr/bin/cmake --install /home/sid/ws/build/tortoisebot_imu
[0.469s] DEBUG:colcon.colcon_core.event_handler.log_command:Invoked command in '/home/sid/ws/build/tortoisebot_navigation' returned '0': CMAKE_PREFIX_PATH=${CMAKE_PREFIX_PATH}:/home/sid/ws/install/tortoisebot_control:/opt/ros/humble /usr/bin/cmake --build /home/sid/ws/build/tortoisebot_navigation -- -j12 -l12
[0.471s] DEBUG:colcon.colcon_core.event_handler.log_command:Invoking command in '/home/sid/ws/build/tortoisebot_navigation': CMAKE_PREFIX_PATH=${CMAKE_PREFIX_PATH}:/home/sid/ws/install/tortoisebot_control:/opt/ros/humble /usr/bin/cmake --install /home/sid/ws/build/tortoisebot_navigation
[0.474s] DEBUG:colcon.colcon_core.event_handler.log_command:Invoked command in '/home/sid/ws/build/tortoisebot_slam' returned '0': CMAKE_PREFIX_PATH=${CMAKE_PREFIX_PATH}:/home/sid/ws/install/tortoisebot_control:/opt/ros/humble /usr/bin/cmake --build /home/sid/ws/build/tortoisebot_slam -- -j12 -l12
[0.476s] Level 1:colcon.colcon_core.environment:create_environment_scripts_only(tortoisebot_bringup)
[0.478s] DEBUG:colcon.colcon_core.event_handler.log_command:Invoking command in '/home/sid/ws/build/tortoisebot_slam': CMAKE_PREFIX_PATH=${CMAKE_PREFIX_PATH}:/home/sid/ws/install/tortoisebot_control:/opt/ros/humble /usr/bin/cmake --install /home/sid/ws/build/tortoisebot_slam
[0.479s] DEBUG:colcon.colcon_core.event_handler.log_command:Invoked command in '/home/sid/ws/build/tortoisebot_bringup' returned '0': CMAKE_PREFIX_PATH=${CMAKE_PREFIX_PATH}:/home/sid/ws/install/tortoisebot_control:/opt/ros/humble /usr/bin/cmake --install /home/sid/ws/build/tortoisebot_bringup
[0.484s] Level 1:colcon.colcon_core.environment:checking '/home/sid/ws/install/tortoisebot_bringup' for CMake module files
[0.485s] Level 1:colcon.colcon_core.environment:checking '/home/sid/ws/install/tortoisebot_bringup' for CMake config files
[0.485s] Level 1:colcon.colcon_core.shell:create_environment_hook('tortoisebot_bringup', 'cmake_prefix_path')
[0.485s] INFO:colcon.colcon_core.shell:Creating environment hook '/home/sid/ws/install/tortoisebot_bringup/share/tortoisebot_bringup/hook/cmake_prefix_path.ps1'
[0.485s] INFO:colcon.colcon_core.shell:Creating environment descriptor '/home/sid/ws/install/tortoisebot_bringup/share/tortoisebot_bringup/hook/cmake_prefix_path.dsv'
[0.486s] INFO:colcon.colcon_core.shell:Creating environment hook '/home/sid/ws/install/tortoisebot_bringup/share/tortoisebot_bringup/hook/cmake_prefix_path.sh'
[0.486s] Level 1:colcon.colcon_core.environment:checking '/home/sid/ws/install/tortoisebot_bringup/bin'
[0.486s] Level 1:colcon.colcon_core.environment:checking '/home/sid/ws/install/tortoisebot_bringup/lib/pkgconfig/tortoisebot_bringup.pc'
[0.486s] Level 1:colcon.colcon_core.environment:checking '/home/sid/ws/install/tortoisebot_bringup/lib/python3.10/site-packages'
[0.487s] Level 1:colcon.colcon_core.environment:checking '/home/sid/ws/install/tortoisebot_bringup/bin'
[0.487s] INFO:colcon.colcon_core.shell:Creating package script '/home/sid/ws/install/tortoisebot_bringup/share/tortoisebot_bringup/package.ps1'
[0.488s] INFO:colcon.colcon_core.shell:Creating package descriptor '/home/sid/ws/install/tortoisebot_bringup/share/tortoisebot_bringup/package.dsv'
[0.488s] INFO:colcon.colcon_core.shell:Creating package script '/home/sid/ws/install/tortoisebot_bringup/share/tortoisebot_bringup/package.sh'
[0.489s] INFO:colcon.colcon_core.shell:Creating package script '/home/sid/ws/install/tortoisebot_bringup/share/tortoisebot_bringup/package.bash'
[0.489s] INFO:colcon.colcon_core.shell:Creating package script '/home/sid/ws/install/tortoisebot_bringup/share/tortoisebot_bringup/package.zsh'
[0.490s] Level 1:colcon.colcon_core.environment:create_file_with_runtime_dependencies(/home/sid/ws/install/tortoisebot_bringup/share/colcon-core/packages/tortoisebot_bringup)
[0.490s] Level 1:colcon.colcon_core.environment:create_environment_scripts_only(tortoisebot_bringup)
[0.490s] Level 1:colcon.colcon_core.environment:checking '/home/sid/ws/install/tortoisebot_bringup' for CMake module files
[0.491s] Level 1:colcon.colcon_core.environment:checking '/home/sid/ws/install/tortoisebot_bringup' for CMake config files
[0.491s] Level 1:colcon.colcon_core.shell:create_environment_hook('tortoisebot_bringup', 'cmake_prefix_path')
[0.492s] INFO:colcon.colcon_core.shell:Creating environment hook '/home/sid/ws/install/tortoisebot_bringup/share/tortoisebot_bringup/hook/cmake_prefix_path.ps1'
[0.492s] INFO:colcon.colcon_core.shell:Creating environment descriptor '/home/sid/ws/install/tortoisebot_bringup/share/tortoisebot_bringup/hook/cmake_prefix_path.dsv'
[0.493s] INFO:colcon.colcon_core.shell:Creating environment hook '/home/sid/ws/install/tortoisebot_bringup/share/tortoisebot_bringup/hook/cmake_prefix_path.sh'
[0.493s] Level 1:colcon.colcon_core.environment:checking '/home/sid/ws/install/tortoisebot_bringup/bin'
[0.493s] Level 1:colcon.colcon_core.environment:checking '/home/sid/ws/install/tortoisebot_bringup/lib/pkgconfig/tortoisebot_bringup.pc'
[0.493s] Level 1:colcon.colcon_core.environment:checking '/home/sid/ws/install/tortoisebot_bringup/lib/python3.10/site-packages'
[0.493s] Level 1:colcon.colcon_core.environment:checking '/home/sid/ws/install/tortoisebot_bringup/bin'
[0.493s] INFO:colcon.colcon_core.shell:Creating package script '/home/sid/ws/install/tortoisebot_bringup/share/tortoisebot_bringup/package.ps1'
[0.494s] INFO:colcon.colcon_core.shell:Creating package descriptor '/home/sid/ws/install/tortoisebot_bringup/share/tortoisebot_bringup/package.dsv'
[0.494s] INFO:colcon.colcon_core.shell:Creating package script '/home/sid/ws/install/tortoisebot_bringup/share/tortoisebot_bringup/package.sh'
[0.494s] INFO:colcon.colcon_core.shell:Creating package script '/home/sid/ws/install/tortoisebot_bringup/share/tortoisebot_bringup/package.bash'
[0.495s] INFO:colcon.colcon_core.shell:Creating package script '/home/sid/ws/install/tortoisebot_bringup/share/tortoisebot_bringup/package.zsh'
[0.495s] Level 1:colcon.colcon_core.environment:create_file_with_runtime_dependencies(/home/sid/ws/install/tortoisebot_bringup/share/colcon-core/packages/tortoisebot_bringup)
[0.496s] Level 1:colcon.colcon_core.environment:create_environment_scripts_only(tortoisebot_gazebo)
[0.496s] Level 1:colcon.colcon_core.environment:checking '/home/sid/ws/install/tortoisebot_gazebo' for CMake module files
[0.497s] DEBUG:colcon.colcon_core.event_handler.log_command:Invoked command in '/home/sid/ws/build/tortoisebot_gazebo' returned '0': CMAKE_PREFIX_PATH=${CMAKE_PREFIX_PATH}:/home/sid/ws/install/tortoisebot_control:/opt/ros/humble /usr/bin/cmake --install /home/sid/ws/build/tortoisebot_gazebo
[0.497s] Level 1:colcon.colcon_core.environment:checking '/home/sid/ws/install/tortoisebot_gazebo' for CMake config files
[0.497s] Level 1:colcon.colcon_core.shell:create_environment_hook('tortoisebot_gazebo', 'cmake_prefix_path')
[0.497s] INFO:colcon.colcon_core.shell:Creating environment hook '/home/sid/ws/install/tortoisebot_gazebo/share/tortoisebot_gazebo/hook/cmake_prefix_path.ps1'
[0.498s] INFO:colcon.colcon_core.shell:Creating environment descriptor '/home/sid/ws/install/tortoisebot_gazebo/share/tortoisebot_gazebo/hook/cmake_prefix_path.dsv'
[0.498s] INFO:colcon.colcon_core.shell:Creating environment hook '/home/sid/ws/install/tortoisebot_gazebo/share/tortoisebot_gazebo/hook/cmake_prefix_path.sh'
[0.498s] Level 1:colcon.colcon_core.environment:checking '/home/sid/ws/install/tortoisebot_gazebo/bin'
[0.498s] Level 1:colcon.colcon_core.environment:checking '/home/sid/ws/install/tortoisebot_gazebo/lib/pkgconfig/tortoisebot_gazebo.pc'
[0.499s] Level 1:colcon.colcon_core.environment:checking '/home/sid/ws/install/tortoisebot_gazebo/lib/python3.10/site-packages'
[0.499s] Level 1:colcon.colcon_core.environment:checking '/home/sid/ws/install/tortoisebot_gazebo/bin'
[0.499s] INFO:colcon.colcon_core.shell:Creating package script '/home/sid/ws/install/tortoisebot_gazebo/share/tortoisebot_gazebo/package.ps1'
[0.499s] INFO:colcon.colcon_core.shell:Creating package descriptor '/home/sid/ws/install/tortoisebot_gazebo/share/tortoisebot_gazebo/package.dsv'
[0.500s] INFO:colcon.colcon_core.shell:Creating package script '/home/sid/ws/install/tortoisebot_gazebo/share/tortoisebot_gazebo/package.sh'
[0.500s] INFO:colcon.colcon_core.shell:Creating package script '/home/sid/ws/install/tortoisebot_gazebo/share/tortoisebot_gazebo/package.bash'
[0.500s] INFO:colcon.colcon_core.shell:Creating package script '/home/sid/ws/install/tortoisebot_gazebo/share/tortoisebot_gazebo/package.zsh'
[0.500s] Level 1:colcon.colcon_core.environment:create_file_with_runtime_dependencies(/home/sid/ws/install/tortoisebot_gazebo/share/colcon-core/packages/tortoisebot_gazebo)
[0.501s] Level 1:colcon.colcon_core.environment:create_environment_scripts_only(tortoisebot_gazebo)
[0.501s] Level 1:colcon.colcon_core.environment:checking '/home/sid/ws/install/tortoisebot_gazebo' for CMake module files
[0.501s] Level 1:colcon.colcon_core.environment:checking '/home/sid/ws/install/tortoisebot_gazebo' for CMake config files
[0.501s] Level 1:colcon.colcon_core.shell:create_environment_hook('tortoisebot_gazebo', 'cmake_prefix_path')
[0.501s] INFO:colcon.colcon_core.shell:Creating environment hook '/home/sid/ws/install/tortoisebot_gazebo/share/tortoisebot_gazebo/hook/cmake_prefix_path.ps1'
[0.501s] INFO:colcon.colcon_core.shell:Creating environment descriptor '/home/sid/ws/install/tortoisebot_gazebo/share/tortoisebot_gazebo/hook/cmake_prefix_path.dsv'
[0.502s] INFO:colcon.colcon_core.shell:Creating environment hook '/home/sid/ws/install/tortoisebot_gazebo/share/tortoisebot_gazebo/hook/cmake_prefix_path.sh'
[0.502s] Level 1:colcon.colcon_core.environment:checking '/home/sid/ws/install/tortoisebot_gazebo/bin'
[0.502s] Level 1:colcon.colcon_core.environment:checking '/home/sid/ws/install/tortoisebot_gazebo/lib/pkgconfig/tortoisebot_gazebo.pc'
[0.502s] Level 1:colcon.colcon_core.environment:checking '/home/sid/ws/install/tortoisebot_gazebo/lib/python3.10/site-packages'
[0.502s] Level 1:colcon.colcon_core.environment:checking '/home/sid/ws/install/tortoisebot_gazebo/bin'
[0.503s] INFO:colcon.colcon_core.shell:Creating package script '/home/sid/ws/install/tortoisebot_gazebo/share/tortoisebot_gazebo/package.ps1'
[0.503s] INFO:colcon.colcon_core.shell:Creating package descriptor '/home/sid/ws/install/tortoisebot_gazebo/share/tortoisebot_gazebo/package.dsv'
[0.503s] INFO:colcon.colcon_core.shell:Creating package script '/home/sid/ws/install/tortoisebot_gazebo/share/tortoisebot_gazebo/package.sh'
[0.503s] INFO:colcon.colcon_core.shell:Creating package script '/home/sid/ws/install/tortoisebot_gazebo/share/tortoisebot_gazebo/package.bash'
[0.504s] INFO:colcon.colcon_core.shell:Creating package script '/home/sid/ws/install/tortoisebot_gazebo/share/tortoisebot_gazebo/package.zsh'
[0.504s] Level 1:colcon.colcon_core.environment:create_file_with_runtime_dependencies(/home/sid/ws/install/tortoisebot_gazebo/share/colcon-core/packages/tortoisebot_gazebo)
[0.504s] Level 1:colcon.colcon_core.environment:create_environment_scripts_only(tortoisebot_description)
[0.504s] Level 1:colcon.colcon_core.environment:checking '/home/sid/ws/install/tortoisebot_description' for CMake module files
[0.505s] DEBUG:colcon.colcon_core.event_handler.log_command:Invoked command in '/home/sid/ws/build/tortoisebot_description' returned '0': CMAKE_PREFIX_PATH=${CMAKE_PREFIX_PATH}:/home/sid/ws/install/tortoisebot_control:/opt/ros/humble /usr/bin/cmake --install /home/sid/ws/build/tortoisebot_description
[0.505s] Level 1:colcon.colcon_core.environment:checking '/home/sid/ws/install/tortoisebot_description' for CMake config files
[0.505s] Level 1:colcon.colcon_core.shell:create_environment_hook('tortoisebot_description', 'cmake_prefix_path')
[0.506s] INFO:colcon.colcon_core.shell:Creating environment hook '/home/sid/ws/install/tortoisebot_description/share/tortoisebot_description/hook/cmake_prefix_path.ps1'
[0.506s] INFO:colcon.colcon_core.shell:Creating environment descriptor '/home/sid/ws/install/tortoisebot_description/share/tortoisebot_description/hook/cmake_prefix_path.dsv'
[0.506s] INFO:colcon.colcon_core.shell:Creating environment hook '/home/sid/ws/install/tortoisebot_description/share/tortoisebot_description/hook/cmake_prefix_path.sh'
[0.506s] Level 1:colcon.colcon_core.environment:checking '/home/sid/ws/install/tortoisebot_description/bin'
[0.507s] Level 1:colcon.colcon_core.environment:checking '/home/sid/ws/install/tortoisebot_description/lib/pkgconfig/tortoisebot_description.pc'
[0.507s] Level 1:colcon.colcon_core.environment:checking '/home/sid/ws/install/tortoisebot_description/lib/python3.10/site-packages'
[0.507s] Level 1:colcon.colcon_core.environment:checking '/home/sid/ws/install/tortoisebot_description/bin'
[0.507s] INFO:colcon.colcon_core.shell:Creating package script '/home/sid/ws/install/tortoisebot_description/share/tortoisebot_description/package.ps1'
[0.507s] INFO:colcon.colcon_core.shell:Creating package descriptor '/home/sid/ws/install/tortoisebot_description/share/tortoisebot_description/package.dsv'
[0.508s] INFO:colcon.colcon_core.shell:Creating package script '/home/sid/ws/install/tortoisebot_description/share/tortoisebot_description/package.sh'
[0.508s] INFO:colcon.colcon_core.shell:Creating package script '/home/sid/ws/install/tortoisebot_description/share/tortoisebot_description/package.bash'
[0.508s] INFO:colcon.colcon_core.shell:Creating package script '/home/sid/ws/install/tortoisebot_description/share/tortoisebot_description/package.zsh'
[0.508s] Level 1:colcon.colcon_core.environment:create_file_with_runtime_dependencies(/home/sid/ws/install/tortoisebot_description/share/colcon-core/packages/tortoisebot_description)
[0.509s] Level 1:colcon.colcon_core.environment:create_environment_scripts_only(tortoisebot_description)
[0.509s] Level 1:colcon.colcon_core.environment:checking '/home/sid/ws/install/tortoisebot_description' for CMake module files
[0.509s] Level 1:colcon.colcon_core.environment:checking '/home/sid/ws/install/tortoisebot_description' for CMake config files
[0.510s] Level 1:colcon.colcon_core.shell:create_environment_hook('tortoisebot_description', 'cmake_prefix_path')
[0.510s] INFO:colcon.colcon_core.shell:Creating environment hook '/home/sid/ws/install/tortoisebot_description/share/tortoisebot_description/hook/cmake_prefix_path.ps1'
[0.510s] INFO:colcon.colcon_core.shell:Creating environment descriptor '/home/sid/ws/install/tortoisebot_description/share/tortoisebot_description/hook/cmake_prefix_path.dsv'
[0.510s] INFO:colcon.colcon_core.shell:Creating environment hook '/home/sid/ws/install/tortoisebot_description/share/tortoisebot_description/hook/cmake_prefix_path.sh'
[0.511s] Level 1:colcon.colcon_core.environment:checking '/home/sid/ws/install/tortoisebot_description/bin'
[0.511s] Level 1:colcon.colcon_core.environment:checking '/home/sid/ws/install/tortoisebot_description/lib/pkgconfig/tortoisebot_description.pc'
[0.511s] Level 1:colcon.colcon_core.environment:checking '/home/sid/ws/install/tortoisebot_description/lib/python3.10/site-packages'
[0.511s] Level 1:colcon.colcon_core.environment:checking '/home/sid/ws/install/tortoisebot_description/bin'
[0.511s] INFO:colcon.colcon_core.shell:Creating package script '/home/sid/ws/install/tortoisebot_description/share/tortoisebot_description/package.ps1'
[0.511s] INFO:colcon.colcon_core.shell:Creating package descriptor '/home/sid/ws/install/tortoisebot_description/share/tortoisebot_description/package.dsv'
[0.512s] INFO:colcon.colcon_core.shell:Creating package script '/home/sid/ws/install/tortoisebot_description/share/tortoisebot_description/package.sh'
[0.512s] INFO:colcon.colcon_core.shell:Creating package script '/home/sid/ws/install/tortoisebot_description/share/tortoisebot_description/package.bash'
[0.512s] INFO:colcon.colcon_core.shell:Creating package script '/home/sid/ws/install/tortoisebot_description/share/tortoisebot_description/package.zsh'
[0.512s] Level 1:colcon.colcon_core.environment:create_file_with_runtime_dependencies(/home/sid/ws/install/tortoisebot_description/share/colcon-core/packages/tortoisebot_description)
[0.513s] Level 1:colcon.colcon_core.environment:create_environment_scripts_only(tortoisebot_imu)
[0.513s] Level 1:colcon.colcon_core.environment:checking '/home/sid/ws/install/tortoisebot_imu' for CMake module files
[0.514s] DEBUG:colcon.colcon_core.event_handler.log_command:Invoked command in '/home/sid/ws/build/tortoisebot_imu' returned '0': CMAKE_PREFIX_PATH=${CMAKE_PREFIX_PATH}:/home/sid/ws/install/tortoisebot_control:/opt/ros/humble /usr/bin/cmake --install /home/sid/ws/build/tortoisebot_imu
[0.514s] Level 1:colcon.colcon_core.environment:checking '/home/sid/ws/install/tortoisebot_imu' for CMake config files
[0.514s] Level 1:colcon.colcon_core.shell:create_environment_hook('tortoisebot_imu', 'cmake_prefix_path')
[0.514s] INFO:colcon.colcon_core.shell:Creating environment hook '/home/sid/ws/install/tortoisebot_imu/share/tortoisebot_imu/hook/cmake_prefix_path.ps1'
[0.514s] INFO:colcon.colcon_core.shell:Creating environment descriptor '/home/sid/ws/install/tortoisebot_imu/share/tortoisebot_imu/hook/cmake_prefix_path.dsv'
[0.515s] INFO:colcon.colcon_core.shell:Creating environment hook '/home/sid/ws/install/tortoisebot_imu/share/tortoisebot_imu/hook/cmake_prefix_path.sh'
[0.515s] Level 1:colcon.colcon_core.environment:checking '/home/sid/ws/install/tortoisebot_imu/lib'
[0.515s] Level 1:colcon.colcon_core.environment:checking '/home/sid/ws/install/tortoisebot_imu/bin'
[0.515s] Level 1:colcon.colcon_core.environment:checking '/home/sid/ws/install/tortoisebot_imu/lib/pkgconfig/tortoisebot_imu.pc'
[0.515s] Level 1:colcon.colcon_core.environment:checking '/home/sid/ws/install/tortoisebot_imu/lib/python3.10/site-packages'
[0.516s] Level 1:colcon.colcon_core.environment:checking '/home/sid/ws/install/tortoisebot_imu/bin'
[0.516s] INFO:colcon.colcon_core.shell:Creating package script '/home/sid/ws/install/tortoisebot_imu/share/tortoisebot_imu/package.ps1'
[0.516s] INFO:colcon.colcon_core.shell:Creating package descriptor '/home/sid/ws/install/tortoisebot_imu/share/tortoisebot_imu/package.dsv'
[0.516s] INFO:colcon.colcon_core.shell:Creating package script '/home/sid/ws/install/tortoisebot_imu/share/tortoisebot_imu/package.sh'
[0.517s] INFO:colcon.colcon_core.shell:Creating package script '/home/sid/ws/install/tortoisebot_imu/share/tortoisebot_imu/package.bash'
[0.517s] INFO:colcon.colcon_core.shell:Creating package script '/home/sid/ws/install/tortoisebot_imu/share/tortoisebot_imu/package.zsh'
[0.517s] Level 1:colcon.colcon_core.environment:create_file_with_runtime_dependencies(/home/sid/ws/install/tortoisebot_imu/share/colcon-core/packages/tortoisebot_imu)
[0.518s] Level 1:colcon.colcon_core.environment:create_environment_scripts_only(tortoisebot_imu)
[0.518s] Level 1:colcon.colcon_core.environment:checking '/home/sid/ws/install/tortoisebot_imu' for CMake module files
[0.518s] Level 1:colcon.colcon_core.environment:checking '/home/sid/ws/install/tortoisebot_imu' for CMake config files
[0.518s] Level 1:colcon.colcon_core.shell:create_environment_hook('tortoisebot_imu', 'cmake_prefix_path')
[0.518s] INFO:colcon.colcon_core.shell:Creating environment hook '/home/sid/ws/install/tortoisebot_imu/share/tortoisebot_imu/hook/cmake_prefix_path.ps1'
[0.518s] INFO:colcon.colcon_core.shell:Creating environment descriptor '/home/sid/ws/install/tortoisebot_imu/share/tortoisebot_imu/hook/cmake_prefix_path.dsv'
[0.519s] INFO:colcon.colcon_core.shell:Creating environment hook '/home/sid/ws/install/tortoisebot_imu/share/tortoisebot_imu/hook/cmake_prefix_path.sh'
[0.519s] Level 1:colcon.colcon_core.environment:checking '/home/sid/ws/install/tortoisebot_imu/lib'
[0.519s] Level 1:colcon.colcon_core.environment:checking '/home/sid/ws/install/tortoisebot_imu/bin'
[0.519s] Level 1:colcon.colcon_core.environment:checking '/home/sid/ws/install/tortoisebot_imu/lib/pkgconfig/tortoisebot_imu.pc'
[0.519s] Level 1:colcon.colcon_core.environment:checking '/home/sid/ws/install/tortoisebot_imu/lib/python3.10/site-packages'
[0.519s] Level 1:colcon.colcon_core.environment:checking '/home/sid/ws/install/tortoisebot_imu/bin'
[0.520s] INFO:colcon.colcon_core.shell:Creating package script '/home/sid/ws/install/tortoisebot_imu/share/tortoisebot_imu/package.ps1'
[0.520s] INFO:colcon.colcon_core.shell:Creating package descriptor '/home/sid/ws/install/tortoisebot_imu/share/tortoisebot_imu/package.dsv'
[0.520s] INFO:colcon.colcon_core.shell:Creating package script '/home/sid/ws/install/tortoisebot_imu/share/tortoisebot_imu/package.sh'
[0.520s] INFO:colcon.colcon_core.shell:Creating package script '/home/sid/ws/install/tortoisebot_imu/share/tortoisebot_imu/package.bash'
[0.521s] INFO:colcon.colcon_core.shell:Creating package script '/home/sid/ws/install/tortoisebot_imu/share/tortoisebot_imu/package.zsh'
[0.521s] Level 1:colcon.colcon_core.environment:create_file_with_runtime_dependencies(/home/sid/ws/install/tortoisebot_imu/share/colcon-core/packages/tortoisebot_imu)
[0.521s] Level 1:colcon.colcon_core.environment:create_environment_scripts_only(tortoisebot_navigation)
[0.521s] Level 1:colcon.colcon_core.environment:checking '/home/sid/ws/install/tortoisebot_navigation' for CMake module files
[0.522s] DEBUG:colcon.colcon_core.event_handler.log_command:Invoked command in '/home/sid/ws/build/tortoisebot_navigation' returned '0': CMAKE_PREFIX_PATH=${CMAKE_PREFIX_PATH}:/home/sid/ws/install/tortoisebot_control:/opt/ros/humble /usr/bin/cmake --install /home/sid/ws/build/tortoisebot_navigation
[0.522s] Level 1:colcon.colcon_core.environment:checking '/home/sid/ws/install/tortoisebot_navigation' for CMake config files
[0.522s] Level 1:colcon.colcon_core.shell:create_environment_hook('tortoisebot_navigation', 'cmake_prefix_path')
[0.523s] INFO:colcon.colcon_core.shell:Creating environment hook '/home/sid/ws/install/tortoisebot_navigation/share/tortoisebot_navigation/hook/cmake_prefix_path.ps1'
[0.523s] INFO:colcon.colcon_core.shell:Creating environment descriptor '/home/sid/ws/install/tortoisebot_navigation/share/tortoisebot_navigation/hook/cmake_prefix_path.dsv'
[0.523s] INFO:colcon.colcon_core.shell:Creating environment hook '/home/sid/ws/install/tortoisebot_navigation/share/tortoisebot_navigation/hook/cmake_prefix_path.sh'
[0.523s] Level 1:colcon.colcon_core.environment:checking '/home/sid/ws/install/tortoisebot_navigation/bin'
[0.523s] Level 1:colcon.colcon_core.environment:checking '/home/sid/ws/install/tortoisebot_navigation/lib/pkgconfig/tortoisebot_navigation.pc'
[0.524s] Level 1:colcon.colcon_core.environment:checking '/home/sid/ws/install/tortoisebot_navigation/lib/python3.10/site-packages'
[0.524s] Level 1:colcon.colcon_core.environment:checking '/home/sid/ws/install/tortoisebot_navigation/bin'
[0.524s] INFO:colcon.colcon_core.shell:Creating package script '/home/sid/ws/install/tortoisebot_navigation/share/tortoisebot_navigation/package.ps1'
[0.524s] INFO:colcon.colcon_core.shell:Creating package descriptor '/home/sid/ws/install/tortoisebot_navigation/share/tortoisebot_navigation/package.dsv'
[0.524s] INFO:colcon.colcon_core.shell:Creating package script '/home/sid/ws/install/tortoisebot_navigation/share/tortoisebot_navigation/package.sh'
[0.525s] INFO:colcon.colcon_core.shell:Creating package script '/home/sid/ws/install/tortoisebot_navigation/share/tortoisebot_navigation/package.bash'
[0.525s] INFO:colcon.colcon_core.shell:Creating package script '/home/sid/ws/install/tortoisebot_navigation/share/tortoisebot_navigation/package.zsh'
[0.525s] Level 1:colcon.colcon_core.environment:create_file_with_runtime_dependencies(/home/sid/ws/install/tortoisebot_navigation/share/colcon-core/packages/tortoisebot_navigation)
[0.525s] Level 1:colcon.colcon_core.environment:create_environment_scripts_only(tortoisebot_navigation)
[0.526s] Level 1:colcon.colcon_core.environment:checking '/home/sid/ws/install/tortoisebot_navigation' for CMake module files
[0.526s] Level 1:colcon.colcon_core.environment:checking '/home/sid/ws/install/tortoisebot_navigation' for CMake config files
[0.526s] Level 1:colcon.colcon_core.shell:create_environment_hook('tortoisebot_navigation', 'cmake_prefix_path')
[0.526s] INFO:colcon.colcon_core.shell:Creating environment hook '/home/sid/ws/install/tortoisebot_navigation/share/tortoisebot_navigation/hook/cmake_prefix_path.ps1'
[0.527s] INFO:colcon.colcon_core.shell:Creating environment descriptor '/home/sid/ws/install/tortoisebot_navigation/share/tortoisebot_navigation/hook/cmake_prefix_path.dsv'
[0.527s] INFO:colcon.colcon_core.shell:Creating environment hook '/home/sid/ws/install/tortoisebot_navigation/share/tortoisebot_navigation/hook/cmake_prefix_path.sh'
[0.527s] Level 1:colcon.colcon_core.environment:checking '/home/sid/ws/install/tortoisebot_navigation/bin'
[0.527s] Level 1:colcon.colcon_core.environment:checking '/home/sid/ws/install/tortoisebot_navigation/lib/pkgconfig/tortoisebot_navigation.pc'
[0.528s] Level 1:colcon.colcon_core.environment:checking '/home/sid/ws/install/tortoisebot_navigation/lib/python3.10/site-packages'
[0.528s] Level 1:colcon.colcon_core.environment:checking '/home/sid/ws/install/tortoisebot_navigation/bin'
[0.528s] INFO:colcon.colcon_core.shell:Creating package script '/home/sid/ws/install/tortoisebot_navigation/share/tortoisebot_navigation/package.ps1'
[0.528s] INFO:colcon.colcon_core.shell:Creating package descriptor '/home/sid/ws/install/tortoisebot_navigation/share/tortoisebot_navigation/package.dsv'
[0.528s] INFO:colcon.colcon_core.shell:Creating package script '/home/sid/ws/install/tortoisebot_navigation/share/tortoisebot_navigation/package.sh'
[0.529s] INFO:colcon.colcon_core.shell:Creating package script '/home/sid/ws/install/tortoisebot_navigation/share/tortoisebot_navigation/package.bash'
[0.529s] INFO:colcon.colcon_core.shell:Creating package script '/home/sid/ws/install/tortoisebot_navigation/share/tortoisebot_navigation/package.zsh'
[0.529s] Level 1:colcon.colcon_core.environment:create_file_with_runtime_dependencies(/home/sid/ws/install/tortoisebot_navigation/share/colcon-core/packages/tortoisebot_navigation)
[0.529s] Level 1:colcon.colcon_core.environment:create_environment_scripts_only(tortoisebot_slam)
[0.530s] Level 1:colcon.colcon_core.environment:checking '/home/sid/ws/install/tortoisebot_slam' for CMake module files
[0.530s] DEBUG:colcon.colcon_core.event_handler.log_command:Invoked command in '/home/sid/ws/build/tortoisebot_slam' returned '0': CMAKE_PREFIX_PATH=${CMAKE_PREFIX_PATH}:/home/sid/ws/install/tortoisebot_control:/opt/ros/humble /usr/bin/cmake --install /home/sid/ws/build/tortoisebot_slam
[0.531s] Level 1:colcon.colcon_core.environment:checking '/home/sid/ws/install/tortoisebot_slam' for CMake config files
[0.531s] Level 1:colcon.colcon_core.shell:create_environment_hook('tortoisebot_slam', 'cmake_prefix_path')
[0.531s] INFO:colcon.colcon_core.shell:Creating environment hook '/home/sid/ws/install/tortoisebot_slam/share/tortoisebot_slam/hook/cmake_prefix_path.ps1'
[0.531s] INFO:colcon.colcon_core.shell:Creating environment descriptor '/home/sid/ws/install/tortoisebot_slam/share/tortoisebot_slam/hook/cmake_prefix_path.dsv'
[0.531s] INFO:colcon.colcon_core.shell:Creating environment hook '/home/sid/ws/install/tortoisebot_slam/share/tortoisebot_slam/hook/cmake_prefix_path.sh'
[0.532s] Level 1:colcon.colcon_core.environment:checking '/home/sid/ws/install/tortoisebot_slam/bin'
[0.532s] Level 1:colcon.colcon_core.environment:checking '/home/sid/ws/install/tortoisebot_slam/lib/pkgconfig/tortoisebot_slam.pc'
[0.532s] Level 1:colcon.colcon_core.environment:checking '/home/sid/ws/install/tortoisebot_slam/lib/python3.10/site-packages'
[0.532s] Level 1:colcon.colcon_core.environment:checking '/home/sid/ws/install/tortoisebot_slam/bin'
[0.532s] INFO:colcon.colcon_core.shell:Creating package script '/home/sid/ws/install/tortoisebot_slam/share/tortoisebot_slam/package.ps1'
[0.532s] INFO:colcon.colcon_core.shell:Creating package descriptor '/home/sid/ws/install/tortoisebot_slam/share/tortoisebot_slam/package.dsv'
[0.533s] INFO:colcon.colcon_core.shell:Creating package script '/home/sid/ws/install/tortoisebot_slam/share/tortoisebot_slam/package.sh'
[0.533s] INFO:colcon.colcon_core.shell:Creating package script '/home/sid/ws/install/tortoisebot_slam/share/tortoisebot_slam/package.bash'
[0.533s] INFO:colcon.colcon_core.shell:Creating package script '/home/sid/ws/install/tortoisebot_slam/share/tortoisebot_slam/package.zsh'
[0.533s] Level 1:colcon.colcon_core.environment:create_file_with_runtime_dependencies(/home/sid/ws/install/tortoisebot_slam/share/colcon-core/packages/tortoisebot_slam)
[0.534s] Level 1:colcon.colcon_core.environment:create_environment_scripts_only(tortoisebot_slam)
[0.534s] Level 1:colcon.colcon_core.environment:checking '/home/sid/ws/install/tortoisebot_slam' for CMake module files
[0.534s] Level 1:colcon.colcon_core.environment:checking '/home/sid/ws/install/tortoisebot_slam' for CMake config files
[0.534s] Level 1:colcon.colcon_core.shell:create_environment_hook('tortoisebot_slam', 'cmake_prefix_path')
[0.534s] INFO:colcon.colcon_core.shell:Creating environment hook '/home/sid/ws/install/tortoisebot_slam/share/tortoisebot_slam/hook/cmake_prefix_path.ps1'
[0.535s] INFO:colcon.colcon_core.shell:Creating environment descriptor '/home/sid/ws/install/tortoisebot_slam/share/tortoisebot_slam/hook/cmake_prefix_path.dsv'
[0.535s] INFO:colcon.colcon_core.shell:Creating environment hook '/home/sid/ws/install/tortoisebot_slam/share/tortoisebot_slam/hook/cmake_prefix_path.sh'
[0.535s] Level 1:colcon.colcon_core.environment:checking '/home/sid/ws/install/tortoisebot_slam/bin'
[0.535s] Level 1:colcon.colcon_core.environment:checking '/home/sid/ws/install/tortoisebot_slam/lib/pkgconfig/tortoisebot_slam.pc'
[0.536s] Level 1:colcon.colcon_core.environment:checking '/home/sid/ws/install/tortoisebot_slam/lib/python3.10/site-packages'
[0.536s] Level 1:colcon.colcon_core.environment:checking '/home/sid/ws/install/tortoisebot_slam/bin'
[0.536s] INFO:colcon.colcon_core.shell:Creating package script '/home/sid/ws/install/tortoisebot_slam/share/tortoisebot_slam/package.ps1'
[0.536s] INFO:colcon.colcon_core.shell:Creating package descriptor '/home/sid/ws/install/tortoisebot_slam/share/tortoisebot_slam/package.dsv'
[0.536s] INFO:colcon.colcon_core.shell:Creating package script '/home/sid/ws/install/tortoisebot_slam/share/tortoisebot_slam/package.sh'
[0.537s] INFO:colcon.colcon_core.shell:Creating package script '/home/sid/ws/install/tortoisebot_slam/share/tortoisebot_slam/package.bash'
[0.537s] INFO:colcon.colcon_core.shell:Creating package script '/home/sid/ws/install/tortoisebot_slam/share/tortoisebot_slam/package.zsh'
[0.537s] Level 1:colcon.colcon_core.environment:create_file_with_runtime_dependencies(/home/sid/ws/install/tortoisebot_slam/share/colcon-core/packages/tortoisebot_slam)
[0.539s] DEBUG:colcon.colcon_core.event_handler.log_command:Invoked command in '/home/sid/ws/build/v4l2_camera' returned '0': CMAKE_PREFIX_PATH=${CMAKE_PREFIX_PATH}:/home/sid/ws/install/tortoisebot_control:/opt/ros/humble /usr/bin/cmake --build /home/sid/ws/build/v4l2_camera -- -j12 -l12
[0.540s] DEBUG:colcon.colcon_core.event_handler.log_command:Invoking command in '/home/sid/ws/build/v4l2_camera': CMAKE_PREFIX_PATH=${CMAKE_PREFIX_PATH}:/home/sid/ws/install/tortoisebot_control:/opt/ros/humble /usr/bin/cmake --install /home/sid/ws/build/v4l2_camera
[0.555s] Level 1:colcon.colcon_core.environment:create_environment_scripts_only(v4l2_camera)
[0.556s] Level 1:colcon.colcon_core.environment:checking '/home/sid/ws/install/v4l2_camera' for CMake module files
[0.556s] DEBUG:colcon.colcon_core.event_handler.log_command:Invoked command in '/home/sid/ws/build/v4l2_camera' returned '0': CMAKE_PREFIX_PATH=${CMAKE_PREFIX_PATH}:/home/sid/ws/install/tortoisebot_control:/opt/ros/humble /usr/bin/cmake --install /home/sid/ws/build/v4l2_camera
[0.556s] Level 1:colcon.colcon_core.environment:checking '/home/sid/ws/install/v4l2_camera' for CMake config files
[0.557s] Level 1:colcon.colcon_core.shell:create_environment_hook('v4l2_camera', 'cmake_prefix_path')
[0.557s] INFO:colcon.colcon_core.shell:Creating environment hook '/home/sid/ws/install/v4l2_camera/share/v4l2_camera/hook/cmake_prefix_path.ps1'
[0.557s] INFO:colcon.colcon_core.shell:Creating environment descriptor '/home/sid/ws/install/v4l2_camera/share/v4l2_camera/hook/cmake_prefix_path.dsv'
[0.557s] INFO:colcon.colcon_core.shell:Creating environment hook '/home/sid/ws/install/v4l2_camera/share/v4l2_camera/hook/cmake_prefix_path.sh'
[0.558s] Level 1:colcon.colcon_core.environment:checking '/home/sid/ws/install/v4l2_camera/lib'
[0.558s] Level 1:colcon.colcon_core.shell:create_environment_hook('v4l2_camera', 'ld_library_path_lib')
[0.558s] INFO:colcon.colcon_core.shell:Creating environment hook '/home/sid/ws/install/v4l2_camera/share/v4l2_camera/hook/ld_library_path_lib.ps1'
[0.558s] INFO:colcon.colcon_core.shell:Creating environment descriptor '/home/sid/ws/install/v4l2_camera/share/v4l2_camera/hook/ld_library_path_lib.dsv'
[0.558s] INFO:colcon.colcon_core.shell:Creating environment hook '/home/sid/ws/install/v4l2_camera/share/v4l2_camera/hook/ld_library_path_lib.sh'
[0.559s] Level 1:colcon.colcon_core.environment:checking '/home/sid/ws/install/v4l2_camera/bin'
[0.559s] Level 1:colcon.colcon_core.environment:checking '/home/sid/ws/install/v4l2_camera/lib/pkgconfig/v4l2_camera.pc'
[0.559s] Level 1:colcon.colcon_core.environment:checking '/home/sid/ws/install/v4l2_camera/lib/python3.10/site-packages'
[0.559s] Level 1:colcon.colcon_core.environment:checking '/home/sid/ws/install/v4l2_camera/bin'
[0.559s] INFO:colcon.colcon_core.shell:Creating package script '/home/sid/ws/install/v4l2_camera/share/v4l2_camera/package.ps1'
[0.560s] INFO:colcon.colcon_core.shell:Creating package descriptor '/home/sid/ws/install/v4l2_camera/share/v4l2_camera/package.dsv'
[0.560s] INFO:colcon.colcon_core.shell:Creating package script '/home/sid/ws/install/v4l2_camera/share/v4l2_camera/package.sh'
[0.560s] INFO:colcon.colcon_core.shell:Creating package script '/home/sid/ws/install/v4l2_camera/share/v4l2_camera/package.bash'
[0.560s] INFO:colcon.colcon_core.shell:Creating package script '/home/sid/ws/install/v4l2_camera/share/v4l2_camera/package.zsh'
[0.560s] Level 1:colcon.colcon_core.environment:create_file_with_runtime_dependencies(/home/sid/ws/install/v4l2_camera/share/colcon-core/packages/v4l2_camera)
[0.561s] Level 1:colcon.colcon_core.environment:create_environment_scripts_only(v4l2_camera)
[0.561s] Level 1:colcon.colcon_core.environment:checking '/home/sid/ws/install/v4l2_camera' for CMake module files
[0.561s] Level 1:colcon.colcon_core.environment:checking '/home/sid/ws/install/v4l2_camera' for CMake config files
[0.561s] Level 1:colcon.colcon_core.shell:create_environment_hook('v4l2_camera', 'cmake_prefix_path')
[0.562s] INFO:colcon.colcon_core.shell:Creating environment hook '/home/sid/ws/install/v4l2_camera/share/v4l2_camera/hook/cmake_prefix_path.ps1'
[0.562s] INFO:colcon.colcon_core.shell:Creating environment descriptor '/home/sid/ws/install/v4l2_camera/share/v4l2_camera/hook/cmake_prefix_path.dsv'
[0.562s] INFO:colcon.colcon_core.shell:Creating environment hook '/home/sid/ws/install/v4l2_camera/share/v4l2_camera/hook/cmake_prefix_path.sh'
[0.562s] Level 1:colcon.colcon_core.environment:checking '/home/sid/ws/install/v4l2_camera/lib'
[0.562s] Level 1:colcon.colcon_core.shell:create_environment_hook('v4l2_camera', 'ld_library_path_lib')
[0.562s] INFO:colcon.colcon_core.shell:Creating environment hook '/home/sid/ws/install/v4l2_camera/share/v4l2_camera/hook/ld_library_path_lib.ps1'
[0.563s] INFO:colcon.colcon_core.shell:Creating environment descriptor '/home/sid/ws/install/v4l2_camera/share/v4l2_camera/hook/ld_library_path_lib.dsv'
[0.563s] INFO:colcon.colcon_core.shell:Creating environment hook '/home/sid/ws/install/v4l2_camera/share/v4l2_camera/hook/ld_library_path_lib.sh'
[0.563s] Level 1:colcon.colcon_core.environment:checking '/home/sid/ws/install/v4l2_camera/bin'
[0.563s] Level 1:colcon.colcon_core.environment:checking '/home/sid/ws/install/v4l2_camera/lib/pkgconfig/v4l2_camera.pc'
[0.563s] Level 1:colcon.colcon_core.environment:checking '/home/sid/ws/install/v4l2_camera/lib/python3.10/site-packages'
[0.563s] Level 1:colcon.colcon_core.environment:checking '/home/sid/ws/install/v4l2_camera/bin'
[0.564s] INFO:colcon.colcon_core.shell:Creating package script '/home/sid/ws/install/v4l2_camera/share/v4l2_camera/package.ps1'
[0.564s] INFO:colcon.colcon_core.shell:Creating package descriptor '/home/sid/ws/install/v4l2_camera/share/v4l2_camera/package.dsv'
[0.564s] INFO:colcon.colcon_core.shell:Creating package script '/home/sid/ws/install/v4l2_camera/share/v4l2_camera/package.sh'
[0.564s] INFO:colcon.colcon_core.shell:Creating package script '/home/sid/ws/install/v4l2_camera/share/v4l2_camera/package.bash'
[0.565s] INFO:colcon.colcon_core.shell:Creating package script '/home/sid/ws/install/v4l2_camera/share/v4l2_camera/package.zsh'
[0.565s] Level 1:colcon.colcon_core.environment:create_file_with_runtime_dependencies(/home/sid/ws/install/v4l2_camera/share/colcon-core/packages/v4l2_camera)
[0.668s] DEBUG:colcon.colcon_core.event_handler.log_command:Invoked command in '/home/sid/ws/build/tortoisebot_firmware' returned '0': CMAKE_PREFIX_PATH=${CMAKE_PREFIX_PATH}:/home/sid/ws/install/tortoisebot_control:/opt/ros/humble /usr/bin/cmake --build /home/sid/ws/build/tortoisebot_firmware -- -j12 -l12
[0.669s] DEBUG:colcon.colcon_core.event_handler.log_command:Invoking command in '/home/sid/ws/build/tortoisebot_firmware': CMAKE_PREFIX_PATH=${CMAKE_PREFIX_PATH}:/home/sid/ws/install/tortoisebot_control:/opt/ros/humble /usr/bin/cmake --install /home/sid/ws/build/tortoisebot_firmware
[0.677s] DEBUG:colcon.colcon_core.event_handler.log_command:Invoking command in '/home/sid/ws/build/tortoisebot_control': PYTHONPATH=/home/sid/ws/build/tortoisebot_control/prefix_override:/usr/lib/python3/dist-packages/colcon_core/task/python/colcon_distutils_commands:/home/sid/ws/install/tortoisebot_control/lib/python3.10/site-packages:${PYTHONPATH} /usr/bin/python3 -W ignore:setup.py install is deprecated -W ignore:easy_install command is deprecated setup.py develop --editable --build-directory /home/sid/ws/build/tortoisebot_control/build --no-deps symlink_data
[0.708s] Level 1:colcon.colcon_core.environment:create_environment_scripts_only(tortoisebot_firmware)
[0.709s] Level 1:colcon.colcon_core.environment:checking '/home/sid/ws/install/tortoisebot_firmware' for CMake module files
[0.709s] DEBUG:colcon.colcon_core.event_handler.log_command:Invoked command in '/home/sid/ws/build/tortoisebot_firmware' returned '0': CMAKE_PREFIX_PATH=${CMAKE_PREFIX_PATH}:/home/sid/ws/install/tortoisebot_control:/opt/ros/humble /usr/bin/cmake --install /home/sid/ws/build/tortoisebot_firmware
[0.709s] Level 1:colcon.colcon_core.environment:checking '/home/sid/ws/install/tortoisebot_firmware' for CMake config files
[0.710s] Level 1:colcon.colcon_core.shell:create_environment_hook('tortoisebot_firmware', 'cmake_prefix_path')
[0.710s] INFO:colcon.colcon_core.shell:Creating environment hook '/home/sid/ws/install/tortoisebot_firmware/share/tortoisebot_firmware/hook/cmake_prefix_path.ps1'
[0.710s] INFO:colcon.colcon_core.shell:Creating environment descriptor '/home/sid/ws/install/tortoisebot_firmware/share/tortoisebot_firmware/hook/cmake_prefix_path.dsv'
[0.710s] INFO:colcon.colcon_core.shell:Creating environment hook '/home/sid/ws/install/tortoisebot_firmware/share/tortoisebot_firmware/hook/cmake_prefix_path.sh'
[0.711s] Level 1:colcon.colcon_core.environment:checking '/home/sid/ws/install/tortoisebot_firmware/lib'
[0.711s] Level 1:colcon.colcon_core.environment:checking '/home/sid/ws/install/tortoisebot_firmware/bin'
[0.711s] Level 1:colcon.colcon_core.environment:checking '/home/sid/ws/install/tortoisebot_firmware/lib/pkgconfig/tortoisebot_firmware.pc'
[0.711s] Level 1:colcon.colcon_core.environment:checking '/home/sid/ws/install/tortoisebot_firmware/lib/python3.10/site-packages'
[0.711s] Level 1:colcon.colcon_core.environment:checking '/home/sid/ws/install/tortoisebot_firmware/bin'
[0.711s] INFO:colcon.colcon_core.shell:Creating package script '/home/sid/ws/install/tortoisebot_firmware/share/tortoisebot_firmware/package.ps1'
[0.711s] INFO:colcon.colcon_core.shell:Creating package descriptor '/home/sid/ws/install/tortoisebot_firmware/share/tortoisebot_firmware/package.dsv'
[0.712s] INFO:colcon.colcon_core.shell:Creating package script '/home/sid/ws/install/tortoisebot_firmware/share/tortoisebot_firmware/package.sh'
[0.712s] INFO:colcon.colcon_core.shell:Creating package script '/home/sid/ws/install/tortoisebot_firmware/share/tortoisebot_firmware/package.bash'
[0.712s] INFO:colcon.colcon_core.shell:Creating package script '/home/sid/ws/install/tortoisebot_firmware/share/tortoisebot_firmware/package.zsh'
[0.712s] Level 1:colcon.colcon_core.environment:create_file_with_runtime_dependencies(/home/sid/ws/install/tortoisebot_firmware/share/colcon-core/packages/tortoisebot_firmware)
[0.713s] Level 1:colcon.colcon_core.environment:create_environment_scripts_only(tortoisebot_firmware)
[0.713s] Level 1:colcon.colcon_core.environment:checking '/home/sid/ws/install/tortoisebot_firmware' for CMake module files
[0.713s] Level 1:colcon.colcon_core.environment:checking '/home/sid/ws/install/tortoisebot_firmware' for CMake config files
[0.713s] Level 1:colcon.colcon_core.shell:create_environment_hook('tortoisebot_firmware', 'cmake_prefix_path')
[0.713s] INFO:colcon.colcon_core.shell:Creating environment hook '/home/sid/ws/install/tortoisebot_firmware/share/tortoisebot_firmware/hook/cmake_prefix_path.ps1'
[0.714s] INFO:colcon.colcon_core.shell:Creating environment descriptor '/home/sid/ws/install/tortoisebot_firmware/share/tortoisebot_firmware/hook/cmake_prefix_path.dsv'
[0.714s] INFO:colcon.colcon_core.shell:Creating environment hook '/home/sid/ws/install/tortoisebot_firmware/share/tortoisebot_firmware/hook/cmake_prefix_path.sh'
[0.714s] Level 1:colcon.colcon_core.environment:checking '/home/sid/ws/install/tortoisebot_firmware/lib'
[0.714s] Level 1:colcon.colcon_core.environment:checking '/home/sid/ws/install/tortoisebot_firmware/bin'
[0.714s] Level 1:colcon.colcon_core.environment:checking '/home/sid/ws/install/tortoisebot_firmware/lib/pkgconfig/tortoisebot_firmware.pc'
[0.714s] Level 1:colcon.colcon_core.environment:checking '/home/sid/ws/install/tortoisebot_firmware/lib/python3.10/site-packages'
[0.714s] Level 1:colcon.colcon_core.environment:checking '/home/sid/ws/install/tortoisebot_firmware/bin'
[0.715s] INFO:colcon.colcon_core.shell:Creating package script '/home/sid/ws/install/tortoisebot_firmware/share/tortoisebot_firmware/package.ps1'
[0.715s] INFO:colcon.colcon_core.shell:Creating package descriptor '/home/sid/ws/install/tortoisebot_firmware/share/tortoisebot_firmware/package.dsv'
[0.715s] INFO:colcon.colcon_core.shell:Creating package script '/home/sid/ws/install/tortoisebot_firmware/share/tortoisebot_firmware/package.sh'
[0.715s] INFO:colcon.colcon_core.shell:Creating package script '/home/sid/ws/install/tortoisebot_firmware/share/tortoisebot_firmware/package.bash'
[0.716s] INFO:colcon.colcon_core.shell:Creating package script '/home/sid/ws/install/tortoisebot_firmware/share/tortoisebot_firmware/package.zsh'
[0.716s] Level 1:colcon.colcon_core.environment:create_file_with_runtime_dependencies(/home/sid/ws/install/tortoisebot_firmware/share/colcon-core/packages/tortoisebot_firmware)
[0.946s] Level 1:colcon.colcon_core.shell:create_environment_hook('tortoisebot_control', 'pythonpath_develop')
[0.947s] INFO:colcon.colcon_core.shell:Creating environment hook '/home/sid/ws/build/tortoisebot_control/share/tortoisebot_control/hook/pythonpath_develop.ps1'
[0.947s] DEBUG:colcon.colcon_core.event_handler.log_command:Invoked command in '/home/sid/ws/build/tortoisebot_control' returned '0': PYTHONPATH=/home/sid/ws/build/tortoisebot_control/prefix_override:/usr/lib/python3/dist-packages/colcon_core/task/python/colcon_distutils_commands:/home/sid/ws/install/tortoisebot_control/lib/python3.10/site-packages:${PYTHONPATH} /usr/bin/python3 -W ignore:setup.py install is deprecated -W ignore:easy_install command is deprecated setup.py develop --editable --build-directory /home/sid/ws/build/tortoisebot_control/build --no-deps symlink_data
[0.947s] INFO:colcon.colcon_core.shell:Creating environment descriptor '/home/sid/ws/build/tortoisebot_control/share/tortoisebot_control/hook/pythonpath_develop.dsv'
[0.947s] INFO:colcon.colcon_core.shell:Creating environment hook '/home/sid/ws/build/tortoisebot_control/share/tortoisebot_control/hook/pythonpath_develop.sh'
[0.948s] Level 1:colcon.colcon_core.environment:checking '/home/sid/ws/install/tortoisebot_control' for CMake module files
[0.948s] Level 1:colcon.colcon_core.environment:checking '/home/sid/ws/install/tortoisebot_control' for CMake config files
[0.948s] Level 1:colcon.colcon_core.environment:checking '/home/sid/ws/install/tortoisebot_control/lib'
[0.948s] Level 1:colcon.colcon_core.environment:checking '/home/sid/ws/install/tortoisebot_control/bin'
[0.948s] Level 1:colcon.colcon_core.environment:checking '/home/sid/ws/install/tortoisebot_control/lib/pkgconfig/tortoisebot_control.pc'
[0.948s] Level 1:colcon.colcon_core.environment:checking '/home/sid/ws/install/tortoisebot_control/lib/python3.10/site-packages'
[0.948s] Level 1:colcon.colcon_core.shell:create_environment_hook('tortoisebot_control', 'pythonpath')
[0.948s] INFO:colcon.colcon_core.shell:Creating environment hook '/home/sid/ws/install/tortoisebot_control/share/tortoisebot_control/hook/pythonpath.ps1'
[0.949s] INFO:colcon.colcon_core.shell:Creating environment descriptor '/home/sid/ws/install/tortoisebot_control/share/tortoisebot_control/hook/pythonpath.dsv'
[0.949s] INFO:colcon.colcon_core.shell:Creating environment hook '/home/sid/ws/install/tortoisebot_control/share/tortoisebot_control/hook/pythonpath.sh'
[0.949s] Level 1:colcon.colcon_core.environment:checking '/home/sid/ws/install/tortoisebot_control/bin'
[0.949s] Level 1:colcon.colcon_core.environment:create_environment_scripts_only(tortoisebot_control)
[0.950s] INFO:colcon.colcon_core.shell:Creating package script '/home/sid/ws/install/tortoisebot_control/share/tortoisebot_control/package.ps1'
[0.950s] INFO:colcon.colcon_core.shell:Creating package descriptor '/home/sid/ws/install/tortoisebot_control/share/tortoisebot_control/package.dsv'
[0.950s] INFO:colcon.colcon_core.shell:Creating package script '/home/sid/ws/install/tortoisebot_control/share/tortoisebot_control/package.sh'
[0.950s] INFO:colcon.colcon_core.shell:Creating package script '/home/sid/ws/install/tortoisebot_control/share/tortoisebot_control/package.bash'
[0.951s] INFO:colcon.colcon_core.shell:Creating package script '/home/sid/ws/install/tortoisebot_control/share/tortoisebot_control/package.zsh'
[0.951s] Level 1:colcon.colcon_core.environment:create_file_with_runtime_dependencies(/home/sid/ws/install/tortoisebot_control/share/colcon-core/packages/tortoisebot_control)
[0.951s] DEBUG:colcon.colcon_parallel_executor.executor.parallel:closing loop
[0.951s] DEBUG:colcon.colcon_parallel_executor.executor.parallel:loop closed
[0.951s] DEBUG:colcon.colcon_parallel_executor.executor.parallel:run_until_complete finished with '0'
[0.951s] DEBUG:colcon.colcon_core.event_reactor:joining thread
[0.955s] INFO:colcon.colcon_core.plugin_system:Skipping extension 'colcon_notification.desktop_notification.terminal_notifier': Not used on non-Darwin systems
[0.955s] INFO:colcon.colcon_core.plugin_system:Skipping extension 'colcon_notification.desktop_notification.win32': Not used on non-Windows systems
[0.955s] INFO:colcon.colcon_notification.desktop_notification:Sending desktop notification using 'notify2'
[0.962s] DEBUG:colcon.colcon_core.event_reactor:joined thread
[0.963s] INFO:colcon.colcon_core.shell:Creating prefix script '/home/sid/ws/install/local_setup.ps1'
[0.963s] INFO:colcon.colcon_core.shell:Creating prefix util module '/home/sid/ws/install/_local_setup_util_ps1.py'
[0.964s] INFO:colcon.colcon_core.shell:Creating prefix chain script '/home/sid/ws/install/setup.ps1'
[0.965s] INFO:colcon.colcon_core.shell:Creating prefix script '/home/sid/ws/install/local_setup.sh'
[0.965s] INFO:colcon.colcon_core.shell:Creating prefix util module '/home/sid/ws/install/_local_setup_util_sh.py'
[0.966s] INFO:colcon.colcon_core.shell:Creating prefix chain script '/home/sid/ws/install/setup.sh'
[0.967s] INFO:colcon.colcon_core.shell:Creating prefix script '/home/sid/ws/install/local_setup.bash'
[0.967s] INFO:colcon.colcon_core.shell:Creating prefix chain script '/home/sid/ws/install/setup.bash'
[0.968s] INFO:colcon.colcon_core.shell:Creating prefix script '/home/sid/ws/install/local_setup.zsh'
[0.968s] INFO:colcon.colcon_core.shell:Creating prefix chain script '/home/sid/ws/install/setup.zsh'
