[0.033s] Invoking command in '/home/sid/ws/build/tortoisebot_bringup': CMAKE_PREFIX_PATH=/opt/ros/humble /usr/bin/cmake /home/sid/ws/tortoisebot/tortoisebot_bringup -DCMAKE_INSTALL_PREFIX=/home/sid/ws/install/tortoisebot_bringup
[0.272s] -- The C compiler identification is GNU 11.4.0
[0.272s] -- The CXX compiler identification is GNU 11.4.0
[0.272s] -- Detecting C compiler ABI info
[0.273s] -- Detecting C compiler ABI info - done
[0.273s] -- Check for working C compiler: /usr/bin/cc - skipped
[0.273s] -- Detecting C compile features
[0.273s] -- Detecting C compile features - done
[0.273s] -- Detecting CXX compiler ABI info
[0.332s] -- Detecting CXX compiler ABI info - done
[0.345s] -- Check for working CXX compiler: /usr/bin/c++ - skipped
[0.345s] -- Detecting CXX compile features
[0.346s] -- Detecting CXX compile features - done
[0.350s] -- Found ament_cmake: 1.3.11 (/opt/ros/humble/share/ament_cmake/cmake)
[0.573s] -- Found Python3: /usr/bin/python3 (found version "3.10.12") found components: Interpreter 
[0.707s] -- Found ament_lint_auto: 0.12.11 (/opt/ros/humble/share/ament_lint_auto/cmake)
[0.834s] -- Added test 'copyright' to check source files copyright and LICENSE
[0.836s] -- Added test 'flake8' to check Python code syntax and style conventions
[0.837s] -- Added test 'lint_cmake' to check CMake code style
[0.838s] -- Added test 'pep257' to check Python code against some of the docstring style conventions in PEP 257
[0.840s] -- Added test 'xmllint' to check XML markup files
[0.842s] -- Configuring done
[0.846s] -- Generating done
[0.850s] -- Build files have been written to: /home/sid/ws/build/tortoisebot_bringup
[0.857s] Invoked command in '/home/sid/ws/build/tortoisebot_bringup' returned '0': CMAKE_PREFIX_PATH=/opt/ros/humble /usr/bin/cmake /home/sid/ws/tortoisebot/tortoisebot_bringup -DCMAKE_INSTALL_PREFIX=/home/sid/ws/install/tortoisebot_bringup
[0.860s] Invoking command in '/home/sid/ws/build/tortoisebot_bringup': CMAKE_PREFIX_PATH=/opt/ros/humble /usr/bin/cmake --build /home/sid/ws/build/tortoisebot_bringup -- -j12 -l12
[1.105s] Invoked command in '/home/sid/ws/build/tortoisebot_bringup' returned '0': CMAKE_PREFIX_PATH=/opt/ros/humble /usr/bin/cmake --build /home/sid/ws/build/tortoisebot_bringup -- -j12 -l12
[1.117s] Invoking command in '/home/sid/ws/build/tortoisebot_bringup': CMAKE_PREFIX_PATH=/opt/ros/humble /usr/bin/cmake --install /home/sid/ws/build/tortoisebot_bringup
[1.125s] -- Install configuration: ""
[1.125s] -- Installing: /home/sid/ws/install/tortoisebot_bringup/share/tortoisebot_bringup/launch
[1.126s] -- Installing: /home/sid/ws/install/tortoisebot_bringup/share/tortoisebot_bringup/launch/bringup.launch.py
[1.126s] -- Installing: /home/sid/ws/install/tortoisebot_bringup/share/tortoisebot_bringup/launch/autobringup.launch.py
[1.126s] -- Installing: /home/sid/ws/install/tortoisebot_bringup/share/tortoisebot_bringup/maps
[1.126s] -- Installing: /home/sid/ws/install/tortoisebot_bringup/share/tortoisebot_bringup/maps/room2.yaml
[1.126s] -- Installing: /home/sid/ws/install/tortoisebot_bringup/share/tortoisebot_bringup/maps/room2.pgm
[1.144s] -- Installing: /home/sid/ws/install/tortoisebot_bringup/share/ament_index/resource_index/package_run_dependencies/tortoisebot_bringup
[1.144s] -- Installing: /home/sid/ws/install/tortoisebot_bringup/share/ament_index/resource_index/parent_prefix_path/tortoisebot_bringup
[1.144s] -- Installing: /home/sid/ws/install/tortoisebot_bringup/share/tortoisebot_bringup/environment/ament_prefix_path.sh
[1.144s] -- Installing: /home/sid/ws/install/tortoisebot_bringup/share/tortoisebot_bringup/environment/ament_prefix_path.dsv
[1.144s] -- Installing: /home/sid/ws/install/tortoisebot_bringup/share/tortoisebot_bringup/environment/path.sh
[1.144s] -- Installing: /home/sid/ws/install/tortoisebot_bringup/share/tortoisebot_bringup/environment/path.dsv
[1.145s] -- Installing: /home/sid/ws/install/tortoisebot_bringup/share/tortoisebot_bringup/local_setup.bash
[1.145s] -- Installing: /home/sid/ws/install/tortoisebot_bringup/share/tortoisebot_bringup/local_setup.sh
[1.145s] -- Installing: /home/sid/ws/install/tortoisebot_bringup/share/tortoisebot_bringup/local_setup.zsh
[1.145s] -- Installing: /home/sid/ws/install/tortoisebot_bringup/share/tortoisebot_bringup/local_setup.dsv
[1.145s] -- Installing: /home/sid/ws/install/tortoisebot_bringup/share/tortoisebot_bringup/package.dsv
[1.145s] -- Installing: /home/sid/ws/install/tortoisebot_bringup/share/ament_index/resource_index/packages/tortoisebot_bringup
[1.146s] -- Installing: /home/sid/ws/install/tortoisebot_bringup/share/tortoisebot_bringup/cmake/tortoisebot_bringupConfig.cmake
[1.146s] -- Installing: /home/sid/ws/install/tortoisebot_bringup/share/tortoisebot_bringup/cmake/tortoisebot_bringupConfig-version.cmake
[1.146s] -- Installing: /home/sid/ws/install/tortoisebot_bringup/share/tortoisebot_bringup/package.xml
[1.157s] Invoked command in '/home/sid/ws/build/tortoisebot_bringup' returned '0': CMAKE_PREFIX_PATH=/opt/ros/humble /usr/bin/cmake --install /home/sid/ws/build/tortoisebot_bringup
