[0.081s] DEBUG:colcon:Command line arguments: ['/usr/bin/colcon', 'build', '--packages-ignore', 'ydlidar_sdk', 'ydlidar_ros2_driver', 'v412_camera']
[0.081s] DEBUG:colcon:Parsed command line arguments: Namespace(log_base=None, log_level=None, verb_name='build', build_base='build', install_base='install', merge_install=False, symlink_install=False, test_result_base=None, continue_on_error=False, executor='parallel', parallel_workers=12, event_handlers=None, ignore_user_meta=False, metas=['./colcon.meta'], base_paths=['.'], packages_ignore=['ydlidar_sdk', 'ydlidar_ros2_driver', 'v412_camera'], packages_ignore_regex=None, paths=None, packages_up_to=None, packages_up_to_regex=None, packages_above=None, packages_above_and_dependencies=None, packages_above_depth=None, packages_select_by_dep=None, packages_skip_by_dep=None, packages_skip_up_to=None, packages_select_build_failed=False, packages_skip_build_finished=False, packages_select_test_failures=False, packages_skip_test_passed=False, packages_select=None, packages_skip=None, packages_select_regex=None, packages_skip_regex=None, packages_start=None, packages_end=None, allow_overriding=[], cmake_args=None, cmake_target=None, cmake_target_skip_unavailable=False, cmake_clean_cache=False, cmake_clean_first=False, cmake_force_configure=False, ament_cmake_args=None, catkin_cmake_args=None, catkin_skip_building_tests=False, verb_parser=<colcon_defaults.argument_parser.defaults.DefaultArgumentsDecorator object at 0x72f3e7a3c430>, verb_extension=<colcon_core.verb.build.BuildVerb object at 0x72f3e7b3d810>, main=<bound method BuildVerb.main of <colcon_core.verb.build.BuildVerb object at 0x72f3e7b3d810>>)
[0.203s] Level 1:colcon.colcon_core.package_discovery:discover_packages(colcon_meta) check parameters
[0.203s] Level 1:colcon.colcon_core.package_discovery:discover_packages(recursive) check parameters
[0.203s] Level 1:colcon.colcon_core.package_discovery:discover_packages(ignore) check parameters
[0.203s] Level 1:colcon.colcon_core.package_discovery:discover_packages(path) check parameters
[0.203s] Level 1:colcon.colcon_core.package_discovery:discover_packages(colcon_meta) discover
[0.203s] Level 1:colcon.colcon_core.package_discovery:discover_packages(recursive) discover
[0.203s] INFO:colcon.colcon_core.package_discovery:Crawling recursively for packages in '/home/sid/ws'
[0.203s] Level 1:colcon.colcon_core.package_identification:_identify(.) by extensions ['ignore', 'ignore_ament_install']
[0.203s] Level 1:colcon.colcon_core.package_identification:_identify(.) by extension 'ignore'
[0.203s] Level 1:colcon.colcon_core.package_identification:_identify(.) by extension 'ignore_ament_install'
[0.203s] Level 1:colcon.colcon_core.package_identification:_identify(.) by extensions ['colcon_pkg']
[0.203s] Level 1:colcon.colcon_core.package_identification:_identify(.) by extension 'colcon_pkg'
[0.203s] Level 1:colcon.colcon_core.package_identification:_identify(.) by extensions ['colcon_meta']
[0.203s] Level 1:colcon.colcon_core.package_identification:_identify(.) by extension 'colcon_meta'
[0.203s] Level 1:colcon.colcon_core.package_identification:_identify(.) by extensions ['ros']
[0.203s] Level 1:colcon.colcon_core.package_identification:_identify(.) by extension 'ros'
[0.212s] Level 1:colcon.colcon_core.package_identification:_identify(.) by extensions ['cmake', 'python']
[0.212s] Level 1:colcon.colcon_core.package_identification:_identify(.) by extension 'cmake'
[0.212s] Level 1:colcon.colcon_core.package_identification:_identify(.) by extension 'python'
[0.212s] Level 1:colcon.colcon_core.package_identification:_identify(.) by extensions ['python_setup_py']
[0.213s] Level 1:colcon.colcon_core.package_identification:_identify(.) by extension 'python_setup_py'
[0.213s] Level 1:colcon.colcon_core.package_identification:_identify(build) by extensions ['ignore', 'ignore_ament_install']
[0.213s] Level 1:colcon.colcon_core.package_identification:_identify(build) by extension 'ignore'
[0.213s] Level 1:colcon.colcon_core.package_identification:_identify(build) ignored
[0.213s] Level 1:colcon.colcon_core.package_identification:_identify(install) by extensions ['ignore', 'ignore_ament_install']
[0.213s] Level 1:colcon.colcon_core.package_identification:_identify(install) by extension 'ignore'
[0.213s] Level 1:colcon.colcon_core.package_identification:_identify(install) ignored
[0.213s] Level 1:colcon.colcon_core.package_identification:_identify(log) by extensions ['ignore', 'ignore_ament_install']
[0.213s] Level 1:colcon.colcon_core.package_identification:_identify(log) by extension 'ignore'
[0.213s] Level 1:colcon.colcon_core.package_identification:_identify(log) ignored
[0.213s] Level 1:colcon.colcon_core.package_identification:_identify(tortoisebot) by extensions ['ignore', 'ignore_ament_install']
[0.213s] Level 1:colcon.colcon_core.package_identification:_identify(tortoisebot) by extension 'ignore'
[0.213s] Level 1:colcon.colcon_core.package_identification:_identify(tortoisebot) by extension 'ignore_ament_install'
[0.213s] Level 1:colcon.colcon_core.package_identification:_identify(tortoisebot) by extensions ['colcon_pkg']
[0.213s] Level 1:colcon.colcon_core.package_identification:_identify(tortoisebot) by extension 'colcon_pkg'
[0.213s] Level 1:colcon.colcon_core.package_identification:_identify(tortoisebot) by extensions ['colcon_meta']
[0.213s] Level 1:colcon.colcon_core.package_identification:_identify(tortoisebot) by extension 'colcon_meta'
[0.213s] Level 1:colcon.colcon_core.package_identification:_identify(tortoisebot) by extensions ['ros']
[0.213s] Level 1:colcon.colcon_core.package_identification:_identify(tortoisebot) by extension 'ros'
[0.213s] Level 1:colcon.colcon_core.package_identification:_identify(tortoisebot) by extensions ['cmake', 'python']
[0.213s] Level 1:colcon.colcon_core.package_identification:_identify(tortoisebot) by extension 'cmake'
[0.213s] Level 1:colcon.colcon_core.package_identification:_identify(tortoisebot) by extension 'python'
[0.213s] Level 1:colcon.colcon_core.package_identification:_identify(tortoisebot) by extensions ['python_setup_py']
[0.213s] Level 1:colcon.colcon_core.package_identification:_identify(tortoisebot) by extension 'python_setup_py'
[0.213s] Level 1:colcon.colcon_core.package_identification:_identify(tortoisebot/YDLidar-SDK) by extensions ['ignore', 'ignore_ament_install']
[0.213s] Level 1:colcon.colcon_core.package_identification:_identify(tortoisebot/YDLidar-SDK) by extension 'ignore'
[0.214s] Level 1:colcon.colcon_core.package_identification:_identify(tortoisebot/YDLidar-SDK) by extension 'ignore_ament_install'
[0.214s] Level 1:colcon.colcon_core.package_identification:_identify(tortoisebot/YDLidar-SDK) by extensions ['colcon_pkg']
[0.214s] Level 1:colcon.colcon_core.package_identification:_identify(tortoisebot/YDLidar-SDK) by extension 'colcon_pkg'
[0.214s] Level 1:colcon.colcon_core.package_identification:_identify(tortoisebot/YDLidar-SDK) by extensions ['colcon_meta']
[0.214s] Level 1:colcon.colcon_core.package_identification:_identify(tortoisebot/YDLidar-SDK) by extension 'colcon_meta'
[0.214s] Level 1:colcon.colcon_core.package_identification:_identify(tortoisebot/YDLidar-SDK) by extensions ['ros']
[0.214s] Level 1:colcon.colcon_core.package_identification:_identify(tortoisebot/YDLidar-SDK) by extension 'ros'
[0.214s] Level 1:colcon.colcon_core.package_identification:_identify(tortoisebot/YDLidar-SDK) by extensions ['cmake', 'python']
[0.214s] Level 1:colcon.colcon_core.package_identification:_identify(tortoisebot/YDLidar-SDK) by extension 'cmake'
[0.222s] Level 1:colcon.colcon_core.package_identification:_identify(tortoisebot/YDLidar-SDK) by extension 'python'
[0.222s] DEBUG:colcon.colcon_core.package_identification:Package 'tortoisebot/YDLidar-SDK' with type 'cmake' and name 'ydlidar_sdk'
[0.222s] Level 1:colcon.colcon_core.package_identification:_identify(tortoisebot/tortoisebot_bringup) by extensions ['ignore', 'ignore_ament_install']
[0.222s] Level 1:colcon.colcon_core.package_identification:_identify(tortoisebot/tortoisebot_bringup) by extension 'ignore'
[0.222s] Level 1:colcon.colcon_core.package_identification:_identify(tortoisebot/tortoisebot_bringup) by extension 'ignore_ament_install'
[0.222s] Level 1:colcon.colcon_core.package_identification:_identify(tortoisebot/tortoisebot_bringup) by extensions ['colcon_pkg']
[0.222s] Level 1:colcon.colcon_core.package_identification:_identify(tortoisebot/tortoisebot_bringup) by extension 'colcon_pkg'
[0.222s] Level 1:colcon.colcon_core.package_identification:_identify(tortoisebot/tortoisebot_bringup) by extensions ['colcon_meta']
[0.222s] Level 1:colcon.colcon_core.package_identification:_identify(tortoisebot/tortoisebot_bringup) by extension 'colcon_meta'
[0.222s] Level 1:colcon.colcon_core.package_identification:_identify(tortoisebot/tortoisebot_bringup) by extensions ['ros']
[0.222s] Level 1:colcon.colcon_core.package_identification:_identify(tortoisebot/tortoisebot_bringup) by extension 'ros'
[0.224s] DEBUG:colcon.colcon_core.package_identification:Package 'tortoisebot/tortoisebot_bringup' with type 'ros.ament_cmake' and name 'tortoisebot_bringup'
[0.224s] Level 1:colcon.colcon_core.package_identification:_identify(tortoisebot/tortoisebot_control) by extensions ['ignore', 'ignore_ament_install']
[0.224s] Level 1:colcon.colcon_core.package_identification:_identify(tortoisebot/tortoisebot_control) by extension 'ignore'
[0.224s] Level 1:colcon.colcon_core.package_identification:_identify(tortoisebot/tortoisebot_control) by extension 'ignore_ament_install'
[0.224s] Level 1:colcon.colcon_core.package_identification:_identify(tortoisebot/tortoisebot_control) by extensions ['colcon_pkg']
[0.224s] Level 1:colcon.colcon_core.package_identification:_identify(tortoisebot/tortoisebot_control) by extension 'colcon_pkg'
[0.224s] Level 1:colcon.colcon_core.package_identification:_identify(tortoisebot/tortoisebot_control) by extensions ['colcon_meta']
[0.224s] Level 1:colcon.colcon_core.package_identification:_identify(tortoisebot/tortoisebot_control) by extension 'colcon_meta'
[0.224s] Level 1:colcon.colcon_core.package_identification:_identify(tortoisebot/tortoisebot_control) by extensions ['ros']
[0.224s] Level 1:colcon.colcon_core.package_identification:_identify(tortoisebot/tortoisebot_control) by extension 'ros'
[0.225s] DEBUG:colcon.colcon_core.package_identification:Package 'tortoisebot/tortoisebot_control' with type 'ros.ament_python' and name 'tortoisebot_control'
[0.225s] Level 1:colcon.colcon_core.package_identification:_identify(tortoisebot/tortoisebot_description) by extensions ['ignore', 'ignore_ament_install']
[0.225s] Level 1:colcon.colcon_core.package_identification:_identify(tortoisebot/tortoisebot_description) by extension 'ignore'
[0.225s] Level 1:colcon.colcon_core.package_identification:_identify(tortoisebot/tortoisebot_description) by extension 'ignore_ament_install'
[0.225s] Level 1:colcon.colcon_core.package_identification:_identify(tortoisebot/tortoisebot_description) by extensions ['colcon_pkg']
[0.225s] Level 1:colcon.colcon_core.package_identification:_identify(tortoisebot/tortoisebot_description) by extension 'colcon_pkg'
[0.225s] Level 1:colcon.colcon_core.package_identification:_identify(tortoisebot/tortoisebot_description) by extensions ['colcon_meta']
[0.225s] Level 1:colcon.colcon_core.package_identification:_identify(tortoisebot/tortoisebot_description) by extension 'colcon_meta'
[0.225s] Level 1:colcon.colcon_core.package_identification:_identify(tortoisebot/tortoisebot_description) by extensions ['ros']
[0.225s] Level 1:colcon.colcon_core.package_identification:_identify(tortoisebot/tortoisebot_description) by extension 'ros'
[0.226s] DEBUG:colcon.colcon_core.package_identification:Package 'tortoisebot/tortoisebot_description' with type 'ros.ament_cmake' and name 'tortoisebot_description'
[0.226s] Level 1:colcon.colcon_core.package_identification:_identify(tortoisebot/tortoisebot_firmware) by extensions ['ignore', 'ignore_ament_install']
[0.226s] Level 1:colcon.colcon_core.package_identification:_identify(tortoisebot/tortoisebot_firmware) by extension 'ignore'
[0.226s] Level 1:colcon.colcon_core.package_identification:_identify(tortoisebot/tortoisebot_firmware) by extension 'ignore_ament_install'
[0.226s] Level 1:colcon.colcon_core.package_identification:_identify(tortoisebot/tortoisebot_firmware) by extensions ['colcon_pkg']
[0.226s] Level 1:colcon.colcon_core.package_identification:_identify(tortoisebot/tortoisebot_firmware) by extension 'colcon_pkg'
[0.226s] Level 1:colcon.colcon_core.package_identification:_identify(tortoisebot/tortoisebot_firmware) by extensions ['colcon_meta']
[0.226s] Level 1:colcon.colcon_core.package_identification:_identify(tortoisebot/tortoisebot_firmware) by extension 'colcon_meta'
[0.226s] Level 1:colcon.colcon_core.package_identification:_identify(tortoisebot/tortoisebot_firmware) by extensions ['ros']
[0.226s] Level 1:colcon.colcon_core.package_identification:_identify(tortoisebot/tortoisebot_firmware) by extension 'ros'
[0.227s] DEBUG:colcon.colcon_core.package_identification:Package 'tortoisebot/tortoisebot_firmware' with type 'ros.ament_cmake' and name 'tortoisebot_firmware'
[0.227s] Level 1:colcon.colcon_core.package_identification:_identify(tortoisebot/tortoisebot_gazebo) by extensions ['ignore', 'ignore_ament_install']
[0.227s] Level 1:colcon.colcon_core.package_identification:_identify(tortoisebot/tortoisebot_gazebo) by extension 'ignore'
[0.227s] Level 1:colcon.colcon_core.package_identification:_identify(tortoisebot/tortoisebot_gazebo) by extension 'ignore_ament_install'
[0.227s] Level 1:colcon.colcon_core.package_identification:_identify(tortoisebot/tortoisebot_gazebo) by extensions ['colcon_pkg']
[0.227s] Level 1:colcon.colcon_core.package_identification:_identify(tortoisebot/tortoisebot_gazebo) by extension 'colcon_pkg'
[0.227s] Level 1:colcon.colcon_core.package_identification:_identify(tortoisebot/tortoisebot_gazebo) by extensions ['colcon_meta']
[0.227s] Level 1:colcon.colcon_core.package_identification:_identify(tortoisebot/tortoisebot_gazebo) by extension 'colcon_meta'
[0.227s] Level 1:colcon.colcon_core.package_identification:_identify(tortoisebot/tortoisebot_gazebo) by extensions ['ros']
[0.227s] Level 1:colcon.colcon_core.package_identification:_identify(tortoisebot/tortoisebot_gazebo) by extension 'ros'
[0.227s] DEBUG:colcon.colcon_core.package_identification:Package 'tortoisebot/tortoisebot_gazebo' with type 'ros.ament_cmake' and name 'tortoisebot_gazebo'
[0.227s] Level 1:colcon.colcon_core.package_identification:_identify(tortoisebot/tortoisebot_imu) by extensions ['ignore', 'ignore_ament_install']
[0.227s] Level 1:colcon.colcon_core.package_identification:_identify(tortoisebot/tortoisebot_imu) by extension 'ignore'
[0.227s] Level 1:colcon.colcon_core.package_identification:_identify(tortoisebot/tortoisebot_imu) by extension 'ignore_ament_install'
[0.228s] Level 1:colcon.colcon_core.package_identification:_identify(tortoisebot/tortoisebot_imu) by extensions ['colcon_pkg']
[0.228s] Level 1:colcon.colcon_core.package_identification:_identify(tortoisebot/tortoisebot_imu) by extension 'colcon_pkg'
[0.228s] Level 1:colcon.colcon_core.package_identification:_identify(tortoisebot/tortoisebot_imu) by extensions ['colcon_meta']
[0.228s] Level 1:colcon.colcon_core.package_identification:_identify(tortoisebot/tortoisebot_imu) by extension 'colcon_meta'
[0.228s] Level 1:colcon.colcon_core.package_identification:_identify(tortoisebot/tortoisebot_imu) by extensions ['ros']
[0.228s] Level 1:colcon.colcon_core.package_identification:_identify(tortoisebot/tortoisebot_imu) by extension 'ros'
[0.228s] DEBUG:colcon.colcon_core.package_identification:Package 'tortoisebot/tortoisebot_imu' with type 'ros.ament_cmake' and name 'tortoisebot_imu'
[0.228s] Level 1:colcon.colcon_core.package_identification:_identify(tortoisebot/tortoisebot_navigation) by extensions ['ignore', 'ignore_ament_install']
[0.228s] Level 1:colcon.colcon_core.package_identification:_identify(tortoisebot/tortoisebot_navigation) by extension 'ignore'
[0.228s] Level 1:colcon.colcon_core.package_identification:_identify(tortoisebot/tortoisebot_navigation) by extension 'ignore_ament_install'
[0.228s] Level 1:colcon.colcon_core.package_identification:_identify(tortoisebot/tortoisebot_navigation) by extensions ['colcon_pkg']
[0.228s] Level 1:colcon.colcon_core.package_identification:_identify(tortoisebot/tortoisebot_navigation) by extension 'colcon_pkg'
[0.228s] Level 1:colcon.colcon_core.package_identification:_identify(tortoisebot/tortoisebot_navigation) by extensions ['colcon_meta']
[0.228s] Level 1:colcon.colcon_core.package_identification:_identify(tortoisebot/tortoisebot_navigation) by extension 'colcon_meta'
[0.229s] Level 1:colcon.colcon_core.package_identification:_identify(tortoisebot/tortoisebot_navigation) by extensions ['ros']
[0.229s] Level 1:colcon.colcon_core.package_identification:_identify(tortoisebot/tortoisebot_navigation) by extension 'ros'
[0.229s] DEBUG:colcon.colcon_core.package_identification:Package 'tortoisebot/tortoisebot_navigation' with type 'ros.ament_cmake' and name 'tortoisebot_navigation'
[0.229s] Level 1:colcon.colcon_core.package_identification:_identify(tortoisebot/tortoisebot_slam) by extensions ['ignore', 'ignore_ament_install']
[0.229s] Level 1:colcon.colcon_core.package_identification:_identify(tortoisebot/tortoisebot_slam) by extension 'ignore'
[0.229s] Level 1:colcon.colcon_core.package_identification:_identify(tortoisebot/tortoisebot_slam) by extension 'ignore_ament_install'
[0.229s] Level 1:colcon.colcon_core.package_identification:_identify(tortoisebot/tortoisebot_slam) by extensions ['colcon_pkg']
[0.229s] Level 1:colcon.colcon_core.package_identification:_identify(tortoisebot/tortoisebot_slam) by extension 'colcon_pkg'
[0.229s] Level 1:colcon.colcon_core.package_identification:_identify(tortoisebot/tortoisebot_slam) by extensions ['colcon_meta']
[0.229s] Level 1:colcon.colcon_core.package_identification:_identify(tortoisebot/tortoisebot_slam) by extension 'colcon_meta'
[0.229s] Level 1:colcon.colcon_core.package_identification:_identify(tortoisebot/tortoisebot_slam) by extensions ['ros']
[0.229s] Level 1:colcon.colcon_core.package_identification:_identify(tortoisebot/tortoisebot_slam) by extension 'ros'
[0.229s] DEBUG:colcon.colcon_core.package_identification:Package 'tortoisebot/tortoisebot_slam' with type 'ros.ament_cmake' and name 'tortoisebot_slam'
[0.230s] Level 1:colcon.colcon_core.package_identification:_identify(tortoisebot/v4l2_camera) by extensions ['ignore', 'ignore_ament_install']
[0.230s] Level 1:colcon.colcon_core.package_identification:_identify(tortoisebot/v4l2_camera) by extension 'ignore'
[0.230s] Level 1:colcon.colcon_core.package_identification:_identify(tortoisebot/v4l2_camera) by extension 'ignore_ament_install'
[0.230s] Level 1:colcon.colcon_core.package_identification:_identify(tortoisebot/v4l2_camera) by extensions ['colcon_pkg']
[0.230s] Level 1:colcon.colcon_core.package_identification:_identify(tortoisebot/v4l2_camera) by extension 'colcon_pkg'
[0.230s] Level 1:colcon.colcon_core.package_identification:_identify(tortoisebot/v4l2_camera) by extensions ['colcon_meta']
[0.230s] Level 1:colcon.colcon_core.package_identification:_identify(tortoisebot/v4l2_camera) by extension 'colcon_meta'
[0.230s] Level 1:colcon.colcon_core.package_identification:_identify(tortoisebot/v4l2_camera) by extensions ['ros']
[0.230s] Level 1:colcon.colcon_core.package_identification:_identify(tortoisebot/v4l2_camera) by extension 'ros'
[0.230s] DEBUG:colcon.colcon_core.package_identification:Package 'tortoisebot/v4l2_camera' with type 'ros.ament_cmake' and name 'v4l2_camera'
[0.230s] Level 1:colcon.colcon_core.package_identification:_identify(tortoisebot/ydlidar_ros2_driver) by extensions ['ignore', 'ignore_ament_install']
[0.231s] Level 1:colcon.colcon_core.package_identification:_identify(tortoisebot/ydlidar_ros2_driver) by extension 'ignore'
[0.231s] Level 1:colcon.colcon_core.package_identification:_identify(tortoisebot/ydlidar_ros2_driver) by extension 'ignore_ament_install'
[0.231s] Level 1:colcon.colcon_core.package_identification:_identify(tortoisebot/ydlidar_ros2_driver) by extensions ['colcon_pkg']
[0.231s] Level 1:colcon.colcon_core.package_identification:_identify(tortoisebot/ydlidar_ros2_driver) by extension 'colcon_pkg'
[0.231s] Level 1:colcon.colcon_core.package_identification:_identify(tortoisebot/ydlidar_ros2_driver) by extensions ['colcon_meta']
[0.231s] Level 1:colcon.colcon_core.package_identification:_identify(tortoisebot/ydlidar_ros2_driver) by extension 'colcon_meta'
[0.231s] Level 1:colcon.colcon_core.package_identification:_identify(tortoisebot/ydlidar_ros2_driver) by extensions ['ros']
[0.231s] Level 1:colcon.colcon_core.package_identification:_identify(tortoisebot/ydlidar_ros2_driver) by extension 'ros'
[0.231s] DEBUG:colcon.colcon_core.package_identification:Package 'tortoisebot/ydlidar_ros2_driver' with type 'ros.ament_cmake' and name 'ydlidar_ros2_driver'
[0.231s] Level 1:colcon.colcon_core.package_discovery:discover_packages(recursive) using defaults
[0.232s] Level 1:colcon.colcon_core.package_discovery:discover_packages(ignore) discover
[0.232s] Level 1:colcon.colcon_core.package_discovery:discover_packages(ignore) using defaults
[0.232s] Level 1:colcon.colcon_core.package_discovery:discover_packages(path) discover
[0.232s] Level 1:colcon.colcon_core.package_discovery:discover_packages(path) using defaults
[0.246s] WARNING:colcon.colcon_core.package_discovery:ignoring unknown package 'v412_camera' in --packages-ignore
[0.247s] Level 1:colcon.colcon_core.package_discovery:discover_packages(prefix_path) check parameters
[0.247s] Level 1:colcon.colcon_core.package_discovery:discover_packages(prefix_path) discover
[0.249s] DEBUG:colcon.colcon_installed_package_information.package_discovery:Found 9 installed packages in /home/sid/ws/install
[0.250s] DEBUG:colcon.colcon_installed_package_information.package_discovery:Found 330 installed packages in /opt/ros/humble
[0.262s] Level 1:colcon.colcon_core.package_discovery:discover_packages(prefix_path) using defaults
[0.296s] Level 5:colcon.colcon_core.verb:set package 'tortoisebot_bringup' build argument 'cmake_args' from command line to 'None'
[0.296s] Level 5:colcon.colcon_core.verb:set package 'tortoisebot_bringup' build argument 'cmake_target' from command line to 'None'
[0.296s] Level 5:colcon.colcon_core.verb:set package 'tortoisebot_bringup' build argument 'cmake_target_skip_unavailable' from command line to 'False'
[0.296s] Level 5:colcon.colcon_core.verb:set package 'tortoisebot_bringup' build argument 'cmake_clean_cache' from command line to 'False'
[0.297s] Level 5:colcon.colcon_core.verb:set package 'tortoisebot_bringup' build argument 'cmake_clean_first' from command line to 'False'
[0.297s] Level 5:colcon.colcon_core.verb:set package 'tortoisebot_bringup' build argument 'cmake_force_configure' from command line to 'False'
[0.297s] Level 5:colcon.colcon_core.verb:set package 'tortoisebot_bringup' build argument 'ament_cmake_args' from command line to 'None'
[0.297s] Level 5:colcon.colcon_core.verb:set package 'tortoisebot_bringup' build argument 'catkin_cmake_args' from command line to 'None'
[0.297s] Level 5:colcon.colcon_core.verb:set package 'tortoisebot_bringup' build argument 'catkin_skip_building_tests' from command line to 'False'
[0.297s] DEBUG:colcon.colcon_core.verb:Building package 'tortoisebot_bringup' with the following arguments: {'ament_cmake_args': None, 'build_base': '/home/sid/ws/build/tortoisebot_bringup', 'catkin_cmake_args': None, 'catkin_skip_building_tests': False, 'cmake_args': None, 'cmake_clean_cache': False, 'cmake_clean_first': False, 'cmake_force_configure': False, 'cmake_target': None, 'cmake_target_skip_unavailable': False, 'install_base': '/home/sid/ws/install/tortoisebot_bringup', 'merge_install': False, 'path': '/home/sid/ws/tortoisebot/tortoisebot_bringup', 'symlink_install': False, 'test_result_base': None}
[0.297s] Level 5:colcon.colcon_core.verb:set package 'tortoisebot_control' build argument 'cmake_args' from command line to 'None'
[0.297s] Level 5:colcon.colcon_core.verb:set package 'tortoisebot_control' build argument 'cmake_target' from command line to 'None'
[0.297s] Level 5:colcon.colcon_core.verb:set package 'tortoisebot_control' build argument 'cmake_target_skip_unavailable' from command line to 'False'
[0.297s] Level 5:colcon.colcon_core.verb:set package 'tortoisebot_control' build argument 'cmake_clean_cache' from command line to 'False'
[0.297s] Level 5:colcon.colcon_core.verb:set package 'tortoisebot_control' build argument 'cmake_clean_first' from command line to 'False'
[0.297s] Level 5:colcon.colcon_core.verb:set package 'tortoisebot_control' build argument 'cmake_force_configure' from command line to 'False'
[0.297s] Level 5:colcon.colcon_core.verb:set package 'tortoisebot_control' build argument 'ament_cmake_args' from command line to 'None'
[0.297s] Level 5:colcon.colcon_core.verb:set package 'tortoisebot_control' build argument 'catkin_cmake_args' from command line to 'None'
[0.297s] Level 5:colcon.colcon_core.verb:set package 'tortoisebot_control' build argument 'catkin_skip_building_tests' from command line to 'False'
[0.297s] DEBUG:colcon.colcon_core.verb:Building package 'tortoisebot_control' with the following arguments: {'ament_cmake_args': None, 'build_base': '/home/sid/ws/build/tortoisebot_control', 'catkin_cmake_args': None, 'catkin_skip_building_tests': False, 'cmake_args': None, 'cmake_clean_cache': False, 'cmake_clean_first': False, 'cmake_force_configure': False, 'cmake_target': None, 'cmake_target_skip_unavailable': False, 'install_base': '/home/sid/ws/install/tortoisebot_control', 'merge_install': False, 'path': '/home/sid/ws/tortoisebot/tortoisebot_control', 'symlink_install': False, 'test_result_base': None}
[0.297s] Level 5:colcon.colcon_core.verb:set package 'tortoisebot_description' build argument 'cmake_args' from command line to 'None'
[0.297s] Level 5:colcon.colcon_core.verb:set package 'tortoisebot_description' build argument 'cmake_target' from command line to 'None'
[0.297s] Level 5:colcon.colcon_core.verb:set package 'tortoisebot_description' build argument 'cmake_target_skip_unavailable' from command line to 'False'
[0.297s] Level 5:colcon.colcon_core.verb:set package 'tortoisebot_description' build argument 'cmake_clean_cache' from command line to 'False'
[0.297s] Level 5:colcon.colcon_core.verb:set package 'tortoisebot_description' build argument 'cmake_clean_first' from command line to 'False'
[0.297s] Level 5:colcon.colcon_core.verb:set package 'tortoisebot_description' build argument 'cmake_force_configure' from command line to 'False'
[0.297s] Level 5:colcon.colcon_core.verb:set package 'tortoisebot_description' build argument 'ament_cmake_args' from command line to 'None'
[0.297s] Level 5:colcon.colcon_core.verb:set package 'tortoisebot_description' build argument 'catkin_cmake_args' from command line to 'None'
[0.297s] Level 5:colcon.colcon_core.verb:set package 'tortoisebot_description' build argument 'catkin_skip_building_tests' from command line to 'False'
[0.298s] DEBUG:colcon.colcon_core.verb:Building package 'tortoisebot_description' with the following arguments: {'ament_cmake_args': None, 'build_base': '/home/sid/ws/build/tortoisebot_description', 'catkin_cmake_args': None, 'catkin_skip_building_tests': False, 'cmake_args': None, 'cmake_clean_cache': False, 'cmake_clean_first': False, 'cmake_force_configure': False, 'cmake_target': None, 'cmake_target_skip_unavailable': False, 'install_base': '/home/sid/ws/install/tortoisebot_description', 'merge_install': False, 'path': '/home/sid/ws/tortoisebot/tortoisebot_description', 'symlink_install': False, 'test_result_base': None}
[0.298s] Level 5:colcon.colcon_core.verb:set package 'tortoisebot_firmware' build argument 'cmake_args' from command line to 'None'
[0.298s] Level 5:colcon.colcon_core.verb:set package 'tortoisebot_firmware' build argument 'cmake_target' from command line to 'None'
[0.298s] Level 5:colcon.colcon_core.verb:set package 'tortoisebot_firmware' build argument 'cmake_target_skip_unavailable' from command line to 'False'
[0.298s] Level 5:colcon.colcon_core.verb:set package 'tortoisebot_firmware' build argument 'cmake_clean_cache' from command line to 'False'
[0.298s] Level 5:colcon.colcon_core.verb:set package 'tortoisebot_firmware' build argument 'cmake_clean_first' from command line to 'False'
[0.298s] Level 5:colcon.colcon_core.verb:set package 'tortoisebot_firmware' build argument 'cmake_force_configure' from command line to 'False'
[0.298s] Level 5:colcon.colcon_core.verb:set package 'tortoisebot_firmware' build argument 'ament_cmake_args' from command line to 'None'
[0.298s] Level 5:colcon.colcon_core.verb:set package 'tortoisebot_firmware' build argument 'catkin_cmake_args' from command line to 'None'
[0.298s] Level 5:colcon.colcon_core.verb:set package 'tortoisebot_firmware' build argument 'catkin_skip_building_tests' from command line to 'False'
[0.298s] DEBUG:colcon.colcon_core.verb:Building package 'tortoisebot_firmware' with the following arguments: {'ament_cmake_args': None, 'build_base': '/home/sid/ws/build/tortoisebot_firmware', 'catkin_cmake_args': None, 'catkin_skip_building_tests': False, 'cmake_args': None, 'cmake_clean_cache': False, 'cmake_clean_first': False, 'cmake_force_configure': False, 'cmake_target': None, 'cmake_target_skip_unavailable': False, 'install_base': '/home/sid/ws/install/tortoisebot_firmware', 'merge_install': False, 'path': '/home/sid/ws/tortoisebot/tortoisebot_firmware', 'symlink_install': False, 'test_result_base': None}
[0.298s] Level 5:colcon.colcon_core.verb:set package 'tortoisebot_gazebo' build argument 'cmake_args' from command line to 'None'
[0.298s] Level 5:colcon.colcon_core.verb:set package 'tortoisebot_gazebo' build argument 'cmake_target' from command line to 'None'
[0.298s] Level 5:colcon.colcon_core.verb:set package 'tortoisebot_gazebo' build argument 'cmake_target_skip_unavailable' from command line to 'False'
[0.298s] Level 5:colcon.colcon_core.verb:set package 'tortoisebot_gazebo' build argument 'cmake_clean_cache' from command line to 'False'
[0.298s] Level 5:colcon.colcon_core.verb:set package 'tortoisebot_gazebo' build argument 'cmake_clean_first' from command line to 'False'
[0.298s] Level 5:colcon.colcon_core.verb:set package 'tortoisebot_gazebo' build argument 'cmake_force_configure' from command line to 'False'
[0.298s] Level 5:colcon.colcon_core.verb:set package 'tortoisebot_gazebo' build argument 'ament_cmake_args' from command line to 'None'
[0.298s] Level 5:colcon.colcon_core.verb:set package 'tortoisebot_gazebo' build argument 'catkin_cmake_args' from command line to 'None'
[0.298s] Level 5:colcon.colcon_core.verb:set package 'tortoisebot_gazebo' build argument 'catkin_skip_building_tests' from command line to 'False'
[0.298s] DEBUG:colcon.colcon_core.verb:Building package 'tortoisebot_gazebo' with the following arguments: {'ament_cmake_args': None, 'build_base': '/home/sid/ws/build/tortoisebot_gazebo', 'catkin_cmake_args': None, 'catkin_skip_building_tests': False, 'cmake_args': None, 'cmake_clean_cache': False, 'cmake_clean_first': False, 'cmake_force_configure': False, 'cmake_target': None, 'cmake_target_skip_unavailable': False, 'install_base': '/home/sid/ws/install/tortoisebot_gazebo', 'merge_install': False, 'path': '/home/sid/ws/tortoisebot/tortoisebot_gazebo', 'symlink_install': False, 'test_result_base': None}
[0.299s] Level 5:colcon.colcon_core.verb:set package 'tortoisebot_imu' build argument 'cmake_args' from command line to 'None'
[0.299s] Level 5:colcon.colcon_core.verb:set package 'tortoisebot_imu' build argument 'cmake_target' from command line to 'None'
[0.299s] Level 5:colcon.colcon_core.verb:set package 'tortoisebot_imu' build argument 'cmake_target_skip_unavailable' from command line to 'False'
[0.299s] Level 5:colcon.colcon_core.verb:set package 'tortoisebot_imu' build argument 'cmake_clean_cache' from command line to 'False'
[0.299s] Level 5:colcon.colcon_core.verb:set package 'tortoisebot_imu' build argument 'cmake_clean_first' from command line to 'False'
[0.299s] Level 5:colcon.colcon_core.verb:set package 'tortoisebot_imu' build argument 'cmake_force_configure' from command line to 'False'
[0.299s] Level 5:colcon.colcon_core.verb:set package 'tortoisebot_imu' build argument 'ament_cmake_args' from command line to 'None'
[0.299s] Level 5:colcon.colcon_core.verb:set package 'tortoisebot_imu' build argument 'catkin_cmake_args' from command line to 'None'
[0.299s] Level 5:colcon.colcon_core.verb:set package 'tortoisebot_imu' build argument 'catkin_skip_building_tests' from command line to 'False'
[0.299s] DEBUG:colcon.colcon_core.verb:Building package 'tortoisebot_imu' with the following arguments: {'ament_cmake_args': None, 'build_base': '/home/sid/ws/build/tortoisebot_imu', 'catkin_cmake_args': None, 'catkin_skip_building_tests': False, 'cmake_args': None, 'cmake_clean_cache': False, 'cmake_clean_first': False, 'cmake_force_configure': False, 'cmake_target': None, 'cmake_target_skip_unavailable': False, 'install_base': '/home/sid/ws/install/tortoisebot_imu', 'merge_install': False, 'path': '/home/sid/ws/tortoisebot/tortoisebot_imu', 'symlink_install': False, 'test_result_base': None}
[0.299s] Level 5:colcon.colcon_core.verb:set package 'tortoisebot_navigation' build argument 'cmake_args' from command line to 'None'
[0.299s] Level 5:colcon.colcon_core.verb:set package 'tortoisebot_navigation' build argument 'cmake_target' from command line to 'None'
[0.299s] Level 5:colcon.colcon_core.verb:set package 'tortoisebot_navigation' build argument 'cmake_target_skip_unavailable' from command line to 'False'
[0.299s] Level 5:colcon.colcon_core.verb:set package 'tortoisebot_navigation' build argument 'cmake_clean_cache' from command line to 'False'
[0.299s] Level 5:colcon.colcon_core.verb:set package 'tortoisebot_navigation' build argument 'cmake_clean_first' from command line to 'False'
[0.299s] Level 5:colcon.colcon_core.verb:set package 'tortoisebot_navigation' build argument 'cmake_force_configure' from command line to 'False'
[0.299s] Level 5:colcon.colcon_core.verb:set package 'tortoisebot_navigation' build argument 'ament_cmake_args' from command line to 'None'
[0.299s] Level 5:colcon.colcon_core.verb:set package 'tortoisebot_navigation' build argument 'catkin_cmake_args' from command line to 'None'
[0.299s] Level 5:colcon.colcon_core.verb:set package 'tortoisebot_navigation' build argument 'catkin_skip_building_tests' from command line to 'False'
[0.299s] DEBUG:colcon.colcon_core.verb:Building package 'tortoisebot_navigation' with the following arguments: {'ament_cmake_args': None, 'build_base': '/home/sid/ws/build/tortoisebot_navigation', 'catkin_cmake_args': None, 'catkin_skip_building_tests': False, 'cmake_args': None, 'cmake_clean_cache': False, 'cmake_clean_first': False, 'cmake_force_configure': False, 'cmake_target': None, 'cmake_target_skip_unavailable': False, 'install_base': '/home/sid/ws/install/tortoisebot_navigation', 'merge_install': False, 'path': '/home/sid/ws/tortoisebot/tortoisebot_navigation', 'symlink_install': False, 'test_result_base': None}
[0.299s] Level 5:colcon.colcon_core.verb:set package 'tortoisebot_slam' build argument 'cmake_args' from command line to 'None'
[0.299s] Level 5:colcon.colcon_core.verb:set package 'tortoisebot_slam' build argument 'cmake_target' from command line to 'None'
[0.299s] Level 5:colcon.colcon_core.verb:set package 'tortoisebot_slam' build argument 'cmake_target_skip_unavailable' from command line to 'False'
[0.299s] Level 5:colcon.colcon_core.verb:set package 'tortoisebot_slam' build argument 'cmake_clean_cache' from command line to 'False'
[0.299s] Level 5:colcon.colcon_core.verb:set package 'tortoisebot_slam' build argument 'cmake_clean_first' from command line to 'False'
[0.299s] Level 5:colcon.colcon_core.verb:set package 'tortoisebot_slam' build argument 'cmake_force_configure' from command line to 'False'
[0.299s] Level 5:colcon.colcon_core.verb:set package 'tortoisebot_slam' build argument 'ament_cmake_args' from command line to 'None'
[0.299s] Level 5:colcon.colcon_core.verb:set package 'tortoisebot_slam' build argument 'catkin_cmake_args' from command line to 'None'
[0.299s] Level 5:colcon.colcon_core.verb:set package 'tortoisebot_slam' build argument 'catkin_skip_building_tests' from command line to 'False'
[0.300s] DEBUG:colcon.colcon_core.verb:Building package 'tortoisebot_slam' with the following arguments: {'ament_cmake_args': None, 'build_base': '/home/sid/ws/build/tortoisebot_slam', 'catkin_cmake_args': None, 'catkin_skip_building_tests': False, 'cmake_args': None, 'cmake_clean_cache': False, 'cmake_clean_first': False, 'cmake_force_configure': False, 'cmake_target': None, 'cmake_target_skip_unavailable': False, 'install_base': '/home/sid/ws/install/tortoisebot_slam', 'merge_install': False, 'path': '/home/sid/ws/tortoisebot/tortoisebot_slam', 'symlink_install': False, 'test_result_base': None}
[0.300s] Level 5:colcon.colcon_core.verb:set package 'v4l2_camera' build argument 'cmake_args' from command line to 'None'
[0.300s] Level 5:colcon.colcon_core.verb:set package 'v4l2_camera' build argument 'cmake_target' from command line to 'None'
[0.300s] Level 5:colcon.colcon_core.verb:set package 'v4l2_camera' build argument 'cmake_target_skip_unavailable' from command line to 'False'
[0.300s] Level 5:colcon.colcon_core.verb:set package 'v4l2_camera' build argument 'cmake_clean_cache' from command line to 'False'
[0.300s] Level 5:colcon.colcon_core.verb:set package 'v4l2_camera' build argument 'cmake_clean_first' from command line to 'False'
[0.300s] Level 5:colcon.colcon_core.verb:set package 'v4l2_camera' build argument 'cmake_force_configure' from command line to 'False'
[0.300s] Level 5:colcon.colcon_core.verb:set package 'v4l2_camera' build argument 'ament_cmake_args' from command line to 'None'
[0.300s] Level 5:colcon.colcon_core.verb:set package 'v4l2_camera' build argument 'catkin_cmake_args' from command line to 'None'
[0.300s] Level 5:colcon.colcon_core.verb:set package 'v4l2_camera' build argument 'catkin_skip_building_tests' from command line to 'False'
[0.300s] DEBUG:colcon.colcon_core.verb:Building package 'v4l2_camera' with the following arguments: {'ament_cmake_args': None, 'build_base': '/home/sid/ws/build/v4l2_camera', 'catkin_cmake_args': None, 'catkin_skip_building_tests': False, 'cmake_args': None, 'cmake_clean_cache': False, 'cmake_clean_first': False, 'cmake_force_configure': False, 'cmake_target': None, 'cmake_target_skip_unavailable': False, 'install_base': '/home/sid/ws/install/v4l2_camera', 'merge_install': False, 'path': '/home/sid/ws/tortoisebot/v4l2_camera', 'symlink_install': False, 'test_result_base': None}
[0.300s] INFO:colcon.colcon_core.executor:Executing jobs using 'parallel' executor
[0.301s] DEBUG:colcon.colcon_parallel_executor.executor.parallel:run_until_complete
[0.302s] INFO:colcon.colcon_ros.task.ament_cmake.build:Building ROS package in '/home/sid/ws/tortoisebot/tortoisebot_bringup' with build type 'ament_cmake'
[0.302s] INFO:colcon.colcon_cmake.task.cmake.build:Building CMake package in '/home/sid/ws/tortoisebot/tortoisebot_bringup'
[0.303s] INFO:colcon.colcon_core.plugin_system:Skipping extension 'colcon_core.shell.bat': Not used on non-Windows systems
[0.303s] INFO:colcon.colcon_core.shell:Skip shell extension 'powershell' for command environment: Not usable outside of PowerShell
[0.304s] DEBUG:colcon.colcon_core.shell:Skip shell extension 'dsv' for command environment
[0.307s] INFO:colcon.colcon_ros.task.ament_python.build:Building ROS package in '/home/sid/ws/tortoisebot/tortoisebot_control' with build type 'ament_python'
[0.308s] Level 1:colcon.colcon_core.shell:create_environment_hook('tortoisebot_control', 'ament_prefix_path')
[0.308s] INFO:colcon.colcon_core.shell:Creating environment hook '/home/sid/ws/install/tortoisebot_control/share/tortoisebot_control/hook/ament_prefix_path.ps1'
[0.308s] INFO:colcon.colcon_core.shell:Creating environment descriptor '/home/sid/ws/install/tortoisebot_control/share/tortoisebot_control/hook/ament_prefix_path.dsv'
[0.309s] INFO:colcon.colcon_core.shell:Creating environment hook '/home/sid/ws/install/tortoisebot_control/share/tortoisebot_control/hook/ament_prefix_path.sh'
[0.310s] INFO:colcon.colcon_core.shell:Skip shell extension 'powershell' for command environment: Not usable outside of PowerShell
[0.310s] DEBUG:colcon.colcon_core.shell:Skip shell extension 'dsv' for command environment
[0.313s] INFO:colcon.colcon_ros.task.ament_cmake.build:Building ROS package in '/home/sid/ws/tortoisebot/tortoisebot_description' with build type 'ament_cmake'
[0.314s] INFO:colcon.colcon_cmake.task.cmake.build:Building CMake package in '/home/sid/ws/tortoisebot/tortoisebot_description'
[0.314s] INFO:colcon.colcon_core.shell:Skip shell extension 'powershell' for command environment: Not usable outside of PowerShell
[0.314s] DEBUG:colcon.colcon_core.shell:Skip shell extension 'dsv' for command environment
[0.318s] INFO:colcon.colcon_ros.task.ament_cmake.build:Building ROS package in '/home/sid/ws/tortoisebot/tortoisebot_firmware' with build type 'ament_cmake'
[0.318s] INFO:colcon.colcon_cmake.task.cmake.build:Building CMake package in '/home/sid/ws/tortoisebot/tortoisebot_firmware'
[0.318s] INFO:colcon.colcon_core.shell:Skip shell extension 'powershell' for command environment: Not usable outside of PowerShell
[0.318s] DEBUG:colcon.colcon_core.shell:Skip shell extension 'dsv' for command environment
[0.322s] INFO:colcon.colcon_ros.task.ament_cmake.build:Building ROS package in '/home/sid/ws/tortoisebot/tortoisebot_gazebo' with build type 'ament_cmake'
[0.322s] INFO:colcon.colcon_cmake.task.cmake.build:Building CMake package in '/home/sid/ws/tortoisebot/tortoisebot_gazebo'
[0.322s] INFO:colcon.colcon_core.shell:Skip shell extension 'powershell' for command environment: Not usable outside of PowerShell
[0.322s] DEBUG:colcon.colcon_core.shell:Skip shell extension 'dsv' for command environment
[0.325s] INFO:colcon.colcon_ros.task.ament_cmake.build:Building ROS package in '/home/sid/ws/tortoisebot/tortoisebot_imu' with build type 'ament_cmake'
[0.325s] INFO:colcon.colcon_cmake.task.cmake.build:Building CMake package in '/home/sid/ws/tortoisebot/tortoisebot_imu'
[0.325s] INFO:colcon.colcon_core.shell:Skip shell extension 'powershell' for command environment: Not usable outside of PowerShell
[0.325s] DEBUG:colcon.colcon_core.shell:Skip shell extension 'dsv' for command environment
[0.333s] INFO:colcon.colcon_ros.task.ament_cmake.build:Building ROS package in '/home/sid/ws/tortoisebot/tortoisebot_navigation' with build type 'ament_cmake'
[0.333s] INFO:colcon.colcon_cmake.task.cmake.build:Building CMake package in '/home/sid/ws/tortoisebot/tortoisebot_navigation'
[0.333s] INFO:colcon.colcon_core.shell:Skip shell extension 'powershell' for command environment: Not usable outside of PowerShell
[0.333s] DEBUG:colcon.colcon_core.shell:Skip shell extension 'dsv' for command environment
[0.336s] INFO:colcon.colcon_ros.task.ament_cmake.build:Building ROS package in '/home/sid/ws/tortoisebot/tortoisebot_slam' with build type 'ament_cmake'
[0.337s] INFO:colcon.colcon_cmake.task.cmake.build:Building CMake package in '/home/sid/ws/tortoisebot/tortoisebot_slam'
[0.337s] INFO:colcon.colcon_core.shell:Skip shell extension 'powershell' for command environment: Not usable outside of PowerShell
[0.337s] DEBUG:colcon.colcon_core.shell:Skip shell extension 'dsv' for command environment
[0.341s] INFO:colcon.colcon_ros.task.ament_cmake.build:Building ROS package in '/home/sid/ws/tortoisebot/v4l2_camera' with build type 'ament_cmake'
[0.341s] INFO:colcon.colcon_cmake.task.cmake.build:Building CMake package in '/home/sid/ws/tortoisebot/v4l2_camera'
[0.341s] INFO:colcon.colcon_core.shell:Skip shell extension 'powershell' for command environment: Not usable outside of PowerShell
[0.341s] DEBUG:colcon.colcon_core.shell:Skip shell extension 'dsv' for command environment
[0.350s] DEBUG:colcon.colcon_core.event_handler.log_command:Invoking command in '/home/sid/ws/build/tortoisebot_bringup': CMAKE_PREFIX_PATH=${CMAKE_PREFIX_PATH}:/home/sid/ws/install/tortoisebot_control:/opt/ros/humble /usr/bin/cmake /home/sid/ws/tortoisebot/tortoisebot_bringup -DCMAKE_INSTALL_PREFIX=/home/sid/ws/install/tortoisebot_bringup
[0.561s] INFO:colcon.colcon_core.task.python.build:Building Python package in '/home/sid/ws/tortoisebot/tortoisebot_control'
[0.561s] INFO:colcon.colcon_core.shell:Skip shell extension 'powershell' for command environment: Not usable outside of PowerShell
[0.561s] DEBUG:colcon.colcon_core.shell:Skip shell extension 'dsv' for command environment
[0.569s] DEBUG:colcon.colcon_core.event_handler.log_command:Invoking command in '/home/sid/ws/build/tortoisebot_description': CMAKE_PREFIX_PATH=${CMAKE_PREFIX_PATH}:/home/sid/ws/install/tortoisebot_control:/opt/ros/humble /usr/bin/cmake /home/sid/ws/tortoisebot/tortoisebot_description -DCMAKE_INSTALL_PREFIX=/home/sid/ws/install/tortoisebot_description
[0.571s] DEBUG:colcon.colcon_core.event_handler.log_command:Invoking command in '/home/sid/ws/build/tortoisebot_firmware': CMAKE_PREFIX_PATH=${CMAKE_PREFIX_PATH}:/home/sid/ws/install/tortoisebot_control:/opt/ros/humble /usr/bin/cmake /home/sid/ws/tortoisebot/tortoisebot_firmware -DCMAKE_INSTALL_PREFIX=/home/sid/ws/install/tortoisebot_firmware
[0.573s] DEBUG:colcon.colcon_core.event_handler.log_command:Invoking command in '/home/sid/ws/build/tortoisebot_gazebo': CMAKE_PREFIX_PATH=${CMAKE_PREFIX_PATH}:/home/sid/ws/install/tortoisebot_control:/opt/ros/humble /usr/bin/cmake /home/sid/ws/tortoisebot/tortoisebot_gazebo -DCMAKE_INSTALL_PREFIX=/home/sid/ws/install/tortoisebot_gazebo
[0.576s] DEBUG:colcon.colcon_core.event_handler.log_command:Invoking command in '/home/sid/ws/build/tortoisebot_imu': CMAKE_PREFIX_PATH=${CMAKE_PREFIX_PATH}:/home/sid/ws/install/tortoisebot_control:/opt/ros/humble /usr/bin/cmake /home/sid/ws/tortoisebot/tortoisebot_imu -DCMAKE_INSTALL_PREFIX=/home/sid/ws/install/tortoisebot_imu
[0.580s] DEBUG:colcon.colcon_core.event_handler.log_command:Invoking command in '/home/sid/ws/build/tortoisebot_navigation': CMAKE_PREFIX_PATH=${CMAKE_PREFIX_PATH}:/home/sid/ws/install/tortoisebot_control:/opt/ros/humble /usr/bin/cmake /home/sid/ws/tortoisebot/tortoisebot_navigation -DCMAKE_INSTALL_PREFIX=/home/sid/ws/install/tortoisebot_navigation
[0.585s] DEBUG:colcon.colcon_core.event_handler.log_command:Invoking command in '/home/sid/ws/build/tortoisebot_slam': CMAKE_PREFIX_PATH=${CMAKE_PREFIX_PATH}:/home/sid/ws/install/tortoisebot_control:/opt/ros/humble /usr/bin/cmake /home/sid/ws/tortoisebot/tortoisebot_slam -DCMAKE_INSTALL_PREFIX=/home/sid/ws/install/tortoisebot_slam
[0.598s] DEBUG:colcon.colcon_core.event_handler.log_command:Invoking command in '/home/sid/ws/build/v4l2_camera': CMAKE_PREFIX_PATH=${CMAKE_PREFIX_PATH}:/home/sid/ws/install/tortoisebot_control:/opt/ros/humble /usr/bin/cmake /home/sid/ws/tortoisebot/v4l2_camera -DCMAKE_INSTALL_PREFIX=/home/sid/ws/install/v4l2_camera
[0.600s] DEBUG:colcon.colcon_core.event_handler.log_command:Invoked command in '/home/sid/ws/build/tortoisebot_bringup' returned '0': CMAKE_PREFIX_PATH=${CMAKE_PREFIX_PATH}:/home/sid/ws/install/tortoisebot_control:/opt/ros/humble /usr/bin/cmake /home/sid/ws/tortoisebot/tortoisebot_bringup -DCMAKE_INSTALL_PREFIX=/home/sid/ws/install/tortoisebot_bringup
[0.602s] DEBUG:colcon.colcon_core.event_handler.log_command:Invoking command in '/home/sid/ws/build/tortoisebot_bringup': CMAKE_PREFIX_PATH=${CMAKE_PREFIX_PATH}:/home/sid/ws/install/tortoisebot_control:/opt/ros/humble /usr/bin/cmake --build /home/sid/ws/build/tortoisebot_bringup -- -j12 -l12
[0.662s] DEBUG:colcon.colcon_core.event_handler.log_command:Invoked command in '/home/sid/ws/build/tortoisebot_bringup' returned '0': CMAKE_PREFIX_PATH=${CMAKE_PREFIX_PATH}:/home/sid/ws/install/tortoisebot_control:/opt/ros/humble /usr/bin/cmake --build /home/sid/ws/build/tortoisebot_bringup -- -j12 -l12
[0.675s] DEBUG:colcon.colcon_core.event_handler.log_command:Invoking command in '/home/sid/ws/build/tortoisebot_bringup': CMAKE_PREFIX_PATH=${CMAKE_PREFIX_PATH}:/home/sid/ws/install/tortoisebot_control:/opt/ros/humble /usr/bin/cmake --install /home/sid/ws/build/tortoisebot_bringup
[0.703s] Level 1:colcon.colcon_core.environment:create_environment_scripts_only(tortoisebot_bringup)
[0.704s] DEBUG:colcon.colcon_core.event_handler.log_command:Invoked command in '/home/sid/ws/build/tortoisebot_bringup' returned '0': CMAKE_PREFIX_PATH=${CMAKE_PREFIX_PATH}:/home/sid/ws/install/tortoisebot_control:/opt/ros/humble /usr/bin/cmake --install /home/sid/ws/build/tortoisebot_bringup
[0.706s] Level 1:colcon.colcon_core.environment:checking '/home/sid/ws/install/tortoisebot_bringup' for CMake module files
[0.706s] Level 1:colcon.colcon_core.environment:checking '/home/sid/ws/install/tortoisebot_bringup' for CMake config files
[0.707s] Level 1:colcon.colcon_core.shell:create_environment_hook('tortoisebot_bringup', 'cmake_prefix_path')
[0.707s] INFO:colcon.colcon_core.shell:Creating environment hook '/home/sid/ws/install/tortoisebot_bringup/share/tortoisebot_bringup/hook/cmake_prefix_path.ps1'
[0.708s] INFO:colcon.colcon_core.shell:Creating environment descriptor '/home/sid/ws/install/tortoisebot_bringup/share/tortoisebot_bringup/hook/cmake_prefix_path.dsv'
[0.708s] INFO:colcon.colcon_core.shell:Creating environment hook '/home/sid/ws/install/tortoisebot_bringup/share/tortoisebot_bringup/hook/cmake_prefix_path.sh'
[0.709s] Level 1:colcon.colcon_core.environment:checking '/home/sid/ws/install/tortoisebot_bringup/bin'
[0.709s] Level 1:colcon.colcon_core.environment:checking '/home/sid/ws/install/tortoisebot_bringup/lib/pkgconfig/tortoisebot_bringup.pc'
[0.709s] Level 1:colcon.colcon_core.environment:checking '/home/sid/ws/install/tortoisebot_bringup/lib/python3.10/site-packages'
[0.709s] Level 1:colcon.colcon_core.environment:checking '/home/sid/ws/install/tortoisebot_bringup/bin'
[0.710s] INFO:colcon.colcon_core.shell:Creating package script '/home/sid/ws/install/tortoisebot_bringup/share/tortoisebot_bringup/package.ps1'
[0.711s] INFO:colcon.colcon_core.shell:Creating package descriptor '/home/sid/ws/install/tortoisebot_bringup/share/tortoisebot_bringup/package.dsv'
[0.712s] INFO:colcon.colcon_core.shell:Creating package script '/home/sid/ws/install/tortoisebot_bringup/share/tortoisebot_bringup/package.sh'
[0.713s] INFO:colcon.colcon_core.shell:Creating package script '/home/sid/ws/install/tortoisebot_bringup/share/tortoisebot_bringup/package.bash'
[0.714s] INFO:colcon.colcon_core.shell:Creating package script '/home/sid/ws/install/tortoisebot_bringup/share/tortoisebot_bringup/package.zsh'
[0.714s] Level 1:colcon.colcon_core.environment:create_file_with_runtime_dependencies(/home/sid/ws/install/tortoisebot_bringup/share/colcon-core/packages/tortoisebot_bringup)
[0.715s] Level 1:colcon.colcon_core.environment:create_environment_scripts_only(tortoisebot_bringup)
[0.715s] Level 1:colcon.colcon_core.environment:checking '/home/sid/ws/install/tortoisebot_bringup' for CMake module files
[0.716s] Level 1:colcon.colcon_core.environment:checking '/home/sid/ws/install/tortoisebot_bringup' for CMake config files
[0.716s] Level 1:colcon.colcon_core.shell:create_environment_hook('tortoisebot_bringup', 'cmake_prefix_path')
[0.716s] INFO:colcon.colcon_core.shell:Creating environment hook '/home/sid/ws/install/tortoisebot_bringup/share/tortoisebot_bringup/hook/cmake_prefix_path.ps1'
[0.717s] INFO:colcon.colcon_core.shell:Creating environment descriptor '/home/sid/ws/install/tortoisebot_bringup/share/tortoisebot_bringup/hook/cmake_prefix_path.dsv'
[0.717s] INFO:colcon.colcon_core.shell:Creating environment hook '/home/sid/ws/install/tortoisebot_bringup/share/tortoisebot_bringup/hook/cmake_prefix_path.sh'
[0.718s] Level 1:colcon.colcon_core.environment:checking '/home/sid/ws/install/tortoisebot_bringup/bin'
[0.718s] Level 1:colcon.colcon_core.environment:checking '/home/sid/ws/install/tortoisebot_bringup/lib/pkgconfig/tortoisebot_bringup.pc'
[0.718s] Level 1:colcon.colcon_core.environment:checking '/home/sid/ws/install/tortoisebot_bringup/lib/python3.10/site-packages'
[0.718s] Level 1:colcon.colcon_core.environment:checking '/home/sid/ws/install/tortoisebot_bringup/bin'
[0.719s] INFO:colcon.colcon_core.shell:Creating package script '/home/sid/ws/install/tortoisebot_bringup/share/tortoisebot_bringup/package.ps1'
[0.720s] INFO:colcon.colcon_core.shell:Creating package descriptor '/home/sid/ws/install/tortoisebot_bringup/share/tortoisebot_bringup/package.dsv'
[0.721s] INFO:colcon.colcon_core.shell:Creating package script '/home/sid/ws/install/tortoisebot_bringup/share/tortoisebot_bringup/package.sh'
[0.721s] INFO:colcon.colcon_core.shell:Creating package script '/home/sid/ws/install/tortoisebot_bringup/share/tortoisebot_bringup/package.bash'
[0.722s] INFO:colcon.colcon_core.shell:Creating package script '/home/sid/ws/install/tortoisebot_bringup/share/tortoisebot_bringup/package.zsh'
[0.723s] Level 1:colcon.colcon_core.environment:create_file_with_runtime_dependencies(/home/sid/ws/install/tortoisebot_bringup/share/colcon-core/packages/tortoisebot_bringup)
[0.853s] DEBUG:colcon.colcon_core.event_handler.log_command:Invoked command in '/home/sid/ws/build/tortoisebot_slam' returned '0': CMAKE_PREFIX_PATH=${CMAKE_PREFIX_PATH}:/home/sid/ws/install/tortoisebot_control:/opt/ros/humble /usr/bin/cmake /home/sid/ws/tortoisebot/tortoisebot_slam -DCMAKE_INSTALL_PREFIX=/home/sid/ws/install/tortoisebot_slam
[0.856s] DEBUG:colcon.colcon_core.event_handler.log_command:Invoking command in '/home/sid/ws/build/tortoisebot_slam': CMAKE_PREFIX_PATH=${CMAKE_PREFIX_PATH}:/home/sid/ws/install/tortoisebot_control:/opt/ros/humble /usr/bin/cmake --build /home/sid/ws/build/tortoisebot_slam -- -j12 -l12
[0.891s] DEBUG:colcon.colcon_core.event_handler.log_command:Invoked command in '/home/sid/ws/build/tortoisebot_description' returned '0': CMAKE_PREFIX_PATH=${CMAKE_PREFIX_PATH}:/home/sid/ws/install/tortoisebot_control:/opt/ros/humble /usr/bin/cmake /home/sid/ws/tortoisebot/tortoisebot_description -DCMAKE_INSTALL_PREFIX=/home/sid/ws/install/tortoisebot_description
[0.894s] DEBUG:colcon.colcon_core.event_handler.log_command:Invoking command in '/home/sid/ws/build/tortoisebot_description': CMAKE_PREFIX_PATH=${CMAKE_PREFIX_PATH}:/home/sid/ws/install/tortoisebot_control:/opt/ros/humble /usr/bin/cmake --build /home/sid/ws/build/tortoisebot_description -- -j12 -l12
[0.901s] DEBUG:colcon.colcon_core.event_handler.log_command:Invoked command in '/home/sid/ws/build/tortoisebot_slam' returned '0': CMAKE_PREFIX_PATH=${CMAKE_PREFIX_PATH}:/home/sid/ws/install/tortoisebot_control:/opt/ros/humble /usr/bin/cmake --build /home/sid/ws/build/tortoisebot_slam -- -j12 -l12
[0.904s] DEBUG:colcon.colcon_core.event_handler.log_command:Invoking command in '/home/sid/ws/build/tortoisebot_slam': CMAKE_PREFIX_PATH=${CMAKE_PREFIX_PATH}:/home/sid/ws/install/tortoisebot_control:/opt/ros/humble /usr/bin/cmake --install /home/sid/ws/build/tortoisebot_slam
[0.907s] DEBUG:colcon.colcon_core.event_handler.log_command:Invoked command in '/home/sid/ws/build/tortoisebot_gazebo' returned '0': CMAKE_PREFIX_PATH=${CMAKE_PREFIX_PATH}:/home/sid/ws/install/tortoisebot_control:/opt/ros/humble /usr/bin/cmake /home/sid/ws/tortoisebot/tortoisebot_gazebo -DCMAKE_INSTALL_PREFIX=/home/sid/ws/install/tortoisebot_gazebo
[0.909s] DEBUG:colcon.colcon_core.event_handler.log_command:Invoking command in '/home/sid/ws/build/tortoisebot_gazebo': CMAKE_PREFIX_PATH=${CMAKE_PREFIX_PATH}:/home/sid/ws/install/tortoisebot_control:/opt/ros/humble /usr/bin/cmake --build /home/sid/ws/build/tortoisebot_gazebo -- -j12 -l12
[0.911s] DEBUG:colcon.colcon_core.event_handler.log_command:Invoked command in '/home/sid/ws/build/tortoisebot_imu' returned '0': CMAKE_PREFIX_PATH=${CMAKE_PREFIX_PATH}:/home/sid/ws/install/tortoisebot_control:/opt/ros/humble /usr/bin/cmake /home/sid/ws/tortoisebot/tortoisebot_imu -DCMAKE_INSTALL_PREFIX=/home/sid/ws/install/tortoisebot_imu
[0.913s] DEBUG:colcon.colcon_core.event_handler.log_command:Invoking command in '/home/sid/ws/build/tortoisebot_imu': CMAKE_PREFIX_PATH=${CMAKE_PREFIX_PATH}:/home/sid/ws/install/tortoisebot_control:/opt/ros/humble /usr/bin/cmake --build /home/sid/ws/build/tortoisebot_imu -- -j12 -l12
[0.928s] DEBUG:colcon.colcon_core.event_handler.log_command:Invoked command in '/home/sid/ws/build/tortoisebot_navigation' returned '0': CMAKE_PREFIX_PATH=${CMAKE_PREFIX_PATH}:/home/sid/ws/install/tortoisebot_control:/opt/ros/humble /usr/bin/cmake /home/sid/ws/tortoisebot/tortoisebot_navigation -DCMAKE_INSTALL_PREFIX=/home/sid/ws/install/tortoisebot_navigation
[0.930s] DEBUG:colcon.colcon_core.event_handler.log_command:Invoking command in '/home/sid/ws/build/tortoisebot_navigation': CMAKE_PREFIX_PATH=${CMAKE_PREFIX_PATH}:/home/sid/ws/install/tortoisebot_control:/opt/ros/humble /usr/bin/cmake --build /home/sid/ws/build/tortoisebot_navigation -- -j12 -l12
[0.931s] Level 1:colcon.colcon_core.environment:create_environment_scripts_only(tortoisebot_slam)
[0.932s] Level 1:colcon.colcon_core.environment:checking '/home/sid/ws/install/tortoisebot_slam' for CMake module files
[0.933s] DEBUG:colcon.colcon_core.event_handler.log_command:Invoked command in '/home/sid/ws/build/tortoisebot_slam' returned '0': CMAKE_PREFIX_PATH=${CMAKE_PREFIX_PATH}:/home/sid/ws/install/tortoisebot_control:/opt/ros/humble /usr/bin/cmake --install /home/sid/ws/build/tortoisebot_slam
[0.934s] Level 1:colcon.colcon_core.environment:checking '/home/sid/ws/install/tortoisebot_slam' for CMake config files
[0.934s] Level 1:colcon.colcon_core.shell:create_environment_hook('tortoisebot_slam', 'cmake_prefix_path')
[0.935s] INFO:colcon.colcon_core.shell:Creating environment hook '/home/sid/ws/install/tortoisebot_slam/share/tortoisebot_slam/hook/cmake_prefix_path.ps1'
[0.935s] INFO:colcon.colcon_core.shell:Creating environment descriptor '/home/sid/ws/install/tortoisebot_slam/share/tortoisebot_slam/hook/cmake_prefix_path.dsv'
[0.936s] INFO:colcon.colcon_core.shell:Creating environment hook '/home/sid/ws/install/tortoisebot_slam/share/tortoisebot_slam/hook/cmake_prefix_path.sh'
[0.937s] Level 1:colcon.colcon_core.environment:checking '/home/sid/ws/install/tortoisebot_slam/bin'
[0.937s] Level 1:colcon.colcon_core.environment:checking '/home/sid/ws/install/tortoisebot_slam/lib/pkgconfig/tortoisebot_slam.pc'
[0.938s] Level 1:colcon.colcon_core.environment:checking '/home/sid/ws/install/tortoisebot_slam/lib/python3.10/site-packages'
[0.938s] Level 1:colcon.colcon_core.environment:checking '/home/sid/ws/install/tortoisebot_slam/bin'
[0.939s] INFO:colcon.colcon_core.shell:Creating package script '/home/sid/ws/install/tortoisebot_slam/share/tortoisebot_slam/package.ps1'
[0.940s] INFO:colcon.colcon_core.shell:Creating package descriptor '/home/sid/ws/install/tortoisebot_slam/share/tortoisebot_slam/package.dsv'
[0.940s] INFO:colcon.colcon_core.shell:Creating package script '/home/sid/ws/install/tortoisebot_slam/share/tortoisebot_slam/package.sh'
[0.941s] INFO:colcon.colcon_core.shell:Creating package script '/home/sid/ws/install/tortoisebot_slam/share/tortoisebot_slam/package.bash'
[0.942s] INFO:colcon.colcon_core.shell:Creating package script '/home/sid/ws/install/tortoisebot_slam/share/tortoisebot_slam/package.zsh'
[0.942s] Level 1:colcon.colcon_core.environment:create_file_with_runtime_dependencies(/home/sid/ws/install/tortoisebot_slam/share/colcon-core/packages/tortoisebot_slam)
[0.943s] Level 1:colcon.colcon_core.environment:create_environment_scripts_only(tortoisebot_slam)
[0.943s] Level 1:colcon.colcon_core.environment:checking '/home/sid/ws/install/tortoisebot_slam' for CMake module files
[0.943s] Level 1:colcon.colcon_core.environment:checking '/home/sid/ws/install/tortoisebot_slam' for CMake config files
[0.943s] Level 1:colcon.colcon_core.shell:create_environment_hook('tortoisebot_slam', 'cmake_prefix_path')
[0.944s] INFO:colcon.colcon_core.shell:Creating environment hook '/home/sid/ws/install/tortoisebot_slam/share/tortoisebot_slam/hook/cmake_prefix_path.ps1'
[0.944s] INFO:colcon.colcon_core.shell:Creating environment descriptor '/home/sid/ws/install/tortoisebot_slam/share/tortoisebot_slam/hook/cmake_prefix_path.dsv'
[0.945s] INFO:colcon.colcon_core.shell:Creating environment hook '/home/sid/ws/install/tortoisebot_slam/share/tortoisebot_slam/hook/cmake_prefix_path.sh'
[0.945s] Level 1:colcon.colcon_core.environment:checking '/home/sid/ws/install/tortoisebot_slam/bin'
[0.945s] Level 1:colcon.colcon_core.environment:checking '/home/sid/ws/install/tortoisebot_slam/lib/pkgconfig/tortoisebot_slam.pc'
[0.945s] Level 1:colcon.colcon_core.environment:checking '/home/sid/ws/install/tortoisebot_slam/lib/python3.10/site-packages'
[0.946s] Level 1:colcon.colcon_core.environment:checking '/home/sid/ws/install/tortoisebot_slam/bin'
[0.946s] INFO:colcon.colcon_core.shell:Creating package script '/home/sid/ws/install/tortoisebot_slam/share/tortoisebot_slam/package.ps1'
[0.947s] INFO:colcon.colcon_core.shell:Creating package descriptor '/home/sid/ws/install/tortoisebot_slam/share/tortoisebot_slam/package.dsv'
[0.947s] INFO:colcon.colcon_core.shell:Creating package script '/home/sid/ws/install/tortoisebot_slam/share/tortoisebot_slam/package.sh'
[0.948s] INFO:colcon.colcon_core.shell:Creating package script '/home/sid/ws/install/tortoisebot_slam/share/tortoisebot_slam/package.bash'
[0.948s] INFO:colcon.colcon_core.shell:Creating package script '/home/sid/ws/install/tortoisebot_slam/share/tortoisebot_slam/package.zsh'
[0.948s] Level 1:colcon.colcon_core.environment:create_file_with_runtime_dependencies(/home/sid/ws/install/tortoisebot_slam/share/colcon-core/packages/tortoisebot_slam)
[0.951s] DEBUG:colcon.colcon_core.event_handler.log_command:Invoked command in '/home/sid/ws/build/tortoisebot_description' returned '0': CMAKE_PREFIX_PATH=${CMAKE_PREFIX_PATH}:/home/sid/ws/install/tortoisebot_control:/opt/ros/humble /usr/bin/cmake --build /home/sid/ws/build/tortoisebot_description -- -j12 -l12
[0.953s] DEBUG:colcon.colcon_core.event_handler.log_command:Invoking command in '/home/sid/ws/build/tortoisebot_description': CMAKE_PREFIX_PATH=${CMAKE_PREFIX_PATH}:/home/sid/ws/install/tortoisebot_control:/opt/ros/humble /usr/bin/cmake --install /home/sid/ws/build/tortoisebot_description
[0.961s] DEBUG:colcon.colcon_core.event_handler.log_command:Invoked command in '/home/sid/ws/build/tortoisebot_gazebo' returned '0': CMAKE_PREFIX_PATH=${CMAKE_PREFIX_PATH}:/home/sid/ws/install/tortoisebot_control:/opt/ros/humble /usr/bin/cmake --build /home/sid/ws/build/tortoisebot_gazebo -- -j12 -l12
[0.965s] DEBUG:colcon.colcon_core.event_handler.log_command:Invoking command in '/home/sid/ws/build/tortoisebot_gazebo': CMAKE_PREFIX_PATH=${CMAKE_PREFIX_PATH}:/home/sid/ws/install/tortoisebot_control:/opt/ros/humble /usr/bin/cmake --install /home/sid/ws/build/tortoisebot_gazebo
[0.968s] DEBUG:colcon.colcon_core.event_handler.log_command:Invoked command in '/home/sid/ws/build/tortoisebot_imu' returned '0': CMAKE_PREFIX_PATH=${CMAKE_PREFIX_PATH}:/home/sid/ws/install/tortoisebot_control:/opt/ros/humble /usr/bin/cmake --build /home/sid/ws/build/tortoisebot_imu -- -j12 -l12
[0.973s] DEBUG:colcon.colcon_core.event_handler.log_command:Invoking command in '/home/sid/ws/build/tortoisebot_imu': CMAKE_PREFIX_PATH=${CMAKE_PREFIX_PATH}:/home/sid/ws/install/tortoisebot_control:/opt/ros/humble /usr/bin/cmake --install /home/sid/ws/build/tortoisebot_imu
[0.977s] Level 1:colcon.colcon_core.environment:create_environment_scripts_only(tortoisebot_description)
[0.978s] Level 1:colcon.colcon_core.environment:checking '/home/sid/ws/install/tortoisebot_description' for CMake module files
[0.979s] DEBUG:colcon.colcon_core.event_handler.log_command:Invoked command in '/home/sid/ws/build/tortoisebot_description' returned '0': CMAKE_PREFIX_PATH=${CMAKE_PREFIX_PATH}:/home/sid/ws/install/tortoisebot_control:/opt/ros/humble /usr/bin/cmake --install /home/sid/ws/build/tortoisebot_description
[0.980s] Level 1:colcon.colcon_core.environment:checking '/home/sid/ws/install/tortoisebot_description' for CMake config files
[0.980s] Level 1:colcon.colcon_core.shell:create_environment_hook('tortoisebot_description', 'cmake_prefix_path')
[0.981s] INFO:colcon.colcon_core.shell:Creating environment hook '/home/sid/ws/install/tortoisebot_description/share/tortoisebot_description/hook/cmake_prefix_path.ps1'
[0.982s] INFO:colcon.colcon_core.shell:Creating environment descriptor '/home/sid/ws/install/tortoisebot_description/share/tortoisebot_description/hook/cmake_prefix_path.dsv'
[0.983s] INFO:colcon.colcon_core.shell:Creating environment hook '/home/sid/ws/install/tortoisebot_description/share/tortoisebot_description/hook/cmake_prefix_path.sh'
[0.985s] Level 1:colcon.colcon_core.environment:checking '/home/sid/ws/install/tortoisebot_description/bin'
[0.985s] Level 1:colcon.colcon_core.environment:checking '/home/sid/ws/install/tortoisebot_description/lib/pkgconfig/tortoisebot_description.pc'
[0.985s] Level 1:colcon.colcon_core.environment:checking '/home/sid/ws/install/tortoisebot_description/lib/python3.10/site-packages'
[0.986s] Level 1:colcon.colcon_core.environment:checking '/home/sid/ws/install/tortoisebot_description/bin'
[0.987s] INFO:colcon.colcon_core.shell:Creating package script '/home/sid/ws/install/tortoisebot_description/share/tortoisebot_description/package.ps1'
[0.988s] INFO:colcon.colcon_core.shell:Creating package descriptor '/home/sid/ws/install/tortoisebot_description/share/tortoisebot_description/package.dsv'
[0.989s] INFO:colcon.colcon_core.shell:Creating package script '/home/sid/ws/install/tortoisebot_description/share/tortoisebot_description/package.sh'
[0.989s] INFO:colcon.colcon_core.shell:Creating package script '/home/sid/ws/install/tortoisebot_description/share/tortoisebot_description/package.bash'
[0.990s] INFO:colcon.colcon_core.shell:Creating package script '/home/sid/ws/install/tortoisebot_description/share/tortoisebot_description/package.zsh'
[0.990s] Level 1:colcon.colcon_core.environment:create_file_with_runtime_dependencies(/home/sid/ws/install/tortoisebot_description/share/colcon-core/packages/tortoisebot_description)
[0.991s] Level 1:colcon.colcon_core.environment:create_environment_scripts_only(tortoisebot_description)
[0.991s] Level 1:colcon.colcon_core.environment:checking '/home/sid/ws/install/tortoisebot_description' for CMake module files
[0.992s] Level 1:colcon.colcon_core.environment:checking '/home/sid/ws/install/tortoisebot_description' for CMake config files
[0.993s] Level 1:colcon.colcon_core.shell:create_environment_hook('tortoisebot_description', 'cmake_prefix_path')
[0.993s] INFO:colcon.colcon_core.shell:Creating environment hook '/home/sid/ws/install/tortoisebot_description/share/tortoisebot_description/hook/cmake_prefix_path.ps1'
[0.994s] INFO:colcon.colcon_core.shell:Creating environment descriptor '/home/sid/ws/install/tortoisebot_description/share/tortoisebot_description/hook/cmake_prefix_path.dsv'
[0.995s] INFO:colcon.colcon_core.shell:Creating environment hook '/home/sid/ws/install/tortoisebot_description/share/tortoisebot_description/hook/cmake_prefix_path.sh'
[0.996s] Level 1:colcon.colcon_core.environment:checking '/home/sid/ws/install/tortoisebot_description/bin'
[0.996s] Level 1:colcon.colcon_core.environment:checking '/home/sid/ws/install/tortoisebot_description/lib/pkgconfig/tortoisebot_description.pc'
[0.996s] Level 1:colcon.colcon_core.environment:checking '/home/sid/ws/install/tortoisebot_description/lib/python3.10/site-packages'
[0.996s] Level 1:colcon.colcon_core.environment:checking '/home/sid/ws/install/tortoisebot_description/bin'
[0.997s] INFO:colcon.colcon_core.shell:Creating package script '/home/sid/ws/install/tortoisebot_description/share/tortoisebot_description/package.ps1'
[0.997s] INFO:colcon.colcon_core.shell:Creating package descriptor '/home/sid/ws/install/tortoisebot_description/share/tortoisebot_description/package.dsv'
[0.998s] INFO:colcon.colcon_core.shell:Creating package script '/home/sid/ws/install/tortoisebot_description/share/tortoisebot_description/package.sh'
[0.999s] INFO:colcon.colcon_core.shell:Creating package script '/home/sid/ws/install/tortoisebot_description/share/tortoisebot_description/package.bash'
[0.999s] INFO:colcon.colcon_core.shell:Creating package script '/home/sid/ws/install/tortoisebot_description/share/tortoisebot_description/package.zsh'
[1.000s] Level 1:colcon.colcon_core.environment:create_file_with_runtime_dependencies(/home/sid/ws/install/tortoisebot_description/share/colcon-core/packages/tortoisebot_description)
[1.002s] DEBUG:colcon.colcon_core.event_handler.log_command:Invoked command in '/home/sid/ws/build/tortoisebot_navigation' returned '0': CMAKE_PREFIX_PATH=${CMAKE_PREFIX_PATH}:/home/sid/ws/install/tortoisebot_control:/opt/ros/humble /usr/bin/cmake --build /home/sid/ws/build/tortoisebot_navigation -- -j12 -l12
[1.003s] DEBUG:colcon.colcon_core.event_handler.log_command:Invoking command in '/home/sid/ws/build/tortoisebot_navigation': CMAKE_PREFIX_PATH=${CMAKE_PREFIX_PATH}:/home/sid/ws/install/tortoisebot_control:/opt/ros/humble /usr/bin/cmake --install /home/sid/ws/build/tortoisebot_navigation
[1.005s] Level 1:colcon.colcon_core.environment:create_environment_scripts_only(tortoisebot_gazebo)
[1.005s] Level 1:colcon.colcon_core.environment:checking '/home/sid/ws/install/tortoisebot_gazebo' for CMake module files
[1.006s] DEBUG:colcon.colcon_core.event_handler.log_command:Invoked command in '/home/sid/ws/build/tortoisebot_gazebo' returned '0': CMAKE_PREFIX_PATH=${CMAKE_PREFIX_PATH}:/home/sid/ws/install/tortoisebot_control:/opt/ros/humble /usr/bin/cmake --install /home/sid/ws/build/tortoisebot_gazebo
[1.007s] Level 1:colcon.colcon_core.environment:checking '/home/sid/ws/install/tortoisebot_gazebo' for CMake config files
[1.007s] Level 1:colcon.colcon_core.shell:create_environment_hook('tortoisebot_gazebo', 'cmake_prefix_path')
[1.007s] INFO:colcon.colcon_core.shell:Creating environment hook '/home/sid/ws/install/tortoisebot_gazebo/share/tortoisebot_gazebo/hook/cmake_prefix_path.ps1'
[1.008s] INFO:colcon.colcon_core.shell:Creating environment descriptor '/home/sid/ws/install/tortoisebot_gazebo/share/tortoisebot_gazebo/hook/cmake_prefix_path.dsv'
[1.008s] INFO:colcon.colcon_core.shell:Creating environment hook '/home/sid/ws/install/tortoisebot_gazebo/share/tortoisebot_gazebo/hook/cmake_prefix_path.sh'
[1.009s] Level 1:colcon.colcon_core.environment:checking '/home/sid/ws/install/tortoisebot_gazebo/bin'
[1.010s] Level 1:colcon.colcon_core.environment:checking '/home/sid/ws/install/tortoisebot_gazebo/lib/pkgconfig/tortoisebot_gazebo.pc'
[1.010s] Level 1:colcon.colcon_core.environment:checking '/home/sid/ws/install/tortoisebot_gazebo/lib/python3.10/site-packages'
[1.010s] Level 1:colcon.colcon_core.environment:checking '/home/sid/ws/install/tortoisebot_gazebo/bin'
[1.011s] INFO:colcon.colcon_core.shell:Creating package script '/home/sid/ws/install/tortoisebot_gazebo/share/tortoisebot_gazebo/package.ps1'
[1.012s] INFO:colcon.colcon_core.shell:Creating package descriptor '/home/sid/ws/install/tortoisebot_gazebo/share/tortoisebot_gazebo/package.dsv'
[1.013s] INFO:colcon.colcon_core.shell:Creating package script '/home/sid/ws/install/tortoisebot_gazebo/share/tortoisebot_gazebo/package.sh'
[1.015s] INFO:colcon.colcon_core.shell:Creating package script '/home/sid/ws/install/tortoisebot_gazebo/share/tortoisebot_gazebo/package.bash'
[1.015s] INFO:colcon.colcon_core.shell:Creating package script '/home/sid/ws/install/tortoisebot_gazebo/share/tortoisebot_gazebo/package.zsh'
[1.016s] Level 1:colcon.colcon_core.environment:create_file_with_runtime_dependencies(/home/sid/ws/install/tortoisebot_gazebo/share/colcon-core/packages/tortoisebot_gazebo)
[1.017s] Level 1:colcon.colcon_core.environment:create_environment_scripts_only(tortoisebot_gazebo)
[1.017s] Level 1:colcon.colcon_core.environment:checking '/home/sid/ws/install/tortoisebot_gazebo' for CMake module files
[1.018s] Level 1:colcon.colcon_core.environment:checking '/home/sid/ws/install/tortoisebot_gazebo' for CMake config files
[1.018s] Level 1:colcon.colcon_core.shell:create_environment_hook('tortoisebot_gazebo', 'cmake_prefix_path')
[1.019s] INFO:colcon.colcon_core.shell:Creating environment hook '/home/sid/ws/install/tortoisebot_gazebo/share/tortoisebot_gazebo/hook/cmake_prefix_path.ps1'
[1.020s] INFO:colcon.colcon_core.shell:Creating environment descriptor '/home/sid/ws/install/tortoisebot_gazebo/share/tortoisebot_gazebo/hook/cmake_prefix_path.dsv'
[1.021s] INFO:colcon.colcon_core.shell:Creating environment hook '/home/sid/ws/install/tortoisebot_gazebo/share/tortoisebot_gazebo/hook/cmake_prefix_path.sh'
[1.021s] Level 1:colcon.colcon_core.environment:checking '/home/sid/ws/install/tortoisebot_gazebo/bin'
[1.022s] Level 1:colcon.colcon_core.environment:checking '/home/sid/ws/install/tortoisebot_gazebo/lib/pkgconfig/tortoisebot_gazebo.pc'
[1.022s] Level 1:colcon.colcon_core.environment:checking '/home/sid/ws/install/tortoisebot_gazebo/lib/python3.10/site-packages'
[1.022s] Level 1:colcon.colcon_core.environment:checking '/home/sid/ws/install/tortoisebot_gazebo/bin'
[1.023s] INFO:colcon.colcon_core.shell:Creating package script '/home/sid/ws/install/tortoisebot_gazebo/share/tortoisebot_gazebo/package.ps1'
[1.024s] INFO:colcon.colcon_core.shell:Creating package descriptor '/home/sid/ws/install/tortoisebot_gazebo/share/tortoisebot_gazebo/package.dsv'
[1.025s] INFO:colcon.colcon_core.shell:Creating package script '/home/sid/ws/install/tortoisebot_gazebo/share/tortoisebot_gazebo/package.sh'
[1.026s] INFO:colcon.colcon_core.shell:Creating package script '/home/sid/ws/install/tortoisebot_gazebo/share/tortoisebot_gazebo/package.bash'
[1.027s] INFO:colcon.colcon_core.shell:Creating package script '/home/sid/ws/install/tortoisebot_gazebo/share/tortoisebot_gazebo/package.zsh'
[1.028s] Level 1:colcon.colcon_core.environment:create_file_with_runtime_dependencies(/home/sid/ws/install/tortoisebot_gazebo/share/colcon-core/packages/tortoisebot_gazebo)
[1.029s] Level 1:colcon.colcon_core.environment:create_environment_scripts_only(tortoisebot_imu)
[1.029s] Level 1:colcon.colcon_core.environment:checking '/home/sid/ws/install/tortoisebot_imu' for CMake module files
[1.030s] DEBUG:colcon.colcon_core.event_handler.log_command:Invoked command in '/home/sid/ws/build/tortoisebot_imu' returned '0': CMAKE_PREFIX_PATH=${CMAKE_PREFIX_PATH}:/home/sid/ws/install/tortoisebot_control:/opt/ros/humble /usr/bin/cmake --install /home/sid/ws/build/tortoisebot_imu
[1.031s] Level 1:colcon.colcon_core.environment:checking '/home/sid/ws/install/tortoisebot_imu' for CMake config files
[1.031s] Level 1:colcon.colcon_core.shell:create_environment_hook('tortoisebot_imu', 'cmake_prefix_path')
[1.031s] INFO:colcon.colcon_core.shell:Creating environment hook '/home/sid/ws/install/tortoisebot_imu/share/tortoisebot_imu/hook/cmake_prefix_path.ps1'
[1.032s] INFO:colcon.colcon_core.shell:Creating environment descriptor '/home/sid/ws/install/tortoisebot_imu/share/tortoisebot_imu/hook/cmake_prefix_path.dsv'
[1.033s] INFO:colcon.colcon_core.shell:Creating environment hook '/home/sid/ws/install/tortoisebot_imu/share/tortoisebot_imu/hook/cmake_prefix_path.sh'
[1.034s] Level 1:colcon.colcon_core.environment:checking '/home/sid/ws/install/tortoisebot_imu/lib'
[1.034s] Level 1:colcon.colcon_core.environment:checking '/home/sid/ws/install/tortoisebot_imu/bin'
[1.034s] Level 1:colcon.colcon_core.environment:checking '/home/sid/ws/install/tortoisebot_imu/lib/pkgconfig/tortoisebot_imu.pc'
[1.035s] Level 1:colcon.colcon_core.environment:checking '/home/sid/ws/install/tortoisebot_imu/lib/python3.10/site-packages'
[1.036s] Level 1:colcon.colcon_core.environment:checking '/home/sid/ws/install/tortoisebot_imu/bin'
[1.036s] INFO:colcon.colcon_core.shell:Creating package script '/home/sid/ws/install/tortoisebot_imu/share/tortoisebot_imu/package.ps1'
[1.037s] INFO:colcon.colcon_core.shell:Creating package descriptor '/home/sid/ws/install/tortoisebot_imu/share/tortoisebot_imu/package.dsv'
[1.038s] INFO:colcon.colcon_core.shell:Creating package script '/home/sid/ws/install/tortoisebot_imu/share/tortoisebot_imu/package.sh'
[1.038s] INFO:colcon.colcon_core.shell:Creating package script '/home/sid/ws/install/tortoisebot_imu/share/tortoisebot_imu/package.bash'
[1.039s] INFO:colcon.colcon_core.shell:Creating package script '/home/sid/ws/install/tortoisebot_imu/share/tortoisebot_imu/package.zsh'
[1.039s] Level 1:colcon.colcon_core.environment:create_file_with_runtime_dependencies(/home/sid/ws/install/tortoisebot_imu/share/colcon-core/packages/tortoisebot_imu)
[1.040s] Level 1:colcon.colcon_core.environment:create_environment_scripts_only(tortoisebot_imu)
[1.040s] Level 1:colcon.colcon_core.environment:checking '/home/sid/ws/install/tortoisebot_imu' for CMake module files
[1.041s] Level 1:colcon.colcon_core.environment:checking '/home/sid/ws/install/tortoisebot_imu' for CMake config files
[1.041s] Level 1:colcon.colcon_core.shell:create_environment_hook('tortoisebot_imu', 'cmake_prefix_path')
[1.042s] INFO:colcon.colcon_core.shell:Creating environment hook '/home/sid/ws/install/tortoisebot_imu/share/tortoisebot_imu/hook/cmake_prefix_path.ps1'
[1.042s] INFO:colcon.colcon_core.shell:Creating environment descriptor '/home/sid/ws/install/tortoisebot_imu/share/tortoisebot_imu/hook/cmake_prefix_path.dsv'
[1.043s] INFO:colcon.colcon_core.shell:Creating environment hook '/home/sid/ws/install/tortoisebot_imu/share/tortoisebot_imu/hook/cmake_prefix_path.sh'
[1.043s] Level 1:colcon.colcon_core.environment:checking '/home/sid/ws/install/tortoisebot_imu/lib'
[1.043s] Level 1:colcon.colcon_core.environment:checking '/home/sid/ws/install/tortoisebot_imu/bin'
[1.043s] Level 1:colcon.colcon_core.environment:checking '/home/sid/ws/install/tortoisebot_imu/lib/pkgconfig/tortoisebot_imu.pc'
[1.044s] Level 1:colcon.colcon_core.environment:checking '/home/sid/ws/install/tortoisebot_imu/lib/python3.10/site-packages'
[1.044s] Level 1:colcon.colcon_core.environment:checking '/home/sid/ws/install/tortoisebot_imu/bin'
[1.044s] INFO:colcon.colcon_core.shell:Creating package script '/home/sid/ws/install/tortoisebot_imu/share/tortoisebot_imu/package.ps1'
[1.045s] INFO:colcon.colcon_core.shell:Creating package descriptor '/home/sid/ws/install/tortoisebot_imu/share/tortoisebot_imu/package.dsv'
[1.045s] INFO:colcon.colcon_core.shell:Creating package script '/home/sid/ws/install/tortoisebot_imu/share/tortoisebot_imu/package.sh'
[1.046s] INFO:colcon.colcon_core.shell:Creating package script '/home/sid/ws/install/tortoisebot_imu/share/tortoisebot_imu/package.bash'
[1.046s] INFO:colcon.colcon_core.shell:Creating package script '/home/sid/ws/install/tortoisebot_imu/share/tortoisebot_imu/package.zsh'
[1.047s] Level 1:colcon.colcon_core.environment:create_file_with_runtime_dependencies(/home/sid/ws/install/tortoisebot_imu/share/colcon-core/packages/tortoisebot_imu)
[1.048s] Level 1:colcon.colcon_core.environment:create_environment_scripts_only(tortoisebot_navigation)
[1.048s] Level 1:colcon.colcon_core.environment:checking '/home/sid/ws/install/tortoisebot_navigation' for CMake module files
[1.049s] DEBUG:colcon.colcon_core.event_handler.log_command:Invoked command in '/home/sid/ws/build/tortoisebot_navigation' returned '0': CMAKE_PREFIX_PATH=${CMAKE_PREFIX_PATH}:/home/sid/ws/install/tortoisebot_control:/opt/ros/humble /usr/bin/cmake --install /home/sid/ws/build/tortoisebot_navigation
[1.049s] Level 1:colcon.colcon_core.environment:checking '/home/sid/ws/install/tortoisebot_navigation' for CMake config files
[1.050s] Level 1:colcon.colcon_core.shell:create_environment_hook('tortoisebot_navigation', 'cmake_prefix_path')
[1.050s] INFO:colcon.colcon_core.shell:Creating environment hook '/home/sid/ws/install/tortoisebot_navigation/share/tortoisebot_navigation/hook/cmake_prefix_path.ps1'
[1.050s] INFO:colcon.colcon_core.shell:Creating environment descriptor '/home/sid/ws/install/tortoisebot_navigation/share/tortoisebot_navigation/hook/cmake_prefix_path.dsv'
[1.051s] INFO:colcon.colcon_core.shell:Creating environment hook '/home/sid/ws/install/tortoisebot_navigation/share/tortoisebot_navigation/hook/cmake_prefix_path.sh'
[1.051s] Level 1:colcon.colcon_core.environment:checking '/home/sid/ws/install/tortoisebot_navigation/bin'
[1.051s] Level 1:colcon.colcon_core.environment:checking '/home/sid/ws/install/tortoisebot_navigation/lib/pkgconfig/tortoisebot_navigation.pc'
[1.051s] Level 1:colcon.colcon_core.environment:checking '/home/sid/ws/install/tortoisebot_navigation/lib/python3.10/site-packages'
[1.052s] Level 1:colcon.colcon_core.environment:checking '/home/sid/ws/install/tortoisebot_navigation/bin'
[1.052s] INFO:colcon.colcon_core.shell:Creating package script '/home/sid/ws/install/tortoisebot_navigation/share/tortoisebot_navigation/package.ps1'
[1.053s] INFO:colcon.colcon_core.shell:Creating package descriptor '/home/sid/ws/install/tortoisebot_navigation/share/tortoisebot_navigation/package.dsv'
[1.053s] INFO:colcon.colcon_core.shell:Creating package script '/home/sid/ws/install/tortoisebot_navigation/share/tortoisebot_navigation/package.sh'
[1.053s] INFO:colcon.colcon_core.shell:Creating package script '/home/sid/ws/install/tortoisebot_navigation/share/tortoisebot_navigation/package.bash'
[1.054s] INFO:colcon.colcon_core.shell:Creating package script '/home/sid/ws/install/tortoisebot_navigation/share/tortoisebot_navigation/package.zsh'
[1.054s] Level 1:colcon.colcon_core.environment:create_file_with_runtime_dependencies(/home/sid/ws/install/tortoisebot_navigation/share/colcon-core/packages/tortoisebot_navigation)
[1.054s] Level 1:colcon.colcon_core.environment:create_environment_scripts_only(tortoisebot_navigation)
[1.055s] Level 1:colcon.colcon_core.environment:checking '/home/sid/ws/install/tortoisebot_navigation' for CMake module files
[1.055s] Level 1:colcon.colcon_core.environment:checking '/home/sid/ws/install/tortoisebot_navigation' for CMake config files
[1.055s] Level 1:colcon.colcon_core.shell:create_environment_hook('tortoisebot_navigation', 'cmake_prefix_path')
[1.055s] INFO:colcon.colcon_core.shell:Creating environment hook '/home/sid/ws/install/tortoisebot_navigation/share/tortoisebot_navigation/hook/cmake_prefix_path.ps1'
[1.056s] INFO:colcon.colcon_core.shell:Creating environment descriptor '/home/sid/ws/install/tortoisebot_navigation/share/tortoisebot_navigation/hook/cmake_prefix_path.dsv'
[1.056s] INFO:colcon.colcon_core.shell:Creating environment hook '/home/sid/ws/install/tortoisebot_navigation/share/tortoisebot_navigation/hook/cmake_prefix_path.sh'
[1.056s] Level 1:colcon.colcon_core.environment:checking '/home/sid/ws/install/tortoisebot_navigation/bin'
[1.057s] Level 1:colcon.colcon_core.environment:checking '/home/sid/ws/install/tortoisebot_navigation/lib/pkgconfig/tortoisebot_navigation.pc'
[1.057s] Level 1:colcon.colcon_core.environment:checking '/home/sid/ws/install/tortoisebot_navigation/lib/python3.10/site-packages'
[1.057s] Level 1:colcon.colcon_core.environment:checking '/home/sid/ws/install/tortoisebot_navigation/bin'
[1.057s] INFO:colcon.colcon_core.shell:Creating package script '/home/sid/ws/install/tortoisebot_navigation/share/tortoisebot_navigation/package.ps1'
[1.058s] INFO:colcon.colcon_core.shell:Creating package descriptor '/home/sid/ws/install/tortoisebot_navigation/share/tortoisebot_navigation/package.dsv'
[1.059s] INFO:colcon.colcon_core.shell:Creating package script '/home/sid/ws/install/tortoisebot_navigation/share/tortoisebot_navigation/package.sh'
[1.059s] INFO:colcon.colcon_core.shell:Creating package script '/home/sid/ws/install/tortoisebot_navigation/share/tortoisebot_navigation/package.bash'
[1.059s] INFO:colcon.colcon_core.shell:Creating package script '/home/sid/ws/install/tortoisebot_navigation/share/tortoisebot_navigation/package.zsh'
[1.060s] Level 1:colcon.colcon_core.environment:create_file_with_runtime_dependencies(/home/sid/ws/install/tortoisebot_navigation/share/colcon-core/packages/tortoisebot_navigation)
[1.063s] DEBUG:colcon.colcon_core.event_handler.log_command:Invoking command in '/home/sid/ws/build/tortoisebot_control': PYTHONPATH=/home/sid/ws/build/tortoisebot_control/prefix_override:/usr/lib/python3/dist-packages/colcon_core/task/python/colcon_distutils_commands:/home/sid/ws/install/tortoisebot_control/lib/python3.10/site-packages:${PYTHONPATH} /usr/bin/python3 -W ignore:setup.py install is deprecated -W ignore:easy_install command is deprecated setup.py develop --uninstall --editable --build-directory /home/sid/ws/build/tortoisebot_control/build
[1.175s] DEBUG:colcon.colcon_core.event_handler.log_command:Invoked command in '/home/sid/ws/build/tortoisebot_firmware' returned '0': CMAKE_PREFIX_PATH=${CMAKE_PREFIX_PATH}:/home/sid/ws/install/tortoisebot_control:/opt/ros/humble /usr/bin/cmake /home/sid/ws/tortoisebot/tortoisebot_firmware -DCMAKE_INSTALL_PREFIX=/home/sid/ws/install/tortoisebot_firmware
[1.178s] DEBUG:colcon.colcon_core.event_handler.log_command:Invoking command in '/home/sid/ws/build/tortoisebot_firmware': CMAKE_PREFIX_PATH=${CMAKE_PREFIX_PATH}:/home/sid/ws/install/tortoisebot_control:/opt/ros/humble /usr/bin/cmake --build /home/sid/ws/build/tortoisebot_firmware -- -j12 -l12
[1.230s] DEBUG:colcon.colcon_core.event_handler.log_command:Invoked command in '/home/sid/ws/build/tortoisebot_firmware' returned '2': CMAKE_PREFIX_PATH=${CMAKE_PREFIX_PATH}:/home/sid/ws/install/tortoisebot_control:/opt/ros/humble /usr/bin/cmake --build /home/sid/ws/build/tortoisebot_firmware -- -j12 -l12
[1.231s] Level 1:colcon.colcon_core.environment:create_environment_scripts_only(tortoisebot_firmware)
[1.231s] Level 1:colcon.colcon_core.environment:checking '/home/sid/ws/install/tortoisebot_firmware' for CMake module files
[1.231s] Level 1:colcon.colcon_core.environment:checking '/home/sid/ws/install/tortoisebot_firmware' for CMake config files
[1.231s] Level 1:colcon.colcon_core.shell:create_environment_hook('tortoisebot_firmware', 'cmake_prefix_path')
[1.232s] INFO:colcon.colcon_core.shell:Creating environment hook '/home/sid/ws/install/tortoisebot_firmware/share/tortoisebot_firmware/hook/cmake_prefix_path.ps1'
[1.232s] INFO:colcon.colcon_core.shell:Creating environment descriptor '/home/sid/ws/install/tortoisebot_firmware/share/tortoisebot_firmware/hook/cmake_prefix_path.dsv'
[1.232s] INFO:colcon.colcon_core.shell:Creating environment hook '/home/sid/ws/install/tortoisebot_firmware/share/tortoisebot_firmware/hook/cmake_prefix_path.sh'
[1.233s] Level 1:colcon.colcon_core.environment:checking '/home/sid/ws/install/tortoisebot_firmware/lib'
[1.233s] Level 1:colcon.colcon_core.environment:checking '/home/sid/ws/install/tortoisebot_firmware/bin'
[1.233s] Level 1:colcon.colcon_core.environment:checking '/home/sid/ws/install/tortoisebot_firmware/lib/pkgconfig/tortoisebot_firmware.pc'
[1.233s] Level 1:colcon.colcon_core.environment:checking '/home/sid/ws/install/tortoisebot_firmware/lib/python3.10/site-packages'
[1.233s] Level 1:colcon.colcon_core.environment:checking '/home/sid/ws/install/tortoisebot_firmware/bin'
[1.234s] INFO:colcon.colcon_core.shell:Creating package script '/home/sid/ws/install/tortoisebot_firmware/share/tortoisebot_firmware/package.ps1'
[1.234s] INFO:colcon.colcon_core.shell:Creating package descriptor '/home/sid/ws/install/tortoisebot_firmware/share/tortoisebot_firmware/package.dsv'
[1.235s] INFO:colcon.colcon_core.shell:Creating package script '/home/sid/ws/install/tortoisebot_firmware/share/tortoisebot_firmware/package.sh'
[1.235s] INFO:colcon.colcon_core.shell:Creating package script '/home/sid/ws/install/tortoisebot_firmware/share/tortoisebot_firmware/package.bash'
[1.236s] INFO:colcon.colcon_core.shell:Creating package script '/home/sid/ws/install/tortoisebot_firmware/share/tortoisebot_firmware/package.zsh'
[1.236s] Level 1:colcon.colcon_core.environment:create_file_with_runtime_dependencies(/home/sid/ws/install/tortoisebot_firmware/share/colcon-core/packages/tortoisebot_firmware)
[1.461s] DEBUG:colcon.colcon_parallel_executor.executor.parallel:closing loop
[1.461s] DEBUG:colcon.colcon_parallel_executor.executor.parallel:loop closed
[1.461s] DEBUG:colcon.colcon_parallel_executor.executor.parallel:run_until_complete finished with '2'
[1.461s] DEBUG:colcon.colcon_core.event_reactor:joining thread
[1.466s] INFO:colcon.colcon_core.plugin_system:Skipping extension 'colcon_notification.desktop_notification.terminal_notifier': Not used on non-Darwin systems
[1.466s] INFO:colcon.colcon_core.plugin_system:Skipping extension 'colcon_notification.desktop_notification.win32': Not used on non-Windows systems
[1.466s] INFO:colcon.colcon_notification.desktop_notification:Sending desktop notification using 'notify2'
[1.476s] DEBUG:colcon.colcon_core.event_reactor:joined thread
[1.477s] INFO:colcon.colcon_core.shell:Creating prefix script '/home/sid/ws/install/local_setup.ps1'
[1.478s] INFO:colcon.colcon_core.shell:Creating prefix util module '/home/sid/ws/install/_local_setup_util_ps1.py'
[1.479s] INFO:colcon.colcon_core.shell:Creating prefix chain script '/home/sid/ws/install/setup.ps1'
[1.481s] INFO:colcon.colcon_core.shell:Creating prefix script '/home/sid/ws/install/local_setup.sh'
[1.481s] INFO:colcon.colcon_core.shell:Creating prefix util module '/home/sid/ws/install/_local_setup_util_sh.py'
[1.482s] INFO:colcon.colcon_core.shell:Creating prefix chain script '/home/sid/ws/install/setup.sh'
[1.483s] INFO:colcon.colcon_core.shell:Creating prefix script '/home/sid/ws/install/local_setup.bash'
[1.483s] INFO:colcon.colcon_core.shell:Creating prefix chain script '/home/sid/ws/install/setup.bash'
[1.484s] INFO:colcon.colcon_core.shell:Creating prefix script '/home/sid/ws/install/local_setup.zsh'
[1.485s] INFO:colcon.colcon_core.shell:Creating prefix chain script '/home/sid/ws/install/setup.zsh'
