[0.048s] Invoking command in '/home/sid/ws/build/tortoisebot_bringup': CMAKE_PREFIX_PATH=${CMAKE_PREFIX_PATH}:/home/sid/ws/install/tortoisebot_control:/opt/ros/humble /usr/bin/cmake /home/sid/ws/tortoisebot/tortoisebot_bringup -DCMAKE_INSTALL_PREFIX=/home/sid/ws/install/tortoisebot_bringup
[0.284s] -- Found ament_cmake: 1.3.11 (/opt/ros/humble/share/ament_cmake/cmake)
[0.284s] -- Override CMake install command with custom implementation using symlinks instead of copying resources
[0.284s] -- Found ament_lint_auto: 0.12.11 (/opt/ros/humble/share/ament_lint_auto/cmake)
[0.284s] -- Added test 'copyright' to check source files copyright and LICENSE
[0.284s] -- Added test 'flake8' to check Python code syntax and style conventions
[0.284s] -- Added test 'lint_cmake' to check CMake code style
[0.285s] -- Added test 'pep257' to check Python code against some of the docstring style conventions in PEP 257
[0.285s] -- Added test 'xmllint' to check XML markup files
[0.285s] -- Configuring done
[0.285s] -- Generating done
[0.285s] -- Build files have been written to: /home/sid/ws/build/tortoisebot_bringup
[0.298s] Invoked command in '/home/sid/ws/build/tortoisebot_bringup' returned '0': CMAKE_PREFIX_PATH=${CMAKE_PREFIX_PATH}:/home/sid/ws/install/tortoisebot_control:/opt/ros/humble /usr/bin/cmake /home/sid/ws/tortoisebot/tortoisebot_bringup -DCMAKE_INSTALL_PREFIX=/home/sid/ws/install/tortoisebot_bringup
[0.299s] Invoking command in '/home/sid/ws/build/tortoisebot_bringup': CMAKE_PREFIX_PATH=${CMAKE_PREFIX_PATH}:/home/sid/ws/install/tortoisebot_control:/opt/ros/humble /usr/bin/cmake --build /home/sid/ws/build/tortoisebot_bringup -- -j12 -l12
[0.360s] Invoked command in '/home/sid/ws/build/tortoisebot_bringup' returned '0': CMAKE_PREFIX_PATH=${CMAKE_PREFIX_PATH}:/home/sid/ws/install/tortoisebot_control:/opt/ros/humble /usr/bin/cmake --build /home/sid/ws/build/tortoisebot_bringup -- -j12 -l12
[0.372s] Invoking command in '/home/sid/ws/build/tortoisebot_bringup': CMAKE_PREFIX_PATH=${CMAKE_PREFIX_PATH}:/home/sid/ws/install/tortoisebot_control:/opt/ros/humble /usr/bin/cmake --install /home/sid/ws/build/tortoisebot_bringup
[0.383s] -- Install configuration: ""
[0.384s] -- Execute custom install script
[0.384s] -- Up-to-date symlink: /home/sid/ws/install/tortoisebot_bringup/share/tortoisebot_bringup/launch/autobringup.launch.py
[0.384s] -- Up-to-date symlink: /home/sid/ws/install/tortoisebot_bringup/share/tortoisebot_bringup/launch/bringup.launch.py
[0.385s] -- Up-to-date symlink: /home/sid/ws/install/tortoisebot_bringup/share/tortoisebot_bringup/maps/room2.pgm
[0.385s] -- Up-to-date symlink: /home/sid/ws/install/tortoisebot_bringup/share/tortoisebot_bringup/maps/room2.yaml
[0.385s] -- Up-to-date symlink: /home/sid/ws/install/tortoisebot_bringup/share/ament_index/resource_index/package_run_dependencies/tortoisebot_bringup
[0.385s] -- Up-to-date symlink: /home/sid/ws/install/tortoisebot_bringup/share/ament_index/resource_index/parent_prefix_path/tortoisebot_bringup
[0.386s] -- Up-to-date symlink: /home/sid/ws/install/tortoisebot_bringup/share/tortoisebot_bringup/environment/ament_prefix_path.sh
[0.386s] -- Up-to-date symlink: /home/sid/ws/install/tortoisebot_bringup/share/tortoisebot_bringup/environment/ament_prefix_path.dsv
[0.386s] -- Up-to-date symlink: /home/sid/ws/install/tortoisebot_bringup/share/tortoisebot_bringup/environment/path.sh
[0.386s] -- Up-to-date symlink: /home/sid/ws/install/tortoisebot_bringup/share/tortoisebot_bringup/environment/path.dsv
[0.386s] -- Up-to-date symlink: /home/sid/ws/install/tortoisebot_bringup/share/tortoisebot_bringup/local_setup.bash
[0.386s] -- Up-to-date symlink: /home/sid/ws/install/tortoisebot_bringup/share/tortoisebot_bringup/local_setup.sh
[0.387s] -- Up-to-date symlink: /home/sid/ws/install/tortoisebot_bringup/share/tortoisebot_bringup/local_setup.zsh
[0.387s] -- Up-to-date symlink: /home/sid/ws/install/tortoisebot_bringup/share/tortoisebot_bringup/local_setup.dsv
[0.387s] -- Symlinking: /home/sid/ws/install/tortoisebot_bringup/share/tortoisebot_bringup/package.dsv
[0.398s] -- Up-to-date symlink: /home/sid/ws/install/tortoisebot_bringup/share/ament_index/resource_index/packages/tortoisebot_bringup
[0.399s] -- Up-to-date symlink: /home/sid/ws/install/tortoisebot_bringup/share/tortoisebot_bringup/cmake/tortoisebot_bringupConfig.cmake
[0.399s] -- Up-to-date symlink: /home/sid/ws/install/tortoisebot_bringup/share/tortoisebot_bringup/cmake/tortoisebot_bringupConfig-version.cmake
[0.399s] -- Up-to-date symlink: /home/sid/ws/install/tortoisebot_bringup/share/tortoisebot_bringup/package.xml
[0.401s] Invoked command in '/home/sid/ws/build/tortoisebot_bringup' returned '0': CMAKE_PREFIX_PATH=${CMAKE_PREFIX_PATH}:/home/sid/ws/install/tortoisebot_control:/opt/ros/humble /usr/bin/cmake --install /home/sid/ws/build/tortoisebot_bringup
