-- Found ament_cmake: 1.3.11 (/opt/ros/humble/share/ament_cmake/cmake)
-- Override CMake install command with custom implementation using symlinks instead of copying resources
-- Found ament_lint_auto: 0.12.11 (/opt/ros/humble/share/ament_lint_auto/cmake)
-- Added test 'copyright' to check source files copyright and LICENSE
-- Added test 'flake8' to check Python code syntax and style conventions
-- Added test 'lint_cmake' to check CMake code style
-- Added test 'pep257' to check Python code against some of the docstring style conventions in PEP 257
-- Added test 'xmllint' to check XML markup files
-- Configuring done
-- Generating done
-- Build files have been written to: /home/sid/ws/build/tortoisebot_navigation
-- Install configuration: ""
-- Execute custom install script
-- Symlinking: /home/sid/ws/install/tortoisebot_navigation/share/tortoisebot_navigation/launch/navigation.launch.py
-- Symlinking: /home/sid/ws/install/tortoisebot_navigation/share/tortoisebot_navigation/config/nav2_params_robot.yaml
-- Symlinking: /home/sid/ws/install/tortoisebot_navigation/share/tortoisebot_navigation/config/nav2_params_simulation.yaml
-- Symlinking: /home/sid/ws/install/tortoisebot_navigation/share/ament_index/resource_index/package_run_dependencies/tortoisebot_navigation
-- Symlinking: /home/sid/ws/install/tortoisebot_navigation/share/ament_index/resource_index/parent_prefix_path/tortoisebot_navigation
-- Symlinking: /home/sid/ws/install/tortoisebot_navigation/share/tortoisebot_navigation/environment/ament_prefix_path.sh
-- Symlinking: /home/sid/ws/install/tortoisebot_navigation/share/tortoisebot_navigation/environment/ament_prefix_path.dsv
-- Symlinking: /home/sid/ws/install/tortoisebot_navigation/share/tortoisebot_navigation/environment/path.sh
-- Symlinking: /home/sid/ws/install/tortoisebot_navigation/share/tortoisebot_navigation/environment/path.dsv
-- Symlinking: /home/sid/ws/install/tortoisebot_navigation/share/tortoisebot_navigation/local_setup.bash
-- Symlinking: /home/sid/ws/install/tortoisebot_navigation/share/tortoisebot_navigation/local_setup.sh
-- Symlinking: /home/sid/ws/install/tortoisebot_navigation/share/tortoisebot_navigation/local_setup.zsh
-- Symlinking: /home/sid/ws/install/tortoisebot_navigation/share/tortoisebot_navigation/local_setup.dsv
-- Symlinking: /home/sid/ws/install/tortoisebot_navigation/share/tortoisebot_navigation/package.dsv
-- Symlinking: /home/sid/ws/install/tortoisebot_navigation/share/ament_index/resource_index/packages/tortoisebot_navigation
-- Symlinking: /home/sid/ws/install/tortoisebot_navigation/share/tortoisebot_navigation/cmake/tortoisebot_navigationConfig.cmake
-- Symlinking: /home/sid/ws/install/tortoisebot_navigation/share/tortoisebot_navigation/cmake/tortoisebot_navigationConfig-version.cmake
-- Symlinking: /home/sid/ws/install/tortoisebot_navigation/share/tortoisebot_navigation/package.xml
