[0.453s] Invoking command in '/home/sid/ws/tortoisebot/tortoisebot_control': PYTHONPATH=/home/sid/ws/build/tortoisebot_control/prefix_override:/usr/lib/python3/dist-packages/colcon_core/task/python/colcon_distutils_commands:/home/sid/ws/install/tortoisebot_control/lib/python3.10/site-packages:${PYTHONPATH} /usr/bin/python3 -W ignore:setup.py install is deprecated -W ignore:easy_install command is deprecated setup.py egg_info --egg-base ../../build/tortoisebot_control build --build-base /home/sid/ws/build/tortoisebot_control/build install --record /home/sid/ws/build/tortoisebot_control/install.log --single-version-externally-managed install_data
[0.595s] running egg_info
[0.595s] writing ../../build/tortoisebot_control/tortoisebot_control.egg-info/PKG-INFO
[0.595s] writing dependency_links to ../../build/tortoisebot_control/tortoisebot_control.egg-info/dependency_links.txt
[0.596s] writing entry points to ../../build/tortoisebot_control/tortoisebot_control.egg-info/entry_points.txt
[0.596s] writing requirements to ../../build/tortoisebot_control/tortoisebot_control.egg-info/requires.txt
[0.596s] writing top-level names to ../../build/tortoisebot_control/tortoisebot_control.egg-info/top_level.txt
[0.597s] reading manifest file '../../build/tortoisebot_control/tortoisebot_control.egg-info/SOURCES.txt'
[0.597s] writing manifest file '../../build/tortoisebot_control/tortoisebot_control.egg-info/SOURCES.txt'
[0.597s] running build
[0.597s] running build_py
[0.598s] running install
[0.598s] running install_lib
[0.598s] running install_data
[0.599s] running install_egg_info
[0.600s] removing '/home/sid/ws/install/tortoisebot_control/lib/python3.10/site-packages/tortoisebot_control-0.0.0-py3.10.egg-info' (and everything under it)
[0.600s] Copying ../../build/tortoisebot_control/tortoisebot_control.egg-info to /home/sid/ws/install/tortoisebot_control/lib/python3.10/site-packages/tortoisebot_control-0.0.0-py3.10.egg-info
[0.600s] running install_scripts
[0.614s] Installing teleop_twist_keyboard script to /home/sid/ws/install/tortoisebot_control/lib/tortoisebot_control
[0.614s] writing list of installed files to '/home/sid/ws/build/tortoisebot_control/install.log'
[0.631s] Invoked command in '/home/sid/ws/tortoisebot/tortoisebot_control' returned '0': PYTHONPATH=/home/sid/ws/build/tortoisebot_control/prefix_override:/usr/lib/python3/dist-packages/colcon_core/task/python/colcon_distutils_commands:/home/sid/ws/install/tortoisebot_control/lib/python3.10/site-packages:${PYTHONPATH} /usr/bin/python3 -W ignore:setup.py install is deprecated -W ignore:easy_install command is deprecated setup.py egg_info --egg-base ../../build/tortoisebot_control build --build-base /home/sid/ws/build/tortoisebot_control/build install --record /home/sid/ws/build/tortoisebot_control/install.log --single-version-externally-managed install_data
