[0.247s] Invoking command in '/home/sid/ws/build/tortoisebot_gazebo': CMAKE_PREFIX_PATH=${CMAKE_PREFIX_PATH}:/home/sid/ws/install/tortoisebot_control:/opt/ros/humble /usr/bin/cmake /home/sid/ws/tortoisebot/tortoisebot_gazebo -DAMENT_CMAKE_SYMLINK_INSTALL=1 -DCMAKE_INSTALL_PREFIX=/home/sid/ws/install/tortoisebot_gazebo
[0.261s] -- Found ament_cmake: 1.3.11 (/opt/ros/humble/share/ament_cmake/cmake)
[0.410s] -- Override CMake install command with custom implementation using symlinks instead of copying resources
[0.420s] -- Found ament_lint_auto: 0.12.11 (/opt/ros/humble/share/ament_lint_auto/cmake)
[0.506s] -- Added test 'copyright' to check source files copyright and LICENSE
[0.508s] -- Added test 'flake8' to check Python code syntax and style conventions
[0.508s] -- Added test 'lint_cmake' to check CMake code style
[0.509s] -- Added test 'pep257' to check Python code against some of the docstring style conventions in PEP 257
[0.509s] -- Added test 'xmllint' to check XML markup files
[0.510s] -- Configuring done
[0.513s] -- Generating done
[0.515s] -- Build files have been written to: /home/sid/ws/build/tortoisebot_gazebo
[0.518s] Invoked command in '/home/sid/ws/build/tortoisebot_gazebo' returned '0': CMAKE_PREFIX_PATH=${CMAKE_PREFIX_PATH}:/home/sid/ws/install/tortoisebot_control:/opt/ros/humble /usr/bin/cmake /home/sid/ws/tortoisebot/tortoisebot_gazebo -DAMENT_CMAKE_SYMLINK_INSTALL=1 -DCMAKE_INSTALL_PREFIX=/home/sid/ws/install/tortoisebot_gazebo
[0.521s] Invoking command in '/home/sid/ws/build/tortoisebot_gazebo': CMAKE_PREFIX_PATH=${CMAKE_PREFIX_PATH}:/home/sid/ws/install/tortoisebot_control:/opt/ros/humble /usr/bin/cmake --build /home/sid/ws/build/tortoisebot_gazebo -- -j12 -l12
[0.577s] Invoked command in '/home/sid/ws/build/tortoisebot_gazebo' returned '0': CMAKE_PREFIX_PATH=${CMAKE_PREFIX_PATH}:/home/sid/ws/install/tortoisebot_control:/opt/ros/humble /usr/bin/cmake --build /home/sid/ws/build/tortoisebot_gazebo -- -j12 -l12
[0.579s] Invoking command in '/home/sid/ws/build/tortoisebot_gazebo': CMAKE_PREFIX_PATH=${CMAKE_PREFIX_PATH}:/home/sid/ws/install/tortoisebot_control:/opt/ros/humble /usr/bin/cmake --install /home/sid/ws/build/tortoisebot_gazebo
[0.589s] -- Install configuration: ""
[0.590s] -- Execute custom install script
[0.590s] -- Symlinking: /home/sid/ws/install/tortoisebot_gazebo/share/tortoisebot_gazebo/gazebo/tortoisebot_materials.gazebo
[0.600s] -- Symlinking: /home/sid/ws/install/tortoisebot_gazebo/share/tortoisebot_gazebo/gazebo/tortoisebot_physics.gazebo
[0.613s] -- Symlinking: /home/sid/ws/install/tortoisebot_gazebo/share/tortoisebot_gazebo/gazebo/tortoisebot_plugins.gazebo
[0.627s] -- Symlinking: /home/sid/ws/install/tortoisebot_gazebo/share/tortoisebot_gazebo/launch/gazebo.launch.py
[0.642s] -- Symlinking: /home/sid/ws/install/tortoisebot_gazebo/share/tortoisebot_gazebo/worlds/room2.sdf
[0.653s] -- Symlinking: /home/sid/ws/install/tortoisebot_gazebo/share/ament_index/resource_index/package_run_dependencies/tortoisebot_gazebo
[0.666s] -- Symlinking: /home/sid/ws/install/tortoisebot_gazebo/share/ament_index/resource_index/parent_prefix_path/tortoisebot_gazebo
[0.681s] -- Symlinking: /home/sid/ws/install/tortoisebot_gazebo/share/tortoisebot_gazebo/environment/ament_prefix_path.sh
[0.696s] -- Symlinking: /home/sid/ws/install/tortoisebot_gazebo/share/tortoisebot_gazebo/environment/ament_prefix_path.dsv
[0.709s] -- Symlinking: /home/sid/ws/install/tortoisebot_gazebo/share/tortoisebot_gazebo/environment/path.sh
[0.721s] -- Symlinking: /home/sid/ws/install/tortoisebot_gazebo/share/tortoisebot_gazebo/environment/path.dsv
[0.735s] -- Symlinking: /home/sid/ws/install/tortoisebot_gazebo/share/tortoisebot_gazebo/local_setup.bash
[0.745s] -- Symlinking: /home/sid/ws/install/tortoisebot_gazebo/share/tortoisebot_gazebo/local_setup.sh
[0.758s] -- Symlinking: /home/sid/ws/install/tortoisebot_gazebo/share/tortoisebot_gazebo/local_setup.zsh
[0.768s] -- Symlinking: /home/sid/ws/install/tortoisebot_gazebo/share/tortoisebot_gazebo/local_setup.dsv
[0.777s] -- Symlinking: /home/sid/ws/install/tortoisebot_gazebo/share/tortoisebot_gazebo/package.dsv
[0.788s] -- Symlinking: /home/sid/ws/install/tortoisebot_gazebo/share/ament_index/resource_index/packages/tortoisebot_gazebo
[0.798s] -- Symlinking: /home/sid/ws/install/tortoisebot_gazebo/share/tortoisebot_gazebo/cmake/tortoisebot_gazeboConfig.cmake
[0.808s] -- Symlinking: /home/sid/ws/install/tortoisebot_gazebo/share/tortoisebot_gazebo/cmake/tortoisebot_gazeboConfig-version.cmake
[0.821s] -- Symlinking: /home/sid/ws/install/tortoisebot_gazebo/share/tortoisebot_gazebo/package.xml
[0.839s] Invoked command in '/home/sid/ws/build/tortoisebot_gazebo' returned '0': CMAKE_PREFIX_PATH=${CMAKE_PREFIX_PATH}:/home/sid/ws/install/tortoisebot_control:/opt/ros/humble /usr/bin/cmake --install /home/sid/ws/build/tortoisebot_gazebo
