[0.256s] Invoking command in '/home/sid/ws/build/v4l2_camera': CMAKE_PREFIX_PATH=${CMAKE_PREFIX_PATH}:/home/sid/ws/install/tortoisebot_control:/opt/ros/humble /usr/bin/cmake /home/sid/ws/tortoisebot/v4l2_camera -DCMAKE_INSTALL_PREFIX=/home/sid/ws/install/v4l2_camera
[0.277s] -- Found ament_cmake: 1.3.11 (/opt/ros/humble/share/ament_cmake/cmake)
[0.457s] -- Override CMake install command with custom implementation using symlinks instead of copying resources
[0.469s] -- Found ament_cmake_ros: 0.10.0 (/opt/ros/humble/share/ament_cmake_ros/cmake)
[0.473s] -- Found rclcpp: 16.0.11 (/opt/ros/humble/share/rclcpp/cmake)
[0.525s] -- Found rosidl_generator_c: 3.1.6 (/opt/ros/humble/share/rosidl_generator_c/cmake)
[0.530s] -- Found rosidl_adapter: 3.1.6 (/opt/ros/humble/share/rosidl_adapter/cmake)
[0.541s] -- Found rosidl_generator_cpp: 3.1.6 (/opt/ros/humble/share/rosidl_generator_cpp/cmake)
[0.559s] -- Using all available rosidl_typesupport_c: rosidl_typesupport_fastrtps_c;rosidl_typesupport_introspection_c
[0.584s] -- Using all available rosidl_typesupport_cpp: rosidl_typesupport_fastrtps_cpp;rosidl_typesupport_introspection_cpp
[0.634s] -- Found rmw_implementation_cmake: 6.1.2 (/opt/ros/humble/share/rmw_implementation_cmake/cmake)
[0.638s] -- Found rmw_fastrtps_cpp: 6.2.7 (/opt/ros/humble/share/rmw_fastrtps_cpp/cmake)
[0.751s] -- Using RMW implementation 'rmw_fastrtps_cpp' as default
[0.800s] -- Found rclcpp_components: 16.0.11 (/opt/ros/humble/share/rclcpp_components/cmake)
[0.818s] -- Found camera_info_manager: 3.1.10 (/opt/ros/humble/share/camera_info_manager/cmake)
[0.855s] -- Found cv_bridge: 3.2.1 (/opt/ros/humble/share/cv_bridge/cmake)
[0.863s] -- Found image_transport: 3.1.10 (/opt/ros/humble/share/image_transport/cmake)
[0.883s] -- Found ament_lint_auto: 0.12.11 (/opt/ros/humble/share/ament_lint_auto/cmake)
[0.954s] -- Added test 'cppcheck' to perform static code analysis on C / C++ code
[0.955s] -- Configured cppcheck include dirs: $<BUILD_INTERFACE:/home/sid/ws/tortoisebot/v4l2_camera/include>
[0.955s] -- Configured cppcheck exclude dirs and/or files: 
[0.955s] -- Added test 'cpplint' to check C / C++ code against the Google style
[0.956s] -- Configured cpplint exclude dirs and/or files: 
[0.956s] -- Added test 'lint_cmake' to check CMake code style
[0.957s] -- Added test 'uncrustify' to check C / C++ code style
[0.957s] -- Configured uncrustify additional arguments: 
[0.957s] -- Added test 'xmllint' to check XML markup files
[0.960s] -- Configuring done
[0.975s] -- Generating done
[0.983s] -- Build files have been written to: /home/sid/ws/build/v4l2_camera
