[0.248s] Invoking command in '/home/sid/ws/build/tortoisebot_slam': CMAKE_PREFIX_PATH=/opt/ros/humble /usr/bin/cmake /home/sid/ws/tortoisebot/tortoisebot_slam -DCMAKE_INSTALL_PREFIX=/home/sid/ws/install/tortoisebot_slam
[0.326s] -- The C compiler identification is GNU 11.4.0
[0.413s] -- The CXX compiler identification is GNU 11.4.0
[0.425s] -- Detecting C compiler ABI info
[0.512s] -- Detecting C compiler ABI info - done
[0.522s] -- Check for working C compiler: /usr/bin/cc - skipped
[0.523s] -- Detecting C compile features
[0.523s] -- Detecting C compile features - done
[0.527s] -- Detecting CXX compiler ABI info
[0.646s] -- Detecting CXX compiler ABI info - done
[0.659s] -- Check for working CXX compiler: /usr/bin/c++ - skipped
[0.659s] -- Detecting CXX compile features
[0.660s] -- Detecting CXX compile features - done
[0.664s] -- Found ament_cmake: 1.3.11 (/opt/ros/humble/share/ament_cmake/cmake)
[0.879s] -- Found Python3: /usr/bin/python3 (found version "3.10.12") found components: Interpreter 
[1.014s] -- Found ament_lint_auto: 0.12.11 (/opt/ros/humble/share/ament_lint_auto/cmake)
[1.109s] -- Added test 'copyright' to check source files copyright and LICENSE
[1.112s] -- Added test 'flake8' to check Python code syntax and style conventions
[1.112s] -- Added test 'lint_cmake' to check CMake code style
[1.113s] -- Added test 'pep257' to check Python code against some of the docstring style conventions in PEP 257
[1.114s] -- Added test 'xmllint' to check XML markup files
[1.116s] -- Configuring done
[1.119s] -- Generating done
[1.121s] -- Build files have been written to: /home/sid/ws/build/tortoisebot_slam
[1.126s] Invoked command in '/home/sid/ws/build/tortoisebot_slam' returned '0': CMAKE_PREFIX_PATH=/opt/ros/humble /usr/bin/cmake /home/sid/ws/tortoisebot/tortoisebot_slam -DCMAKE_INSTALL_PREFIX=/home/sid/ws/install/tortoisebot_slam
[1.129s] Invoking command in '/home/sid/ws/build/tortoisebot_slam': CMAKE_PREFIX_PATH=/opt/ros/humble /usr/bin/cmake --build /home/sid/ws/build/tortoisebot_slam -- -j12 -l12
[1.186s] Invoked command in '/home/sid/ws/build/tortoisebot_slam' returned '0': CMAKE_PREFIX_PATH=/opt/ros/humble /usr/bin/cmake --build /home/sid/ws/build/tortoisebot_slam -- -j12 -l12
[1.188s] Invoking command in '/home/sid/ws/build/tortoisebot_slam': CMAKE_PREFIX_PATH=/opt/ros/humble /usr/bin/cmake --install /home/sid/ws/build/tortoisebot_slam
[1.203s] -- Install configuration: ""
[1.203s] -- Installing: /home/sid/ws/install/tortoisebot_slam/share/tortoisebot_slam/launch
[1.203s] -- Installing: /home/sid/ws/install/tortoisebot_slam/share/tortoisebot_slam/launch/cartographer.launch.py
[1.203s] -- Installing: /home/sid/ws/install/tortoisebot_slam/share/tortoisebot_slam/config
[1.203s] -- Installing: /home/sid/ws/install/tortoisebot_slam/share/tortoisebot_slam/config/slam.lua
[1.203s] -- Installing: /home/sid/ws/install/tortoisebot_slam/share/tortoisebot_slam/config/ekf.yaml
[1.203s] -- Installing: /home/sid/ws/install/tortoisebot_slam/share/ament_index/resource_index/package_run_dependencies/tortoisebot_slam
[1.203s] -- Installing: /home/sid/ws/install/tortoisebot_slam/share/ament_index/resource_index/parent_prefix_path/tortoisebot_slam
[1.204s] -- Installing: /home/sid/ws/install/tortoisebot_slam/share/tortoisebot_slam/environment/ament_prefix_path.sh
[1.204s] -- Installing: /home/sid/ws/install/tortoisebot_slam/share/tortoisebot_slam/environment/ament_prefix_path.dsv
[1.204s] -- Installing: /home/sid/ws/install/tortoisebot_slam/share/tortoisebot_slam/environment/path.sh
[1.204s] -- Installing: /home/sid/ws/install/tortoisebot_slam/share/tortoisebot_slam/environment/path.dsv
[1.204s] -- Installing: /home/sid/ws/install/tortoisebot_slam/share/tortoisebot_slam/local_setup.bash
[1.204s] -- Installing: /home/sid/ws/install/tortoisebot_slam/share/tortoisebot_slam/local_setup.sh
[1.204s] -- Installing: /home/sid/ws/install/tortoisebot_slam/share/tortoisebot_slam/local_setup.zsh
[1.205s] -- Installing: /home/sid/ws/install/tortoisebot_slam/share/tortoisebot_slam/local_setup.dsv
[1.205s] -- Installing: /home/sid/ws/install/tortoisebot_slam/share/tortoisebot_slam/package.dsv
[1.205s] -- Installing: /home/sid/ws/install/tortoisebot_slam/share/ament_index/resource_index/packages/tortoisebot_slam
[1.205s] -- Installing: /home/sid/ws/install/tortoisebot_slam/share/tortoisebot_slam/cmake/tortoisebot_slamConfig.cmake
[1.205s] -- Installing: /home/sid/ws/install/tortoisebot_slam/share/tortoisebot_slam/cmake/tortoisebot_slamConfig-version.cmake
[1.205s] -- Installing: /home/sid/ws/install/tortoisebot_slam/share/tortoisebot_slam/package.xml
[1.230s] Invoked command in '/home/sid/ws/build/tortoisebot_slam' returned '0': CMAKE_PREFIX_PATH=/opt/ros/humble /usr/bin/cmake --install /home/sid/ws/build/tortoisebot_slam
