[0.245s] Invoking command in '/home/sid/ws/build/tortoisebot_description': CMAKE_PREFIX_PATH=/opt/ros/humble /usr/bin/cmake /home/sid/ws/tortoisebot/tortoisebot_description -DCMAKE_INSTALL_PREFIX=/home/sid/ws/install/tortoisebot_description
[0.313s] -- The C compiler identification is GNU 11.4.0
[0.396s] -- The CXX compiler identification is GNU 11.4.0
[0.403s] -- Detecting C compiler ABI info
[0.496s] -- Detecting C compiler ABI info - done
[0.510s] -- Check for working C compiler: /usr/bin/cc - skipped
[0.510s] -- Detecting C compile features
[0.511s] -- Detecting C compile features - done
[0.516s] -- Detecting CXX compiler ABI info
[0.629s] -- Detecting CXX compiler ABI info - done
[0.643s] -- Check for working CXX compiler: /usr/bin/c++ - skipped
[0.643s] -- Detecting CXX compile features
[0.644s] -- Detecting CXX compile features - done
[0.648s] -- Found ament_cmake: 1.3.11 (/opt/ros/humble/share/ament_cmake/cmake)
[0.870s] -- Found Python3: /usr/bin/python3 (found version "3.10.12") found components: Interpreter 
[0.990s] -- Found ament_lint_auto: 0.12.11 (/opt/ros/humble/share/ament_lint_auto/cmake)
[1.090s] -- Added test 'flake8' to check Python code syntax and style conventions
[1.091s] -- Added test 'lint_cmake' to check CMake code style
[1.092s] -- Added test 'pep257' to check Python code against some of the docstring style conventions in PEP 257
[1.096s] -- Added test 'xmllint' to check XML markup files
[1.096s] -- Configuring done
[1.097s] -- Generating done
[1.098s] -- Build files have been written to: /home/sid/ws/build/tortoisebot_description
[1.110s] Invoked command in '/home/sid/ws/build/tortoisebot_description' returned '0': CMAKE_PREFIX_PATH=/opt/ros/humble /usr/bin/cmake /home/sid/ws/tortoisebot/tortoisebot_description -DCMAKE_INSTALL_PREFIX=/home/sid/ws/install/tortoisebot_description
[1.112s] Invoking command in '/home/sid/ws/build/tortoisebot_description': CMAKE_PREFIX_PATH=/opt/ros/humble /usr/bin/cmake --build /home/sid/ws/build/tortoisebot_description -- -j12 -l12
[1.193s] Invoked command in '/home/sid/ws/build/tortoisebot_description' returned '0': CMAKE_PREFIX_PATH=/opt/ros/humble /usr/bin/cmake --build /home/sid/ws/build/tortoisebot_description -- -j12 -l12
[1.194s] Invoking command in '/home/sid/ws/build/tortoisebot_description': CMAKE_PREFIX_PATH=/opt/ros/humble /usr/bin/cmake --install /home/sid/ws/build/tortoisebot_description
[1.206s] -- Install configuration: ""
[1.207s] -- Installing: /home/sid/ws/install/tortoisebot_description/share/tortoisebot_description/launch
[1.207s] -- Installing: /home/sid/ws/install/tortoisebot_description/share/tortoisebot_description/launch/display.launch.py
[1.207s] -- Installing: /home/sid/ws/install/tortoisebot_description/share/tortoisebot_description/launch/state_publisher.launch.py
[1.207s] -- Installing: /home/sid/ws/install/tortoisebot_description/share/tortoisebot_description/models
[1.207s] -- Installing: /home/sid/ws/install/tortoisebot_description/share/tortoisebot_description/models/meshes
[1.207s] -- Installing: /home/sid/ws/install/tortoisebot_description/share/tortoisebot_description/models/meshes/camera_holder.dae
[1.207s] -- Installing: /home/sid/ws/install/tortoisebot_description/share/tortoisebot_description/models/meshes/lidar.dae
[1.207s] -- Installing: /home/sid/ws/install/tortoisebot_description/share/tortoisebot_description/models/meshes/castor_wheel.dae
[1.207s] -- Installing: /home/sid/ws/install/tortoisebot_description/share/tortoisebot_description/models/meshes/base_link.dae
[1.208s] -- Installing: /home/sid/ws/install/tortoisebot_description/share/tortoisebot_description/models/meshes/camera_link.dae
[1.208s] -- Installing: /home/sid/ws/install/tortoisebot_description/share/tortoisebot_description/models/meshes/wheel_right.dae
[1.208s] -- Installing: /home/sid/ws/install/tortoisebot_description/share/tortoisebot_description/models/meshes/wheel_left.dae
[1.208s] -- Installing: /home/sid/ws/install/tortoisebot_description/share/tortoisebot_description/models/.DS_Store
[1.208s] -- Installing: /home/sid/ws/install/tortoisebot_description/share/tortoisebot_description/models/urdf
[1.208s] -- Installing: /home/sid/ws/install/tortoisebot_description/share/tortoisebot_description/models/urdf/tortoisebot_simple.xacro
[1.208s] -- Installing: /home/sid/ws/install/tortoisebot_description/share/tortoisebot_description/models/urdf/tortoisebot_simple.gazebo
[1.209s] -- Installing: /home/sid/ws/install/tortoisebot_description/share/tortoisebot_description/rviz
[1.209s] -- Installing: /home/sid/ws/install/tortoisebot_description/share/tortoisebot_description/rviz/tortoisebot_sensor_display.rviz
[1.210s] -- Installing: /home/sid/ws/install/tortoisebot_description/share/ament_index/resource_index/package_run_dependencies/tortoisebot_description
[1.213s] -- Installing: /home/sid/ws/install/tortoisebot_description/share/ament_index/resource_index/parent_prefix_path/tortoisebot_description
[1.214s] -- Installing: /home/sid/ws/install/tortoisebot_description/share/tortoisebot_description/environment/ament_prefix_path.sh
[1.214s] -- Installing: /home/sid/ws/install/tortoisebot_description/share/tortoisebot_description/environment/ament_prefix_path.dsv
[1.214s] -- Installing: /home/sid/ws/install/tortoisebot_description/share/tortoisebot_description/environment/path.sh
[1.214s] -- Installing: /home/sid/ws/install/tortoisebot_description/share/tortoisebot_description/environment/path.dsv
[1.214s] -- Installing: /home/sid/ws/install/tortoisebot_description/share/tortoisebot_description/local_setup.bash
[1.214s] -- Installing: /home/sid/ws/install/tortoisebot_description/share/tortoisebot_description/local_setup.sh
[1.214s] -- Installing: /home/sid/ws/install/tortoisebot_description/share/tortoisebot_description/local_setup.zsh
[1.214s] -- Installing: /home/sid/ws/install/tortoisebot_description/share/tortoisebot_description/local_setup.dsv
[1.215s] -- Installing: /home/sid/ws/install/tortoisebot_description/share/tortoisebot_description/package.dsv
[1.215s] -- Installing: /home/sid/ws/install/tortoisebot_description/share/ament_index/resource_index/packages/tortoisebot_description
[1.215s] -- Installing: /home/sid/ws/install/tortoisebot_description/share/tortoisebot_description/cmake/tortoisebot_descriptionConfig.cmake
[1.215s] -- Installing: /home/sid/ws/install/tortoisebot_description/share/tortoisebot_description/cmake/tortoisebot_descriptionConfig-version.cmake
[1.215s] -- Installing: /home/sid/ws/install/tortoisebot_description/share/tortoisebot_description/package.xml
[1.217s] Invoked command in '/home/sid/ws/build/tortoisebot_description' returned '0': CMAKE_PREFIX_PATH=/opt/ros/humble /usr/bin/cmake --install /home/sid/ws/build/tortoisebot_description
