[0.245s] Invoking command in '/home/sid/ws/build/tortoisebot_imu': CMAKE_PREFIX_PATH=/opt/ros/humble /usr/bin/cmake /home/sid/ws/tortoisebot/tortoisebot_imu -DCMAKE_INSTALL_PREFIX=/home/sid/ws/install/tortoisebot_imu
[0.328s] -- The C compiler identification is GNU 11.4.0
[0.412s] -- The CXX compiler identification is GNU 11.4.0
[0.425s] -- Detecting C compiler ABI info
[0.528s] -- Detecting C compiler ABI info - done
[0.544s] -- Check for working C compiler: /usr/bin/cc - skipped
[0.544s] -- Detecting C compile features
[0.545s] -- Detecting C compile features - done
[0.550s] -- Detecting CXX compiler ABI info
[0.673s] -- Detecting CXX compiler ABI info - done
[0.690s] -- Check for working CXX compiler: /usr/bin/c++ - skipped
[0.690s] -- Detecting CXX compile features
[0.691s] -- Detecting CXX compile features - done
[0.695s] -- Found ament_cmake: 1.3.11 (/opt/ros/humble/share/ament_cmake/cmake)
[0.918s] -- Found Python3: /usr/bin/python3 (found version "3.10.12") found components: Interpreter 
[1.050s] -- Found ament_lint_auto: 0.12.11 (/opt/ros/humble/share/ament_lint_auto/cmake)
[1.176s] -- Added test 'flake8' to check Python code syntax and style conventions
[1.176s] -- Added test 'lint_cmake' to check CMake code style
[1.177s] -- Added test 'pep257' to check Python code against some of the docstring style conventions in PEP 257
[1.177s] -- Added test 'xmllint' to check XML markup files
[1.178s] -- Configuring done
[1.181s] -- Generating done
[1.182s] -- Build files have been written to: /home/sid/ws/build/tortoisebot_imu
[1.195s] Invoked command in '/home/sid/ws/build/tortoisebot_imu' returned '0': CMAKE_PREFIX_PATH=/opt/ros/humble /usr/bin/cmake /home/sid/ws/tortoisebot/tortoisebot_imu -DCMAKE_INSTALL_PREFIX=/home/sid/ws/install/tortoisebot_imu
[1.197s] Invoking command in '/home/sid/ws/build/tortoisebot_imu': CMAKE_PREFIX_PATH=/opt/ros/humble /usr/bin/cmake --build /home/sid/ws/build/tortoisebot_imu -- -j12 -l12
[1.248s] Invoked command in '/home/sid/ws/build/tortoisebot_imu' returned '0': CMAKE_PREFIX_PATH=/opt/ros/humble /usr/bin/cmake --build /home/sid/ws/build/tortoisebot_imu -- -j12 -l12
[1.250s] Invoking command in '/home/sid/ws/build/tortoisebot_imu': CMAKE_PREFIX_PATH=/opt/ros/humble /usr/bin/cmake --install /home/sid/ws/build/tortoisebot_imu
[1.258s] -- Install configuration: ""
[1.259s] -- Installing: /home/sid/ws/install/tortoisebot_imu/lib/tortoisebot_imu/imu_node.py
[1.259s] -- Installing: /home/sid/ws/install/tortoisebot_imu/share/ament_index/resource_index/package_run_dependencies/tortoisebot_imu
[1.259s] -- Installing: /home/sid/ws/install/tortoisebot_imu/share/ament_index/resource_index/parent_prefix_path/tortoisebot_imu
[1.259s] -- Installing: /home/sid/ws/install/tortoisebot_imu/share/tortoisebot_imu/environment/ament_prefix_path.sh
[1.260s] -- Installing: /home/sid/ws/install/tortoisebot_imu/share/tortoisebot_imu/environment/ament_prefix_path.dsv
[1.260s] -- Installing: /home/sid/ws/install/tortoisebot_imu/share/tortoisebot_imu/environment/path.sh
[1.260s] -- Installing: /home/sid/ws/install/tortoisebot_imu/share/tortoisebot_imu/environment/path.dsv
[1.260s] -- Installing: /home/sid/ws/install/tortoisebot_imu/share/tortoisebot_imu/local_setup.bash
[1.260s] -- Installing: /home/sid/ws/install/tortoisebot_imu/share/tortoisebot_imu/local_setup.sh
[1.260s] -- Installing: /home/sid/ws/install/tortoisebot_imu/share/tortoisebot_imu/local_setup.zsh
[1.261s] -- Installing: /home/sid/ws/install/tortoisebot_imu/share/tortoisebot_imu/local_setup.dsv
[1.261s] -- Installing: /home/sid/ws/install/tortoisebot_imu/share/tortoisebot_imu/package.dsv
[1.262s] -- Installing: /home/sid/ws/install/tortoisebot_imu/share/ament_index/resource_index/packages/tortoisebot_imu
[1.262s] -- Installing: /home/sid/ws/install/tortoisebot_imu/share/tortoisebot_imu/cmake/tortoisebot_imuConfig.cmake
[1.262s] -- Installing: /home/sid/ws/install/tortoisebot_imu/share/tortoisebot_imu/cmake/tortoisebot_imuConfig-version.cmake
[1.262s] -- Installing: /home/sid/ws/install/tortoisebot_imu/share/tortoisebot_imu/package.xml
[1.265s] Invoked command in '/home/sid/ws/build/tortoisebot_imu' returned '0': CMAKE_PREFIX_PATH=/opt/ros/humble /usr/bin/cmake --install /home/sid/ws/build/tortoisebot_imu
