[35m[1mConsolidate compiler generated dependencies of target v4l2_camera[0m
[ 50%] Built target v4l2_camera
[35m[1mConsolidate compiler generated dependencies of target v4l2_camera_compose_test[0m
[35m[1mConsolidate compiler generated dependencies of target v4l2_camera_node[0m
[100%] Built target v4l2_camera_compose_test
[100%] Built target v4l2_camera_node
-- Install configuration: ""
-- Execute custom install script
-- Symlinking: /home/sid/ws/install/v4l2_camera/include/v4l2_camera/control.hpp
-- Symlinking: /home/sid/ws/install/v4l2_camera/include/v4l2_camera/fourcc.hpp
-- Symlinking: /home/sid/ws/install/v4l2_camera/include/v4l2_camera/image_format.hpp
-- Symlinking: /home/sid/ws/install/v4l2_camera/include/v4l2_camera/parameters.hpp
-- Symlinking: /home/sid/ws/install/v4l2_camera/include/v4l2_camera/pixel_format.hpp
-- Symlinking: /home/sid/ws/install/v4l2_camera/include/v4l2_camera/v4l2_camera.hpp
-- Symlinking: /home/sid/ws/install/v4l2_camera/include/v4l2_camera/v4l2_camera_device.hpp
-- Symlinking: /home/sid/ws/install/v4l2_camera/include/v4l2_camera/visibility_control.h
-- Symlinking: /home/sid/ws/install/v4l2_camera/share/v4l2_camera/environment/library_path.sh
-- Symlinking: /home/sid/ws/install/v4l2_camera/share/v4l2_camera/environment/library_path.dsv
-- Symlinking: /home/sid/ws/install/v4l2_camera/share/ament_index/resource_index/package_run_dependencies/v4l2_camera
-- Symlinking: /home/sid/ws/install/v4l2_camera/share/ament_index/resource_index/parent_prefix_path/v4l2_camera
-- Symlinking: /home/sid/ws/install/v4l2_camera/share/v4l2_camera/environment/ament_prefix_path.sh
-- Symlinking: /home/sid/ws/install/v4l2_camera/share/v4l2_camera/environment/ament_prefix_path.dsv
-- Symlinking: /home/sid/ws/install/v4l2_camera/share/v4l2_camera/environment/path.sh
-- Symlinking: /home/sid/ws/install/v4l2_camera/share/v4l2_camera/environment/path.dsv
-- Symlinking: /home/sid/ws/install/v4l2_camera/share/v4l2_camera/local_setup.bash
-- Symlinking: /home/sid/ws/install/v4l2_camera/share/v4l2_camera/local_setup.sh
-- Symlinking: /home/sid/ws/install/v4l2_camera/share/v4l2_camera/local_setup.zsh
-- Symlinking: /home/sid/ws/install/v4l2_camera/share/v4l2_camera/local_setup.dsv
-- Symlinking: /home/sid/ws/install/v4l2_camera/share/v4l2_camera/package.dsv
-- Symlinking: /home/sid/ws/install/v4l2_camera/share/ament_index/resource_index/packages/v4l2_camera
-- Symlinking: /home/sid/ws/install/v4l2_camera/share/ament_index/resource_index/rclcpp_components/v4l2_camera
-- Symlinking: /home/sid/ws/install/v4l2_camera/share/v4l2_camera/cmake/ament_cmake_export_include_directories-extras.cmake
-- Symlinking: /home/sid/ws/install/v4l2_camera/share/v4l2_camera/cmake/ament_cmake_export_targets-extras.cmake
-- Symlinking: /home/sid/ws/install/v4l2_camera/share/v4l2_camera/cmake/ament_cmake_export_libraries-extras.cmake
-- Symlinking: /home/sid/ws/install/v4l2_camera/share/v4l2_camera/cmake/ament_cmake_export_dependencies-extras.cmake
-- Symlinking: /home/sid/ws/install/v4l2_camera/share/v4l2_camera/cmake/v4l2_cameraConfig.cmake
-- Symlinking: /home/sid/ws/install/v4l2_camera/share/v4l2_camera/cmake/v4l2_cameraConfig-version.cmake
-- Symlinking: /home/sid/ws/install/v4l2_camera/share/v4l2_camera/package.xml
-- Up-to-date: /home/sid/ws/install/v4l2_camera/lib/libv4l2_camera.so
-- Up-to-date: /home/sid/ws/install/v4l2_camera/lib/v4l2_camera/v4l2_camera_node
-- Up-to-date: /home/sid/ws/install/v4l2_camera/lib/v4l2_camera/v4l2_camera_compose_test
-- Up-to-date: /home/sid/ws/install/v4l2_camera/share/v4l2_camera/cmake/export_v4l2_cameraExport.cmake
-- Up-to-date: /home/sid/ws/install/v4l2_camera/share/v4l2_camera/cmake/export_v4l2_cameraExport-noconfig.cmake
