[0.072s] DEBUG:colcon:Command line arguments: ['/usr/bin/colcon', 'build', '--packages-ignore', 'ydlidar_sdk', 'ydlidar_ros2_driver', 'v412_camera']
[0.073s] DEBUG:colcon:Parsed command line arguments: Namespace(log_base=None, log_level=None, verb_name='build', build_base='build', install_base='install', merge_install=False, symlink_install=False, test_result_base=None, continue_on_error=False, executor='parallel', parallel_workers=12, event_handlers=None, ignore_user_meta=False, metas=['./colcon.meta'], base_paths=['.'], packages_ignore=['ydlidar_sdk', 'ydlidar_ros2_driver', 'v412_camera'], packages_ignore_regex=None, paths=None, packages_up_to=None, packages_up_to_regex=None, packages_above=None, packages_above_and_dependencies=None, packages_above_depth=None, packages_select_by_dep=None, packages_skip_by_dep=None, packages_skip_up_to=None, packages_select_build_failed=False, packages_skip_build_finished=False, packages_select_test_failures=False, packages_skip_test_passed=False, packages_select=None, packages_skip=None, packages_select_regex=None, packages_skip_regex=None, packages_start=None, packages_end=None, allow_overriding=[], cmake_args=None, cmake_target=None, cmake_target_skip_unavailable=False, cmake_clean_cache=False, cmake_clean_first=False, cmake_force_configure=False, ament_cmake_args=None, catkin_cmake_args=None, catkin_skip_building_tests=False, verb_parser=<colcon_defaults.argument_parser.defaults.DefaultArgumentsDecorator object at 0x7a56693444c0>, verb_extension=<colcon_core.verb.build.BuildVerb object at 0x7a56694498a0>, main=<bound method BuildVerb.main of <colcon_core.verb.build.BuildVerb object at 0x7a56694498a0>>)
[0.186s] Level 1:colcon.colcon_core.package_discovery:discover_packages(colcon_meta) check parameters
[0.186s] Level 1:colcon.colcon_core.package_discovery:discover_packages(recursive) check parameters
[0.186s] Level 1:colcon.colcon_core.package_discovery:discover_packages(ignore) check parameters
[0.186s] Level 1:colcon.colcon_core.package_discovery:discover_packages(path) check parameters
[0.186s] Level 1:colcon.colcon_core.package_discovery:discover_packages(colcon_meta) discover
[0.186s] Level 1:colcon.colcon_core.package_discovery:discover_packages(recursive) discover
[0.186s] INFO:colcon.colcon_core.package_discovery:Crawling recursively for packages in '/home/sid/ws'
[0.186s] Level 1:colcon.colcon_core.package_identification:_identify(.) by extensions ['ignore', 'ignore_ament_install']
[0.186s] Level 1:colcon.colcon_core.package_identification:_identify(.) by extension 'ignore'
[0.186s] Level 1:colcon.colcon_core.package_identification:_identify(.) by extension 'ignore_ament_install'
[0.186s] Level 1:colcon.colcon_core.package_identification:_identify(.) by extensions ['colcon_pkg']
[0.186s] Level 1:colcon.colcon_core.package_identification:_identify(.) by extension 'colcon_pkg'
[0.186s] Level 1:colcon.colcon_core.package_identification:_identify(.) by extensions ['colcon_meta']
[0.186s] Level 1:colcon.colcon_core.package_identification:_identify(.) by extension 'colcon_meta'
[0.186s] Level 1:colcon.colcon_core.package_identification:_identify(.) by extensions ['ros']
[0.186s] Level 1:colcon.colcon_core.package_identification:_identify(.) by extension 'ros'
[0.194s] Level 1:colcon.colcon_core.package_identification:_identify(.) by extensions ['cmake', 'python']
[0.194s] Level 1:colcon.colcon_core.package_identification:_identify(.) by extension 'cmake'
[0.194s] Level 1:colcon.colcon_core.package_identification:_identify(.) by extension 'python'
[0.194s] Level 1:colcon.colcon_core.package_identification:_identify(.) by extensions ['python_setup_py']
[0.194s] Level 1:colcon.colcon_core.package_identification:_identify(.) by extension 'python_setup_py'
[0.194s] Level 1:colcon.colcon_core.package_identification:_identify(build) by extensions ['ignore', 'ignore_ament_install']
[0.195s] Level 1:colcon.colcon_core.package_identification:_identify(build) by extension 'ignore'
[0.195s] Level 1:colcon.colcon_core.package_identification:_identify(build) ignored
[0.195s] Level 1:colcon.colcon_core.package_identification:_identify(install) by extensions ['ignore', 'ignore_ament_install']
[0.195s] Level 1:colcon.colcon_core.package_identification:_identify(install) by extension 'ignore'
[0.195s] Level 1:colcon.colcon_core.package_identification:_identify(install) ignored
[0.195s] Level 1:colcon.colcon_core.package_identification:_identify(log) by extensions ['ignore', 'ignore_ament_install']
[0.195s] Level 1:colcon.colcon_core.package_identification:_identify(log) by extension 'ignore'
[0.195s] Level 1:colcon.colcon_core.package_identification:_identify(log) ignored
[0.195s] Level 1:colcon.colcon_core.package_identification:_identify(tortoisebot) by extensions ['ignore', 'ignore_ament_install']
[0.195s] Level 1:colcon.colcon_core.package_identification:_identify(tortoisebot) by extension 'ignore'
[0.195s] Level 1:colcon.colcon_core.package_identification:_identify(tortoisebot) by extension 'ignore_ament_install'
[0.195s] Level 1:colcon.colcon_core.package_identification:_identify(tortoisebot) by extensions ['colcon_pkg']
[0.195s] Level 1:colcon.colcon_core.package_identification:_identify(tortoisebot) by extension 'colcon_pkg'
[0.195s] Level 1:colcon.colcon_core.package_identification:_identify(tortoisebot) by extensions ['colcon_meta']
[0.195s] Level 1:colcon.colcon_core.package_identification:_identify(tortoisebot) by extension 'colcon_meta'
[0.195s] Level 1:colcon.colcon_core.package_identification:_identify(tortoisebot) by extensions ['ros']
[0.195s] Level 1:colcon.colcon_core.package_identification:_identify(tortoisebot) by extension 'ros'
[0.195s] Level 1:colcon.colcon_core.package_identification:_identify(tortoisebot) by extensions ['cmake', 'python']
[0.195s] Level 1:colcon.colcon_core.package_identification:_identify(tortoisebot) by extension 'cmake'
[0.195s] Level 1:colcon.colcon_core.package_identification:_identify(tortoisebot) by extension 'python'
[0.195s] Level 1:colcon.colcon_core.package_identification:_identify(tortoisebot) by extensions ['python_setup_py']
[0.195s] Level 1:colcon.colcon_core.package_identification:_identify(tortoisebot) by extension 'python_setup_py'
[0.195s] Level 1:colcon.colcon_core.package_identification:_identify(tortoisebot/YDLidar-SDK) by extensions ['ignore', 'ignore_ament_install']
[0.195s] Level 1:colcon.colcon_core.package_identification:_identify(tortoisebot/YDLidar-SDK) by extension 'ignore'
[0.195s] Level 1:colcon.colcon_core.package_identification:_identify(tortoisebot/YDLidar-SDK) by extension 'ignore_ament_install'
[0.195s] Level 1:colcon.colcon_core.package_identification:_identify(tortoisebot/YDLidar-SDK) by extensions ['colcon_pkg']
[0.195s] Level 1:colcon.colcon_core.package_identification:_identify(tortoisebot/YDLidar-SDK) by extension 'colcon_pkg'
[0.195s] Level 1:colcon.colcon_core.package_identification:_identify(tortoisebot/YDLidar-SDK) by extensions ['colcon_meta']
[0.195s] Level 1:colcon.colcon_core.package_identification:_identify(tortoisebot/YDLidar-SDK) by extension 'colcon_meta'
[0.195s] Level 1:colcon.colcon_core.package_identification:_identify(tortoisebot/YDLidar-SDK) by extensions ['ros']
[0.196s] Level 1:colcon.colcon_core.package_identification:_identify(tortoisebot/YDLidar-SDK) by extension 'ros'
[0.196s] Level 1:colcon.colcon_core.package_identification:_identify(tortoisebot/YDLidar-SDK) by extensions ['cmake', 'python']
[0.196s] Level 1:colcon.colcon_core.package_identification:_identify(tortoisebot/YDLidar-SDK) by extension 'cmake'
[0.204s] Level 1:colcon.colcon_core.package_identification:_identify(tortoisebot/YDLidar-SDK) by extension 'python'
[0.204s] DEBUG:colcon.colcon_core.package_identification:Package 'tortoisebot/YDLidar-SDK' with type 'cmake' and name 'ydlidar_sdk'
[0.204s] Level 1:colcon.colcon_core.package_identification:_identify(tortoisebot/tortoisebot_bringup) by extensions ['ignore', 'ignore_ament_install']
[0.204s] Level 1:colcon.colcon_core.package_identification:_identify(tortoisebot/tortoisebot_bringup) by extension 'ignore'
[0.204s] Level 1:colcon.colcon_core.package_identification:_identify(tortoisebot/tortoisebot_bringup) by extension 'ignore_ament_install'
[0.204s] Level 1:colcon.colcon_core.package_identification:_identify(tortoisebot/tortoisebot_bringup) by extensions ['colcon_pkg']
[0.204s] Level 1:colcon.colcon_core.package_identification:_identify(tortoisebot/tortoisebot_bringup) by extension 'colcon_pkg'
[0.204s] Level 1:colcon.colcon_core.package_identification:_identify(tortoisebot/tortoisebot_bringup) by extensions ['colcon_meta']
[0.204s] Level 1:colcon.colcon_core.package_identification:_identify(tortoisebot/tortoisebot_bringup) by extension 'colcon_meta'
[0.204s] Level 1:colcon.colcon_core.package_identification:_identify(tortoisebot/tortoisebot_bringup) by extensions ['ros']
[0.204s] Level 1:colcon.colcon_core.package_identification:_identify(tortoisebot/tortoisebot_bringup) by extension 'ros'
[0.206s] DEBUG:colcon.colcon_core.package_identification:Package 'tortoisebot/tortoisebot_bringup' with type 'ros.ament_cmake' and name 'tortoisebot_bringup'
[0.206s] Level 1:colcon.colcon_core.package_identification:_identify(tortoisebot/tortoisebot_control) by extensions ['ignore', 'ignore_ament_install']
[0.206s] Level 1:colcon.colcon_core.package_identification:_identify(tortoisebot/tortoisebot_control) by extension 'ignore'
[0.206s] Level 1:colcon.colcon_core.package_identification:_identify(tortoisebot/tortoisebot_control) by extension 'ignore_ament_install'
[0.206s] Level 1:colcon.colcon_core.package_identification:_identify(tortoisebot/tortoisebot_control) by extensions ['colcon_pkg']
[0.206s] Level 1:colcon.colcon_core.package_identification:_identify(tortoisebot/tortoisebot_control) by extension 'colcon_pkg'
[0.206s] Level 1:colcon.colcon_core.package_identification:_identify(tortoisebot/tortoisebot_control) by extensions ['colcon_meta']
[0.206s] Level 1:colcon.colcon_core.package_identification:_identify(tortoisebot/tortoisebot_control) by extension 'colcon_meta'
[0.206s] Level 1:colcon.colcon_core.package_identification:_identify(tortoisebot/tortoisebot_control) by extensions ['ros']
[0.206s] Level 1:colcon.colcon_core.package_identification:_identify(tortoisebot/tortoisebot_control) by extension 'ros'
[0.207s] DEBUG:colcon.colcon_core.package_identification:Package 'tortoisebot/tortoisebot_control' with type 'ros.ament_python' and name 'tortoisebot_control'
[0.207s] Level 1:colcon.colcon_core.package_identification:_identify(tortoisebot/tortoisebot_description) by extensions ['ignore', 'ignore_ament_install']
[0.207s] Level 1:colcon.colcon_core.package_identification:_identify(tortoisebot/tortoisebot_description) by extension 'ignore'
[0.207s] Level 1:colcon.colcon_core.package_identification:_identify(tortoisebot/tortoisebot_description) by extension 'ignore_ament_install'
[0.207s] Level 1:colcon.colcon_core.package_identification:_identify(tortoisebot/tortoisebot_description) by extensions ['colcon_pkg']
[0.207s] Level 1:colcon.colcon_core.package_identification:_identify(tortoisebot/tortoisebot_description) by extension 'colcon_pkg'
[0.207s] Level 1:colcon.colcon_core.package_identification:_identify(tortoisebot/tortoisebot_description) by extensions ['colcon_meta']
[0.207s] Level 1:colcon.colcon_core.package_identification:_identify(tortoisebot/tortoisebot_description) by extension 'colcon_meta'
[0.207s] Level 1:colcon.colcon_core.package_identification:_identify(tortoisebot/tortoisebot_description) by extensions ['ros']
[0.207s] Level 1:colcon.colcon_core.package_identification:_identify(tortoisebot/tortoisebot_description) by extension 'ros'
[0.207s] DEBUG:colcon.colcon_core.package_identification:Package 'tortoisebot/tortoisebot_description' with type 'ros.ament_cmake' and name 'tortoisebot_description'
[0.207s] Level 1:colcon.colcon_core.package_identification:_identify(tortoisebot/tortoisebot_firmware) by extensions ['ignore', 'ignore_ament_install']
[0.207s] Level 1:colcon.colcon_core.package_identification:_identify(tortoisebot/tortoisebot_firmware) by extension 'ignore'
[0.207s] Level 1:colcon.colcon_core.package_identification:_identify(tortoisebot/tortoisebot_firmware) by extension 'ignore_ament_install'
[0.207s] Level 1:colcon.colcon_core.package_identification:_identify(tortoisebot/tortoisebot_firmware) by extensions ['colcon_pkg']
[0.207s] Level 1:colcon.colcon_core.package_identification:_identify(tortoisebot/tortoisebot_firmware) by extension 'colcon_pkg'
[0.207s] Level 1:colcon.colcon_core.package_identification:_identify(tortoisebot/tortoisebot_firmware) by extensions ['colcon_meta']
[0.207s] Level 1:colcon.colcon_core.package_identification:_identify(tortoisebot/tortoisebot_firmware) by extension 'colcon_meta'
[0.207s] Level 1:colcon.colcon_core.package_identification:_identify(tortoisebot/tortoisebot_firmware) by extensions ['ros']
[0.208s] Level 1:colcon.colcon_core.package_identification:_identify(tortoisebot/tortoisebot_firmware) by extension 'ros'
[0.208s] DEBUG:colcon.colcon_core.package_identification:Package 'tortoisebot/tortoisebot_firmware' with type 'ros.ament_cmake' and name 'tortoisebot_firmware'
[0.208s] Level 1:colcon.colcon_core.package_identification:_identify(tortoisebot/tortoisebot_gazebo) by extensions ['ignore', 'ignore_ament_install']
[0.208s] Level 1:colcon.colcon_core.package_identification:_identify(tortoisebot/tortoisebot_gazebo) by extension 'ignore'
[0.208s] Level 1:colcon.colcon_core.package_identification:_identify(tortoisebot/tortoisebot_gazebo) by extension 'ignore_ament_install'
[0.208s] Level 1:colcon.colcon_core.package_identification:_identify(tortoisebot/tortoisebot_gazebo) by extensions ['colcon_pkg']
[0.208s] Level 1:colcon.colcon_core.package_identification:_identify(tortoisebot/tortoisebot_gazebo) by extension 'colcon_pkg'
[0.208s] Level 1:colcon.colcon_core.package_identification:_identify(tortoisebot/tortoisebot_gazebo) by extensions ['colcon_meta']
[0.208s] Level 1:colcon.colcon_core.package_identification:_identify(tortoisebot/tortoisebot_gazebo) by extension 'colcon_meta'
[0.208s] Level 1:colcon.colcon_core.package_identification:_identify(tortoisebot/tortoisebot_gazebo) by extensions ['ros']
[0.208s] Level 1:colcon.colcon_core.package_identification:_identify(tortoisebot/tortoisebot_gazebo) by extension 'ros'
[0.209s] DEBUG:colcon.colcon_core.package_identification:Package 'tortoisebot/tortoisebot_gazebo' with type 'ros.ament_cmake' and name 'tortoisebot_gazebo'
[0.209s] Level 1:colcon.colcon_core.package_identification:_identify(tortoisebot/tortoisebot_imu) by extensions ['ignore', 'ignore_ament_install']
[0.209s] Level 1:colcon.colcon_core.package_identification:_identify(tortoisebot/tortoisebot_imu) by extension 'ignore'
[0.209s] Level 1:colcon.colcon_core.package_identification:_identify(tortoisebot/tortoisebot_imu) by extension 'ignore_ament_install'
[0.209s] Level 1:colcon.colcon_core.package_identification:_identify(tortoisebot/tortoisebot_imu) by extensions ['colcon_pkg']
[0.209s] Level 1:colcon.colcon_core.package_identification:_identify(tortoisebot/tortoisebot_imu) by extension 'colcon_pkg'
[0.209s] Level 1:colcon.colcon_core.package_identification:_identify(tortoisebot/tortoisebot_imu) by extensions ['colcon_meta']
[0.209s] Level 1:colcon.colcon_core.package_identification:_identify(tortoisebot/tortoisebot_imu) by extension 'colcon_meta'
[0.209s] Level 1:colcon.colcon_core.package_identification:_identify(tortoisebot/tortoisebot_imu) by extensions ['ros']
[0.209s] Level 1:colcon.colcon_core.package_identification:_identify(tortoisebot/tortoisebot_imu) by extension 'ros'
[0.209s] DEBUG:colcon.colcon_core.package_identification:Package 'tortoisebot/tortoisebot_imu' with type 'ros.ament_cmake' and name 'tortoisebot_imu'
[0.209s] Level 1:colcon.colcon_core.package_identification:_identify(tortoisebot/tortoisebot_navigation) by extensions ['ignore', 'ignore_ament_install']
[0.209s] Level 1:colcon.colcon_core.package_identification:_identify(tortoisebot/tortoisebot_navigation) by extension 'ignore'
[0.209s] Level 1:colcon.colcon_core.package_identification:_identify(tortoisebot/tortoisebot_navigation) by extension 'ignore_ament_install'
[0.209s] Level 1:colcon.colcon_core.package_identification:_identify(tortoisebot/tortoisebot_navigation) by extensions ['colcon_pkg']
[0.209s] Level 1:colcon.colcon_core.package_identification:_identify(tortoisebot/tortoisebot_navigation) by extension 'colcon_pkg'
[0.209s] Level 1:colcon.colcon_core.package_identification:_identify(tortoisebot/tortoisebot_navigation) by extensions ['colcon_meta']
[0.210s] Level 1:colcon.colcon_core.package_identification:_identify(tortoisebot/tortoisebot_navigation) by extension 'colcon_meta'
[0.210s] Level 1:colcon.colcon_core.package_identification:_identify(tortoisebot/tortoisebot_navigation) by extensions ['ros']
[0.210s] Level 1:colcon.colcon_core.package_identification:_identify(tortoisebot/tortoisebot_navigation) by extension 'ros'
[0.210s] DEBUG:colcon.colcon_core.package_identification:Package 'tortoisebot/tortoisebot_navigation' with type 'ros.ament_cmake' and name 'tortoisebot_navigation'
[0.210s] Level 1:colcon.colcon_core.package_identification:_identify(tortoisebot/tortoisebot_slam) by extensions ['ignore', 'ignore_ament_install']
[0.210s] Level 1:colcon.colcon_core.package_identification:_identify(tortoisebot/tortoisebot_slam) by extension 'ignore'
[0.210s] Level 1:colcon.colcon_core.package_identification:_identify(tortoisebot/tortoisebot_slam) by extension 'ignore_ament_install'
[0.210s] Level 1:colcon.colcon_core.package_identification:_identify(tortoisebot/tortoisebot_slam) by extensions ['colcon_pkg']
[0.210s] Level 1:colcon.colcon_core.package_identification:_identify(tortoisebot/tortoisebot_slam) by extension 'colcon_pkg'
[0.210s] Level 1:colcon.colcon_core.package_identification:_identify(tortoisebot/tortoisebot_slam) by extensions ['colcon_meta']
[0.210s] Level 1:colcon.colcon_core.package_identification:_identify(tortoisebot/tortoisebot_slam) by extension 'colcon_meta'
[0.210s] Level 1:colcon.colcon_core.package_identification:_identify(tortoisebot/tortoisebot_slam) by extensions ['ros']
[0.210s] Level 1:colcon.colcon_core.package_identification:_identify(tortoisebot/tortoisebot_slam) by extension 'ros'
[0.211s] DEBUG:colcon.colcon_core.package_identification:Package 'tortoisebot/tortoisebot_slam' with type 'ros.ament_cmake' and name 'tortoisebot_slam'
[0.211s] Level 1:colcon.colcon_core.package_identification:_identify(tortoisebot/v4l2_camera) by extensions ['ignore', 'ignore_ament_install']
[0.211s] Level 1:colcon.colcon_core.package_identification:_identify(tortoisebot/v4l2_camera) by extension 'ignore'
[0.211s] Level 1:colcon.colcon_core.package_identification:_identify(tortoisebot/v4l2_camera) by extension 'ignore_ament_install'
[0.211s] Level 1:colcon.colcon_core.package_identification:_identify(tortoisebot/v4l2_camera) by extensions ['colcon_pkg']
[0.211s] Level 1:colcon.colcon_core.package_identification:_identify(tortoisebot/v4l2_camera) by extension 'colcon_pkg'
[0.211s] Level 1:colcon.colcon_core.package_identification:_identify(tortoisebot/v4l2_camera) by extensions ['colcon_meta']
[0.211s] Level 1:colcon.colcon_core.package_identification:_identify(tortoisebot/v4l2_camera) by extension 'colcon_meta'
[0.211s] Level 1:colcon.colcon_core.package_identification:_identify(tortoisebot/v4l2_camera) by extensions ['ros']
[0.211s] Level 1:colcon.colcon_core.package_identification:_identify(tortoisebot/v4l2_camera) by extension 'ros'
[0.212s] DEBUG:colcon.colcon_core.package_identification:Package 'tortoisebot/v4l2_camera' with type 'ros.ament_cmake' and name 'v4l2_camera'
[0.212s] Level 1:colcon.colcon_core.package_identification:_identify(tortoisebot/ydlidar_ros2_driver) by extensions ['ignore', 'ignore_ament_install']
[0.212s] Level 1:colcon.colcon_core.package_identification:_identify(tortoisebot/ydlidar_ros2_driver) by extension 'ignore'
[0.212s] Level 1:colcon.colcon_core.package_identification:_identify(tortoisebot/ydlidar_ros2_driver) by extension 'ignore_ament_install'
[0.212s] Level 1:colcon.colcon_core.package_identification:_identify(tortoisebot/ydlidar_ros2_driver) by extensions ['colcon_pkg']
[0.212s] Level 1:colcon.colcon_core.package_identification:_identify(tortoisebot/ydlidar_ros2_driver) by extension 'colcon_pkg'
[0.212s] Level 1:colcon.colcon_core.package_identification:_identify(tortoisebot/ydlidar_ros2_driver) by extensions ['colcon_meta']
[0.212s] Level 1:colcon.colcon_core.package_identification:_identify(tortoisebot/ydlidar_ros2_driver) by extension 'colcon_meta'
[0.212s] Level 1:colcon.colcon_core.package_identification:_identify(tortoisebot/ydlidar_ros2_driver) by extensions ['ros']
[0.212s] Level 1:colcon.colcon_core.package_identification:_identify(tortoisebot/ydlidar_ros2_driver) by extension 'ros'
[0.213s] DEBUG:colcon.colcon_core.package_identification:Package 'tortoisebot/ydlidar_ros2_driver' with type 'ros.ament_cmake' and name 'ydlidar_ros2_driver'
[0.213s] Level 1:colcon.colcon_core.package_discovery:discover_packages(recursive) using defaults
[0.213s] Level 1:colcon.colcon_core.package_discovery:discover_packages(ignore) discover
[0.213s] Level 1:colcon.colcon_core.package_discovery:discover_packages(ignore) using defaults
[0.213s] Level 1:colcon.colcon_core.package_discovery:discover_packages(path) discover
[0.213s] Level 1:colcon.colcon_core.package_discovery:discover_packages(path) using defaults
[0.227s] WARNING:colcon.colcon_core.package_discovery:ignoring unknown package 'v412_camera' in --packages-ignore
[0.228s] Level 1:colcon.colcon_core.package_discovery:discover_packages(prefix_path) check parameters
[0.228s] Level 1:colcon.colcon_core.package_discovery:discover_packages(prefix_path) discover
[0.229s] DEBUG:colcon.colcon_installed_package_information.package_discovery:Found 9 installed packages in /home/sid/ws/install
[0.230s] DEBUG:colcon.colcon_installed_package_information.package_discovery:Found 330 installed packages in /opt/ros/humble
[0.240s] Level 1:colcon.colcon_core.package_discovery:discover_packages(prefix_path) using defaults
[0.273s] Level 5:colcon.colcon_core.verb:set package 'tortoisebot_bringup' build argument 'cmake_args' from command line to 'None'
[0.273s] Level 5:colcon.colcon_core.verb:set package 'tortoisebot_bringup' build argument 'cmake_target' from command line to 'None'
[0.274s] Level 5:colcon.colcon_core.verb:set package 'tortoisebot_bringup' build argument 'cmake_target_skip_unavailable' from command line to 'False'
[0.274s] Level 5:colcon.colcon_core.verb:set package 'tortoisebot_bringup' build argument 'cmake_clean_cache' from command line to 'False'
[0.274s] Level 5:colcon.colcon_core.verb:set package 'tortoisebot_bringup' build argument 'cmake_clean_first' from command line to 'False'
[0.274s] Level 5:colcon.colcon_core.verb:set package 'tortoisebot_bringup' build argument 'cmake_force_configure' from command line to 'False'
[0.274s] Level 5:colcon.colcon_core.verb:set package 'tortoisebot_bringup' build argument 'ament_cmake_args' from command line to 'None'
[0.274s] Level 5:colcon.colcon_core.verb:set package 'tortoisebot_bringup' build argument 'catkin_cmake_args' from command line to 'None'
[0.274s] Level 5:colcon.colcon_core.verb:set package 'tortoisebot_bringup' build argument 'catkin_skip_building_tests' from command line to 'False'
[0.274s] DEBUG:colcon.colcon_core.verb:Building package 'tortoisebot_bringup' with the following arguments: {'ament_cmake_args': None, 'build_base': '/home/sid/ws/build/tortoisebot_bringup', 'catkin_cmake_args': None, 'catkin_skip_building_tests': False, 'cmake_args': None, 'cmake_clean_cache': False, 'cmake_clean_first': False, 'cmake_force_configure': False, 'cmake_target': None, 'cmake_target_skip_unavailable': False, 'install_base': '/home/sid/ws/install/tortoisebot_bringup', 'merge_install': False, 'path': '/home/sid/ws/tortoisebot/tortoisebot_bringup', 'symlink_install': False, 'test_result_base': None}
[0.274s] Level 5:colcon.colcon_core.verb:set package 'tortoisebot_control' build argument 'cmake_args' from command line to 'None'
[0.274s] Level 5:colcon.colcon_core.verb:set package 'tortoisebot_control' build argument 'cmake_target' from command line to 'None'
[0.274s] Level 5:colcon.colcon_core.verb:set package 'tortoisebot_control' build argument 'cmake_target_skip_unavailable' from command line to 'False'
[0.274s] Level 5:colcon.colcon_core.verb:set package 'tortoisebot_control' build argument 'cmake_clean_cache' from command line to 'False'
[0.274s] Level 5:colcon.colcon_core.verb:set package 'tortoisebot_control' build argument 'cmake_clean_first' from command line to 'False'
[0.274s] Level 5:colcon.colcon_core.verb:set package 'tortoisebot_control' build argument 'cmake_force_configure' from command line to 'False'
[0.274s] Level 5:colcon.colcon_core.verb:set package 'tortoisebot_control' build argument 'ament_cmake_args' from command line to 'None'
[0.274s] Level 5:colcon.colcon_core.verb:set package 'tortoisebot_control' build argument 'catkin_cmake_args' from command line to 'None'
[0.274s] Level 5:colcon.colcon_core.verb:set package 'tortoisebot_control' build argument 'catkin_skip_building_tests' from command line to 'False'
[0.274s] DEBUG:colcon.colcon_core.verb:Building package 'tortoisebot_control' with the following arguments: {'ament_cmake_args': None, 'build_base': '/home/sid/ws/build/tortoisebot_control', 'catkin_cmake_args': None, 'catkin_skip_building_tests': False, 'cmake_args': None, 'cmake_clean_cache': False, 'cmake_clean_first': False, 'cmake_force_configure': False, 'cmake_target': None, 'cmake_target_skip_unavailable': False, 'install_base': '/home/sid/ws/install/tortoisebot_control', 'merge_install': False, 'path': '/home/sid/ws/tortoisebot/tortoisebot_control', 'symlink_install': False, 'test_result_base': None}
[0.274s] Level 5:colcon.colcon_core.verb:set package 'tortoisebot_description' build argument 'cmake_args' from command line to 'None'
[0.274s] Level 5:colcon.colcon_core.verb:set package 'tortoisebot_description' build argument 'cmake_target' from command line to 'None'
[0.274s] Level 5:colcon.colcon_core.verb:set package 'tortoisebot_description' build argument 'cmake_target_skip_unavailable' from command line to 'False'
[0.274s] Level 5:colcon.colcon_core.verb:set package 'tortoisebot_description' build argument 'cmake_clean_cache' from command line to 'False'
[0.274s] Level 5:colcon.colcon_core.verb:set package 'tortoisebot_description' build argument 'cmake_clean_first' from command line to 'False'
[0.274s] Level 5:colcon.colcon_core.verb:set package 'tortoisebot_description' build argument 'cmake_force_configure' from command line to 'False'
[0.274s] Level 5:colcon.colcon_core.verb:set package 'tortoisebot_description' build argument 'ament_cmake_args' from command line to 'None'
[0.274s] Level 5:colcon.colcon_core.verb:set package 'tortoisebot_description' build argument 'catkin_cmake_args' from command line to 'None'
[0.274s] Level 5:colcon.colcon_core.verb:set package 'tortoisebot_description' build argument 'catkin_skip_building_tests' from command line to 'False'
[0.274s] DEBUG:colcon.colcon_core.verb:Building package 'tortoisebot_description' with the following arguments: {'ament_cmake_args': None, 'build_base': '/home/sid/ws/build/tortoisebot_description', 'catkin_cmake_args': None, 'catkin_skip_building_tests': False, 'cmake_args': None, 'cmake_clean_cache': False, 'cmake_clean_first': False, 'cmake_force_configure': False, 'cmake_target': None, 'cmake_target_skip_unavailable': False, 'install_base': '/home/sid/ws/install/tortoisebot_description', 'merge_install': False, 'path': '/home/sid/ws/tortoisebot/tortoisebot_description', 'symlink_install': False, 'test_result_base': None}
[0.275s] Level 5:colcon.colcon_core.verb:set package 'tortoisebot_firmware' build argument 'cmake_args' from command line to 'None'
[0.275s] Level 5:colcon.colcon_core.verb:set package 'tortoisebot_firmware' build argument 'cmake_target' from command line to 'None'
[0.275s] Level 5:colcon.colcon_core.verb:set package 'tortoisebot_firmware' build argument 'cmake_target_skip_unavailable' from command line to 'False'
[0.275s] Level 5:colcon.colcon_core.verb:set package 'tortoisebot_firmware' build argument 'cmake_clean_cache' from command line to 'False'
[0.275s] Level 5:colcon.colcon_core.verb:set package 'tortoisebot_firmware' build argument 'cmake_clean_first' from command line to 'False'
[0.275s] Level 5:colcon.colcon_core.verb:set package 'tortoisebot_firmware' build argument 'cmake_force_configure' from command line to 'False'
[0.275s] Level 5:colcon.colcon_core.verb:set package 'tortoisebot_firmware' build argument 'ament_cmake_args' from command line to 'None'
[0.275s] Level 5:colcon.colcon_core.verb:set package 'tortoisebot_firmware' build argument 'catkin_cmake_args' from command line to 'None'
[0.275s] Level 5:colcon.colcon_core.verb:set package 'tortoisebot_firmware' build argument 'catkin_skip_building_tests' from command line to 'False'
[0.275s] DEBUG:colcon.colcon_core.verb:Building package 'tortoisebot_firmware' with the following arguments: {'ament_cmake_args': None, 'build_base': '/home/sid/ws/build/tortoisebot_firmware', 'catkin_cmake_args': None, 'catkin_skip_building_tests': False, 'cmake_args': None, 'cmake_clean_cache': False, 'cmake_clean_first': False, 'cmake_force_configure': False, 'cmake_target': None, 'cmake_target_skip_unavailable': False, 'install_base': '/home/sid/ws/install/tortoisebot_firmware', 'merge_install': False, 'path': '/home/sid/ws/tortoisebot/tortoisebot_firmware', 'symlink_install': False, 'test_result_base': None}
[0.275s] Level 5:colcon.colcon_core.verb:set package 'tortoisebot_gazebo' build argument 'cmake_args' from command line to 'None'
[0.275s] Level 5:colcon.colcon_core.verb:set package 'tortoisebot_gazebo' build argument 'cmake_target' from command line to 'None'
[0.275s] Level 5:colcon.colcon_core.verb:set package 'tortoisebot_gazebo' build argument 'cmake_target_skip_unavailable' from command line to 'False'
[0.276s] Level 5:colcon.colcon_core.verb:set package 'tortoisebot_gazebo' build argument 'cmake_clean_cache' from command line to 'False'
[0.276s] Level 5:colcon.colcon_core.verb:set package 'tortoisebot_gazebo' build argument 'cmake_clean_first' from command line to 'False'
[0.276s] Level 5:colcon.colcon_core.verb:set package 'tortoisebot_gazebo' build argument 'cmake_force_configure' from command line to 'False'
[0.276s] Level 5:colcon.colcon_core.verb:set package 'tortoisebot_gazebo' build argument 'ament_cmake_args' from command line to 'None'
[0.276s] Level 5:colcon.colcon_core.verb:set package 'tortoisebot_gazebo' build argument 'catkin_cmake_args' from command line to 'None'
[0.276s] Level 5:colcon.colcon_core.verb:set package 'tortoisebot_gazebo' build argument 'catkin_skip_building_tests' from command line to 'False'
[0.276s] DEBUG:colcon.colcon_core.verb:Building package 'tortoisebot_gazebo' with the following arguments: {'ament_cmake_args': None, 'build_base': '/home/sid/ws/build/tortoisebot_gazebo', 'catkin_cmake_args': None, 'catkin_skip_building_tests': False, 'cmake_args': None, 'cmake_clean_cache': False, 'cmake_clean_first': False, 'cmake_force_configure': False, 'cmake_target': None, 'cmake_target_skip_unavailable': False, 'install_base': '/home/sid/ws/install/tortoisebot_gazebo', 'merge_install': False, 'path': '/home/sid/ws/tortoisebot/tortoisebot_gazebo', 'symlink_install': False, 'test_result_base': None}
[0.276s] Level 5:colcon.colcon_core.verb:set package 'tortoisebot_imu' build argument 'cmake_args' from command line to 'None'
[0.276s] Level 5:colcon.colcon_core.verb:set package 'tortoisebot_imu' build argument 'cmake_target' from command line to 'None'
[0.276s] Level 5:colcon.colcon_core.verb:set package 'tortoisebot_imu' build argument 'cmake_target_skip_unavailable' from command line to 'False'
[0.276s] Level 5:colcon.colcon_core.verb:set package 'tortoisebot_imu' build argument 'cmake_clean_cache' from command line to 'False'
[0.276s] Level 5:colcon.colcon_core.verb:set package 'tortoisebot_imu' build argument 'cmake_clean_first' from command line to 'False'
[0.276s] Level 5:colcon.colcon_core.verb:set package 'tortoisebot_imu' build argument 'cmake_force_configure' from command line to 'False'
[0.276s] Level 5:colcon.colcon_core.verb:set package 'tortoisebot_imu' build argument 'ament_cmake_args' from command line to 'None'
[0.276s] Level 5:colcon.colcon_core.verb:set package 'tortoisebot_imu' build argument 'catkin_cmake_args' from command line to 'None'
[0.276s] Level 5:colcon.colcon_core.verb:set package 'tortoisebot_imu' build argument 'catkin_skip_building_tests' from command line to 'False'
[0.276s] DEBUG:colcon.colcon_core.verb:Building package 'tortoisebot_imu' with the following arguments: {'ament_cmake_args': None, 'build_base': '/home/sid/ws/build/tortoisebot_imu', 'catkin_cmake_args': None, 'catkin_skip_building_tests': False, 'cmake_args': None, 'cmake_clean_cache': False, 'cmake_clean_first': False, 'cmake_force_configure': False, 'cmake_target': None, 'cmake_target_skip_unavailable': False, 'install_base': '/home/sid/ws/install/tortoisebot_imu', 'merge_install': False, 'path': '/home/sid/ws/tortoisebot/tortoisebot_imu', 'symlink_install': False, 'test_result_base': None}
[0.277s] Level 5:colcon.colcon_core.verb:set package 'tortoisebot_navigation' build argument 'cmake_args' from command line to 'None'
[0.277s] Level 5:colcon.colcon_core.verb:set package 'tortoisebot_navigation' build argument 'cmake_target' from command line to 'None'
[0.277s] Level 5:colcon.colcon_core.verb:set package 'tortoisebot_navigation' build argument 'cmake_target_skip_unavailable' from command line to 'False'
[0.277s] Level 5:colcon.colcon_core.verb:set package 'tortoisebot_navigation' build argument 'cmake_clean_cache' from command line to 'False'
[0.277s] Level 5:colcon.colcon_core.verb:set package 'tortoisebot_navigation' build argument 'cmake_clean_first' from command line to 'False'
[0.277s] Level 5:colcon.colcon_core.verb:set package 'tortoisebot_navigation' build argument 'cmake_force_configure' from command line to 'False'
[0.277s] Level 5:colcon.colcon_core.verb:set package 'tortoisebot_navigation' build argument 'ament_cmake_args' from command line to 'None'
[0.277s] Level 5:colcon.colcon_core.verb:set package 'tortoisebot_navigation' build argument 'catkin_cmake_args' from command line to 'None'
[0.277s] Level 5:colcon.colcon_core.verb:set package 'tortoisebot_navigation' build argument 'catkin_skip_building_tests' from command line to 'False'
[0.277s] DEBUG:colcon.colcon_core.verb:Building package 'tortoisebot_navigation' with the following arguments: {'ament_cmake_args': None, 'build_base': '/home/sid/ws/build/tortoisebot_navigation', 'catkin_cmake_args': None, 'catkin_skip_building_tests': False, 'cmake_args': None, 'cmake_clean_cache': False, 'cmake_clean_first': False, 'cmake_force_configure': False, 'cmake_target': None, 'cmake_target_skip_unavailable': False, 'install_base': '/home/sid/ws/install/tortoisebot_navigation', 'merge_install': False, 'path': '/home/sid/ws/tortoisebot/tortoisebot_navigation', 'symlink_install': False, 'test_result_base': None}
[0.277s] Level 5:colcon.colcon_core.verb:set package 'tortoisebot_slam' build argument 'cmake_args' from command line to 'None'
[0.277s] Level 5:colcon.colcon_core.verb:set package 'tortoisebot_slam' build argument 'cmake_target' from command line to 'None'
[0.277s] Level 5:colcon.colcon_core.verb:set package 'tortoisebot_slam' build argument 'cmake_target_skip_unavailable' from command line to 'False'
[0.277s] Level 5:colcon.colcon_core.verb:set package 'tortoisebot_slam' build argument 'cmake_clean_cache' from command line to 'False'
[0.277s] Level 5:colcon.colcon_core.verb:set package 'tortoisebot_slam' build argument 'cmake_clean_first' from command line to 'False'
[0.277s] Level 5:colcon.colcon_core.verb:set package 'tortoisebot_slam' build argument 'cmake_force_configure' from command line to 'False'
[0.277s] Level 5:colcon.colcon_core.verb:set package 'tortoisebot_slam' build argument 'ament_cmake_args' from command line to 'None'
[0.277s] Level 5:colcon.colcon_core.verb:set package 'tortoisebot_slam' build argument 'catkin_cmake_args' from command line to 'None'
[0.277s] Level 5:colcon.colcon_core.verb:set package 'tortoisebot_slam' build argument 'catkin_skip_building_tests' from command line to 'False'
[0.277s] DEBUG:colcon.colcon_core.verb:Building package 'tortoisebot_slam' with the following arguments: {'ament_cmake_args': None, 'build_base': '/home/sid/ws/build/tortoisebot_slam', 'catkin_cmake_args': None, 'catkin_skip_building_tests': False, 'cmake_args': None, 'cmake_clean_cache': False, 'cmake_clean_first': False, 'cmake_force_configure': False, 'cmake_target': None, 'cmake_target_skip_unavailable': False, 'install_base': '/home/sid/ws/install/tortoisebot_slam', 'merge_install': False, 'path': '/home/sid/ws/tortoisebot/tortoisebot_slam', 'symlink_install': False, 'test_result_base': None}
[0.277s] Level 5:colcon.colcon_core.verb:set package 'v4l2_camera' build argument 'cmake_args' from command line to 'None'
[0.277s] Level 5:colcon.colcon_core.verb:set package 'v4l2_camera' build argument 'cmake_target' from command line to 'None'
[0.277s] Level 5:colcon.colcon_core.verb:set package 'v4l2_camera' build argument 'cmake_target_skip_unavailable' from command line to 'False'
[0.277s] Level 5:colcon.colcon_core.verb:set package 'v4l2_camera' build argument 'cmake_clean_cache' from command line to 'False'
[0.277s] Level 5:colcon.colcon_core.verb:set package 'v4l2_camera' build argument 'cmake_clean_first' from command line to 'False'
[0.277s] Level 5:colcon.colcon_core.verb:set package 'v4l2_camera' build argument 'cmake_force_configure' from command line to 'False'
[0.277s] Level 5:colcon.colcon_core.verb:set package 'v4l2_camera' build argument 'ament_cmake_args' from command line to 'None'
[0.277s] Level 5:colcon.colcon_core.verb:set package 'v4l2_camera' build argument 'catkin_cmake_args' from command line to 'None'
[0.278s] Level 5:colcon.colcon_core.verb:set package 'v4l2_camera' build argument 'catkin_skip_building_tests' from command line to 'False'
[0.278s] DEBUG:colcon.colcon_core.verb:Building package 'v4l2_camera' with the following arguments: {'ament_cmake_args': None, 'build_base': '/home/sid/ws/build/v4l2_camera', 'catkin_cmake_args': None, 'catkin_skip_building_tests': False, 'cmake_args': None, 'cmake_clean_cache': False, 'cmake_clean_first': False, 'cmake_force_configure': False, 'cmake_target': None, 'cmake_target_skip_unavailable': False, 'install_base': '/home/sid/ws/install/v4l2_camera', 'merge_install': False, 'path': '/home/sid/ws/tortoisebot/v4l2_camera', 'symlink_install': False, 'test_result_base': None}
[0.278s] INFO:colcon.colcon_core.executor:Executing jobs using 'parallel' executor
[0.279s] DEBUG:colcon.colcon_parallel_executor.executor.parallel:run_until_complete
[0.279s] INFO:colcon.colcon_ros.task.ament_cmake.build:Building ROS package in '/home/sid/ws/tortoisebot/tortoisebot_bringup' with build type 'ament_cmake'
[0.279s] INFO:colcon.colcon_cmake.task.cmake.build:Building CMake package in '/home/sid/ws/tortoisebot/tortoisebot_bringup'
[0.281s] INFO:colcon.colcon_core.plugin_system:Skipping extension 'colcon_core.shell.bat': Not used on non-Windows systems
[0.281s] INFO:colcon.colcon_core.shell:Skip shell extension 'powershell' for command environment: Not usable outside of PowerShell
[0.281s] DEBUG:colcon.colcon_core.shell:Skip shell extension 'dsv' for command environment
[0.284s] INFO:colcon.colcon_ros.task.ament_python.build:Building ROS package in '/home/sid/ws/tortoisebot/tortoisebot_control' with build type 'ament_python'
[0.284s] Level 1:colcon.colcon_core.shell:create_environment_hook('tortoisebot_control', 'ament_prefix_path')
[0.284s] INFO:colcon.colcon_core.shell:Creating environment hook '/home/sid/ws/install/tortoisebot_control/share/tortoisebot_control/hook/ament_prefix_path.ps1'
[0.284s] INFO:colcon.colcon_core.shell:Creating environment descriptor '/home/sid/ws/install/tortoisebot_control/share/tortoisebot_control/hook/ament_prefix_path.dsv'
[0.285s] INFO:colcon.colcon_core.shell:Creating environment hook '/home/sid/ws/install/tortoisebot_control/share/tortoisebot_control/hook/ament_prefix_path.sh'
[0.286s] INFO:colcon.colcon_core.shell:Skip shell extension 'powershell' for command environment: Not usable outside of PowerShell
[0.286s] DEBUG:colcon.colcon_core.shell:Skip shell extension 'dsv' for command environment
[0.289s] INFO:colcon.colcon_ros.task.ament_cmake.build:Building ROS package in '/home/sid/ws/tortoisebot/tortoisebot_description' with build type 'ament_cmake'
[0.289s] INFO:colcon.colcon_cmake.task.cmake.build:Building CMake package in '/home/sid/ws/tortoisebot/tortoisebot_description'
[0.290s] INFO:colcon.colcon_core.shell:Skip shell extension 'powershell' for command environment: Not usable outside of PowerShell
[0.290s] DEBUG:colcon.colcon_core.shell:Skip shell extension 'dsv' for command environment
[0.293s] INFO:colcon.colcon_ros.task.ament_cmake.build:Building ROS package in '/home/sid/ws/tortoisebot/tortoisebot_firmware' with build type 'ament_cmake'
[0.293s] INFO:colcon.colcon_cmake.task.cmake.build:Building CMake package in '/home/sid/ws/tortoisebot/tortoisebot_firmware'
[0.293s] INFO:colcon.colcon_core.shell:Skip shell extension 'powershell' for command environment: Not usable outside of PowerShell
[0.293s] DEBUG:colcon.colcon_core.shell:Skip shell extension 'dsv' for command environment
[0.296s] INFO:colcon.colcon_ros.task.ament_cmake.build:Building ROS package in '/home/sid/ws/tortoisebot/tortoisebot_gazebo' with build type 'ament_cmake'
[0.296s] INFO:colcon.colcon_cmake.task.cmake.build:Building CMake package in '/home/sid/ws/tortoisebot/tortoisebot_gazebo'
[0.296s] INFO:colcon.colcon_core.shell:Skip shell extension 'powershell' for command environment: Not usable outside of PowerShell
[0.296s] DEBUG:colcon.colcon_core.shell:Skip shell extension 'dsv' for command environment
[0.300s] INFO:colcon.colcon_ros.task.ament_cmake.build:Building ROS package in '/home/sid/ws/tortoisebot/tortoisebot_imu' with build type 'ament_cmake'
[0.300s] INFO:colcon.colcon_cmake.task.cmake.build:Building CMake package in '/home/sid/ws/tortoisebot/tortoisebot_imu'
[0.300s] INFO:colcon.colcon_core.shell:Skip shell extension 'powershell' for command environment: Not usable outside of PowerShell
[0.300s] DEBUG:colcon.colcon_core.shell:Skip shell extension 'dsv' for command environment
[0.310s] INFO:colcon.colcon_ros.task.ament_cmake.build:Building ROS package in '/home/sid/ws/tortoisebot/tortoisebot_navigation' with build type 'ament_cmake'
[0.310s] INFO:colcon.colcon_cmake.task.cmake.build:Building CMake package in '/home/sid/ws/tortoisebot/tortoisebot_navigation'
[0.310s] INFO:colcon.colcon_core.shell:Skip shell extension 'powershell' for command environment: Not usable outside of PowerShell
[0.310s] DEBUG:colcon.colcon_core.shell:Skip shell extension 'dsv' for command environment
[0.314s] INFO:colcon.colcon_ros.task.ament_cmake.build:Building ROS package in '/home/sid/ws/tortoisebot/tortoisebot_slam' with build type 'ament_cmake'
[0.314s] INFO:colcon.colcon_cmake.task.cmake.build:Building CMake package in '/home/sid/ws/tortoisebot/tortoisebot_slam'
[0.314s] INFO:colcon.colcon_core.shell:Skip shell extension 'powershell' for command environment: Not usable outside of PowerShell
[0.314s] DEBUG:colcon.colcon_core.shell:Skip shell extension 'dsv' for command environment
[0.317s] INFO:colcon.colcon_ros.task.ament_cmake.build:Building ROS package in '/home/sid/ws/tortoisebot/v4l2_camera' with build type 'ament_cmake'
[0.317s] INFO:colcon.colcon_cmake.task.cmake.build:Building CMake package in '/home/sid/ws/tortoisebot/v4l2_camera'
[0.317s] INFO:colcon.colcon_core.shell:Skip shell extension 'powershell' for command environment: Not usable outside of PowerShell
[0.317s] DEBUG:colcon.colcon_core.shell:Skip shell extension 'dsv' for command environment
[0.326s] DEBUG:colcon.colcon_core.event_handler.log_command:Invoking command in '/home/sid/ws/build/tortoisebot_bringup': CMAKE_PREFIX_PATH=${CMAKE_PREFIX_PATH}:/home/sid/ws/install/tortoisebot_control:/opt/ros/humble /usr/bin/cmake --build /home/sid/ws/build/tortoisebot_bringup -- -j12 -l12
[0.524s] INFO:colcon.colcon_core.task.python.build:Building Python package in '/home/sid/ws/tortoisebot/tortoisebot_control'
[0.524s] INFO:colcon.colcon_core.shell:Skip shell extension 'powershell' for command environment: Not usable outside of PowerShell
[0.524s] DEBUG:colcon.colcon_core.shell:Skip shell extension 'dsv' for command environment
[0.530s] DEBUG:colcon.colcon_core.event_handler.log_command:Invoking command in '/home/sid/ws/build/tortoisebot_description': CMAKE_PREFIX_PATH=${CMAKE_PREFIX_PATH}:/home/sid/ws/install/tortoisebot_control:/opt/ros/humble /usr/bin/cmake --build /home/sid/ws/build/tortoisebot_description -- -j12 -l12
[0.532s] DEBUG:colcon.colcon_core.event_handler.log_command:Invoking command in '/home/sid/ws/build/tortoisebot_firmware': CMAKE_PREFIX_PATH=${CMAKE_PREFIX_PATH}:/home/sid/ws/install/tortoisebot_control:/opt/ros/humble /usr/bin/cmake --build /home/sid/ws/build/tortoisebot_firmware -- -j12 -l12
[0.534s] DEBUG:colcon.colcon_core.event_handler.log_command:Invoking command in '/home/sid/ws/build/tortoisebot_gazebo': CMAKE_PREFIX_PATH=${CMAKE_PREFIX_PATH}:/home/sid/ws/install/tortoisebot_control:/opt/ros/humble /usr/bin/cmake --build /home/sid/ws/build/tortoisebot_gazebo -- -j12 -l12
[0.537s] DEBUG:colcon.colcon_core.event_handler.log_command:Invoking command in '/home/sid/ws/build/tortoisebot_imu': CMAKE_PREFIX_PATH=${CMAKE_PREFIX_PATH}:/home/sid/ws/install/tortoisebot_control:/opt/ros/humble /usr/bin/cmake --build /home/sid/ws/build/tortoisebot_imu -- -j12 -l12
[0.541s] DEBUG:colcon.colcon_core.event_handler.log_command:Invoking command in '/home/sid/ws/build/tortoisebot_navigation': CMAKE_PREFIX_PATH=${CMAKE_PREFIX_PATH}:/home/sid/ws/install/tortoisebot_control:/opt/ros/humble /usr/bin/cmake --build /home/sid/ws/build/tortoisebot_navigation -- -j12 -l12
[0.545s] DEBUG:colcon.colcon_core.event_handler.log_command:Invoking command in '/home/sid/ws/build/tortoisebot_slam': CMAKE_PREFIX_PATH=${CMAKE_PREFIX_PATH}:/home/sid/ws/install/tortoisebot_control:/opt/ros/humble /usr/bin/cmake --build /home/sid/ws/build/tortoisebot_slam -- -j12 -l12
[0.556s] DEBUG:colcon.colcon_core.event_handler.log_command:Invoking command in '/home/sid/ws/build/v4l2_camera': CMAKE_PREFIX_PATH=${CMAKE_PREFIX_PATH}:/home/sid/ws/install/tortoisebot_control:/opt/ros/humble /usr/bin/cmake --build /home/sid/ws/build/v4l2_camera -- -j12 -l12
[0.556s] DEBUG:colcon.colcon_core.event_handler.log_command:Invoked command in '/home/sid/ws/build/tortoisebot_bringup' returned '0': CMAKE_PREFIX_PATH=${CMAKE_PREFIX_PATH}:/home/sid/ws/install/tortoisebot_control:/opt/ros/humble /usr/bin/cmake --build /home/sid/ws/build/tortoisebot_bringup -- -j12 -l12
[0.570s] DEBUG:colcon.colcon_core.event_handler.log_command:Invoking command in '/home/sid/ws/build/tortoisebot_bringup': CMAKE_PREFIX_PATH=${CMAKE_PREFIX_PATH}:/home/sid/ws/install/tortoisebot_control:/opt/ros/humble /usr/bin/cmake --install /home/sid/ws/build/tortoisebot_bringup
[0.580s] DEBUG:colcon.colcon_core.event_handler.log_command:Invoked command in '/home/sid/ws/build/tortoisebot_gazebo' returned '0': CMAKE_PREFIX_PATH=${CMAKE_PREFIX_PATH}:/home/sid/ws/install/tortoisebot_control:/opt/ros/humble /usr/bin/cmake --build /home/sid/ws/build/tortoisebot_gazebo -- -j12 -l12
[0.583s] DEBUG:colcon.colcon_core.event_handler.log_command:Invoking command in '/home/sid/ws/build/tortoisebot_gazebo': CMAKE_PREFIX_PATH=${CMAKE_PREFIX_PATH}:/home/sid/ws/install/tortoisebot_control:/opt/ros/humble /usr/bin/cmake --install /home/sid/ws/build/tortoisebot_gazebo
[0.588s] DEBUG:colcon.colcon_core.event_handler.log_command:Invoked command in '/home/sid/ws/build/tortoisebot_description' returned '0': CMAKE_PREFIX_PATH=${CMAKE_PREFIX_PATH}:/home/sid/ws/install/tortoisebot_control:/opt/ros/humble /usr/bin/cmake --build /home/sid/ws/build/tortoisebot_description -- -j12 -l12
[0.590s] DEBUG:colcon.colcon_core.event_handler.log_command:Invoking command in '/home/sid/ws/build/tortoisebot_description': CMAKE_PREFIX_PATH=${CMAKE_PREFIX_PATH}:/home/sid/ws/install/tortoisebot_control:/opt/ros/humble /usr/bin/cmake --install /home/sid/ws/build/tortoisebot_description
[0.591s] DEBUG:colcon.colcon_core.event_handler.log_command:Invoked command in '/home/sid/ws/build/tortoisebot_imu' returned '0': CMAKE_PREFIX_PATH=${CMAKE_PREFIX_PATH}:/home/sid/ws/install/tortoisebot_control:/opt/ros/humble /usr/bin/cmake --build /home/sid/ws/build/tortoisebot_imu -- -j12 -l12
[0.596s] DEBUG:colcon.colcon_core.event_handler.log_command:Invoking command in '/home/sid/ws/build/tortoisebot_imu': CMAKE_PREFIX_PATH=${CMAKE_PREFIX_PATH}:/home/sid/ws/install/tortoisebot_control:/opt/ros/humble /usr/bin/cmake --install /home/sid/ws/build/tortoisebot_imu
[0.597s] Level 1:colcon.colcon_core.environment:create_environment_scripts_only(tortoisebot_bringup)
[0.598s] DEBUG:colcon.colcon_core.event_handler.log_command:Invoked command in '/home/sid/ws/build/tortoisebot_bringup' returned '0': CMAKE_PREFIX_PATH=${CMAKE_PREFIX_PATH}:/home/sid/ws/install/tortoisebot_control:/opt/ros/humble /usr/bin/cmake --install /home/sid/ws/build/tortoisebot_bringup
[0.607s] Level 1:colcon.colcon_core.environment:checking '/home/sid/ws/install/tortoisebot_bringup' for CMake module files
[0.608s] Level 1:colcon.colcon_core.environment:checking '/home/sid/ws/install/tortoisebot_bringup' for CMake config files
[0.608s] Level 1:colcon.colcon_core.shell:create_environment_hook('tortoisebot_bringup', 'cmake_prefix_path')
[0.608s] INFO:colcon.colcon_core.shell:Creating environment hook '/home/sid/ws/install/tortoisebot_bringup/share/tortoisebot_bringup/hook/cmake_prefix_path.ps1'
[0.609s] INFO:colcon.colcon_core.shell:Creating environment descriptor '/home/sid/ws/install/tortoisebot_bringup/share/tortoisebot_bringup/hook/cmake_prefix_path.dsv'
[0.610s] INFO:colcon.colcon_core.shell:Creating environment hook '/home/sid/ws/install/tortoisebot_bringup/share/tortoisebot_bringup/hook/cmake_prefix_path.sh'
[0.611s] Level 1:colcon.colcon_core.environment:checking '/home/sid/ws/install/tortoisebot_bringup/bin'
[0.611s] Level 1:colcon.colcon_core.environment:checking '/home/sid/ws/install/tortoisebot_bringup/lib/pkgconfig/tortoisebot_bringup.pc'
[0.611s] Level 1:colcon.colcon_core.environment:checking '/home/sid/ws/install/tortoisebot_bringup/lib/python3.10/site-packages'
[0.612s] Level 1:colcon.colcon_core.environment:checking '/home/sid/ws/install/tortoisebot_bringup/bin'
[0.612s] INFO:colcon.colcon_core.shell:Creating package script '/home/sid/ws/install/tortoisebot_bringup/share/tortoisebot_bringup/package.ps1'
[0.614s] INFO:colcon.colcon_core.shell:Creating package descriptor '/home/sid/ws/install/tortoisebot_bringup/share/tortoisebot_bringup/package.dsv'
[0.615s] INFO:colcon.colcon_core.shell:Creating package script '/home/sid/ws/install/tortoisebot_bringup/share/tortoisebot_bringup/package.sh'
[0.616s] INFO:colcon.colcon_core.shell:Creating package script '/home/sid/ws/install/tortoisebot_bringup/share/tortoisebot_bringup/package.bash'
[0.617s] INFO:colcon.colcon_core.shell:Creating package script '/home/sid/ws/install/tortoisebot_bringup/share/tortoisebot_bringup/package.zsh'
[0.618s] Level 1:colcon.colcon_core.environment:create_file_with_runtime_dependencies(/home/sid/ws/install/tortoisebot_bringup/share/colcon-core/packages/tortoisebot_bringup)
[0.620s] Level 1:colcon.colcon_core.environment:create_environment_scripts_only(tortoisebot_bringup)
[0.620s] Level 1:colcon.colcon_core.environment:checking '/home/sid/ws/install/tortoisebot_bringup' for CMake module files
[0.621s] Level 1:colcon.colcon_core.environment:checking '/home/sid/ws/install/tortoisebot_bringup' for CMake config files
[0.621s] Level 1:colcon.colcon_core.shell:create_environment_hook('tortoisebot_bringup', 'cmake_prefix_path')
[0.622s] INFO:colcon.colcon_core.shell:Creating environment hook '/home/sid/ws/install/tortoisebot_bringup/share/tortoisebot_bringup/hook/cmake_prefix_path.ps1'
[0.622s] INFO:colcon.colcon_core.shell:Creating environment descriptor '/home/sid/ws/install/tortoisebot_bringup/share/tortoisebot_bringup/hook/cmake_prefix_path.dsv'
[0.623s] INFO:colcon.colcon_core.shell:Creating environment hook '/home/sid/ws/install/tortoisebot_bringup/share/tortoisebot_bringup/hook/cmake_prefix_path.sh'
[0.624s] Level 1:colcon.colcon_core.environment:checking '/home/sid/ws/install/tortoisebot_bringup/bin'
[0.624s] Level 1:colcon.colcon_core.environment:checking '/home/sid/ws/install/tortoisebot_bringup/lib/pkgconfig/tortoisebot_bringup.pc'
[0.624s] Level 1:colcon.colcon_core.environment:checking '/home/sid/ws/install/tortoisebot_bringup/lib/python3.10/site-packages'
[0.624s] Level 1:colcon.colcon_core.environment:checking '/home/sid/ws/install/tortoisebot_bringup/bin'
[0.625s] INFO:colcon.colcon_core.shell:Creating package script '/home/sid/ws/install/tortoisebot_bringup/share/tortoisebot_bringup/package.ps1'
[0.625s] INFO:colcon.colcon_core.shell:Creating package descriptor '/home/sid/ws/install/tortoisebot_bringup/share/tortoisebot_bringup/package.dsv'
[0.626s] INFO:colcon.colcon_core.shell:Creating package script '/home/sid/ws/install/tortoisebot_bringup/share/tortoisebot_bringup/package.sh'
[0.626s] INFO:colcon.colcon_core.shell:Creating package script '/home/sid/ws/install/tortoisebot_bringup/share/tortoisebot_bringup/package.bash'
[0.627s] INFO:colcon.colcon_core.shell:Creating package script '/home/sid/ws/install/tortoisebot_bringup/share/tortoisebot_bringup/package.zsh'
[0.627s] Level 1:colcon.colcon_core.environment:create_file_with_runtime_dependencies(/home/sid/ws/install/tortoisebot_bringup/share/colcon-core/packages/tortoisebot_bringup)
[0.629s] DEBUG:colcon.colcon_core.event_handler.log_command:Invoked command in '/home/sid/ws/build/tortoisebot_navigation' returned '0': CMAKE_PREFIX_PATH=${CMAKE_PREFIX_PATH}:/home/sid/ws/install/tortoisebot_control:/opt/ros/humble /usr/bin/cmake --build /home/sid/ws/build/tortoisebot_navigation -- -j12 -l12
[0.631s] DEBUG:colcon.colcon_core.event_handler.log_command:Invoking command in '/home/sid/ws/build/tortoisebot_navigation': CMAKE_PREFIX_PATH=${CMAKE_PREFIX_PATH}:/home/sid/ws/install/tortoisebot_control:/opt/ros/humble /usr/bin/cmake --install /home/sid/ws/build/tortoisebot_navigation
[0.632s] DEBUG:colcon.colcon_core.event_handler.log_command:Invoked command in '/home/sid/ws/build/tortoisebot_slam' returned '0': CMAKE_PREFIX_PATH=${CMAKE_PREFIX_PATH}:/home/sid/ws/install/tortoisebot_control:/opt/ros/humble /usr/bin/cmake --build /home/sid/ws/build/tortoisebot_slam -- -j12 -l12
[0.633s] DEBUG:colcon.colcon_core.event_handler.log_command:Invoking command in '/home/sid/ws/build/tortoisebot_slam': CMAKE_PREFIX_PATH=${CMAKE_PREFIX_PATH}:/home/sid/ws/install/tortoisebot_control:/opt/ros/humble /usr/bin/cmake --install /home/sid/ws/build/tortoisebot_slam
[0.633s] Level 1:colcon.colcon_core.environment:create_environment_scripts_only(tortoisebot_gazebo)
[0.634s] Level 1:colcon.colcon_core.environment:checking '/home/sid/ws/install/tortoisebot_gazebo' for CMake module files
[0.634s] DEBUG:colcon.colcon_core.event_handler.log_command:Invoked command in '/home/sid/ws/build/tortoisebot_gazebo' returned '0': CMAKE_PREFIX_PATH=${CMAKE_PREFIX_PATH}:/home/sid/ws/install/tortoisebot_control:/opt/ros/humble /usr/bin/cmake --install /home/sid/ws/build/tortoisebot_gazebo
[0.634s] Level 1:colcon.colcon_core.environment:checking '/home/sid/ws/install/tortoisebot_gazebo' for CMake config files
[0.635s] Level 1:colcon.colcon_core.shell:create_environment_hook('tortoisebot_gazebo', 'cmake_prefix_path')
[0.635s] INFO:colcon.colcon_core.shell:Creating environment hook '/home/sid/ws/install/tortoisebot_gazebo/share/tortoisebot_gazebo/hook/cmake_prefix_path.ps1'
[0.635s] INFO:colcon.colcon_core.shell:Creating environment descriptor '/home/sid/ws/install/tortoisebot_gazebo/share/tortoisebot_gazebo/hook/cmake_prefix_path.dsv'
[0.636s] INFO:colcon.colcon_core.shell:Creating environment hook '/home/sid/ws/install/tortoisebot_gazebo/share/tortoisebot_gazebo/hook/cmake_prefix_path.sh'
[0.636s] Level 1:colcon.colcon_core.environment:checking '/home/sid/ws/install/tortoisebot_gazebo/bin'
[0.636s] Level 1:colcon.colcon_core.environment:checking '/home/sid/ws/install/tortoisebot_gazebo/lib/pkgconfig/tortoisebot_gazebo.pc'
[0.637s] Level 1:colcon.colcon_core.environment:checking '/home/sid/ws/install/tortoisebot_gazebo/lib/python3.10/site-packages'
[0.637s] Level 1:colcon.colcon_core.environment:checking '/home/sid/ws/install/tortoisebot_gazebo/bin'
[0.637s] INFO:colcon.colcon_core.shell:Creating package script '/home/sid/ws/install/tortoisebot_gazebo/share/tortoisebot_gazebo/package.ps1'
[0.638s] INFO:colcon.colcon_core.shell:Creating package descriptor '/home/sid/ws/install/tortoisebot_gazebo/share/tortoisebot_gazebo/package.dsv'
[0.638s] INFO:colcon.colcon_core.shell:Creating package script '/home/sid/ws/install/tortoisebot_gazebo/share/tortoisebot_gazebo/package.sh'
[0.639s] INFO:colcon.colcon_core.shell:Creating package script '/home/sid/ws/install/tortoisebot_gazebo/share/tortoisebot_gazebo/package.bash'
[0.639s] INFO:colcon.colcon_core.shell:Creating package script '/home/sid/ws/install/tortoisebot_gazebo/share/tortoisebot_gazebo/package.zsh'
[0.639s] Level 1:colcon.colcon_core.environment:create_file_with_runtime_dependencies(/home/sid/ws/install/tortoisebot_gazebo/share/colcon-core/packages/tortoisebot_gazebo)
[0.640s] Level 1:colcon.colcon_core.environment:create_environment_scripts_only(tortoisebot_gazebo)
[0.640s] Level 1:colcon.colcon_core.environment:checking '/home/sid/ws/install/tortoisebot_gazebo' for CMake module files
[0.641s] Level 1:colcon.colcon_core.environment:checking '/home/sid/ws/install/tortoisebot_gazebo' for CMake config files
[0.641s] Level 1:colcon.colcon_core.shell:create_environment_hook('tortoisebot_gazebo', 'cmake_prefix_path')
[0.641s] INFO:colcon.colcon_core.shell:Creating environment hook '/home/sid/ws/install/tortoisebot_gazebo/share/tortoisebot_gazebo/hook/cmake_prefix_path.ps1'
[0.641s] INFO:colcon.colcon_core.shell:Creating environment descriptor '/home/sid/ws/install/tortoisebot_gazebo/share/tortoisebot_gazebo/hook/cmake_prefix_path.dsv'
[0.642s] INFO:colcon.colcon_core.shell:Creating environment hook '/home/sid/ws/install/tortoisebot_gazebo/share/tortoisebot_gazebo/hook/cmake_prefix_path.sh'
[0.642s] Level 1:colcon.colcon_core.environment:checking '/home/sid/ws/install/tortoisebot_gazebo/bin'
[0.642s] Level 1:colcon.colcon_core.environment:checking '/home/sid/ws/install/tortoisebot_gazebo/lib/pkgconfig/tortoisebot_gazebo.pc'
[0.642s] Level 1:colcon.colcon_core.environment:checking '/home/sid/ws/install/tortoisebot_gazebo/lib/python3.10/site-packages'
[0.643s] Level 1:colcon.colcon_core.environment:checking '/home/sid/ws/install/tortoisebot_gazebo/bin'
[0.643s] INFO:colcon.colcon_core.shell:Creating package script '/home/sid/ws/install/tortoisebot_gazebo/share/tortoisebot_gazebo/package.ps1'
[0.644s] INFO:colcon.colcon_core.shell:Creating package descriptor '/home/sid/ws/install/tortoisebot_gazebo/share/tortoisebot_gazebo/package.dsv'
[0.645s] INFO:colcon.colcon_core.shell:Creating package script '/home/sid/ws/install/tortoisebot_gazebo/share/tortoisebot_gazebo/package.sh'
[0.645s] INFO:colcon.colcon_core.shell:Creating package script '/home/sid/ws/install/tortoisebot_gazebo/share/tortoisebot_gazebo/package.bash'
[0.646s] INFO:colcon.colcon_core.shell:Creating package script '/home/sid/ws/install/tortoisebot_gazebo/share/tortoisebot_gazebo/package.zsh'
[0.646s] Level 1:colcon.colcon_core.environment:create_file_with_runtime_dependencies(/home/sid/ws/install/tortoisebot_gazebo/share/colcon-core/packages/tortoisebot_gazebo)
[0.646s] Level 1:colcon.colcon_core.environment:create_environment_scripts_only(tortoisebot_description)
[0.647s] Level 1:colcon.colcon_core.environment:checking '/home/sid/ws/install/tortoisebot_description' for CMake module files
[0.648s] DEBUG:colcon.colcon_core.event_handler.log_command:Invoked command in '/home/sid/ws/build/tortoisebot_description' returned '0': CMAKE_PREFIX_PATH=${CMAKE_PREFIX_PATH}:/home/sid/ws/install/tortoisebot_control:/opt/ros/humble /usr/bin/cmake --install /home/sid/ws/build/tortoisebot_description
[0.650s] Level 1:colcon.colcon_core.environment:checking '/home/sid/ws/install/tortoisebot_description' for CMake config files
[0.650s] Level 1:colcon.colcon_core.shell:create_environment_hook('tortoisebot_description', 'cmake_prefix_path')
[0.651s] INFO:colcon.colcon_core.shell:Creating environment hook '/home/sid/ws/install/tortoisebot_description/share/tortoisebot_description/hook/cmake_prefix_path.ps1'
[0.651s] INFO:colcon.colcon_core.shell:Creating environment descriptor '/home/sid/ws/install/tortoisebot_description/share/tortoisebot_description/hook/cmake_prefix_path.dsv'
[0.652s] INFO:colcon.colcon_core.shell:Creating environment hook '/home/sid/ws/install/tortoisebot_description/share/tortoisebot_description/hook/cmake_prefix_path.sh'
[0.653s] Level 1:colcon.colcon_core.environment:checking '/home/sid/ws/install/tortoisebot_description/bin'
[0.653s] Level 1:colcon.colcon_core.environment:checking '/home/sid/ws/install/tortoisebot_description/lib/pkgconfig/tortoisebot_description.pc'
[0.653s] Level 1:colcon.colcon_core.environment:checking '/home/sid/ws/install/tortoisebot_description/lib/python3.10/site-packages'
[0.654s] Level 1:colcon.colcon_core.environment:checking '/home/sid/ws/install/tortoisebot_description/bin'
[0.654s] INFO:colcon.colcon_core.shell:Creating package script '/home/sid/ws/install/tortoisebot_description/share/tortoisebot_description/package.ps1'
[0.655s] INFO:colcon.colcon_core.shell:Creating package descriptor '/home/sid/ws/install/tortoisebot_description/share/tortoisebot_description/package.dsv'
[0.656s] INFO:colcon.colcon_core.shell:Creating package script '/home/sid/ws/install/tortoisebot_description/share/tortoisebot_description/package.sh'
[0.657s] INFO:colcon.colcon_core.shell:Creating package script '/home/sid/ws/install/tortoisebot_description/share/tortoisebot_description/package.bash'
[0.657s] INFO:colcon.colcon_core.shell:Creating package script '/home/sid/ws/install/tortoisebot_description/share/tortoisebot_description/package.zsh'
[0.658s] Level 1:colcon.colcon_core.environment:create_file_with_runtime_dependencies(/home/sid/ws/install/tortoisebot_description/share/colcon-core/packages/tortoisebot_description)
[0.658s] Level 1:colcon.colcon_core.environment:create_environment_scripts_only(tortoisebot_description)
[0.659s] Level 1:colcon.colcon_core.environment:checking '/home/sid/ws/install/tortoisebot_description' for CMake module files
[0.660s] Level 1:colcon.colcon_core.environment:checking '/home/sid/ws/install/tortoisebot_description' for CMake config files
[0.660s] Level 1:colcon.colcon_core.shell:create_environment_hook('tortoisebot_description', 'cmake_prefix_path')
[0.660s] INFO:colcon.colcon_core.shell:Creating environment hook '/home/sid/ws/install/tortoisebot_description/share/tortoisebot_description/hook/cmake_prefix_path.ps1'
[0.661s] INFO:colcon.colcon_core.shell:Creating environment descriptor '/home/sid/ws/install/tortoisebot_description/share/tortoisebot_description/hook/cmake_prefix_path.dsv'
[0.661s] INFO:colcon.colcon_core.shell:Creating environment hook '/home/sid/ws/install/tortoisebot_description/share/tortoisebot_description/hook/cmake_prefix_path.sh'
[0.662s] Level 1:colcon.colcon_core.environment:checking '/home/sid/ws/install/tortoisebot_description/bin'
[0.662s] Level 1:colcon.colcon_core.environment:checking '/home/sid/ws/install/tortoisebot_description/lib/pkgconfig/tortoisebot_description.pc'
[0.662s] Level 1:colcon.colcon_core.environment:checking '/home/sid/ws/install/tortoisebot_description/lib/python3.10/site-packages'
[0.663s] Level 1:colcon.colcon_core.environment:checking '/home/sid/ws/install/tortoisebot_description/bin'
[0.663s] INFO:colcon.colcon_core.shell:Creating package script '/home/sid/ws/install/tortoisebot_description/share/tortoisebot_description/package.ps1'
[0.664s] INFO:colcon.colcon_core.shell:Creating package descriptor '/home/sid/ws/install/tortoisebot_description/share/tortoisebot_description/package.dsv'
[0.664s] INFO:colcon.colcon_core.shell:Creating package script '/home/sid/ws/install/tortoisebot_description/share/tortoisebot_description/package.sh'
[0.664s] INFO:colcon.colcon_core.shell:Creating package script '/home/sid/ws/install/tortoisebot_description/share/tortoisebot_description/package.bash'
[0.665s] INFO:colcon.colcon_core.shell:Creating package script '/home/sid/ws/install/tortoisebot_description/share/tortoisebot_description/package.zsh'
[0.665s] Level 1:colcon.colcon_core.environment:create_file_with_runtime_dependencies(/home/sid/ws/install/tortoisebot_description/share/colcon-core/packages/tortoisebot_description)
[0.666s] Level 1:colcon.colcon_core.environment:create_environment_scripts_only(tortoisebot_imu)
[0.666s] Level 1:colcon.colcon_core.environment:checking '/home/sid/ws/install/tortoisebot_imu' for CMake module files
[0.667s] DEBUG:colcon.colcon_core.event_handler.log_command:Invoked command in '/home/sid/ws/build/tortoisebot_imu' returned '0': CMAKE_PREFIX_PATH=${CMAKE_PREFIX_PATH}:/home/sid/ws/install/tortoisebot_control:/opt/ros/humble /usr/bin/cmake --install /home/sid/ws/build/tortoisebot_imu
[0.667s] Level 1:colcon.colcon_core.environment:checking '/home/sid/ws/install/tortoisebot_imu' for CMake config files
[0.667s] Level 1:colcon.colcon_core.shell:create_environment_hook('tortoisebot_imu', 'cmake_prefix_path')
[0.667s] INFO:colcon.colcon_core.shell:Creating environment hook '/home/sid/ws/install/tortoisebot_imu/share/tortoisebot_imu/hook/cmake_prefix_path.ps1'
[0.668s] INFO:colcon.colcon_core.shell:Creating environment descriptor '/home/sid/ws/install/tortoisebot_imu/share/tortoisebot_imu/hook/cmake_prefix_path.dsv'
[0.668s] INFO:colcon.colcon_core.shell:Creating environment hook '/home/sid/ws/install/tortoisebot_imu/share/tortoisebot_imu/hook/cmake_prefix_path.sh'
[0.668s] Level 1:colcon.colcon_core.environment:checking '/home/sid/ws/install/tortoisebot_imu/lib'
[0.669s] Level 1:colcon.colcon_core.environment:checking '/home/sid/ws/install/tortoisebot_imu/bin'
[0.669s] Level 1:colcon.colcon_core.environment:checking '/home/sid/ws/install/tortoisebot_imu/lib/pkgconfig/tortoisebot_imu.pc'
[0.669s] Level 1:colcon.colcon_core.environment:checking '/home/sid/ws/install/tortoisebot_imu/lib/python3.10/site-packages'
[0.669s] Level 1:colcon.colcon_core.environment:checking '/home/sid/ws/install/tortoisebot_imu/bin'
[0.669s] INFO:colcon.colcon_core.shell:Creating package script '/home/sid/ws/install/tortoisebot_imu/share/tortoisebot_imu/package.ps1'
[0.670s] INFO:colcon.colcon_core.shell:Creating package descriptor '/home/sid/ws/install/tortoisebot_imu/share/tortoisebot_imu/package.dsv'
[0.670s] INFO:colcon.colcon_core.shell:Creating package script '/home/sid/ws/install/tortoisebot_imu/share/tortoisebot_imu/package.sh'
[0.671s] INFO:colcon.colcon_core.shell:Creating package script '/home/sid/ws/install/tortoisebot_imu/share/tortoisebot_imu/package.bash'
[0.671s] INFO:colcon.colcon_core.shell:Creating package script '/home/sid/ws/install/tortoisebot_imu/share/tortoisebot_imu/package.zsh'
[0.671s] Level 1:colcon.colcon_core.environment:create_file_with_runtime_dependencies(/home/sid/ws/install/tortoisebot_imu/share/colcon-core/packages/tortoisebot_imu)
[0.672s] Level 1:colcon.colcon_core.environment:create_environment_scripts_only(tortoisebot_imu)
[0.672s] Level 1:colcon.colcon_core.environment:checking '/home/sid/ws/install/tortoisebot_imu' for CMake module files
[0.673s] Level 1:colcon.colcon_core.environment:checking '/home/sid/ws/install/tortoisebot_imu' for CMake config files
[0.673s] Level 1:colcon.colcon_core.shell:create_environment_hook('tortoisebot_imu', 'cmake_prefix_path')
[0.673s] INFO:colcon.colcon_core.shell:Creating environment hook '/home/sid/ws/install/tortoisebot_imu/share/tortoisebot_imu/hook/cmake_prefix_path.ps1'
[0.673s] INFO:colcon.colcon_core.shell:Creating environment descriptor '/home/sid/ws/install/tortoisebot_imu/share/tortoisebot_imu/hook/cmake_prefix_path.dsv'
[0.674s] INFO:colcon.colcon_core.shell:Creating environment hook '/home/sid/ws/install/tortoisebot_imu/share/tortoisebot_imu/hook/cmake_prefix_path.sh'
[0.674s] Level 1:colcon.colcon_core.environment:checking '/home/sid/ws/install/tortoisebot_imu/lib'
[0.674s] Level 1:colcon.colcon_core.environment:checking '/home/sid/ws/install/tortoisebot_imu/bin'
[0.674s] Level 1:colcon.colcon_core.environment:checking '/home/sid/ws/install/tortoisebot_imu/lib/pkgconfig/tortoisebot_imu.pc'
[0.675s] Level 1:colcon.colcon_core.environment:checking '/home/sid/ws/install/tortoisebot_imu/lib/python3.10/site-packages'
[0.675s] Level 1:colcon.colcon_core.environment:checking '/home/sid/ws/install/tortoisebot_imu/bin'
[0.675s] INFO:colcon.colcon_core.shell:Creating package script '/home/sid/ws/install/tortoisebot_imu/share/tortoisebot_imu/package.ps1'
[0.675s] INFO:colcon.colcon_core.shell:Creating package descriptor '/home/sid/ws/install/tortoisebot_imu/share/tortoisebot_imu/package.dsv'
[0.676s] INFO:colcon.colcon_core.shell:Creating package script '/home/sid/ws/install/tortoisebot_imu/share/tortoisebot_imu/package.sh'
[0.677s] INFO:colcon.colcon_core.shell:Creating package script '/home/sid/ws/install/tortoisebot_imu/share/tortoisebot_imu/package.bash'
[0.677s] INFO:colcon.colcon_core.shell:Creating package script '/home/sid/ws/install/tortoisebot_imu/share/tortoisebot_imu/package.zsh'
[0.678s] Level 1:colcon.colcon_core.environment:create_file_with_runtime_dependencies(/home/sid/ws/install/tortoisebot_imu/share/colcon-core/packages/tortoisebot_imu)
[0.680s] Level 1:colcon.colcon_core.environment:create_environment_scripts_only(tortoisebot_navigation)
[0.681s] Level 1:colcon.colcon_core.environment:checking '/home/sid/ws/install/tortoisebot_navigation' for CMake module files
[0.682s] Level 1:colcon.colcon_core.environment:checking '/home/sid/ws/install/tortoisebot_navigation' for CMake config files
[0.683s] DEBUG:colcon.colcon_core.event_handler.log_command:Invoked command in '/home/sid/ws/build/tortoisebot_navigation' returned '0': CMAKE_PREFIX_PATH=${CMAKE_PREFIX_PATH}:/home/sid/ws/install/tortoisebot_control:/opt/ros/humble /usr/bin/cmake --install /home/sid/ws/build/tortoisebot_navigation
[0.683s] Level 1:colcon.colcon_core.shell:create_environment_hook('tortoisebot_navigation', 'cmake_prefix_path')
[0.684s] INFO:colcon.colcon_core.shell:Creating environment hook '/home/sid/ws/install/tortoisebot_navigation/share/tortoisebot_navigation/hook/cmake_prefix_path.ps1'
[0.684s] INFO:colcon.colcon_core.shell:Creating environment descriptor '/home/sid/ws/install/tortoisebot_navigation/share/tortoisebot_navigation/hook/cmake_prefix_path.dsv'
[0.685s] INFO:colcon.colcon_core.shell:Creating environment hook '/home/sid/ws/install/tortoisebot_navigation/share/tortoisebot_navigation/hook/cmake_prefix_path.sh'
[0.685s] Level 1:colcon.colcon_core.environment:checking '/home/sid/ws/install/tortoisebot_navigation/bin'
[0.685s] Level 1:colcon.colcon_core.environment:checking '/home/sid/ws/install/tortoisebot_navigation/lib/pkgconfig/tortoisebot_navigation.pc'
[0.685s] Level 1:colcon.colcon_core.environment:checking '/home/sid/ws/install/tortoisebot_navigation/lib/python3.10/site-packages'
[0.686s] Level 1:colcon.colcon_core.environment:checking '/home/sid/ws/install/tortoisebot_navigation/bin'
[0.686s] INFO:colcon.colcon_core.shell:Creating package script '/home/sid/ws/install/tortoisebot_navigation/share/tortoisebot_navigation/package.ps1'
[0.686s] INFO:colcon.colcon_core.shell:Creating package descriptor '/home/sid/ws/install/tortoisebot_navigation/share/tortoisebot_navigation/package.dsv'
[0.687s] INFO:colcon.colcon_core.shell:Creating package script '/home/sid/ws/install/tortoisebot_navigation/share/tortoisebot_navigation/package.sh'
[0.687s] INFO:colcon.colcon_core.shell:Creating package script '/home/sid/ws/install/tortoisebot_navigation/share/tortoisebot_navigation/package.bash'
[0.687s] INFO:colcon.colcon_core.shell:Creating package script '/home/sid/ws/install/tortoisebot_navigation/share/tortoisebot_navigation/package.zsh'
[0.688s] Level 1:colcon.colcon_core.environment:create_file_with_runtime_dependencies(/home/sid/ws/install/tortoisebot_navigation/share/colcon-core/packages/tortoisebot_navigation)
[0.688s] Level 1:colcon.colcon_core.environment:create_environment_scripts_only(tortoisebot_navigation)
[0.689s] Level 1:colcon.colcon_core.environment:checking '/home/sid/ws/install/tortoisebot_navigation' for CMake module files
[0.689s] Level 1:colcon.colcon_core.environment:checking '/home/sid/ws/install/tortoisebot_navigation' for CMake config files
[0.689s] Level 1:colcon.colcon_core.shell:create_environment_hook('tortoisebot_navigation', 'cmake_prefix_path')
[0.690s] INFO:colcon.colcon_core.shell:Creating environment hook '/home/sid/ws/install/tortoisebot_navigation/share/tortoisebot_navigation/hook/cmake_prefix_path.ps1'
[0.690s] INFO:colcon.colcon_core.shell:Creating environment descriptor '/home/sid/ws/install/tortoisebot_navigation/share/tortoisebot_navigation/hook/cmake_prefix_path.dsv'
[0.690s] INFO:colcon.colcon_core.shell:Creating environment hook '/home/sid/ws/install/tortoisebot_navigation/share/tortoisebot_navigation/hook/cmake_prefix_path.sh'
[0.691s] Level 1:colcon.colcon_core.environment:checking '/home/sid/ws/install/tortoisebot_navigation/bin'
[0.691s] Level 1:colcon.colcon_core.environment:checking '/home/sid/ws/install/tortoisebot_navigation/lib/pkgconfig/tortoisebot_navigation.pc'
[0.691s] Level 1:colcon.colcon_core.environment:checking '/home/sid/ws/install/tortoisebot_navigation/lib/python3.10/site-packages'
[0.691s] Level 1:colcon.colcon_core.environment:checking '/home/sid/ws/install/tortoisebot_navigation/bin'
[0.692s] INFO:colcon.colcon_core.shell:Creating package script '/home/sid/ws/install/tortoisebot_navigation/share/tortoisebot_navigation/package.ps1'
[0.692s] INFO:colcon.colcon_core.shell:Creating package descriptor '/home/sid/ws/install/tortoisebot_navigation/share/tortoisebot_navigation/package.dsv'
[0.693s] INFO:colcon.colcon_core.shell:Creating package script '/home/sid/ws/install/tortoisebot_navigation/share/tortoisebot_navigation/package.sh'
[0.693s] INFO:colcon.colcon_core.shell:Creating package script '/home/sid/ws/install/tortoisebot_navigation/share/tortoisebot_navigation/package.bash'
[0.693s] INFO:colcon.colcon_core.shell:Creating package script '/home/sid/ws/install/tortoisebot_navigation/share/tortoisebot_navigation/package.zsh'
[0.694s] Level 1:colcon.colcon_core.environment:create_file_with_runtime_dependencies(/home/sid/ws/install/tortoisebot_navigation/share/colcon-core/packages/tortoisebot_navigation)
[0.694s] Level 1:colcon.colcon_core.environment:create_environment_scripts_only(tortoisebot_slam)
[0.694s] Level 1:colcon.colcon_core.environment:checking '/home/sid/ws/install/tortoisebot_slam' for CMake module files
[0.695s] Level 1:colcon.colcon_core.environment:checking '/home/sid/ws/install/tortoisebot_slam' for CMake config files
[0.695s] DEBUG:colcon.colcon_core.event_handler.log_command:Invoked command in '/home/sid/ws/build/tortoisebot_slam' returned '0': CMAKE_PREFIX_PATH=${CMAKE_PREFIX_PATH}:/home/sid/ws/install/tortoisebot_control:/opt/ros/humble /usr/bin/cmake --install /home/sid/ws/build/tortoisebot_slam
[0.695s] Level 1:colcon.colcon_core.shell:create_environment_hook('tortoisebot_slam', 'cmake_prefix_path')
[0.696s] INFO:colcon.colcon_core.shell:Creating environment hook '/home/sid/ws/install/tortoisebot_slam/share/tortoisebot_slam/hook/cmake_prefix_path.ps1'
[0.696s] INFO:colcon.colcon_core.shell:Creating environment descriptor '/home/sid/ws/install/tortoisebot_slam/share/tortoisebot_slam/hook/cmake_prefix_path.dsv'
[0.696s] INFO:colcon.colcon_core.shell:Creating environment hook '/home/sid/ws/install/tortoisebot_slam/share/tortoisebot_slam/hook/cmake_prefix_path.sh'
[0.697s] Level 1:colcon.colcon_core.environment:checking '/home/sid/ws/install/tortoisebot_slam/bin'
[0.697s] Level 1:colcon.colcon_core.environment:checking '/home/sid/ws/install/tortoisebot_slam/lib/pkgconfig/tortoisebot_slam.pc'
[0.697s] Level 1:colcon.colcon_core.environment:checking '/home/sid/ws/install/tortoisebot_slam/lib/python3.10/site-packages'
[0.697s] Level 1:colcon.colcon_core.environment:checking '/home/sid/ws/install/tortoisebot_slam/bin'
[0.697s] INFO:colcon.colcon_core.shell:Creating package script '/home/sid/ws/install/tortoisebot_slam/share/tortoisebot_slam/package.ps1'
[0.698s] INFO:colcon.colcon_core.shell:Creating package descriptor '/home/sid/ws/install/tortoisebot_slam/share/tortoisebot_slam/package.dsv'
[0.698s] INFO:colcon.colcon_core.shell:Creating package script '/home/sid/ws/install/tortoisebot_slam/share/tortoisebot_slam/package.sh'
[0.698s] INFO:colcon.colcon_core.shell:Creating package script '/home/sid/ws/install/tortoisebot_slam/share/tortoisebot_slam/package.bash'
[0.699s] INFO:colcon.colcon_core.shell:Creating package script '/home/sid/ws/install/tortoisebot_slam/share/tortoisebot_slam/package.zsh'
[0.699s] Level 1:colcon.colcon_core.environment:create_file_with_runtime_dependencies(/home/sid/ws/install/tortoisebot_slam/share/colcon-core/packages/tortoisebot_slam)
[0.699s] Level 1:colcon.colcon_core.environment:create_environment_scripts_only(tortoisebot_slam)
[0.700s] Level 1:colcon.colcon_core.environment:checking '/home/sid/ws/install/tortoisebot_slam' for CMake module files
[0.700s] Level 1:colcon.colcon_core.environment:checking '/home/sid/ws/install/tortoisebot_slam' for CMake config files
[0.700s] Level 1:colcon.colcon_core.shell:create_environment_hook('tortoisebot_slam', 'cmake_prefix_path')
[0.700s] INFO:colcon.colcon_core.shell:Creating environment hook '/home/sid/ws/install/tortoisebot_slam/share/tortoisebot_slam/hook/cmake_prefix_path.ps1'
[0.701s] INFO:colcon.colcon_core.shell:Creating environment descriptor '/home/sid/ws/install/tortoisebot_slam/share/tortoisebot_slam/hook/cmake_prefix_path.dsv'
[0.701s] INFO:colcon.colcon_core.shell:Creating environment hook '/home/sid/ws/install/tortoisebot_slam/share/tortoisebot_slam/hook/cmake_prefix_path.sh'
[0.702s] Level 1:colcon.colcon_core.environment:checking '/home/sid/ws/install/tortoisebot_slam/bin'
[0.702s] Level 1:colcon.colcon_core.environment:checking '/home/sid/ws/install/tortoisebot_slam/lib/pkgconfig/tortoisebot_slam.pc'
[0.702s] Level 1:colcon.colcon_core.environment:checking '/home/sid/ws/install/tortoisebot_slam/lib/python3.10/site-packages'
[0.702s] Level 1:colcon.colcon_core.environment:checking '/home/sid/ws/install/tortoisebot_slam/bin'
[0.702s] INFO:colcon.colcon_core.shell:Creating package script '/home/sid/ws/install/tortoisebot_slam/share/tortoisebot_slam/package.ps1'
[0.703s] INFO:colcon.colcon_core.shell:Creating package descriptor '/home/sid/ws/install/tortoisebot_slam/share/tortoisebot_slam/package.dsv'
[0.703s] INFO:colcon.colcon_core.shell:Creating package script '/home/sid/ws/install/tortoisebot_slam/share/tortoisebot_slam/package.sh'
[0.704s] INFO:colcon.colcon_core.shell:Creating package script '/home/sid/ws/install/tortoisebot_slam/share/tortoisebot_slam/package.bash'
[0.704s] INFO:colcon.colcon_core.shell:Creating package script '/home/sid/ws/install/tortoisebot_slam/share/tortoisebot_slam/package.zsh'
[0.705s] Level 1:colcon.colcon_core.environment:create_file_with_runtime_dependencies(/home/sid/ws/install/tortoisebot_slam/share/colcon-core/packages/tortoisebot_slam)
[0.706s] DEBUG:colcon.colcon_core.event_handler.log_command:Invoked command in '/home/sid/ws/build/v4l2_camera' returned '0': CMAKE_PREFIX_PATH=${CMAKE_PREFIX_PATH}:/home/sid/ws/install/tortoisebot_control:/opt/ros/humble /usr/bin/cmake --build /home/sid/ws/build/v4l2_camera -- -j12 -l12
[0.708s] DEBUG:colcon.colcon_core.event_handler.log_command:Invoking command in '/home/sid/ws/build/v4l2_camera': CMAKE_PREFIX_PATH=${CMAKE_PREFIX_PATH}:/home/sid/ws/install/tortoisebot_control:/opt/ros/humble /usr/bin/cmake --install /home/sid/ws/build/v4l2_camera
[0.721s] Level 1:colcon.colcon_core.environment:create_environment_scripts_only(v4l2_camera)
[0.721s] Level 1:colcon.colcon_core.environment:checking '/home/sid/ws/install/v4l2_camera' for CMake module files
[0.722s] DEBUG:colcon.colcon_core.event_handler.log_command:Invoked command in '/home/sid/ws/build/v4l2_camera' returned '0': CMAKE_PREFIX_PATH=${CMAKE_PREFIX_PATH}:/home/sid/ws/install/tortoisebot_control:/opt/ros/humble /usr/bin/cmake --install /home/sid/ws/build/v4l2_camera
[0.722s] Level 1:colcon.colcon_core.environment:checking '/home/sid/ws/install/v4l2_camera' for CMake config files
[0.722s] Level 1:colcon.colcon_core.shell:create_environment_hook('v4l2_camera', 'cmake_prefix_path')
[0.723s] INFO:colcon.colcon_core.shell:Creating environment hook '/home/sid/ws/install/v4l2_camera/share/v4l2_camera/hook/cmake_prefix_path.ps1'
[0.723s] INFO:colcon.colcon_core.shell:Creating environment descriptor '/home/sid/ws/install/v4l2_camera/share/v4l2_camera/hook/cmake_prefix_path.dsv'
[0.723s] INFO:colcon.colcon_core.shell:Creating environment hook '/home/sid/ws/install/v4l2_camera/share/v4l2_camera/hook/cmake_prefix_path.sh'
[0.724s] Level 1:colcon.colcon_core.environment:checking '/home/sid/ws/install/v4l2_camera/lib'
[0.724s] Level 1:colcon.colcon_core.shell:create_environment_hook('v4l2_camera', 'ld_library_path_lib')
[0.724s] INFO:colcon.colcon_core.shell:Creating environment hook '/home/sid/ws/install/v4l2_camera/share/v4l2_camera/hook/ld_library_path_lib.ps1'
[0.724s] INFO:colcon.colcon_core.shell:Creating environment descriptor '/home/sid/ws/install/v4l2_camera/share/v4l2_camera/hook/ld_library_path_lib.dsv'
[0.725s] INFO:colcon.colcon_core.shell:Creating environment hook '/home/sid/ws/install/v4l2_camera/share/v4l2_camera/hook/ld_library_path_lib.sh'
[0.725s] Level 1:colcon.colcon_core.environment:checking '/home/sid/ws/install/v4l2_camera/bin'
[0.725s] Level 1:colcon.colcon_core.environment:checking '/home/sid/ws/install/v4l2_camera/lib/pkgconfig/v4l2_camera.pc'
[0.725s] Level 1:colcon.colcon_core.environment:checking '/home/sid/ws/install/v4l2_camera/lib/python3.10/site-packages'
[0.725s] Level 1:colcon.colcon_core.environment:checking '/home/sid/ws/install/v4l2_camera/bin'
[0.726s] INFO:colcon.colcon_core.shell:Creating package script '/home/sid/ws/install/v4l2_camera/share/v4l2_camera/package.ps1'
[0.726s] INFO:colcon.colcon_core.shell:Creating package descriptor '/home/sid/ws/install/v4l2_camera/share/v4l2_camera/package.dsv'
[0.726s] INFO:colcon.colcon_core.shell:Creating package script '/home/sid/ws/install/v4l2_camera/share/v4l2_camera/package.sh'
[0.727s] INFO:colcon.colcon_core.shell:Creating package script '/home/sid/ws/install/v4l2_camera/share/v4l2_camera/package.bash'
[0.727s] INFO:colcon.colcon_core.shell:Creating package script '/home/sid/ws/install/v4l2_camera/share/v4l2_camera/package.zsh'
[0.727s] Level 1:colcon.colcon_core.environment:create_file_with_runtime_dependencies(/home/sid/ws/install/v4l2_camera/share/colcon-core/packages/v4l2_camera)
[0.728s] Level 1:colcon.colcon_core.environment:create_environment_scripts_only(v4l2_camera)
[0.728s] Level 1:colcon.colcon_core.environment:checking '/home/sid/ws/install/v4l2_camera' for CMake module files
[0.729s] Level 1:colcon.colcon_core.environment:checking '/home/sid/ws/install/v4l2_camera' for CMake config files
[0.729s] Level 1:colcon.colcon_core.shell:create_environment_hook('v4l2_camera', 'cmake_prefix_path')
[0.729s] INFO:colcon.colcon_core.shell:Creating environment hook '/home/sid/ws/install/v4l2_camera/share/v4l2_camera/hook/cmake_prefix_path.ps1'
[0.729s] INFO:colcon.colcon_core.shell:Creating environment descriptor '/home/sid/ws/install/v4l2_camera/share/v4l2_camera/hook/cmake_prefix_path.dsv'
[0.730s] INFO:colcon.colcon_core.shell:Creating environment hook '/home/sid/ws/install/v4l2_camera/share/v4l2_camera/hook/cmake_prefix_path.sh'
[0.730s] Level 1:colcon.colcon_core.environment:checking '/home/sid/ws/install/v4l2_camera/lib'
[0.730s] Level 1:colcon.colcon_core.shell:create_environment_hook('v4l2_camera', 'ld_library_path_lib')
[0.730s] INFO:colcon.colcon_core.shell:Creating environment hook '/home/sid/ws/install/v4l2_camera/share/v4l2_camera/hook/ld_library_path_lib.ps1'
[0.731s] INFO:colcon.colcon_core.shell:Creating environment descriptor '/home/sid/ws/install/v4l2_camera/share/v4l2_camera/hook/ld_library_path_lib.dsv'
[0.731s] INFO:colcon.colcon_core.shell:Creating environment hook '/home/sid/ws/install/v4l2_camera/share/v4l2_camera/hook/ld_library_path_lib.sh'
[0.731s] Level 1:colcon.colcon_core.environment:checking '/home/sid/ws/install/v4l2_camera/bin'
[0.731s] Level 1:colcon.colcon_core.environment:checking '/home/sid/ws/install/v4l2_camera/lib/pkgconfig/v4l2_camera.pc'
[0.732s] Level 1:colcon.colcon_core.environment:checking '/home/sid/ws/install/v4l2_camera/lib/python3.10/site-packages'
[0.732s] Level 1:colcon.colcon_core.environment:checking '/home/sid/ws/install/v4l2_camera/bin'
[0.732s] INFO:colcon.colcon_core.shell:Creating package script '/home/sid/ws/install/v4l2_camera/share/v4l2_camera/package.ps1'
[0.732s] INFO:colcon.colcon_core.shell:Creating package descriptor '/home/sid/ws/install/v4l2_camera/share/v4l2_camera/package.dsv'
[0.733s] INFO:colcon.colcon_core.shell:Creating package script '/home/sid/ws/install/v4l2_camera/share/v4l2_camera/package.sh'
[0.733s] INFO:colcon.colcon_core.shell:Creating package script '/home/sid/ws/install/v4l2_camera/share/v4l2_camera/package.bash'
[0.733s] INFO:colcon.colcon_core.shell:Creating package script '/home/sid/ws/install/v4l2_camera/share/v4l2_camera/package.zsh'
[0.734s] Level 1:colcon.colcon_core.environment:create_file_with_runtime_dependencies(/home/sid/ws/install/v4l2_camera/share/colcon-core/packages/v4l2_camera)
[0.877s] DEBUG:colcon.colcon_core.event_handler.log_command:Invoked command in '/home/sid/ws/build/tortoisebot_firmware' returned '0': CMAKE_PREFIX_PATH=${CMAKE_PREFIX_PATH}:/home/sid/ws/install/tortoisebot_control:/opt/ros/humble /usr/bin/cmake --build /home/sid/ws/build/tortoisebot_firmware -- -j12 -l12
[0.879s] DEBUG:colcon.colcon_core.event_handler.log_command:Invoking command in '/home/sid/ws/build/tortoisebot_firmware': CMAKE_PREFIX_PATH=${CMAKE_PREFIX_PATH}:/home/sid/ws/install/tortoisebot_control:/opt/ros/humble /usr/bin/cmake --install /home/sid/ws/build/tortoisebot_firmware
[0.890s] DEBUG:colcon.colcon_core.event_handler.log_command:Invoking command in '/home/sid/ws/tortoisebot/tortoisebot_control': PYTHONPATH=/home/sid/ws/build/tortoisebot_control/prefix_override:/usr/lib/python3/dist-packages/colcon_core/task/python/colcon_distutils_commands:/home/sid/ws/install/tortoisebot_control/lib/python3.10/site-packages:${PYTHONPATH} /usr/bin/python3 -W ignore:setup.py install is deprecated -W ignore:easy_install command is deprecated setup.py egg_info --egg-base ../../build/tortoisebot_control build --build-base /home/sid/ws/build/tortoisebot_control/build install --record /home/sid/ws/build/tortoisebot_control/install.log --single-version-externally-managed install_data
[0.924s] Level 1:colcon.colcon_core.environment:create_environment_scripts_only(tortoisebot_firmware)
[0.924s] DEBUG:colcon.colcon_core.event_handler.log_command:Invoked command in '/home/sid/ws/build/tortoisebot_firmware' returned '0': CMAKE_PREFIX_PATH=${CMAKE_PREFIX_PATH}:/home/sid/ws/install/tortoisebot_control:/opt/ros/humble /usr/bin/cmake --install /home/sid/ws/build/tortoisebot_firmware
[0.925s] Level 1:colcon.colcon_core.environment:checking '/home/sid/ws/install/tortoisebot_firmware' for CMake module files
[0.925s] Level 1:colcon.colcon_core.environment:checking '/home/sid/ws/install/tortoisebot_firmware' for CMake config files
[0.926s] Level 1:colcon.colcon_core.shell:create_environment_hook('tortoisebot_firmware', 'cmake_prefix_path')
[0.926s] INFO:colcon.colcon_core.shell:Creating environment hook '/home/sid/ws/install/tortoisebot_firmware/share/tortoisebot_firmware/hook/cmake_prefix_path.ps1'
[0.926s] INFO:colcon.colcon_core.shell:Creating environment descriptor '/home/sid/ws/install/tortoisebot_firmware/share/tortoisebot_firmware/hook/cmake_prefix_path.dsv'
[0.927s] INFO:colcon.colcon_core.shell:Creating environment hook '/home/sid/ws/install/tortoisebot_firmware/share/tortoisebot_firmware/hook/cmake_prefix_path.sh'
[0.927s] Level 1:colcon.colcon_core.environment:checking '/home/sid/ws/install/tortoisebot_firmware/lib'
[0.927s] Level 1:colcon.colcon_core.environment:checking '/home/sid/ws/install/tortoisebot_firmware/bin'
[0.927s] Level 1:colcon.colcon_core.environment:checking '/home/sid/ws/install/tortoisebot_firmware/lib/pkgconfig/tortoisebot_firmware.pc'
[0.927s] Level 1:colcon.colcon_core.environment:checking '/home/sid/ws/install/tortoisebot_firmware/lib/python3.10/site-packages'
[0.927s] Level 1:colcon.colcon_core.environment:checking '/home/sid/ws/install/tortoisebot_firmware/bin'
[0.928s] INFO:colcon.colcon_core.shell:Creating package script '/home/sid/ws/install/tortoisebot_firmware/share/tortoisebot_firmware/package.ps1'
[0.928s] INFO:colcon.colcon_core.shell:Creating package descriptor '/home/sid/ws/install/tortoisebot_firmware/share/tortoisebot_firmware/package.dsv'
[0.928s] INFO:colcon.colcon_core.shell:Creating package script '/home/sid/ws/install/tortoisebot_firmware/share/tortoisebot_firmware/package.sh'
[0.929s] INFO:colcon.colcon_core.shell:Creating package script '/home/sid/ws/install/tortoisebot_firmware/share/tortoisebot_firmware/package.bash'
[0.929s] INFO:colcon.colcon_core.shell:Creating package script '/home/sid/ws/install/tortoisebot_firmware/share/tortoisebot_firmware/package.zsh'
[0.929s] Level 1:colcon.colcon_core.environment:create_file_with_runtime_dependencies(/home/sid/ws/install/tortoisebot_firmware/share/colcon-core/packages/tortoisebot_firmware)
[0.930s] Level 1:colcon.colcon_core.environment:create_environment_scripts_only(tortoisebot_firmware)
[0.930s] Level 1:colcon.colcon_core.environment:checking '/home/sid/ws/install/tortoisebot_firmware' for CMake module files
[0.930s] Level 1:colcon.colcon_core.environment:checking '/home/sid/ws/install/tortoisebot_firmware' for CMake config files
[0.931s] Level 1:colcon.colcon_core.shell:create_environment_hook('tortoisebot_firmware', 'cmake_prefix_path')
[0.931s] INFO:colcon.colcon_core.shell:Creating environment hook '/home/sid/ws/install/tortoisebot_firmware/share/tortoisebot_firmware/hook/cmake_prefix_path.ps1'
[0.931s] INFO:colcon.colcon_core.shell:Creating environment descriptor '/home/sid/ws/install/tortoisebot_firmware/share/tortoisebot_firmware/hook/cmake_prefix_path.dsv'
[0.931s] INFO:colcon.colcon_core.shell:Creating environment hook '/home/sid/ws/install/tortoisebot_firmware/share/tortoisebot_firmware/hook/cmake_prefix_path.sh'
[0.932s] Level 1:colcon.colcon_core.environment:checking '/home/sid/ws/install/tortoisebot_firmware/lib'
[0.932s] Level 1:colcon.colcon_core.environment:checking '/home/sid/ws/install/tortoisebot_firmware/bin'
[0.932s] Level 1:colcon.colcon_core.environment:checking '/home/sid/ws/install/tortoisebot_firmware/lib/pkgconfig/tortoisebot_firmware.pc'
[0.932s] Level 1:colcon.colcon_core.environment:checking '/home/sid/ws/install/tortoisebot_firmware/lib/python3.10/site-packages'
[0.932s] Level 1:colcon.colcon_core.environment:checking '/home/sid/ws/install/tortoisebot_firmware/bin'
[0.933s] INFO:colcon.colcon_core.shell:Creating package script '/home/sid/ws/install/tortoisebot_firmware/share/tortoisebot_firmware/package.ps1'
[0.933s] INFO:colcon.colcon_core.shell:Creating package descriptor '/home/sid/ws/install/tortoisebot_firmware/share/tortoisebot_firmware/package.dsv'
[0.933s] INFO:colcon.colcon_core.shell:Creating package script '/home/sid/ws/install/tortoisebot_firmware/share/tortoisebot_firmware/package.sh'
[0.934s] INFO:colcon.colcon_core.shell:Creating package script '/home/sid/ws/install/tortoisebot_firmware/share/tortoisebot_firmware/package.bash'
[0.934s] INFO:colcon.colcon_core.shell:Creating package script '/home/sid/ws/install/tortoisebot_firmware/share/tortoisebot_firmware/package.zsh'
[0.934s] Level 1:colcon.colcon_core.environment:create_file_with_runtime_dependencies(/home/sid/ws/install/tortoisebot_firmware/share/colcon-core/packages/tortoisebot_firmware)
[1.113s] Level 1:colcon.colcon_core.environment:checking '/home/sid/ws/install/tortoisebot_control' for CMake module files
[1.113s] DEBUG:colcon.colcon_core.event_handler.log_command:Invoked command in '/home/sid/ws/tortoisebot/tortoisebot_control' returned '0': PYTHONPATH=/home/sid/ws/build/tortoisebot_control/prefix_override:/usr/lib/python3/dist-packages/colcon_core/task/python/colcon_distutils_commands:/home/sid/ws/install/tortoisebot_control/lib/python3.10/site-packages:${PYTHONPATH} /usr/bin/python3 -W ignore:setup.py install is deprecated -W ignore:easy_install command is deprecated setup.py egg_info --egg-base ../../build/tortoisebot_control build --build-base /home/sid/ws/build/tortoisebot_control/build install --record /home/sid/ws/build/tortoisebot_control/install.log --single-version-externally-managed install_data
[1.114s] Level 1:colcon.colcon_core.environment:checking '/home/sid/ws/install/tortoisebot_control' for CMake config files
[1.115s] Level 1:colcon.colcon_core.environment:checking '/home/sid/ws/install/tortoisebot_control/lib'
[1.115s] Level 1:colcon.colcon_core.environment:checking '/home/sid/ws/install/tortoisebot_control/bin'
[1.115s] Level 1:colcon.colcon_core.environment:checking '/home/sid/ws/install/tortoisebot_control/lib/pkgconfig/tortoisebot_control.pc'
[1.115s] Level 1:colcon.colcon_core.environment:checking '/home/sid/ws/install/tortoisebot_control/lib/python3.10/site-packages'
[1.115s] Level 1:colcon.colcon_core.shell:create_environment_hook('tortoisebot_control', 'pythonpath')
[1.115s] INFO:colcon.colcon_core.shell:Creating environment hook '/home/sid/ws/install/tortoisebot_control/share/tortoisebot_control/hook/pythonpath.ps1'
[1.116s] INFO:colcon.colcon_core.shell:Creating environment descriptor '/home/sid/ws/install/tortoisebot_control/share/tortoisebot_control/hook/pythonpath.dsv'
[1.116s] INFO:colcon.colcon_core.shell:Creating environment hook '/home/sid/ws/install/tortoisebot_control/share/tortoisebot_control/hook/pythonpath.sh'
[1.117s] Level 1:colcon.colcon_core.environment:checking '/home/sid/ws/install/tortoisebot_control/bin'
[1.117s] Level 1:colcon.colcon_core.environment:create_environment_scripts_only(tortoisebot_control)
[1.117s] INFO:colcon.colcon_core.shell:Creating package script '/home/sid/ws/install/tortoisebot_control/share/tortoisebot_control/package.ps1'
[1.117s] INFO:colcon.colcon_core.shell:Creating package descriptor '/home/sid/ws/install/tortoisebot_control/share/tortoisebot_control/package.dsv'
[1.118s] INFO:colcon.colcon_core.shell:Creating package script '/home/sid/ws/install/tortoisebot_control/share/tortoisebot_control/package.sh'
[1.118s] INFO:colcon.colcon_core.shell:Creating package script '/home/sid/ws/install/tortoisebot_control/share/tortoisebot_control/package.bash'
[1.119s] INFO:colcon.colcon_core.shell:Creating package script '/home/sid/ws/install/tortoisebot_control/share/tortoisebot_control/package.zsh'
[1.119s] Level 1:colcon.colcon_core.environment:create_file_with_runtime_dependencies(/home/sid/ws/install/tortoisebot_control/share/colcon-core/packages/tortoisebot_control)
[1.119s] DEBUG:colcon.colcon_parallel_executor.executor.parallel:closing loop
[1.120s] DEBUG:colcon.colcon_parallel_executor.executor.parallel:loop closed
[1.120s] DEBUG:colcon.colcon_parallel_executor.executor.parallel:run_until_complete finished with '0'
[1.120s] DEBUG:colcon.colcon_core.event_reactor:joining thread
[1.125s] INFO:colcon.colcon_core.plugin_system:Skipping extension 'colcon_notification.desktop_notification.terminal_notifier': Not used on non-Darwin systems
[1.125s] INFO:colcon.colcon_core.plugin_system:Skipping extension 'colcon_notification.desktop_notification.win32': Not used on non-Windows systems
[1.125s] INFO:colcon.colcon_notification.desktop_notification:Sending desktop notification using 'notify2'
[1.134s] DEBUG:colcon.colcon_core.event_reactor:joined thread
[1.135s] INFO:colcon.colcon_core.shell:Creating prefix script '/home/sid/ws/install/local_setup.ps1'
[1.136s] INFO:colcon.colcon_core.shell:Creating prefix util module '/home/sid/ws/install/_local_setup_util_ps1.py'
[1.137s] INFO:colcon.colcon_core.shell:Creating prefix chain script '/home/sid/ws/install/setup.ps1'
[1.138s] INFO:colcon.colcon_core.shell:Creating prefix script '/home/sid/ws/install/local_setup.sh'
[1.138s] INFO:colcon.colcon_core.shell:Creating prefix util module '/home/sid/ws/install/_local_setup_util_sh.py'
[1.138s] INFO:colcon.colcon_core.shell:Creating prefix chain script '/home/sid/ws/install/setup.sh'
[1.139s] INFO:colcon.colcon_core.shell:Creating prefix script '/home/sid/ws/install/local_setup.bash'
[1.140s] INFO:colcon.colcon_core.shell:Creating prefix chain script '/home/sid/ws/install/setup.bash'
[1.141s] INFO:colcon.colcon_core.shell:Creating prefix script '/home/sid/ws/install/local_setup.zsh'
[1.141s] INFO:colcon.colcon_core.shell:Creating prefix chain script '/home/sid/ws/install/setup.zsh'
