[0.179s] Invoking command in '/home/sid/ws/build/tortoisebot_navigation': CMAKE_PREFIX_PATH=${CMAKE_PREFIX_PATH}:/home/sid/ws/install/tortoisebot_control:/opt/ros/humble /usr/bin/cmake /home/sid/ws/tortoisebot/tortoisebot_navigation -DCMAKE_INSTALL_PREFIX=/home/sid/ws/install/tortoisebot_navigation
[0.192s] -- Found ament_cmake: 1.3.11 (/opt/ros/humble/share/ament_cmake/cmake)
[0.310s] -- Override CMake install command with custom implementation using symlinks instead of copying resources
[0.319s] -- Found ament_lint_auto: 0.12.11 (/opt/ros/humble/share/ament_lint_auto/cmake)
[0.399s] -- Added test 'copyright' to check source files copyright and LICENSE
[0.400s] -- Added test 'flake8' to check Python code syntax and style conventions
[0.400s] -- Added test 'lint_cmake' to check CMake code style
[0.401s] -- Added test 'pep257' to check Python code against some of the docstring style conventions in PEP 257
[0.402s] -- Added test 'xmllint' to check XML markup files
[0.403s] -- Configuring done
[0.406s] -- Generating done
[0.407s] -- Build files have been written to: /home/sid/ws/build/tortoisebot_navigation
[0.415s] Invoked command in '/home/sid/ws/build/tortoisebot_navigation' returned '0': CMAKE_PREFIX_PATH=${CMAKE_PREFIX_PATH}:/home/sid/ws/install/tortoisebot_control:/opt/ros/humble /usr/bin/cmake /home/sid/ws/tortoisebot/tortoisebot_navigation -DCMAKE_INSTALL_PREFIX=/home/sid/ws/install/tortoisebot_navigation
[0.418s] Invoking command in '/home/sid/ws/build/tortoisebot_navigation': CMAKE_PREFIX_PATH=${CMAKE_PREFIX_PATH}:/home/sid/ws/install/tortoisebot_control:/opt/ros/humble /usr/bin/cmake --build /home/sid/ws/build/tortoisebot_navigation -- -j12 -l12
[0.454s] Invoked command in '/home/sid/ws/build/tortoisebot_navigation' returned '0': CMAKE_PREFIX_PATH=${CMAKE_PREFIX_PATH}:/home/sid/ws/install/tortoisebot_control:/opt/ros/humble /usr/bin/cmake --build /home/sid/ws/build/tortoisebot_navigation -- -j12 -l12
[0.455s] Invoking command in '/home/sid/ws/build/tortoisebot_navigation': CMAKE_PREFIX_PATH=${CMAKE_PREFIX_PATH}:/home/sid/ws/install/tortoisebot_control:/opt/ros/humble /usr/bin/cmake --install /home/sid/ws/build/tortoisebot_navigation
[0.461s] -- Install configuration: ""
[0.461s] -- Execute custom install script
[0.461s] -- Up-to-date symlink: /home/sid/ws/install/tortoisebot_navigation/share/tortoisebot_navigation/launch/navigation.launch.py
[0.461s] -- Up-to-date symlink: /home/sid/ws/install/tortoisebot_navigation/share/tortoisebot_navigation/config/nav2_params_robot.yaml
[0.461s] -- Up-to-date symlink: /home/sid/ws/install/tortoisebot_navigation/share/tortoisebot_navigation/config/nav2_params_simulation.yaml
[0.462s] -- Up-to-date symlink: /home/sid/ws/install/tortoisebot_navigation/share/ament_index/resource_index/package_run_dependencies/tortoisebot_navigation
[0.462s] -- Up-to-date symlink: /home/sid/ws/install/tortoisebot_navigation/share/ament_index/resource_index/parent_prefix_path/tortoisebot_navigation
[0.462s] -- Up-to-date symlink: /home/sid/ws/install/tortoisebot_navigation/share/tortoisebot_navigation/environment/ament_prefix_path.sh
[0.462s] -- Up-to-date symlink: /home/sid/ws/install/tortoisebot_navigation/share/tortoisebot_navigation/environment/ament_prefix_path.dsv
[0.462s] -- Up-to-date symlink: /home/sid/ws/install/tortoisebot_navigation/share/tortoisebot_navigation/environment/path.sh
[0.462s] -- Up-to-date symlink: /home/sid/ws/install/tortoisebot_navigation/share/tortoisebot_navigation/environment/path.dsv
[0.462s] -- Up-to-date symlink: /home/sid/ws/install/tortoisebot_navigation/share/tortoisebot_navigation/local_setup.bash
[0.462s] -- Up-to-date symlink: /home/sid/ws/install/tortoisebot_navigation/share/tortoisebot_navigation/local_setup.sh
[0.463s] -- Up-to-date symlink: /home/sid/ws/install/tortoisebot_navigation/share/tortoisebot_navigation/local_setup.zsh
[0.463s] -- Up-to-date symlink: /home/sid/ws/install/tortoisebot_navigation/share/tortoisebot_navigation/local_setup.dsv
[0.463s] -- Symlinking: /home/sid/ws/install/tortoisebot_navigation/share/tortoisebot_navigation/package.dsv
[0.470s] -- Up-to-date symlink: /home/sid/ws/install/tortoisebot_navigation/share/ament_index/resource_index/packages/tortoisebot_navigation
[0.470s] -- Up-to-date symlink: /home/sid/ws/install/tortoisebot_navigation/share/tortoisebot_navigation/cmake/tortoisebot_navigationConfig.cmake
[0.470s] -- Up-to-date symlink: /home/sid/ws/install/tortoisebot_navigation/share/tortoisebot_navigation/cmake/tortoisebot_navigationConfig-version.cmake
[0.470s] -- Up-to-date symlink: /home/sid/ws/install/tortoisebot_navigation/share/tortoisebot_navigation/package.xml
[0.472s] Invoked command in '/home/sid/ws/build/tortoisebot_navigation' returned '0': CMAKE_PREFIX_PATH=${CMAKE_PREFIX_PATH}:/home/sid/ws/install/tortoisebot_control:/opt/ros/humble /usr/bin/cmake --install /home/sid/ws/build/tortoisebot_navigation
