[0.248s] Invoking command in '/home/sid/ws/build/tortoisebot_firmware': CMAKE_PREFIX_PATH=${CMAKE_PREFIX_PATH}:/home/sid/ws/install/tortoisebot_control:/opt/ros/humble /usr/bin/cmake /home/sid/ws/tortoisebot/tortoisebot_firmware -DAMENT_CMAKE_SYMLINK_INSTALL=1 -DCMAKE_INSTALL_PREFIX=/home/sid/ws/install/tortoisebot_firmware
[0.264s] -- Found ament_cmake: 1.3.11 (/opt/ros/humble/share/ament_cmake/cmake)
[0.424s] -- Override CMake install command with custom implementation using symlinks instead of copying resources
[0.431s] -- Found rclcpp: 16.0.11 (/opt/ros/humble/share/rclcpp/cmake)
[0.469s] -- Found rosidl_generator_c: 3.1.6 (/opt/ros/humble/share/rosidl_generator_c/cmake)
[0.474s] -- Found rosidl_adapter: 3.1.6 (/opt/ros/humble/share/rosidl_adapter/cmake)
[0.486s] -- Found rosidl_generator_cpp: 3.1.6 (/opt/ros/humble/share/rosidl_generator_cpp/cmake)
[0.506s] -- Using all available rosidl_typesupport_c: rosidl_typesupport_fastrtps_c;rosidl_typesupport_introspection_c
[0.531s] -- Using all available rosidl_typesupport_cpp: rosidl_typesupport_fastrtps_cpp;rosidl_typesupport_introspection_cpp
[0.581s] -- Found rmw_implementation_cmake: 6.1.2 (/opt/ros/humble/share/rmw_implementation_cmake/cmake)
[0.584s] -- Found rmw_fastrtps_cpp: 6.2.7 (/opt/ros/humble/share/rmw_fastrtps_cpp/cmake)
[0.714s] -- Using RMW implementation 'rmw_fastrtps_cpp' as default
[0.775s] -- Found rclpy: 3.3.15 (/opt/ros/humble/share/rclpy/cmake)
[0.775s] -- Found ament_lint_auto: 0.12.11 (/opt/ros/humble/share/ament_lint_auto/cmake)
[0.866s] -- Added test 'copyright' to check source files copyright and LICENSE
[0.868s] -- Added test 'flake8' to check Python code syntax and style conventions
[0.868s] -- Added test 'lint_cmake' to check CMake code style
[0.868s] -- Added test 'pep257' to check Python code against some of the docstring style conventions in PEP 257
[0.869s] -- Added test 'xmllint' to check XML markup files
[0.871s] -- Configuring done
[0.879s] -- Generating done
[0.882s] -- Build files have been written to: /home/sid/ws/build/tortoisebot_firmware
[0.895s] Invoked command in '/home/sid/ws/build/tortoisebot_firmware' returned '0': CMAKE_PREFIX_PATH=${CMAKE_PREFIX_PATH}:/home/sid/ws/install/tortoisebot_control:/opt/ros/humble /usr/bin/cmake /home/sid/ws/tortoisebot/tortoisebot_firmware -DAMENT_CMAKE_SYMLINK_INSTALL=1 -DCMAKE_INSTALL_PREFIX=/home/sid/ws/install/tortoisebot_firmware
[0.896s] Invoking command in '/home/sid/ws/build/tortoisebot_firmware': CMAKE_PREFIX_PATH=${CMAKE_PREFIX_PATH}:/home/sid/ws/install/tortoisebot_control:/opt/ros/humble /usr/bin/cmake --build /home/sid/ws/build/tortoisebot_firmware -- -j12 -l12
[0.947s] failed to create symbolic link '/home/sid/ws/build/tortoisebot_firmware/ament_cmake_python/tortoisebot_firmware/tortoisebot_firmware' because existing path cannot be removed: Is a directory
[0.948s] gmake[2]: *** [CMakeFiles/ament_cmake_python_symlink_tortoisebot_firmware.dir/build.make:70: CMakeFiles/ament_cmake_python_symlink_tortoisebot_firmware] Error 1
[0.948s] gmake[1]: *** [CMakeFiles/Makefile2:138: CMakeFiles/ament_cmake_python_symlink_tortoisebot_firmware.dir/all] Error 2
[0.949s] gmake: *** [Makefile:146: all] Error 2
[0.951s] Invoked command in '/home/sid/ws/build/tortoisebot_firmware' returned '2': CMAKE_PREFIX_PATH=${CMAKE_PREFIX_PATH}:/home/sid/ws/install/tortoisebot_control:/opt/ros/humble /usr/bin/cmake --build /home/sid/ws/build/tortoisebot_firmware -- -j12 -l12
