[0.239s] Invoking command in '/home/sid/ws/build/tortoisebot_firmware': CMAKE_PREFIX_PATH=${CMAKE_PREFIX_PATH}:/home/sid/ws/install/tortoisebot_control:/opt/ros/humble /usr/bin/cmake --build /home/sid/ws/build/tortoisebot_firmware -- -j12 -l12
[0.309s] Built target ament_cmake_python_copy_tortoisebot_firmware
[0.545s] running egg_info
[0.546s] writing tortoisebot_firmware.egg-info/PKG-INFO
[0.546s] writing dependency_links to tortoisebot_firmware.egg-info/dependency_links.txt
[0.546s] writing top-level names to tortoisebot_firmware.egg-info/top_level.txt
[0.548s] reading manifest file 'tortoisebot_firmware.egg-info/SOURCES.txt'
[0.548s] writing manifest file 'tortoisebot_firmware.egg-info/SOURCES.txt'
[0.571s] Built target ament_cmake_python_build_tortoisebot_firmware_egg
[0.583s] Invoked command in '/home/sid/ws/build/tortoisebot_firmware' returned '0': CMAKE_PREFIX_PATH=${CMAKE_PREFIX_PATH}:/home/sid/ws/install/tortoisebot_control:/opt/ros/humble /usr/bin/cmake --build /home/sid/ws/build/tortoisebot_firmware -- -j12 -l12
[0.585s] Invoking command in '/home/sid/ws/build/tortoisebot_firmware': CMAKE_PREFIX_PATH=${CMAKE_PREFIX_PATH}:/home/sid/ws/install/tortoisebot_control:/opt/ros/humble /usr/bin/cmake --install /home/sid/ws/build/tortoisebot_firmware
[0.593s] -- Install configuration: ""
[0.593s] -- Up-to-date: /home/sid/ws/install/tortoisebot_firmware/share/tortoisebot_firmware/environment/pythonpath.sh
[0.593s] -- Up-to-date: /home/sid/ws/install/tortoisebot_firmware/share/tortoisebot_firmware/environment/pythonpath.dsv
[0.593s] -- Up-to-date: /home/sid/ws/install/tortoisebot_firmware/local/lib/python3.10/dist-packages/tortoisebot_firmware-0.0.0-py3.10.egg-info
[0.593s] -- Installing: /home/sid/ws/install/tortoisebot_firmware/local/lib/python3.10/dist-packages/tortoisebot_firmware-0.0.0-py3.10.egg-info/top_level.txt
[0.594s] -- Installing: /home/sid/ws/install/tortoisebot_firmware/local/lib/python3.10/dist-packages/tortoisebot_firmware-0.0.0-py3.10.egg-info/SOURCES.txt
[0.594s] -- Installing: /home/sid/ws/install/tortoisebot_firmware/local/lib/python3.10/dist-packages/tortoisebot_firmware-0.0.0-py3.10.egg-info/dependency_links.txt
[0.594s] -- Installing: /home/sid/ws/install/tortoisebot_firmware/local/lib/python3.10/dist-packages/tortoisebot_firmware-0.0.0-py3.10.egg-info/PKG-INFO
[0.594s] -- Up-to-date: /home/sid/ws/install/tortoisebot_firmware/local/lib/python3.10/dist-packages/tortoisebot_firmware
[0.594s] -- Up-to-date: /home/sid/ws/install/tortoisebot_firmware/local/lib/python3.10/dist-packages/tortoisebot_firmware/__init__.py
[0.623s] Listing '/home/sid/ws/install/tortoisebot_firmware/local/lib/python3.10/dist-packages/tortoisebot_firmware'...
[0.628s] -- Up-to-date: /home/sid/ws/install/tortoisebot_firmware/lib/tortoisebot_firmware/differential.py
[0.628s] -- Up-to-date: /home/sid/ws/install/tortoisebot_firmware/share/ament_index/resource_index/package_run_dependencies/tortoisebot_firmware
[0.628s] -- Up-to-date: /home/sid/ws/install/tortoisebot_firmware/share/ament_index/resource_index/parent_prefix_path/tortoisebot_firmware
[0.628s] -- Up-to-date: /home/sid/ws/install/tortoisebot_firmware/share/tortoisebot_firmware/environment/ament_prefix_path.sh
[0.628s] -- Up-to-date: /home/sid/ws/install/tortoisebot_firmware/share/tortoisebot_firmware/environment/ament_prefix_path.dsv
[0.628s] -- Up-to-date: /home/sid/ws/install/tortoisebot_firmware/share/tortoisebot_firmware/environment/path.sh
[0.628s] -- Up-to-date: /home/sid/ws/install/tortoisebot_firmware/share/tortoisebot_firmware/environment/path.dsv
[0.628s] -- Up-to-date: /home/sid/ws/install/tortoisebot_firmware/share/tortoisebot_firmware/local_setup.bash
[0.628s] -- Up-to-date: /home/sid/ws/install/tortoisebot_firmware/share/tortoisebot_firmware/local_setup.sh
[0.629s] -- Up-to-date: /home/sid/ws/install/tortoisebot_firmware/share/tortoisebot_firmware/local_setup.zsh
[0.629s] -- Up-to-date: /home/sid/ws/install/tortoisebot_firmware/share/tortoisebot_firmware/local_setup.dsv
[0.629s] -- Up-to-date: /home/sid/ws/install/tortoisebot_firmware/share/tortoisebot_firmware/package.dsv
[0.629s] -- Up-to-date: /home/sid/ws/install/tortoisebot_firmware/share/ament_index/resource_index/packages/tortoisebot_firmware
[0.629s] -- Up-to-date: /home/sid/ws/install/tortoisebot_firmware/share/tortoisebot_firmware/cmake/tortoisebot_firmwareConfig.cmake
[0.629s] -- Up-to-date: /home/sid/ws/install/tortoisebot_firmware/share/tortoisebot_firmware/cmake/tortoisebot_firmwareConfig-version.cmake
[0.629s] -- Up-to-date: /home/sid/ws/install/tortoisebot_firmware/share/tortoisebot_firmware/package.xml
[0.631s] Invoked command in '/home/sid/ws/build/tortoisebot_firmware' returned '0': CMAKE_PREFIX_PATH=${CMAKE_PREFIX_PATH}:/home/sid/ws/install/tortoisebot_control:/opt/ros/humble /usr/bin/cmake --install /home/sid/ws/build/tortoisebot_firmware
