[0.504s] Invoking command in '/home/sid/ws/build/tortoisebot_control': PYTHONPATH=/home/sid/ws/build/tortoisebot_control/prefix_override:/usr/lib/python3/dist-packages/colcon_core/task/python/colcon_distutils_commands:/home/sid/ws/install/tortoisebot_control/lib/python3.10/site-packages:${PYTHONPATH} /usr/bin/python3 -W ignore:setup.py install is deprecated -W ignore:easy_install command is deprecated setup.py develop --uninstall --editable --build-directory /home/sid/ws/build/tortoisebot_control/build
[0.669s] running develop
[0.769s] Removing /home/sid/ws/install/tortoisebot_control/lib/python3.10/site-packages/tortoisebot-control.egg-link (link to .)
[0.790s] Invoked command in '/home/sid/ws/build/tortoisebot_control' returned '0': PYTHONPATH=/home/sid/ws/build/tortoisebot_control/prefix_override:/usr/lib/python3/dist-packages/colcon_core/task/python/colcon_distutils_commands:/home/sid/ws/install/tortoisebot_control/lib/python3.10/site-packages:${PYTHONPATH} /usr/bin/python3 -W ignore:setup.py install is deprecated -W ignore:easy_install command is deprecated setup.py develop --uninstall --editable --build-directory /home/sid/ws/build/tortoisebot_control/build
[0.790s] Invoking command in '/home/sid/ws/tortoisebot/tortoisebot_control': PYTHONPATH=/home/sid/ws/build/tortoisebot_control/prefix_override:/usr/lib/python3/dist-packages/colcon_core/task/python/colcon_distutils_commands:/home/sid/ws/install/tortoisebot_control/lib/python3.10/site-packages:${PYTHONPATH} /usr/bin/python3 -W ignore:setup.py install is deprecated -W ignore:easy_install command is deprecated setup.py egg_info --egg-base ../../build/tortoisebot_control build --build-base /home/sid/ws/build/tortoisebot_control/build install --record /home/sid/ws/build/tortoisebot_control/install.log --single-version-externally-managed install_data --force
[0.938s] running egg_info
[0.938s] writing ../../build/tortoisebot_control/tortoisebot_control.egg-info/PKG-INFO
[0.938s] writing dependency_links to ../../build/tortoisebot_control/tortoisebot_control.egg-info/dependency_links.txt
[0.938s] writing entry points to ../../build/tortoisebot_control/tortoisebot_control.egg-info/entry_points.txt
[0.938s] writing requirements to ../../build/tortoisebot_control/tortoisebot_control.egg-info/requires.txt
[0.938s] writing top-level names to ../../build/tortoisebot_control/tortoisebot_control.egg-info/top_level.txt
[0.939s] reading manifest file '../../build/tortoisebot_control/tortoisebot_control.egg-info/SOURCES.txt'
[0.940s] writing manifest file '../../build/tortoisebot_control/tortoisebot_control.egg-info/SOURCES.txt'
[0.940s] running build
[0.940s] running build_py
[0.940s] running install
[0.940s] running install_lib
[0.941s] creating /home/sid/ws/install/tortoisebot_control/lib/python3.10/site-packages/tortoisebot_control
[0.941s] copying /home/sid/ws/build/tortoisebot_control/build/lib/tortoisebot_control/__init__.py -> /home/sid/ws/install/tortoisebot_control/lib/python3.10/site-packages/tortoisebot_control
[0.941s] copying /home/sid/ws/build/tortoisebot_control/build/lib/tortoisebot_control/teleop_twist_keyboard.py -> /home/sid/ws/install/tortoisebot_control/lib/python3.10/site-packages/tortoisebot_control
[0.941s] byte-compiling /home/sid/ws/install/tortoisebot_control/lib/python3.10/site-packages/tortoisebot_control/__init__.py to __init__.cpython-310.pyc
[0.941s] byte-compiling /home/sid/ws/install/tortoisebot_control/lib/python3.10/site-packages/tortoisebot_control/teleop_twist_keyboard.py to teleop_twist_keyboard.cpython-310.pyc
[0.942s] running install_data
[0.942s] copying resource/tortoisebot_control -> /home/sid/ws/install/tortoisebot_control/share/ament_index/resource_index/packages
[0.942s] copying package.xml -> /home/sid/ws/install/tortoisebot_control/share/tortoisebot_control
[0.942s] running install_egg_info
[0.943s] Copying ../../build/tortoisebot_control/tortoisebot_control.egg-info to /home/sid/ws/install/tortoisebot_control/lib/python3.10/site-packages/tortoisebot_control-0.0.0-py3.10.egg-info
[0.944s] running install_scripts
[0.958s] Installing teleop_twist_keyboard script to /home/sid/ws/install/tortoisebot_control/lib/tortoisebot_control
[0.958s] writing list of installed files to '/home/sid/ws/build/tortoisebot_control/install.log'
[0.974s] Invoked command in '/home/sid/ws/tortoisebot/tortoisebot_control' returned '0': PYTHONPATH=/home/sid/ws/build/tortoisebot_control/prefix_override:/usr/lib/python3/dist-packages/colcon_core/task/python/colcon_distutils_commands:/home/sid/ws/install/tortoisebot_control/lib/python3.10/site-packages:${PYTHONPATH} /usr/bin/python3 -W ignore:setup.py install is deprecated -W ignore:easy_install command is deprecated setup.py egg_info --egg-base ../../build/tortoisebot_control build --build-base /home/sid/ws/build/tortoisebot_control/build install --record /home/sid/ws/build/tortoisebot_control/install.log --single-version-externally-managed install_data --force
