[0.064s] DEBUG:colcon:Command line arguments: ['/usr/bin/colcon', 'build', '--packages-ignore', 'ydlidar_sdk', 'ydlidar_ros2_driver', 'v412_camera']
[0.064s] DEBUG:colcon:Parsed command line arguments: Namespace(log_base=None, log_level=None, verb_name='build', build_base='build', install_base='install', merge_install=False, symlink_install=False, test_result_base=None, continue_on_error=False, executor='parallel', parallel_workers=12, event_handlers=None, ignore_user_meta=False, metas=['./colcon.meta'], base_paths=['.'], packages_ignore=['ydlidar_sdk', 'ydlidar_ros2_driver', 'v412_camera'], packages_ignore_regex=None, paths=None, packages_up_to=None, packages_up_to_regex=None, packages_above=None, packages_above_and_dependencies=None, packages_above_depth=None, packages_select_by_dep=None, packages_skip_by_dep=None, packages_skip_up_to=None, packages_select_build_failed=False, packages_skip_build_finished=False, packages_select_test_failures=False, packages_skip_test_passed=False, packages_select=None, packages_skip=None, packages_select_regex=None, packages_skip_regex=None, packages_start=None, packages_end=None, allow_overriding=[], cmake_args=None, cmake_target=None, cmake_target_skip_unavailable=False, cmake_clean_cache=False, cmake_clean_first=False, cmake_force_configure=False, ament_cmake_args=None, catkin_cmake_args=None, catkin_skip_building_tests=False, verb_parser=<colcon_defaults.argument_parser.defaults.DefaultArgumentsDecorator object at 0x760db6e07c70>, verb_extension=<colcon_core.verb.build.BuildVerb object at 0x760db6f3d090>, main=<bound method BuildVerb.main of <colcon_core.verb.build.BuildVerb object at 0x760db6f3d090>>)
[0.162s] Level 1:colcon.colcon_core.package_discovery:discover_packages(colcon_meta) check parameters
[0.162s] Level 1:colcon.colcon_core.package_discovery:discover_packages(recursive) check parameters
[0.162s] Level 1:colcon.colcon_core.package_discovery:discover_packages(ignore) check parameters
[0.162s] Level 1:colcon.colcon_core.package_discovery:discover_packages(path) check parameters
[0.162s] Level 1:colcon.colcon_core.package_discovery:discover_packages(colcon_meta) discover
[0.162s] Level 1:colcon.colcon_core.package_discovery:discover_packages(recursive) discover
[0.162s] INFO:colcon.colcon_core.package_discovery:Crawling recursively for packages in '/home/sid/ws'
[0.163s] Level 1:colcon.colcon_core.package_identification:_identify(.) by extensions ['ignore', 'ignore_ament_install']
[0.163s] Level 1:colcon.colcon_core.package_identification:_identify(.) by extension 'ignore'
[0.163s] Level 1:colcon.colcon_core.package_identification:_identify(.) by extension 'ignore_ament_install'
[0.163s] Level 1:colcon.colcon_core.package_identification:_identify(.) by extensions ['colcon_pkg']
[0.163s] Level 1:colcon.colcon_core.package_identification:_identify(.) by extension 'colcon_pkg'
[0.163s] Level 1:colcon.colcon_core.package_identification:_identify(.) by extensions ['colcon_meta']
[0.163s] Level 1:colcon.colcon_core.package_identification:_identify(.) by extension 'colcon_meta'
[0.163s] Level 1:colcon.colcon_core.package_identification:_identify(.) by extensions ['ros']
[0.163s] Level 1:colcon.colcon_core.package_identification:_identify(.) by extension 'ros'
[0.170s] Level 1:colcon.colcon_core.package_identification:_identify(.) by extensions ['cmake', 'python']
[0.170s] Level 1:colcon.colcon_core.package_identification:_identify(.) by extension 'cmake'
[0.170s] Level 1:colcon.colcon_core.package_identification:_identify(.) by extension 'python'
[0.170s] Level 1:colcon.colcon_core.package_identification:_identify(.) by extensions ['python_setup_py']
[0.170s] Level 1:colcon.colcon_core.package_identification:_identify(.) by extension 'python_setup_py'
[0.170s] Level 1:colcon.colcon_core.package_identification:_identify(build) by extensions ['ignore', 'ignore_ament_install']
[0.170s] Level 1:colcon.colcon_core.package_identification:_identify(build) by extension 'ignore'
[0.170s] Level 1:colcon.colcon_core.package_identification:_identify(build) ignored
[0.170s] Level 1:colcon.colcon_core.package_identification:_identify(install) by extensions ['ignore', 'ignore_ament_install']
[0.170s] Level 1:colcon.colcon_core.package_identification:_identify(install) by extension 'ignore'
[0.170s] Level 1:colcon.colcon_core.package_identification:_identify(install) ignored
[0.170s] Level 1:colcon.colcon_core.package_identification:_identify(log) by extensions ['ignore', 'ignore_ament_install']
[0.170s] Level 1:colcon.colcon_core.package_identification:_identify(log) by extension 'ignore'
[0.171s] Level 1:colcon.colcon_core.package_identification:_identify(log) ignored
[0.171s] Level 1:colcon.colcon_core.package_identification:_identify(tortoisebot) by extensions ['ignore', 'ignore_ament_install']
[0.171s] Level 1:colcon.colcon_core.package_identification:_identify(tortoisebot) by extension 'ignore'
[0.171s] Level 1:colcon.colcon_core.package_identification:_identify(tortoisebot) by extension 'ignore_ament_install'
[0.171s] Level 1:colcon.colcon_core.package_identification:_identify(tortoisebot) by extensions ['colcon_pkg']
[0.171s] Level 1:colcon.colcon_core.package_identification:_identify(tortoisebot) by extension 'colcon_pkg'
[0.171s] Level 1:colcon.colcon_core.package_identification:_identify(tortoisebot) by extensions ['colcon_meta']
[0.171s] Level 1:colcon.colcon_core.package_identification:_identify(tortoisebot) by extension 'colcon_meta'
[0.171s] Level 1:colcon.colcon_core.package_identification:_identify(tortoisebot) by extensions ['ros']
[0.171s] Level 1:colcon.colcon_core.package_identification:_identify(tortoisebot) by extension 'ros'
[0.171s] Level 1:colcon.colcon_core.package_identification:_identify(tortoisebot) by extensions ['cmake', 'python']
[0.171s] Level 1:colcon.colcon_core.package_identification:_identify(tortoisebot) by extension 'cmake'
[0.171s] Level 1:colcon.colcon_core.package_identification:_identify(tortoisebot) by extension 'python'
[0.171s] Level 1:colcon.colcon_core.package_identification:_identify(tortoisebot) by extensions ['python_setup_py']
[0.171s] Level 1:colcon.colcon_core.package_identification:_identify(tortoisebot) by extension 'python_setup_py'
[0.171s] Level 1:colcon.colcon_core.package_identification:_identify(tortoisebot/YDLidar-SDK) by extensions ['ignore', 'ignore_ament_install']
[0.171s] Level 1:colcon.colcon_core.package_identification:_identify(tortoisebot/YDLidar-SDK) by extension 'ignore'
[0.171s] Level 1:colcon.colcon_core.package_identification:_identify(tortoisebot/YDLidar-SDK) by extension 'ignore_ament_install'
[0.171s] Level 1:colcon.colcon_core.package_identification:_identify(tortoisebot/YDLidar-SDK) by extensions ['colcon_pkg']
[0.171s] Level 1:colcon.colcon_core.package_identification:_identify(tortoisebot/YDLidar-SDK) by extension 'colcon_pkg'
[0.171s] Level 1:colcon.colcon_core.package_identification:_identify(tortoisebot/YDLidar-SDK) by extensions ['colcon_meta']
[0.171s] Level 1:colcon.colcon_core.package_identification:_identify(tortoisebot/YDLidar-SDK) by extension 'colcon_meta'
[0.171s] Level 1:colcon.colcon_core.package_identification:_identify(tortoisebot/YDLidar-SDK) by extensions ['ros']
[0.171s] Level 1:colcon.colcon_core.package_identification:_identify(tortoisebot/YDLidar-SDK) by extension 'ros'
[0.171s] Level 1:colcon.colcon_core.package_identification:_identify(tortoisebot/YDLidar-SDK) by extensions ['cmake', 'python']
[0.171s] Level 1:colcon.colcon_core.package_identification:_identify(tortoisebot/YDLidar-SDK) by extension 'cmake'
[0.178s] Level 1:colcon.colcon_core.package_identification:_identify(tortoisebot/YDLidar-SDK) by extension 'python'
[0.178s] DEBUG:colcon.colcon_core.package_identification:Package 'tortoisebot/YDLidar-SDK' with type 'cmake' and name 'ydlidar_sdk'
[0.178s] Level 1:colcon.colcon_core.package_identification:_identify(tortoisebot/tortoisebot_bringup) by extensions ['ignore', 'ignore_ament_install']
[0.178s] Level 1:colcon.colcon_core.package_identification:_identify(tortoisebot/tortoisebot_bringup) by extension 'ignore'
[0.178s] Level 1:colcon.colcon_core.package_identification:_identify(tortoisebot/tortoisebot_bringup) by extension 'ignore_ament_install'
[0.178s] Level 1:colcon.colcon_core.package_identification:_identify(tortoisebot/tortoisebot_bringup) by extensions ['colcon_pkg']
[0.179s] Level 1:colcon.colcon_core.package_identification:_identify(tortoisebot/tortoisebot_bringup) by extension 'colcon_pkg'
[0.179s] Level 1:colcon.colcon_core.package_identification:_identify(tortoisebot/tortoisebot_bringup) by extensions ['colcon_meta']
[0.179s] Level 1:colcon.colcon_core.package_identification:_identify(tortoisebot/tortoisebot_bringup) by extension 'colcon_meta'
[0.179s] Level 1:colcon.colcon_core.package_identification:_identify(tortoisebot/tortoisebot_bringup) by extensions ['ros']
[0.179s] Level 1:colcon.colcon_core.package_identification:_identify(tortoisebot/tortoisebot_bringup) by extension 'ros'
[0.180s] DEBUG:colcon.colcon_core.package_identification:Package 'tortoisebot/tortoisebot_bringup' with type 'ros.ament_cmake' and name 'tortoisebot_bringup'
[0.180s] Level 1:colcon.colcon_core.package_identification:_identify(tortoisebot/tortoisebot_control) by extensions ['ignore', 'ignore_ament_install']
[0.180s] Level 1:colcon.colcon_core.package_identification:_identify(tortoisebot/tortoisebot_control) by extension 'ignore'
[0.180s] Level 1:colcon.colcon_core.package_identification:_identify(tortoisebot/tortoisebot_control) by extension 'ignore_ament_install'
[0.180s] Level 1:colcon.colcon_core.package_identification:_identify(tortoisebot/tortoisebot_control) by extensions ['colcon_pkg']
[0.180s] Level 1:colcon.colcon_core.package_identification:_identify(tortoisebot/tortoisebot_control) by extension 'colcon_pkg'
[0.180s] Level 1:colcon.colcon_core.package_identification:_identify(tortoisebot/tortoisebot_control) by extensions ['colcon_meta']
[0.180s] Level 1:colcon.colcon_core.package_identification:_identify(tortoisebot/tortoisebot_control) by extension 'colcon_meta'
[0.180s] Level 1:colcon.colcon_core.package_identification:_identify(tortoisebot/tortoisebot_control) by extensions ['ros']
[0.180s] Level 1:colcon.colcon_core.package_identification:_identify(tortoisebot/tortoisebot_control) by extension 'ros'
[0.181s] DEBUG:colcon.colcon_core.package_identification:Package 'tortoisebot/tortoisebot_control' with type 'ros.ament_python' and name 'tortoisebot_control'
[0.181s] Level 1:colcon.colcon_core.package_identification:_identify(tortoisebot/tortoisebot_description) by extensions ['ignore', 'ignore_ament_install']
[0.181s] Level 1:colcon.colcon_core.package_identification:_identify(tortoisebot/tortoisebot_description) by extension 'ignore'
[0.181s] Level 1:colcon.colcon_core.package_identification:_identify(tortoisebot/tortoisebot_description) by extension 'ignore_ament_install'
[0.181s] Level 1:colcon.colcon_core.package_identification:_identify(tortoisebot/tortoisebot_description) by extensions ['colcon_pkg']
[0.181s] Level 1:colcon.colcon_core.package_identification:_identify(tortoisebot/tortoisebot_description) by extension 'colcon_pkg'
[0.181s] Level 1:colcon.colcon_core.package_identification:_identify(tortoisebot/tortoisebot_description) by extensions ['colcon_meta']
[0.181s] Level 1:colcon.colcon_core.package_identification:_identify(tortoisebot/tortoisebot_description) by extension 'colcon_meta'
[0.181s] Level 1:colcon.colcon_core.package_identification:_identify(tortoisebot/tortoisebot_description) by extensions ['ros']
[0.181s] Level 1:colcon.colcon_core.package_identification:_identify(tortoisebot/tortoisebot_description) by extension 'ros'
[0.181s] DEBUG:colcon.colcon_core.package_identification:Package 'tortoisebot/tortoisebot_description' with type 'ros.ament_cmake' and name 'tortoisebot_description'
[0.181s] Level 1:colcon.colcon_core.package_identification:_identify(tortoisebot/tortoisebot_firmware) by extensions ['ignore', 'ignore_ament_install']
[0.181s] Level 1:colcon.colcon_core.package_identification:_identify(tortoisebot/tortoisebot_firmware) by extension 'ignore'
[0.181s] Level 1:colcon.colcon_core.package_identification:_identify(tortoisebot/tortoisebot_firmware) by extension 'ignore_ament_install'
[0.181s] Level 1:colcon.colcon_core.package_identification:_identify(tortoisebot/tortoisebot_firmware) by extensions ['colcon_pkg']
[0.181s] Level 1:colcon.colcon_core.package_identification:_identify(tortoisebot/tortoisebot_firmware) by extension 'colcon_pkg'
[0.181s] Level 1:colcon.colcon_core.package_identification:_identify(tortoisebot/tortoisebot_firmware) by extensions ['colcon_meta']
[0.181s] Level 1:colcon.colcon_core.package_identification:_identify(tortoisebot/tortoisebot_firmware) by extension 'colcon_meta'
[0.181s] Level 1:colcon.colcon_core.package_identification:_identify(tortoisebot/tortoisebot_firmware) by extensions ['ros']
[0.181s] Level 1:colcon.colcon_core.package_identification:_identify(tortoisebot/tortoisebot_firmware) by extension 'ros'
[0.182s] DEBUG:colcon.colcon_core.package_identification:Package 'tortoisebot/tortoisebot_firmware' with type 'ros.ament_cmake' and name 'tortoisebot_firmware'
[0.182s] Level 1:colcon.colcon_core.package_identification:_identify(tortoisebot/tortoisebot_gazebo) by extensions ['ignore', 'ignore_ament_install']
[0.182s] Level 1:colcon.colcon_core.package_identification:_identify(tortoisebot/tortoisebot_gazebo) by extension 'ignore'
[0.182s] Level 1:colcon.colcon_core.package_identification:_identify(tortoisebot/tortoisebot_gazebo) by extension 'ignore_ament_install'
[0.182s] Level 1:colcon.colcon_core.package_identification:_identify(tortoisebot/tortoisebot_gazebo) by extensions ['colcon_pkg']
[0.182s] Level 1:colcon.colcon_core.package_identification:_identify(tortoisebot/tortoisebot_gazebo) by extension 'colcon_pkg'
[0.182s] Level 1:colcon.colcon_core.package_identification:_identify(tortoisebot/tortoisebot_gazebo) by extensions ['colcon_meta']
[0.182s] Level 1:colcon.colcon_core.package_identification:_identify(tortoisebot/tortoisebot_gazebo) by extension 'colcon_meta'
[0.182s] Level 1:colcon.colcon_core.package_identification:_identify(tortoisebot/tortoisebot_gazebo) by extensions ['ros']
[0.182s] Level 1:colcon.colcon_core.package_identification:_identify(tortoisebot/tortoisebot_gazebo) by extension 'ros'
[0.183s] DEBUG:colcon.colcon_core.package_identification:Package 'tortoisebot/tortoisebot_gazebo' with type 'ros.ament_cmake' and name 'tortoisebot_gazebo'
[0.183s] Level 1:colcon.colcon_core.package_identification:_identify(tortoisebot/tortoisebot_imu) by extensions ['ignore', 'ignore_ament_install']
[0.183s] Level 1:colcon.colcon_core.package_identification:_identify(tortoisebot/tortoisebot_imu) by extension 'ignore'
[0.183s] Level 1:colcon.colcon_core.package_identification:_identify(tortoisebot/tortoisebot_imu) by extension 'ignore_ament_install'
[0.183s] Level 1:colcon.colcon_core.package_identification:_identify(tortoisebot/tortoisebot_imu) by extensions ['colcon_pkg']
[0.183s] Level 1:colcon.colcon_core.package_identification:_identify(tortoisebot/tortoisebot_imu) by extension 'colcon_pkg'
[0.183s] Level 1:colcon.colcon_core.package_identification:_identify(tortoisebot/tortoisebot_imu) by extensions ['colcon_meta']
[0.183s] Level 1:colcon.colcon_core.package_identification:_identify(tortoisebot/tortoisebot_imu) by extension 'colcon_meta'
[0.183s] Level 1:colcon.colcon_core.package_identification:_identify(tortoisebot/tortoisebot_imu) by extensions ['ros']
[0.183s] Level 1:colcon.colcon_core.package_identification:_identify(tortoisebot/tortoisebot_imu) by extension 'ros'
[0.183s] DEBUG:colcon.colcon_core.package_identification:Package 'tortoisebot/tortoisebot_imu' with type 'ros.ament_cmake' and name 'tortoisebot_imu'
[0.183s] Level 1:colcon.colcon_core.package_identification:_identify(tortoisebot/tortoisebot_navigation) by extensions ['ignore', 'ignore_ament_install']
[0.183s] Level 1:colcon.colcon_core.package_identification:_identify(tortoisebot/tortoisebot_navigation) by extension 'ignore'
[0.183s] Level 1:colcon.colcon_core.package_identification:_identify(tortoisebot/tortoisebot_navigation) by extension 'ignore_ament_install'
[0.183s] Level 1:colcon.colcon_core.package_identification:_identify(tortoisebot/tortoisebot_navigation) by extensions ['colcon_pkg']
[0.183s] Level 1:colcon.colcon_core.package_identification:_identify(tortoisebot/tortoisebot_navigation) by extension 'colcon_pkg'
[0.183s] Level 1:colcon.colcon_core.package_identification:_identify(tortoisebot/tortoisebot_navigation) by extensions ['colcon_meta']
[0.183s] Level 1:colcon.colcon_core.package_identification:_identify(tortoisebot/tortoisebot_navigation) by extension 'colcon_meta'
[0.183s] Level 1:colcon.colcon_core.package_identification:_identify(tortoisebot/tortoisebot_navigation) by extensions ['ros']
[0.183s] Level 1:colcon.colcon_core.package_identification:_identify(tortoisebot/tortoisebot_navigation) by extension 'ros'
[0.184s] DEBUG:colcon.colcon_core.package_identification:Package 'tortoisebot/tortoisebot_navigation' with type 'ros.ament_cmake' and name 'tortoisebot_navigation'
[0.184s] Level 1:colcon.colcon_core.package_identification:_identify(tortoisebot/tortoisebot_slam) by extensions ['ignore', 'ignore_ament_install']
[0.184s] Level 1:colcon.colcon_core.package_identification:_identify(tortoisebot/tortoisebot_slam) by extension 'ignore'
[0.184s] Level 1:colcon.colcon_core.package_identification:_identify(tortoisebot/tortoisebot_slam) by extension 'ignore_ament_install'
[0.184s] Level 1:colcon.colcon_core.package_identification:_identify(tortoisebot/tortoisebot_slam) by extensions ['colcon_pkg']
[0.184s] Level 1:colcon.colcon_core.package_identification:_identify(tortoisebot/tortoisebot_slam) by extension 'colcon_pkg'
[0.184s] Level 1:colcon.colcon_core.package_identification:_identify(tortoisebot/tortoisebot_slam) by extensions ['colcon_meta']
[0.184s] Level 1:colcon.colcon_core.package_identification:_identify(tortoisebot/tortoisebot_slam) by extension 'colcon_meta'
[0.184s] Level 1:colcon.colcon_core.package_identification:_identify(tortoisebot/tortoisebot_slam) by extensions ['ros']
[0.184s] Level 1:colcon.colcon_core.package_identification:_identify(tortoisebot/tortoisebot_slam) by extension 'ros'
[0.184s] DEBUG:colcon.colcon_core.package_identification:Package 'tortoisebot/tortoisebot_slam' with type 'ros.ament_cmake' and name 'tortoisebot_slam'
[0.184s] Level 1:colcon.colcon_core.package_identification:_identify(tortoisebot/v4l2_camera) by extensions ['ignore', 'ignore_ament_install']
[0.184s] Level 1:colcon.colcon_core.package_identification:_identify(tortoisebot/v4l2_camera) by extension 'ignore'
[0.184s] Level 1:colcon.colcon_core.package_identification:_identify(tortoisebot/v4l2_camera) by extension 'ignore_ament_install'
[0.184s] Level 1:colcon.colcon_core.package_identification:_identify(tortoisebot/v4l2_camera) by extensions ['colcon_pkg']
[0.184s] Level 1:colcon.colcon_core.package_identification:_identify(tortoisebot/v4l2_camera) by extension 'colcon_pkg'
[0.184s] Level 1:colcon.colcon_core.package_identification:_identify(tortoisebot/v4l2_camera) by extensions ['colcon_meta']
[0.184s] Level 1:colcon.colcon_core.package_identification:_identify(tortoisebot/v4l2_camera) by extension 'colcon_meta'
[0.184s] Level 1:colcon.colcon_core.package_identification:_identify(tortoisebot/v4l2_camera) by extensions ['ros']
[0.184s] Level 1:colcon.colcon_core.package_identification:_identify(tortoisebot/v4l2_camera) by extension 'ros'
[0.185s] DEBUG:colcon.colcon_core.package_identification:Package 'tortoisebot/v4l2_camera' with type 'ros.ament_cmake' and name 'v4l2_camera'
[0.185s] Level 1:colcon.colcon_core.package_identification:_identify(tortoisebot/ydlidar_ros2_driver) by extensions ['ignore', 'ignore_ament_install']
[0.185s] Level 1:colcon.colcon_core.package_identification:_identify(tortoisebot/ydlidar_ros2_driver) by extension 'ignore'
[0.185s] Level 1:colcon.colcon_core.package_identification:_identify(tortoisebot/ydlidar_ros2_driver) by extension 'ignore_ament_install'
[0.185s] Level 1:colcon.colcon_core.package_identification:_identify(tortoisebot/ydlidar_ros2_driver) by extensions ['colcon_pkg']
[0.185s] Level 1:colcon.colcon_core.package_identification:_identify(tortoisebot/ydlidar_ros2_driver) by extension 'colcon_pkg'
[0.185s] Level 1:colcon.colcon_core.package_identification:_identify(tortoisebot/ydlidar_ros2_driver) by extensions ['colcon_meta']
[0.185s] Level 1:colcon.colcon_core.package_identification:_identify(tortoisebot/ydlidar_ros2_driver) by extension 'colcon_meta'
[0.185s] Level 1:colcon.colcon_core.package_identification:_identify(tortoisebot/ydlidar_ros2_driver) by extensions ['ros']
[0.185s] Level 1:colcon.colcon_core.package_identification:_identify(tortoisebot/ydlidar_ros2_driver) by extension 'ros'
[0.186s] DEBUG:colcon.colcon_core.package_identification:Package 'tortoisebot/ydlidar_ros2_driver' with type 'ros.ament_cmake' and name 'ydlidar_ros2_driver'
[0.186s] Level 1:colcon.colcon_core.package_discovery:discover_packages(recursive) using defaults
[0.186s] Level 1:colcon.colcon_core.package_discovery:discover_packages(ignore) discover
[0.186s] Level 1:colcon.colcon_core.package_discovery:discover_packages(ignore) using defaults
[0.186s] Level 1:colcon.colcon_core.package_discovery:discover_packages(path) discover
[0.186s] Level 1:colcon.colcon_core.package_discovery:discover_packages(path) using defaults
[0.198s] WARNING:colcon.colcon_core.package_discovery:ignoring unknown package 'v412_camera' in --packages-ignore
[0.199s] Level 1:colcon.colcon_core.package_discovery:discover_packages(prefix_path) check parameters
[0.199s] Level 1:colcon.colcon_core.package_discovery:discover_packages(prefix_path) discover
[0.200s] DEBUG:colcon.colcon_installed_package_information.package_discovery:Found 9 installed packages in /home/sid/ws/install
[0.201s] DEBUG:colcon.colcon_installed_package_information.package_discovery:Found 330 installed packages in /opt/ros/humble
[0.209s] Level 1:colcon.colcon_core.package_discovery:discover_packages(prefix_path) using defaults
[0.234s] Level 5:colcon.colcon_core.verb:set package 'tortoisebot_bringup' build argument 'cmake_args' from command line to 'None'
[0.234s] Level 5:colcon.colcon_core.verb:set package 'tortoisebot_bringup' build argument 'cmake_target' from command line to 'None'
[0.234s] Level 5:colcon.colcon_core.verb:set package 'tortoisebot_bringup' build argument 'cmake_target_skip_unavailable' from command line to 'False'
[0.234s] Level 5:colcon.colcon_core.verb:set package 'tortoisebot_bringup' build argument 'cmake_clean_cache' from command line to 'False'
[0.234s] Level 5:colcon.colcon_core.verb:set package 'tortoisebot_bringup' build argument 'cmake_clean_first' from command line to 'False'
[0.234s] Level 5:colcon.colcon_core.verb:set package 'tortoisebot_bringup' build argument 'cmake_force_configure' from command line to 'False'
[0.234s] Level 5:colcon.colcon_core.verb:set package 'tortoisebot_bringup' build argument 'ament_cmake_args' from command line to 'None'
[0.234s] Level 5:colcon.colcon_core.verb:set package 'tortoisebot_bringup' build argument 'catkin_cmake_args' from command line to 'None'
[0.234s] Level 5:colcon.colcon_core.verb:set package 'tortoisebot_bringup' build argument 'catkin_skip_building_tests' from command line to 'False'
[0.234s] DEBUG:colcon.colcon_core.verb:Building package 'tortoisebot_bringup' with the following arguments: {'ament_cmake_args': None, 'build_base': '/home/sid/ws/build/tortoisebot_bringup', 'catkin_cmake_args': None, 'catkin_skip_building_tests': False, 'cmake_args': None, 'cmake_clean_cache': False, 'cmake_clean_first': False, 'cmake_force_configure': False, 'cmake_target': None, 'cmake_target_skip_unavailable': False, 'install_base': '/home/sid/ws/install/tortoisebot_bringup', 'merge_install': False, 'path': '/home/sid/ws/tortoisebot/tortoisebot_bringup', 'symlink_install': False, 'test_result_base': None}
[0.235s] Level 5:colcon.colcon_core.verb:set package 'tortoisebot_control' build argument 'cmake_args' from command line to 'None'
[0.235s] Level 5:colcon.colcon_core.verb:set package 'tortoisebot_control' build argument 'cmake_target' from command line to 'None'
[0.235s] Level 5:colcon.colcon_core.verb:set package 'tortoisebot_control' build argument 'cmake_target_skip_unavailable' from command line to 'False'
[0.235s] Level 5:colcon.colcon_core.verb:set package 'tortoisebot_control' build argument 'cmake_clean_cache' from command line to 'False'
[0.235s] Level 5:colcon.colcon_core.verb:set package 'tortoisebot_control' build argument 'cmake_clean_first' from command line to 'False'
[0.235s] Level 5:colcon.colcon_core.verb:set package 'tortoisebot_control' build argument 'cmake_force_configure' from command line to 'False'
[0.235s] Level 5:colcon.colcon_core.verb:set package 'tortoisebot_control' build argument 'ament_cmake_args' from command line to 'None'
[0.235s] Level 5:colcon.colcon_core.verb:set package 'tortoisebot_control' build argument 'catkin_cmake_args' from command line to 'None'
[0.235s] Level 5:colcon.colcon_core.verb:set package 'tortoisebot_control' build argument 'catkin_skip_building_tests' from command line to 'False'
[0.235s] DEBUG:colcon.colcon_core.verb:Building package 'tortoisebot_control' with the following arguments: {'ament_cmake_args': None, 'build_base': '/home/sid/ws/build/tortoisebot_control', 'catkin_cmake_args': None, 'catkin_skip_building_tests': False, 'cmake_args': None, 'cmake_clean_cache': False, 'cmake_clean_first': False, 'cmake_force_configure': False, 'cmake_target': None, 'cmake_target_skip_unavailable': False, 'install_base': '/home/sid/ws/install/tortoisebot_control', 'merge_install': False, 'path': '/home/sid/ws/tortoisebot/tortoisebot_control', 'symlink_install': False, 'test_result_base': None}
[0.235s] Level 5:colcon.colcon_core.verb:set package 'tortoisebot_description' build argument 'cmake_args' from command line to 'None'
[0.235s] Level 5:colcon.colcon_core.verb:set package 'tortoisebot_description' build argument 'cmake_target' from command line to 'None'
[0.235s] Level 5:colcon.colcon_core.verb:set package 'tortoisebot_description' build argument 'cmake_target_skip_unavailable' from command line to 'False'
[0.235s] Level 5:colcon.colcon_core.verb:set package 'tortoisebot_description' build argument 'cmake_clean_cache' from command line to 'False'
[0.235s] Level 5:colcon.colcon_core.verb:set package 'tortoisebot_description' build argument 'cmake_clean_first' from command line to 'False'
[0.235s] Level 5:colcon.colcon_core.verb:set package 'tortoisebot_description' build argument 'cmake_force_configure' from command line to 'False'
[0.235s] Level 5:colcon.colcon_core.verb:set package 'tortoisebot_description' build argument 'ament_cmake_args' from command line to 'None'
[0.235s] Level 5:colcon.colcon_core.verb:set package 'tortoisebot_description' build argument 'catkin_cmake_args' from command line to 'None'
[0.235s] Level 5:colcon.colcon_core.verb:set package 'tortoisebot_description' build argument 'catkin_skip_building_tests' from command line to 'False'
[0.235s] DEBUG:colcon.colcon_core.verb:Building package 'tortoisebot_description' with the following arguments: {'ament_cmake_args': None, 'build_base': '/home/sid/ws/build/tortoisebot_description', 'catkin_cmake_args': None, 'catkin_skip_building_tests': False, 'cmake_args': None, 'cmake_clean_cache': False, 'cmake_clean_first': False, 'cmake_force_configure': False, 'cmake_target': None, 'cmake_target_skip_unavailable': False, 'install_base': '/home/sid/ws/install/tortoisebot_description', 'merge_install': False, 'path': '/home/sid/ws/tortoisebot/tortoisebot_description', 'symlink_install': False, 'test_result_base': None}
[0.235s] Level 5:colcon.colcon_core.verb:set package 'tortoisebot_firmware' build argument 'cmake_args' from command line to 'None'
[0.235s] Level 5:colcon.colcon_core.verb:set package 'tortoisebot_firmware' build argument 'cmake_target' from command line to 'None'
[0.235s] Level 5:colcon.colcon_core.verb:set package 'tortoisebot_firmware' build argument 'cmake_target_skip_unavailable' from command line to 'False'
[0.235s] Level 5:colcon.colcon_core.verb:set package 'tortoisebot_firmware' build argument 'cmake_clean_cache' from command line to 'False'
[0.235s] Level 5:colcon.colcon_core.verb:set package 'tortoisebot_firmware' build argument 'cmake_clean_first' from command line to 'False'
[0.235s] Level 5:colcon.colcon_core.verb:set package 'tortoisebot_firmware' build argument 'cmake_force_configure' from command line to 'False'
[0.236s] Level 5:colcon.colcon_core.verb:set package 'tortoisebot_firmware' build argument 'ament_cmake_args' from command line to 'None'
[0.236s] Level 5:colcon.colcon_core.verb:set package 'tortoisebot_firmware' build argument 'catkin_cmake_args' from command line to 'None'
[0.236s] Level 5:colcon.colcon_core.verb:set package 'tortoisebot_firmware' build argument 'catkin_skip_building_tests' from command line to 'False'
[0.236s] DEBUG:colcon.colcon_core.verb:Building package 'tortoisebot_firmware' with the following arguments: {'ament_cmake_args': None, 'build_base': '/home/sid/ws/build/tortoisebot_firmware', 'catkin_cmake_args': None, 'catkin_skip_building_tests': False, 'cmake_args': None, 'cmake_clean_cache': False, 'cmake_clean_first': False, 'cmake_force_configure': False, 'cmake_target': None, 'cmake_target_skip_unavailable': False, 'install_base': '/home/sid/ws/install/tortoisebot_firmware', 'merge_install': False, 'path': '/home/sid/ws/tortoisebot/tortoisebot_firmware', 'symlink_install': False, 'test_result_base': None}
[0.236s] Level 5:colcon.colcon_core.verb:set package 'tortoisebot_gazebo' build argument 'cmake_args' from command line to 'None'
[0.236s] Level 5:colcon.colcon_core.verb:set package 'tortoisebot_gazebo' build argument 'cmake_target' from command line to 'None'
[0.236s] Level 5:colcon.colcon_core.verb:set package 'tortoisebot_gazebo' build argument 'cmake_target_skip_unavailable' from command line to 'False'
[0.236s] Level 5:colcon.colcon_core.verb:set package 'tortoisebot_gazebo' build argument 'cmake_clean_cache' from command line to 'False'
[0.236s] Level 5:colcon.colcon_core.verb:set package 'tortoisebot_gazebo' build argument 'cmake_clean_first' from command line to 'False'
[0.236s] Level 5:colcon.colcon_core.verb:set package 'tortoisebot_gazebo' build argument 'cmake_force_configure' from command line to 'False'
[0.236s] Level 5:colcon.colcon_core.verb:set package 'tortoisebot_gazebo' build argument 'ament_cmake_args' from command line to 'None'
[0.236s] Level 5:colcon.colcon_core.verb:set package 'tortoisebot_gazebo' build argument 'catkin_cmake_args' from command line to 'None'
[0.236s] Level 5:colcon.colcon_core.verb:set package 'tortoisebot_gazebo' build argument 'catkin_skip_building_tests' from command line to 'False'
[0.236s] DEBUG:colcon.colcon_core.verb:Building package 'tortoisebot_gazebo' with the following arguments: {'ament_cmake_args': None, 'build_base': '/home/sid/ws/build/tortoisebot_gazebo', 'catkin_cmake_args': None, 'catkin_skip_building_tests': False, 'cmake_args': None, 'cmake_clean_cache': False, 'cmake_clean_first': False, 'cmake_force_configure': False, 'cmake_target': None, 'cmake_target_skip_unavailable': False, 'install_base': '/home/sid/ws/install/tortoisebot_gazebo', 'merge_install': False, 'path': '/home/sid/ws/tortoisebot/tortoisebot_gazebo', 'symlink_install': False, 'test_result_base': None}
[0.236s] Level 5:colcon.colcon_core.verb:set package 'tortoisebot_imu' build argument 'cmake_args' from command line to 'None'
[0.236s] Level 5:colcon.colcon_core.verb:set package 'tortoisebot_imu' build argument 'cmake_target' from command line to 'None'
[0.236s] Level 5:colcon.colcon_core.verb:set package 'tortoisebot_imu' build argument 'cmake_target_skip_unavailable' from command line to 'False'
[0.236s] Level 5:colcon.colcon_core.verb:set package 'tortoisebot_imu' build argument 'cmake_clean_cache' from command line to 'False'
[0.236s] Level 5:colcon.colcon_core.verb:set package 'tortoisebot_imu' build argument 'cmake_clean_first' from command line to 'False'
[0.236s] Level 5:colcon.colcon_core.verb:set package 'tortoisebot_imu' build argument 'cmake_force_configure' from command line to 'False'
[0.236s] Level 5:colcon.colcon_core.verb:set package 'tortoisebot_imu' build argument 'ament_cmake_args' from command line to 'None'
[0.236s] Level 5:colcon.colcon_core.verb:set package 'tortoisebot_imu' build argument 'catkin_cmake_args' from command line to 'None'
[0.236s] Level 5:colcon.colcon_core.verb:set package 'tortoisebot_imu' build argument 'catkin_skip_building_tests' from command line to 'False'
[0.236s] DEBUG:colcon.colcon_core.verb:Building package 'tortoisebot_imu' with the following arguments: {'ament_cmake_args': None, 'build_base': '/home/sid/ws/build/tortoisebot_imu', 'catkin_cmake_args': None, 'catkin_skip_building_tests': False, 'cmake_args': None, 'cmake_clean_cache': False, 'cmake_clean_first': False, 'cmake_force_configure': False, 'cmake_target': None, 'cmake_target_skip_unavailable': False, 'install_base': '/home/sid/ws/install/tortoisebot_imu', 'merge_install': False, 'path': '/home/sid/ws/tortoisebot/tortoisebot_imu', 'symlink_install': False, 'test_result_base': None}
[0.236s] Level 5:colcon.colcon_core.verb:set package 'tortoisebot_navigation' build argument 'cmake_args' from command line to 'None'
[0.236s] Level 5:colcon.colcon_core.verb:set package 'tortoisebot_navigation' build argument 'cmake_target' from command line to 'None'
[0.236s] Level 5:colcon.colcon_core.verb:set package 'tortoisebot_navigation' build argument 'cmake_target_skip_unavailable' from command line to 'False'
[0.236s] Level 5:colcon.colcon_core.verb:set package 'tortoisebot_navigation' build argument 'cmake_clean_cache' from command line to 'False'
[0.236s] Level 5:colcon.colcon_core.verb:set package 'tortoisebot_navigation' build argument 'cmake_clean_first' from command line to 'False'
[0.236s] Level 5:colcon.colcon_core.verb:set package 'tortoisebot_navigation' build argument 'cmake_force_configure' from command line to 'False'
[0.236s] Level 5:colcon.colcon_core.verb:set package 'tortoisebot_navigation' build argument 'ament_cmake_args' from command line to 'None'
[0.236s] Level 5:colcon.colcon_core.verb:set package 'tortoisebot_navigation' build argument 'catkin_cmake_args' from command line to 'None'
[0.236s] Level 5:colcon.colcon_core.verb:set package 'tortoisebot_navigation' build argument 'catkin_skip_building_tests' from command line to 'False'
[0.236s] DEBUG:colcon.colcon_core.verb:Building package 'tortoisebot_navigation' with the following arguments: {'ament_cmake_args': None, 'build_base': '/home/sid/ws/build/tortoisebot_navigation', 'catkin_cmake_args': None, 'catkin_skip_building_tests': False, 'cmake_args': None, 'cmake_clean_cache': False, 'cmake_clean_first': False, 'cmake_force_configure': False, 'cmake_target': None, 'cmake_target_skip_unavailable': False, 'install_base': '/home/sid/ws/install/tortoisebot_navigation', 'merge_install': False, 'path': '/home/sid/ws/tortoisebot/tortoisebot_navigation', 'symlink_install': False, 'test_result_base': None}
[0.237s] Level 5:colcon.colcon_core.verb:set package 'tortoisebot_slam' build argument 'cmake_args' from command line to 'None'
[0.237s] Level 5:colcon.colcon_core.verb:set package 'tortoisebot_slam' build argument 'cmake_target' from command line to 'None'
[0.237s] Level 5:colcon.colcon_core.verb:set package 'tortoisebot_slam' build argument 'cmake_target_skip_unavailable' from command line to 'False'
[0.237s] Level 5:colcon.colcon_core.verb:set package 'tortoisebot_slam' build argument 'cmake_clean_cache' from command line to 'False'
[0.237s] Level 5:colcon.colcon_core.verb:set package 'tortoisebot_slam' build argument 'cmake_clean_first' from command line to 'False'
[0.237s] Level 5:colcon.colcon_core.verb:set package 'tortoisebot_slam' build argument 'cmake_force_configure' from command line to 'False'
[0.237s] Level 5:colcon.colcon_core.verb:set package 'tortoisebot_slam' build argument 'ament_cmake_args' from command line to 'None'
[0.237s] Level 5:colcon.colcon_core.verb:set package 'tortoisebot_slam' build argument 'catkin_cmake_args' from command line to 'None'
[0.237s] Level 5:colcon.colcon_core.verb:set package 'tortoisebot_slam' build argument 'catkin_skip_building_tests' from command line to 'False'
[0.237s] DEBUG:colcon.colcon_core.verb:Building package 'tortoisebot_slam' with the following arguments: {'ament_cmake_args': None, 'build_base': '/home/sid/ws/build/tortoisebot_slam', 'catkin_cmake_args': None, 'catkin_skip_building_tests': False, 'cmake_args': None, 'cmake_clean_cache': False, 'cmake_clean_first': False, 'cmake_force_configure': False, 'cmake_target': None, 'cmake_target_skip_unavailable': False, 'install_base': '/home/sid/ws/install/tortoisebot_slam', 'merge_install': False, 'path': '/home/sid/ws/tortoisebot/tortoisebot_slam', 'symlink_install': False, 'test_result_base': None}
[0.237s] Level 5:colcon.colcon_core.verb:set package 'v4l2_camera' build argument 'cmake_args' from command line to 'None'
[0.237s] Level 5:colcon.colcon_core.verb:set package 'v4l2_camera' build argument 'cmake_target' from command line to 'None'
[0.237s] Level 5:colcon.colcon_core.verb:set package 'v4l2_camera' build argument 'cmake_target_skip_unavailable' from command line to 'False'
[0.237s] Level 5:colcon.colcon_core.verb:set package 'v4l2_camera' build argument 'cmake_clean_cache' from command line to 'False'
[0.237s] Level 5:colcon.colcon_core.verb:set package 'v4l2_camera' build argument 'cmake_clean_first' from command line to 'False'
[0.237s] Level 5:colcon.colcon_core.verb:set package 'v4l2_camera' build argument 'cmake_force_configure' from command line to 'False'
[0.237s] Level 5:colcon.colcon_core.verb:set package 'v4l2_camera' build argument 'ament_cmake_args' from command line to 'None'
[0.237s] Level 5:colcon.colcon_core.verb:set package 'v4l2_camera' build argument 'catkin_cmake_args' from command line to 'None'
[0.237s] Level 5:colcon.colcon_core.verb:set package 'v4l2_camera' build argument 'catkin_skip_building_tests' from command line to 'False'
[0.237s] DEBUG:colcon.colcon_core.verb:Building package 'v4l2_camera' with the following arguments: {'ament_cmake_args': None, 'build_base': '/home/sid/ws/build/v4l2_camera', 'catkin_cmake_args': None, 'catkin_skip_building_tests': False, 'cmake_args': None, 'cmake_clean_cache': False, 'cmake_clean_first': False, 'cmake_force_configure': False, 'cmake_target': None, 'cmake_target_skip_unavailable': False, 'install_base': '/home/sid/ws/install/v4l2_camera', 'merge_install': False, 'path': '/home/sid/ws/tortoisebot/v4l2_camera', 'symlink_install': False, 'test_result_base': None}
[0.237s] INFO:colcon.colcon_core.executor:Executing jobs using 'parallel' executor
[0.238s] DEBUG:colcon.colcon_parallel_executor.executor.parallel:run_until_complete
[0.238s] INFO:colcon.colcon_ros.task.ament_cmake.build:Building ROS package in '/home/sid/ws/tortoisebot/tortoisebot_bringup' with build type 'ament_cmake'
[0.238s] INFO:colcon.colcon_cmake.task.cmake.build:Building CMake package in '/home/sid/ws/tortoisebot/tortoisebot_bringup'
[0.240s] INFO:colcon.colcon_core.plugin_system:Skipping extension 'colcon_core.shell.bat': Not used on non-Windows systems
[0.240s] INFO:colcon.colcon_core.shell:Skip shell extension 'powershell' for command environment: Not usable outside of PowerShell
[0.240s] DEBUG:colcon.colcon_core.shell:Skip shell extension 'dsv' for command environment
[0.242s] INFO:colcon.colcon_ros.task.ament_python.build:Building ROS package in '/home/sid/ws/tortoisebot/tortoisebot_control' with build type 'ament_python'
[0.242s] Level 1:colcon.colcon_core.shell:create_environment_hook('tortoisebot_control', 'ament_prefix_path')
[0.242s] INFO:colcon.colcon_core.shell:Creating environment hook '/home/sid/ws/install/tortoisebot_control/share/tortoisebot_control/hook/ament_prefix_path.ps1'
[0.243s] INFO:colcon.colcon_core.shell:Creating environment descriptor '/home/sid/ws/install/tortoisebot_control/share/tortoisebot_control/hook/ament_prefix_path.dsv'
[0.243s] INFO:colcon.colcon_core.shell:Creating environment hook '/home/sid/ws/install/tortoisebot_control/share/tortoisebot_control/hook/ament_prefix_path.sh'
[0.243s] INFO:colcon.colcon_core.shell:Skip shell extension 'powershell' for command environment: Not usable outside of PowerShell
[0.244s] DEBUG:colcon.colcon_core.shell:Skip shell extension 'dsv' for command environment
[0.245s] INFO:colcon.colcon_ros.task.ament_cmake.build:Building ROS package in '/home/sid/ws/tortoisebot/tortoisebot_description' with build type 'ament_cmake'
[0.246s] INFO:colcon.colcon_cmake.task.cmake.build:Building CMake package in '/home/sid/ws/tortoisebot/tortoisebot_description'
[0.246s] INFO:colcon.colcon_core.shell:Skip shell extension 'powershell' for command environment: Not usable outside of PowerShell
[0.246s] DEBUG:colcon.colcon_core.shell:Skip shell extension 'dsv' for command environment
[0.248s] INFO:colcon.colcon_ros.task.ament_cmake.build:Building ROS package in '/home/sid/ws/tortoisebot/tortoisebot_firmware' with build type 'ament_cmake'
[0.248s] INFO:colcon.colcon_cmake.task.cmake.build:Building CMake package in '/home/sid/ws/tortoisebot/tortoisebot_firmware'
[0.248s] INFO:colcon.colcon_core.shell:Skip shell extension 'powershell' for command environment: Not usable outside of PowerShell
[0.248s] DEBUG:colcon.colcon_core.shell:Skip shell extension 'dsv' for command environment
[0.250s] INFO:colcon.colcon_ros.task.ament_cmake.build:Building ROS package in '/home/sid/ws/tortoisebot/tortoisebot_gazebo' with build type 'ament_cmake'
[0.250s] INFO:colcon.colcon_cmake.task.cmake.build:Building CMake package in '/home/sid/ws/tortoisebot/tortoisebot_gazebo'
[0.250s] INFO:colcon.colcon_core.shell:Skip shell extension 'powershell' for command environment: Not usable outside of PowerShell
[0.250s] DEBUG:colcon.colcon_core.shell:Skip shell extension 'dsv' for command environment
[0.252s] INFO:colcon.colcon_ros.task.ament_cmake.build:Building ROS package in '/home/sid/ws/tortoisebot/tortoisebot_imu' with build type 'ament_cmake'
[0.252s] INFO:colcon.colcon_cmake.task.cmake.build:Building CMake package in '/home/sid/ws/tortoisebot/tortoisebot_imu'
[0.253s] INFO:colcon.colcon_core.shell:Skip shell extension 'powershell' for command environment: Not usable outside of PowerShell
[0.253s] DEBUG:colcon.colcon_core.shell:Skip shell extension 'dsv' for command environment
[0.269s] INFO:colcon.colcon_ros.task.ament_cmake.build:Building ROS package in '/home/sid/ws/tortoisebot/tortoisebot_navigation' with build type 'ament_cmake'
[0.269s] INFO:colcon.colcon_cmake.task.cmake.build:Building CMake package in '/home/sid/ws/tortoisebot/tortoisebot_navigation'
[0.269s] INFO:colcon.colcon_core.shell:Skip shell extension 'powershell' for command environment: Not usable outside of PowerShell
[0.269s] DEBUG:colcon.colcon_core.shell:Skip shell extension 'dsv' for command environment
[0.271s] INFO:colcon.colcon_ros.task.ament_cmake.build:Building ROS package in '/home/sid/ws/tortoisebot/tortoisebot_slam' with build type 'ament_cmake'
[0.271s] INFO:colcon.colcon_cmake.task.cmake.build:Building CMake package in '/home/sid/ws/tortoisebot/tortoisebot_slam'
[0.272s] INFO:colcon.colcon_core.shell:Skip shell extension 'powershell' for command environment: Not usable outside of PowerShell
[0.272s] DEBUG:colcon.colcon_core.shell:Skip shell extension 'dsv' for command environment
[0.274s] INFO:colcon.colcon_ros.task.ament_cmake.build:Building ROS package in '/home/sid/ws/tortoisebot/v4l2_camera' with build type 'ament_cmake'
[0.274s] INFO:colcon.colcon_cmake.task.cmake.build:Building CMake package in '/home/sid/ws/tortoisebot/v4l2_camera'
[0.274s] INFO:colcon.colcon_core.shell:Skip shell extension 'powershell' for command environment: Not usable outside of PowerShell
[0.274s] DEBUG:colcon.colcon_core.shell:Skip shell extension 'dsv' for command environment
[0.280s] DEBUG:colcon.colcon_core.event_handler.log_command:Invoking command in '/home/sid/ws/build/tortoisebot_bringup': CMAKE_PREFIX_PATH=${CMAKE_PREFIX_PATH}:/home/sid/ws/install/tortoisebot_control:/opt/ros/humble /usr/bin/cmake --build /home/sid/ws/build/tortoisebot_bringup -- -j12 -l12
[0.433s] INFO:colcon.colcon_core.task.python.build:Building Python package in '/home/sid/ws/tortoisebot/tortoisebot_control'
[0.433s] INFO:colcon.colcon_core.shell:Skip shell extension 'powershell' for command environment: Not usable outside of PowerShell
[0.433s] DEBUG:colcon.colcon_core.shell:Skip shell extension 'dsv' for command environment
[0.437s] DEBUG:colcon.colcon_core.event_handler.log_command:Invoking command in '/home/sid/ws/build/tortoisebot_description': CMAKE_PREFIX_PATH=${CMAKE_PREFIX_PATH}:/home/sid/ws/install/tortoisebot_control:/opt/ros/humble /usr/bin/cmake --build /home/sid/ws/build/tortoisebot_description -- -j12 -l12
[0.439s] DEBUG:colcon.colcon_core.event_handler.log_command:Invoking command in '/home/sid/ws/build/tortoisebot_firmware': CMAKE_PREFIX_PATH=${CMAKE_PREFIX_PATH}:/home/sid/ws/install/tortoisebot_control:/opt/ros/humble /usr/bin/cmake --build /home/sid/ws/build/tortoisebot_firmware -- -j12 -l12
[0.441s] DEBUG:colcon.colcon_core.event_handler.log_command:Invoking command in '/home/sid/ws/build/tortoisebot_gazebo': CMAKE_PREFIX_PATH=${CMAKE_PREFIX_PATH}:/home/sid/ws/install/tortoisebot_control:/opt/ros/humble /usr/bin/cmake --build /home/sid/ws/build/tortoisebot_gazebo -- -j12 -l12
[0.442s] DEBUG:colcon.colcon_core.event_handler.log_command:Invoking command in '/home/sid/ws/build/tortoisebot_imu': CMAKE_PREFIX_PATH=${CMAKE_PREFIX_PATH}:/home/sid/ws/install/tortoisebot_control:/opt/ros/humble /usr/bin/cmake --build /home/sid/ws/build/tortoisebot_imu -- -j12 -l12
[0.444s] DEBUG:colcon.colcon_core.event_handler.log_command:Invoking command in '/home/sid/ws/build/tortoisebot_navigation': CMAKE_PREFIX_PATH=${CMAKE_PREFIX_PATH}:/home/sid/ws/install/tortoisebot_control:/opt/ros/humble /usr/bin/cmake --build /home/sid/ws/build/tortoisebot_navigation -- -j12 -l12
[0.448s] DEBUG:colcon.colcon_core.event_handler.log_command:Invoking command in '/home/sid/ws/build/tortoisebot_slam': CMAKE_PREFIX_PATH=${CMAKE_PREFIX_PATH}:/home/sid/ws/install/tortoisebot_control:/opt/ros/humble /usr/bin/cmake --build /home/sid/ws/build/tortoisebot_slam -- -j12 -l12
[0.454s] DEBUG:colcon.colcon_core.event_handler.log_command:Invoking command in '/home/sid/ws/build/v4l2_camera': CMAKE_PREFIX_PATH=${CMAKE_PREFIX_PATH}:/home/sid/ws/install/tortoisebot_control:/opt/ros/humble /usr/bin/cmake --build /home/sid/ws/build/v4l2_camera -- -j12 -l12
[0.454s] DEBUG:colcon.colcon_core.event_handler.log_command:Invoked command in '/home/sid/ws/build/tortoisebot_bringup' returned '0': CMAKE_PREFIX_PATH=${CMAKE_PREFIX_PATH}:/home/sid/ws/install/tortoisebot_control:/opt/ros/humble /usr/bin/cmake --build /home/sid/ws/build/tortoisebot_bringup -- -j12 -l12
[0.462s] DEBUG:colcon.colcon_core.event_handler.log_command:Invoking command in '/home/sid/ws/build/tortoisebot_bringup': CMAKE_PREFIX_PATH=${CMAKE_PREFIX_PATH}:/home/sid/ws/install/tortoisebot_control:/opt/ros/humble /usr/bin/cmake --install /home/sid/ws/build/tortoisebot_bringup
[0.468s] DEBUG:colcon.colcon_core.event_handler.log_command:Invoked command in '/home/sid/ws/build/tortoisebot_description' returned '0': CMAKE_PREFIX_PATH=${CMAKE_PREFIX_PATH}:/home/sid/ws/install/tortoisebot_control:/opt/ros/humble /usr/bin/cmake --build /home/sid/ws/build/tortoisebot_description -- -j12 -l12
[0.469s] DEBUG:colcon.colcon_core.event_handler.log_command:Invoking command in '/home/sid/ws/build/tortoisebot_description': CMAKE_PREFIX_PATH=${CMAKE_PREFIX_PATH}:/home/sid/ws/install/tortoisebot_control:/opt/ros/humble /usr/bin/cmake --install /home/sid/ws/build/tortoisebot_description
[0.471s] DEBUG:colcon.colcon_core.event_handler.log_command:Invoked command in '/home/sid/ws/build/tortoisebot_gazebo' returned '0': CMAKE_PREFIX_PATH=${CMAKE_PREFIX_PATH}:/home/sid/ws/install/tortoisebot_control:/opt/ros/humble /usr/bin/cmake --build /home/sid/ws/build/tortoisebot_gazebo -- -j12 -l12
[0.474s] DEBUG:colcon.colcon_core.event_handler.log_command:Invoking command in '/home/sid/ws/build/tortoisebot_gazebo': CMAKE_PREFIX_PATH=${CMAKE_PREFIX_PATH}:/home/sid/ws/install/tortoisebot_control:/opt/ros/humble /usr/bin/cmake --install /home/sid/ws/build/tortoisebot_gazebo
[0.475s] DEBUG:colcon.colcon_core.event_handler.log_command:Invoked command in '/home/sid/ws/build/tortoisebot_imu' returned '0': CMAKE_PREFIX_PATH=${CMAKE_PREFIX_PATH}:/home/sid/ws/install/tortoisebot_control:/opt/ros/humble /usr/bin/cmake --build /home/sid/ws/build/tortoisebot_imu -- -j12 -l12
[0.477s] DEBUG:colcon.colcon_core.event_handler.log_command:Invoking command in '/home/sid/ws/build/tortoisebot_imu': CMAKE_PREFIX_PATH=${CMAKE_PREFIX_PATH}:/home/sid/ws/install/tortoisebot_control:/opt/ros/humble /usr/bin/cmake --install /home/sid/ws/build/tortoisebot_imu
[0.478s] DEBUG:colcon.colcon_core.event_handler.log_command:Invoked command in '/home/sid/ws/build/tortoisebot_navigation' returned '0': CMAKE_PREFIX_PATH=${CMAKE_PREFIX_PATH}:/home/sid/ws/install/tortoisebot_control:/opt/ros/humble /usr/bin/cmake --build /home/sid/ws/build/tortoisebot_navigation -- -j12 -l12
[0.482s] DEBUG:colcon.colcon_core.event_handler.log_command:Invoking command in '/home/sid/ws/build/tortoisebot_navigation': CMAKE_PREFIX_PATH=${CMAKE_PREFIX_PATH}:/home/sid/ws/install/tortoisebot_control:/opt/ros/humble /usr/bin/cmake --install /home/sid/ws/build/tortoisebot_navigation
[0.486s] DEBUG:colcon.colcon_core.event_handler.log_command:Invoked command in '/home/sid/ws/build/tortoisebot_slam' returned '0': CMAKE_PREFIX_PATH=${CMAKE_PREFIX_PATH}:/home/sid/ws/install/tortoisebot_control:/opt/ros/humble /usr/bin/cmake --build /home/sid/ws/build/tortoisebot_slam -- -j12 -l12
[0.489s] Level 1:colcon.colcon_core.environment:create_environment_scripts_only(tortoisebot_bringup)
[0.490s] DEBUG:colcon.colcon_core.event_handler.log_command:Invoking command in '/home/sid/ws/build/tortoisebot_slam': CMAKE_PREFIX_PATH=${CMAKE_PREFIX_PATH}:/home/sid/ws/install/tortoisebot_control:/opt/ros/humble /usr/bin/cmake --install /home/sid/ws/build/tortoisebot_slam
[0.492s] DEBUG:colcon.colcon_core.event_handler.log_command:Invoked command in '/home/sid/ws/build/tortoisebot_bringup' returned '0': CMAKE_PREFIX_PATH=${CMAKE_PREFIX_PATH}:/home/sid/ws/install/tortoisebot_control:/opt/ros/humble /usr/bin/cmake --install /home/sid/ws/build/tortoisebot_bringup
[0.496s] Level 1:colcon.colcon_core.environment:checking '/home/sid/ws/install/tortoisebot_bringup' for CMake module files
[0.496s] Level 1:colcon.colcon_core.environment:checking '/home/sid/ws/install/tortoisebot_bringup' for CMake config files
[0.496s] Level 1:colcon.colcon_core.shell:create_environment_hook('tortoisebot_bringup', 'cmake_prefix_path')
[0.497s] INFO:colcon.colcon_core.shell:Creating environment hook '/home/sid/ws/install/tortoisebot_bringup/share/tortoisebot_bringup/hook/cmake_prefix_path.ps1'
[0.498s] INFO:colcon.colcon_core.shell:Creating environment descriptor '/home/sid/ws/install/tortoisebot_bringup/share/tortoisebot_bringup/hook/cmake_prefix_path.dsv'
[0.498s] INFO:colcon.colcon_core.shell:Creating environment hook '/home/sid/ws/install/tortoisebot_bringup/share/tortoisebot_bringup/hook/cmake_prefix_path.sh'
[0.499s] Level 1:colcon.colcon_core.environment:checking '/home/sid/ws/install/tortoisebot_bringup/bin'
[0.499s] Level 1:colcon.colcon_core.environment:checking '/home/sid/ws/install/tortoisebot_bringup/lib/pkgconfig/tortoisebot_bringup.pc'
[0.499s] Level 1:colcon.colcon_core.environment:checking '/home/sid/ws/install/tortoisebot_bringup/lib/python3.10/site-packages'
[0.499s] Level 1:colcon.colcon_core.environment:checking '/home/sid/ws/install/tortoisebot_bringup/bin'
[0.499s] INFO:colcon.colcon_core.shell:Creating package script '/home/sid/ws/install/tortoisebot_bringup/share/tortoisebot_bringup/package.ps1'
[0.500s] INFO:colcon.colcon_core.shell:Creating package descriptor '/home/sid/ws/install/tortoisebot_bringup/share/tortoisebot_bringup/package.dsv'
[0.500s] INFO:colcon.colcon_core.shell:Creating package script '/home/sid/ws/install/tortoisebot_bringup/share/tortoisebot_bringup/package.sh'
[0.500s] INFO:colcon.colcon_core.shell:Creating package script '/home/sid/ws/install/tortoisebot_bringup/share/tortoisebot_bringup/package.bash'
[0.501s] INFO:colcon.colcon_core.shell:Creating package script '/home/sid/ws/install/tortoisebot_bringup/share/tortoisebot_bringup/package.zsh'
[0.501s] Level 1:colcon.colcon_core.environment:create_file_with_runtime_dependencies(/home/sid/ws/install/tortoisebot_bringup/share/colcon-core/packages/tortoisebot_bringup)
[0.502s] Level 1:colcon.colcon_core.environment:create_environment_scripts_only(tortoisebot_bringup)
[0.502s] Level 1:colcon.colcon_core.environment:checking '/home/sid/ws/install/tortoisebot_bringup' for CMake module files
[0.502s] Level 1:colcon.colcon_core.environment:checking '/home/sid/ws/install/tortoisebot_bringup' for CMake config files
[0.502s] Level 1:colcon.colcon_core.shell:create_environment_hook('tortoisebot_bringup', 'cmake_prefix_path')
[0.503s] INFO:colcon.colcon_core.shell:Creating environment hook '/home/sid/ws/install/tortoisebot_bringup/share/tortoisebot_bringup/hook/cmake_prefix_path.ps1'
[0.503s] INFO:colcon.colcon_core.shell:Creating environment descriptor '/home/sid/ws/install/tortoisebot_bringup/share/tortoisebot_bringup/hook/cmake_prefix_path.dsv'
[0.504s] INFO:colcon.colcon_core.shell:Creating environment hook '/home/sid/ws/install/tortoisebot_bringup/share/tortoisebot_bringup/hook/cmake_prefix_path.sh'
[0.504s] Level 1:colcon.colcon_core.environment:checking '/home/sid/ws/install/tortoisebot_bringup/bin'
[0.504s] Level 1:colcon.colcon_core.environment:checking '/home/sid/ws/install/tortoisebot_bringup/lib/pkgconfig/tortoisebot_bringup.pc'
[0.504s] Level 1:colcon.colcon_core.environment:checking '/home/sid/ws/install/tortoisebot_bringup/lib/python3.10/site-packages'
[0.505s] Level 1:colcon.colcon_core.environment:checking '/home/sid/ws/install/tortoisebot_bringup/bin'
[0.505s] INFO:colcon.colcon_core.shell:Creating package script '/home/sid/ws/install/tortoisebot_bringup/share/tortoisebot_bringup/package.ps1'
[0.505s] INFO:colcon.colcon_core.shell:Creating package descriptor '/home/sid/ws/install/tortoisebot_bringup/share/tortoisebot_bringup/package.dsv'
[0.506s] INFO:colcon.colcon_core.shell:Creating package script '/home/sid/ws/install/tortoisebot_bringup/share/tortoisebot_bringup/package.sh'
[0.506s] INFO:colcon.colcon_core.shell:Creating package script '/home/sid/ws/install/tortoisebot_bringup/share/tortoisebot_bringup/package.bash'
[0.506s] INFO:colcon.colcon_core.shell:Creating package script '/home/sid/ws/install/tortoisebot_bringup/share/tortoisebot_bringup/package.zsh'
[0.506s] Level 1:colcon.colcon_core.environment:create_file_with_runtime_dependencies(/home/sid/ws/install/tortoisebot_bringup/share/colcon-core/packages/tortoisebot_bringup)
[0.509s] Level 1:colcon.colcon_core.environment:create_environment_scripts_only(tortoisebot_description)
[0.510s] DEBUG:colcon.colcon_core.event_handler.log_command:Invoked command in '/home/sid/ws/build/tortoisebot_description' returned '0': CMAKE_PREFIX_PATH=${CMAKE_PREFIX_PATH}:/home/sid/ws/install/tortoisebot_control:/opt/ros/humble /usr/bin/cmake --install /home/sid/ws/build/tortoisebot_description
[0.510s] Level 1:colcon.colcon_core.environment:checking '/home/sid/ws/install/tortoisebot_description' for CMake module files
[0.511s] Level 1:colcon.colcon_core.environment:checking '/home/sid/ws/install/tortoisebot_description' for CMake config files
[0.511s] Level 1:colcon.colcon_core.shell:create_environment_hook('tortoisebot_description', 'cmake_prefix_path')
[0.512s] INFO:colcon.colcon_core.shell:Creating environment hook '/home/sid/ws/install/tortoisebot_description/share/tortoisebot_description/hook/cmake_prefix_path.ps1'
[0.512s] INFO:colcon.colcon_core.shell:Creating environment descriptor '/home/sid/ws/install/tortoisebot_description/share/tortoisebot_description/hook/cmake_prefix_path.dsv'
[0.512s] INFO:colcon.colcon_core.shell:Creating environment hook '/home/sid/ws/install/tortoisebot_description/share/tortoisebot_description/hook/cmake_prefix_path.sh'
[0.513s] Level 1:colcon.colcon_core.environment:checking '/home/sid/ws/install/tortoisebot_description/bin'
[0.513s] Level 1:colcon.colcon_core.environment:checking '/home/sid/ws/install/tortoisebot_description/lib/pkgconfig/tortoisebot_description.pc'
[0.513s] Level 1:colcon.colcon_core.environment:checking '/home/sid/ws/install/tortoisebot_description/lib/python3.10/site-packages'
[0.513s] Level 1:colcon.colcon_core.environment:checking '/home/sid/ws/install/tortoisebot_description/bin'
[0.514s] INFO:colcon.colcon_core.shell:Creating package script '/home/sid/ws/install/tortoisebot_description/share/tortoisebot_description/package.ps1'
[0.514s] INFO:colcon.colcon_core.shell:Creating package descriptor '/home/sid/ws/install/tortoisebot_description/share/tortoisebot_description/package.dsv'
[0.515s] INFO:colcon.colcon_core.shell:Creating package script '/home/sid/ws/install/tortoisebot_description/share/tortoisebot_description/package.sh'
[0.515s] INFO:colcon.colcon_core.shell:Creating package script '/home/sid/ws/install/tortoisebot_description/share/tortoisebot_description/package.bash'
[0.515s] INFO:colcon.colcon_core.shell:Creating package script '/home/sid/ws/install/tortoisebot_description/share/tortoisebot_description/package.zsh'
[0.516s] Level 1:colcon.colcon_core.environment:create_file_with_runtime_dependencies(/home/sid/ws/install/tortoisebot_description/share/colcon-core/packages/tortoisebot_description)
[0.516s] Level 1:colcon.colcon_core.environment:create_environment_scripts_only(tortoisebot_description)
[0.517s] Level 1:colcon.colcon_core.environment:checking '/home/sid/ws/install/tortoisebot_description' for CMake module files
[0.517s] Level 1:colcon.colcon_core.environment:checking '/home/sid/ws/install/tortoisebot_description' for CMake config files
[0.517s] Level 1:colcon.colcon_core.shell:create_environment_hook('tortoisebot_description', 'cmake_prefix_path')
[0.518s] INFO:colcon.colcon_core.shell:Creating environment hook '/home/sid/ws/install/tortoisebot_description/share/tortoisebot_description/hook/cmake_prefix_path.ps1'
[0.518s] INFO:colcon.colcon_core.shell:Creating environment descriptor '/home/sid/ws/install/tortoisebot_description/share/tortoisebot_description/hook/cmake_prefix_path.dsv'
[0.518s] INFO:colcon.colcon_core.shell:Creating environment hook '/home/sid/ws/install/tortoisebot_description/share/tortoisebot_description/hook/cmake_prefix_path.sh'
[0.519s] Level 1:colcon.colcon_core.environment:checking '/home/sid/ws/install/tortoisebot_description/bin'
[0.519s] Level 1:colcon.colcon_core.environment:checking '/home/sid/ws/install/tortoisebot_description/lib/pkgconfig/tortoisebot_description.pc'
[0.519s] Level 1:colcon.colcon_core.environment:checking '/home/sid/ws/install/tortoisebot_description/lib/python3.10/site-packages'
[0.519s] Level 1:colcon.colcon_core.environment:checking '/home/sid/ws/install/tortoisebot_description/bin'
[0.520s] INFO:colcon.colcon_core.shell:Creating package script '/home/sid/ws/install/tortoisebot_description/share/tortoisebot_description/package.ps1'
[0.520s] INFO:colcon.colcon_core.shell:Creating package descriptor '/home/sid/ws/install/tortoisebot_description/share/tortoisebot_description/package.dsv'
[0.521s] INFO:colcon.colcon_core.shell:Creating package script '/home/sid/ws/install/tortoisebot_description/share/tortoisebot_description/package.sh'
[0.521s] INFO:colcon.colcon_core.shell:Creating package script '/home/sid/ws/install/tortoisebot_description/share/tortoisebot_description/package.bash'
[0.521s] INFO:colcon.colcon_core.shell:Creating package script '/home/sid/ws/install/tortoisebot_description/share/tortoisebot_description/package.zsh'
[0.522s] Level 1:colcon.colcon_core.environment:create_file_with_runtime_dependencies(/home/sid/ws/install/tortoisebot_description/share/colcon-core/packages/tortoisebot_description)
[0.522s] Level 1:colcon.colcon_core.environment:create_environment_scripts_only(tortoisebot_gazebo)
[0.522s] Level 1:colcon.colcon_core.environment:checking '/home/sid/ws/install/tortoisebot_gazebo' for CMake module files
[0.523s] DEBUG:colcon.colcon_core.event_handler.log_command:Invoked command in '/home/sid/ws/build/tortoisebot_gazebo' returned '0': CMAKE_PREFIX_PATH=${CMAKE_PREFIX_PATH}:/home/sid/ws/install/tortoisebot_control:/opt/ros/humble /usr/bin/cmake --install /home/sid/ws/build/tortoisebot_gazebo
[0.524s] Level 1:colcon.colcon_core.environment:checking '/home/sid/ws/install/tortoisebot_gazebo' for CMake config files
[0.524s] Level 1:colcon.colcon_core.shell:create_environment_hook('tortoisebot_gazebo', 'cmake_prefix_path')
[0.524s] INFO:colcon.colcon_core.shell:Creating environment hook '/home/sid/ws/install/tortoisebot_gazebo/share/tortoisebot_gazebo/hook/cmake_prefix_path.ps1'
[0.525s] INFO:colcon.colcon_core.shell:Creating environment descriptor '/home/sid/ws/install/tortoisebot_gazebo/share/tortoisebot_gazebo/hook/cmake_prefix_path.dsv'
[0.525s] INFO:colcon.colcon_core.shell:Creating environment hook '/home/sid/ws/install/tortoisebot_gazebo/share/tortoisebot_gazebo/hook/cmake_prefix_path.sh'
[0.525s] Level 1:colcon.colcon_core.environment:checking '/home/sid/ws/install/tortoisebot_gazebo/bin'
[0.526s] Level 1:colcon.colcon_core.environment:checking '/home/sid/ws/install/tortoisebot_gazebo/lib/pkgconfig/tortoisebot_gazebo.pc'
[0.526s] Level 1:colcon.colcon_core.environment:checking '/home/sid/ws/install/tortoisebot_gazebo/lib/python3.10/site-packages'
[0.526s] Level 1:colcon.colcon_core.environment:checking '/home/sid/ws/install/tortoisebot_gazebo/bin'
[0.526s] INFO:colcon.colcon_core.shell:Creating package script '/home/sid/ws/install/tortoisebot_gazebo/share/tortoisebot_gazebo/package.ps1'
[0.527s] INFO:colcon.colcon_core.shell:Creating package descriptor '/home/sid/ws/install/tortoisebot_gazebo/share/tortoisebot_gazebo/package.dsv'
[0.527s] INFO:colcon.colcon_core.shell:Creating package script '/home/sid/ws/install/tortoisebot_gazebo/share/tortoisebot_gazebo/package.sh'
[0.528s] INFO:colcon.colcon_core.shell:Creating package script '/home/sid/ws/install/tortoisebot_gazebo/share/tortoisebot_gazebo/package.bash'
[0.528s] INFO:colcon.colcon_core.shell:Creating package script '/home/sid/ws/install/tortoisebot_gazebo/share/tortoisebot_gazebo/package.zsh'
[0.528s] Level 1:colcon.colcon_core.environment:create_file_with_runtime_dependencies(/home/sid/ws/install/tortoisebot_gazebo/share/colcon-core/packages/tortoisebot_gazebo)
[0.529s] Level 1:colcon.colcon_core.environment:create_environment_scripts_only(tortoisebot_gazebo)
[0.529s] Level 1:colcon.colcon_core.environment:checking '/home/sid/ws/install/tortoisebot_gazebo' for CMake module files
[0.530s] Level 1:colcon.colcon_core.environment:checking '/home/sid/ws/install/tortoisebot_gazebo' for CMake config files
[0.530s] Level 1:colcon.colcon_core.shell:create_environment_hook('tortoisebot_gazebo', 'cmake_prefix_path')
[0.530s] INFO:colcon.colcon_core.shell:Creating environment hook '/home/sid/ws/install/tortoisebot_gazebo/share/tortoisebot_gazebo/hook/cmake_prefix_path.ps1'
[0.530s] INFO:colcon.colcon_core.shell:Creating environment descriptor '/home/sid/ws/install/tortoisebot_gazebo/share/tortoisebot_gazebo/hook/cmake_prefix_path.dsv'
[0.531s] INFO:colcon.colcon_core.shell:Creating environment hook '/home/sid/ws/install/tortoisebot_gazebo/share/tortoisebot_gazebo/hook/cmake_prefix_path.sh'
[0.531s] Level 1:colcon.colcon_core.environment:checking '/home/sid/ws/install/tortoisebot_gazebo/bin'
[0.531s] Level 1:colcon.colcon_core.environment:checking '/home/sid/ws/install/tortoisebot_gazebo/lib/pkgconfig/tortoisebot_gazebo.pc'
[0.532s] Level 1:colcon.colcon_core.environment:checking '/home/sid/ws/install/tortoisebot_gazebo/lib/python3.10/site-packages'
[0.532s] Level 1:colcon.colcon_core.environment:checking '/home/sid/ws/install/tortoisebot_gazebo/bin'
[0.532s] INFO:colcon.colcon_core.shell:Creating package script '/home/sid/ws/install/tortoisebot_gazebo/share/tortoisebot_gazebo/package.ps1'
[0.533s] INFO:colcon.colcon_core.shell:Creating package descriptor '/home/sid/ws/install/tortoisebot_gazebo/share/tortoisebot_gazebo/package.dsv'
[0.533s] INFO:colcon.colcon_core.shell:Creating package script '/home/sid/ws/install/tortoisebot_gazebo/share/tortoisebot_gazebo/package.sh'
[0.533s] INFO:colcon.colcon_core.shell:Creating package script '/home/sid/ws/install/tortoisebot_gazebo/share/tortoisebot_gazebo/package.bash'
[0.534s] INFO:colcon.colcon_core.shell:Creating package script '/home/sid/ws/install/tortoisebot_gazebo/share/tortoisebot_gazebo/package.zsh'
[0.534s] Level 1:colcon.colcon_core.environment:create_file_with_runtime_dependencies(/home/sid/ws/install/tortoisebot_gazebo/share/colcon-core/packages/tortoisebot_gazebo)
[0.534s] Level 1:colcon.colcon_core.environment:create_environment_scripts_only(tortoisebot_imu)
[0.535s] Level 1:colcon.colcon_core.environment:checking '/home/sid/ws/install/tortoisebot_imu' for CMake module files
[0.536s] DEBUG:colcon.colcon_core.event_handler.log_command:Invoked command in '/home/sid/ws/build/tortoisebot_imu' returned '0': CMAKE_PREFIX_PATH=${CMAKE_PREFIX_PATH}:/home/sid/ws/install/tortoisebot_control:/opt/ros/humble /usr/bin/cmake --install /home/sid/ws/build/tortoisebot_imu
[0.536s] Level 1:colcon.colcon_core.environment:checking '/home/sid/ws/install/tortoisebot_imu' for CMake config files
[0.536s] Level 1:colcon.colcon_core.shell:create_environment_hook('tortoisebot_imu', 'cmake_prefix_path')
[0.536s] INFO:colcon.colcon_core.shell:Creating environment hook '/home/sid/ws/install/tortoisebot_imu/share/tortoisebot_imu/hook/cmake_prefix_path.ps1'
[0.537s] INFO:colcon.colcon_core.shell:Creating environment descriptor '/home/sid/ws/install/tortoisebot_imu/share/tortoisebot_imu/hook/cmake_prefix_path.dsv'
[0.537s] INFO:colcon.colcon_core.shell:Creating environment hook '/home/sid/ws/install/tortoisebot_imu/share/tortoisebot_imu/hook/cmake_prefix_path.sh'
[0.538s] Level 1:colcon.colcon_core.environment:checking '/home/sid/ws/install/tortoisebot_imu/lib'
[0.538s] Level 1:colcon.colcon_core.environment:checking '/home/sid/ws/install/tortoisebot_imu/bin'
[0.538s] Level 1:colcon.colcon_core.environment:checking '/home/sid/ws/install/tortoisebot_imu/lib/pkgconfig/tortoisebot_imu.pc'
[0.538s] Level 1:colcon.colcon_core.environment:checking '/home/sid/ws/install/tortoisebot_imu/lib/python3.10/site-packages'
[0.539s] Level 1:colcon.colcon_core.environment:checking '/home/sid/ws/install/tortoisebot_imu/bin'
[0.539s] INFO:colcon.colcon_core.shell:Creating package script '/home/sid/ws/install/tortoisebot_imu/share/tortoisebot_imu/package.ps1'
[0.539s] INFO:colcon.colcon_core.shell:Creating package descriptor '/home/sid/ws/install/tortoisebot_imu/share/tortoisebot_imu/package.dsv'
[0.540s] INFO:colcon.colcon_core.shell:Creating package script '/home/sid/ws/install/tortoisebot_imu/share/tortoisebot_imu/package.sh'
[0.540s] INFO:colcon.colcon_core.shell:Creating package script '/home/sid/ws/install/tortoisebot_imu/share/tortoisebot_imu/package.bash'
[0.541s] INFO:colcon.colcon_core.shell:Creating package script '/home/sid/ws/install/tortoisebot_imu/share/tortoisebot_imu/package.zsh'
[0.541s] Level 1:colcon.colcon_core.environment:create_file_with_runtime_dependencies(/home/sid/ws/install/tortoisebot_imu/share/colcon-core/packages/tortoisebot_imu)
[0.541s] Level 1:colcon.colcon_core.environment:create_environment_scripts_only(tortoisebot_imu)
[0.542s] Level 1:colcon.colcon_core.environment:checking '/home/sid/ws/install/tortoisebot_imu' for CMake module files
[0.542s] Level 1:colcon.colcon_core.environment:checking '/home/sid/ws/install/tortoisebot_imu' for CMake config files
[0.542s] Level 1:colcon.colcon_core.shell:create_environment_hook('tortoisebot_imu', 'cmake_prefix_path')
[0.543s] INFO:colcon.colcon_core.shell:Creating environment hook '/home/sid/ws/install/tortoisebot_imu/share/tortoisebot_imu/hook/cmake_prefix_path.ps1'
[0.543s] INFO:colcon.colcon_core.shell:Creating environment descriptor '/home/sid/ws/install/tortoisebot_imu/share/tortoisebot_imu/hook/cmake_prefix_path.dsv'
[0.543s] INFO:colcon.colcon_core.shell:Creating environment hook '/home/sid/ws/install/tortoisebot_imu/share/tortoisebot_imu/hook/cmake_prefix_path.sh'
[0.544s] Level 1:colcon.colcon_core.environment:checking '/home/sid/ws/install/tortoisebot_imu/lib'
[0.544s] Level 1:colcon.colcon_core.environment:checking '/home/sid/ws/install/tortoisebot_imu/bin'
[0.544s] Level 1:colcon.colcon_core.environment:checking '/home/sid/ws/install/tortoisebot_imu/lib/pkgconfig/tortoisebot_imu.pc'
[0.544s] Level 1:colcon.colcon_core.environment:checking '/home/sid/ws/install/tortoisebot_imu/lib/python3.10/site-packages'
[0.544s] Level 1:colcon.colcon_core.environment:checking '/home/sid/ws/install/tortoisebot_imu/bin'
[0.545s] INFO:colcon.colcon_core.shell:Creating package script '/home/sid/ws/install/tortoisebot_imu/share/tortoisebot_imu/package.ps1'
[0.545s] INFO:colcon.colcon_core.shell:Creating package descriptor '/home/sid/ws/install/tortoisebot_imu/share/tortoisebot_imu/package.dsv'
[0.545s] INFO:colcon.colcon_core.shell:Creating package script '/home/sid/ws/install/tortoisebot_imu/share/tortoisebot_imu/package.sh'
[0.546s] INFO:colcon.colcon_core.shell:Creating package script '/home/sid/ws/install/tortoisebot_imu/share/tortoisebot_imu/package.bash'
[0.546s] INFO:colcon.colcon_core.shell:Creating package script '/home/sid/ws/install/tortoisebot_imu/share/tortoisebot_imu/package.zsh'
[0.547s] Level 1:colcon.colcon_core.environment:create_file_with_runtime_dependencies(/home/sid/ws/install/tortoisebot_imu/share/colcon-core/packages/tortoisebot_imu)
[0.547s] Level 1:colcon.colcon_core.environment:create_environment_scripts_only(tortoisebot_navigation)
[0.547s] Level 1:colcon.colcon_core.environment:checking '/home/sid/ws/install/tortoisebot_navigation' for CMake module files
[0.548s] DEBUG:colcon.colcon_core.event_handler.log_command:Invoked command in '/home/sid/ws/build/tortoisebot_navigation' returned '0': CMAKE_PREFIX_PATH=${CMAKE_PREFIX_PATH}:/home/sid/ws/install/tortoisebot_control:/opt/ros/humble /usr/bin/cmake --install /home/sid/ws/build/tortoisebot_navigation
[0.548s] Level 1:colcon.colcon_core.environment:checking '/home/sid/ws/install/tortoisebot_navigation' for CMake config files
[0.548s] Level 1:colcon.colcon_core.shell:create_environment_hook('tortoisebot_navigation', 'cmake_prefix_path')
[0.548s] INFO:colcon.colcon_core.shell:Creating environment hook '/home/sid/ws/install/tortoisebot_navigation/share/tortoisebot_navigation/hook/cmake_prefix_path.ps1'
[0.549s] INFO:colcon.colcon_core.shell:Creating environment descriptor '/home/sid/ws/install/tortoisebot_navigation/share/tortoisebot_navigation/hook/cmake_prefix_path.dsv'
[0.549s] INFO:colcon.colcon_core.shell:Creating environment hook '/home/sid/ws/install/tortoisebot_navigation/share/tortoisebot_navigation/hook/cmake_prefix_path.sh'
[0.550s] Level 1:colcon.colcon_core.environment:checking '/home/sid/ws/install/tortoisebot_navigation/bin'
[0.550s] Level 1:colcon.colcon_core.environment:checking '/home/sid/ws/install/tortoisebot_navigation/lib/pkgconfig/tortoisebot_navigation.pc'
[0.550s] Level 1:colcon.colcon_core.environment:checking '/home/sid/ws/install/tortoisebot_navigation/lib/python3.10/site-packages'
[0.550s] Level 1:colcon.colcon_core.environment:checking '/home/sid/ws/install/tortoisebot_navigation/bin'
[0.550s] INFO:colcon.colcon_core.shell:Creating package script '/home/sid/ws/install/tortoisebot_navigation/share/tortoisebot_navigation/package.ps1'
[0.551s] INFO:colcon.colcon_core.shell:Creating package descriptor '/home/sid/ws/install/tortoisebot_navigation/share/tortoisebot_navigation/package.dsv'
[0.551s] INFO:colcon.colcon_core.shell:Creating package script '/home/sid/ws/install/tortoisebot_navigation/share/tortoisebot_navigation/package.sh'
[0.552s] INFO:colcon.colcon_core.shell:Creating package script '/home/sid/ws/install/tortoisebot_navigation/share/tortoisebot_navigation/package.bash'
[0.552s] INFO:colcon.colcon_core.shell:Creating package script '/home/sid/ws/install/tortoisebot_navigation/share/tortoisebot_navigation/package.zsh'
[0.552s] Level 1:colcon.colcon_core.environment:create_file_with_runtime_dependencies(/home/sid/ws/install/tortoisebot_navigation/share/colcon-core/packages/tortoisebot_navigation)
[0.553s] Level 1:colcon.colcon_core.environment:create_environment_scripts_only(tortoisebot_navigation)
[0.553s] Level 1:colcon.colcon_core.environment:checking '/home/sid/ws/install/tortoisebot_navigation' for CMake module files
[0.554s] Level 1:colcon.colcon_core.environment:checking '/home/sid/ws/install/tortoisebot_navigation' for CMake config files
[0.554s] Level 1:colcon.colcon_core.shell:create_environment_hook('tortoisebot_navigation', 'cmake_prefix_path')
[0.554s] INFO:colcon.colcon_core.shell:Creating environment hook '/home/sid/ws/install/tortoisebot_navigation/share/tortoisebot_navigation/hook/cmake_prefix_path.ps1'
[0.555s] INFO:colcon.colcon_core.shell:Creating environment descriptor '/home/sid/ws/install/tortoisebot_navigation/share/tortoisebot_navigation/hook/cmake_prefix_path.dsv'
[0.555s] INFO:colcon.colcon_core.shell:Creating environment hook '/home/sid/ws/install/tortoisebot_navigation/share/tortoisebot_navigation/hook/cmake_prefix_path.sh'
[0.556s] Level 1:colcon.colcon_core.environment:checking '/home/sid/ws/install/tortoisebot_navigation/bin'
[0.556s] Level 1:colcon.colcon_core.environment:checking '/home/sid/ws/install/tortoisebot_navigation/lib/pkgconfig/tortoisebot_navigation.pc'
[0.556s] Level 1:colcon.colcon_core.environment:checking '/home/sid/ws/install/tortoisebot_navigation/lib/python3.10/site-packages'
[0.556s] Level 1:colcon.colcon_core.environment:checking '/home/sid/ws/install/tortoisebot_navigation/bin'
[0.556s] INFO:colcon.colcon_core.shell:Creating package script '/home/sid/ws/install/tortoisebot_navigation/share/tortoisebot_navigation/package.ps1'
[0.557s] INFO:colcon.colcon_core.shell:Creating package descriptor '/home/sid/ws/install/tortoisebot_navigation/share/tortoisebot_navigation/package.dsv'
[0.557s] INFO:colcon.colcon_core.shell:Creating package script '/home/sid/ws/install/tortoisebot_navigation/share/tortoisebot_navigation/package.sh'
[0.558s] INFO:colcon.colcon_core.shell:Creating package script '/home/sid/ws/install/tortoisebot_navigation/share/tortoisebot_navigation/package.bash'
[0.558s] INFO:colcon.colcon_core.shell:Creating package script '/home/sid/ws/install/tortoisebot_navigation/share/tortoisebot_navigation/package.zsh'
[0.558s] Level 1:colcon.colcon_core.environment:create_file_with_runtime_dependencies(/home/sid/ws/install/tortoisebot_navigation/share/colcon-core/packages/tortoisebot_navigation)
[0.559s] Level 1:colcon.colcon_core.environment:create_environment_scripts_only(tortoisebot_slam)
[0.559s] Level 1:colcon.colcon_core.environment:checking '/home/sid/ws/install/tortoisebot_slam' for CMake module files
[0.560s] DEBUG:colcon.colcon_core.event_handler.log_command:Invoked command in '/home/sid/ws/build/tortoisebot_slam' returned '0': CMAKE_PREFIX_PATH=${CMAKE_PREFIX_PATH}:/home/sid/ws/install/tortoisebot_control:/opt/ros/humble /usr/bin/cmake --install /home/sid/ws/build/tortoisebot_slam
[0.560s] Level 1:colcon.colcon_core.environment:checking '/home/sid/ws/install/tortoisebot_slam' for CMake config files
[0.560s] Level 1:colcon.colcon_core.shell:create_environment_hook('tortoisebot_slam', 'cmake_prefix_path')
[0.561s] INFO:colcon.colcon_core.shell:Creating environment hook '/home/sid/ws/install/tortoisebot_slam/share/tortoisebot_slam/hook/cmake_prefix_path.ps1'
[0.561s] INFO:colcon.colcon_core.shell:Creating environment descriptor '/home/sid/ws/install/tortoisebot_slam/share/tortoisebot_slam/hook/cmake_prefix_path.dsv'
[0.561s] INFO:colcon.colcon_core.shell:Creating environment hook '/home/sid/ws/install/tortoisebot_slam/share/tortoisebot_slam/hook/cmake_prefix_path.sh'
[0.562s] Level 1:colcon.colcon_core.environment:checking '/home/sid/ws/install/tortoisebot_slam/bin'
[0.562s] Level 1:colcon.colcon_core.environment:checking '/home/sid/ws/install/tortoisebot_slam/lib/pkgconfig/tortoisebot_slam.pc'
[0.562s] Level 1:colcon.colcon_core.environment:checking '/home/sid/ws/install/tortoisebot_slam/lib/python3.10/site-packages'
[0.562s] Level 1:colcon.colcon_core.environment:checking '/home/sid/ws/install/tortoisebot_slam/bin'
[0.563s] INFO:colcon.colcon_core.shell:Creating package script '/home/sid/ws/install/tortoisebot_slam/share/tortoisebot_slam/package.ps1'
[0.563s] INFO:colcon.colcon_core.shell:Creating package descriptor '/home/sid/ws/install/tortoisebot_slam/share/tortoisebot_slam/package.dsv'
[0.564s] INFO:colcon.colcon_core.shell:Creating package script '/home/sid/ws/install/tortoisebot_slam/share/tortoisebot_slam/package.sh'
[0.564s] INFO:colcon.colcon_core.shell:Creating package script '/home/sid/ws/install/tortoisebot_slam/share/tortoisebot_slam/package.bash'
[0.564s] INFO:colcon.colcon_core.shell:Creating package script '/home/sid/ws/install/tortoisebot_slam/share/tortoisebot_slam/package.zsh'
[0.565s] Level 1:colcon.colcon_core.environment:create_file_with_runtime_dependencies(/home/sid/ws/install/tortoisebot_slam/share/colcon-core/packages/tortoisebot_slam)
[0.565s] Level 1:colcon.colcon_core.environment:create_environment_scripts_only(tortoisebot_slam)
[0.565s] Level 1:colcon.colcon_core.environment:checking '/home/sid/ws/install/tortoisebot_slam' for CMake module files
[0.566s] Level 1:colcon.colcon_core.environment:checking '/home/sid/ws/install/tortoisebot_slam' for CMake config files
[0.566s] Level 1:colcon.colcon_core.shell:create_environment_hook('tortoisebot_slam', 'cmake_prefix_path')
[0.566s] INFO:colcon.colcon_core.shell:Creating environment hook '/home/sid/ws/install/tortoisebot_slam/share/tortoisebot_slam/hook/cmake_prefix_path.ps1'
[0.567s] INFO:colcon.colcon_core.shell:Creating environment descriptor '/home/sid/ws/install/tortoisebot_slam/share/tortoisebot_slam/hook/cmake_prefix_path.dsv'
[0.567s] INFO:colcon.colcon_core.shell:Creating environment hook '/home/sid/ws/install/tortoisebot_slam/share/tortoisebot_slam/hook/cmake_prefix_path.sh'
[0.568s] Level 1:colcon.colcon_core.environment:checking '/home/sid/ws/install/tortoisebot_slam/bin'
[0.568s] Level 1:colcon.colcon_core.environment:checking '/home/sid/ws/install/tortoisebot_slam/lib/pkgconfig/tortoisebot_slam.pc'
[0.568s] Level 1:colcon.colcon_core.environment:checking '/home/sid/ws/install/tortoisebot_slam/lib/python3.10/site-packages'
[0.568s] Level 1:colcon.colcon_core.environment:checking '/home/sid/ws/install/tortoisebot_slam/bin'
[0.569s] INFO:colcon.colcon_core.shell:Creating package script '/home/sid/ws/install/tortoisebot_slam/share/tortoisebot_slam/package.ps1'
[0.569s] INFO:colcon.colcon_core.shell:Creating package descriptor '/home/sid/ws/install/tortoisebot_slam/share/tortoisebot_slam/package.dsv'
[0.570s] INFO:colcon.colcon_core.shell:Creating package script '/home/sid/ws/install/tortoisebot_slam/share/tortoisebot_slam/package.sh'
[0.570s] INFO:colcon.colcon_core.shell:Creating package script '/home/sid/ws/install/tortoisebot_slam/share/tortoisebot_slam/package.bash'
[0.570s] INFO:colcon.colcon_core.shell:Creating package script '/home/sid/ws/install/tortoisebot_slam/share/tortoisebot_slam/package.zsh'
[0.571s] Level 1:colcon.colcon_core.environment:create_file_with_runtime_dependencies(/home/sid/ws/install/tortoisebot_slam/share/colcon-core/packages/tortoisebot_slam)
[0.572s] DEBUG:colcon.colcon_core.event_handler.log_command:Invoked command in '/home/sid/ws/build/v4l2_camera' returned '0': CMAKE_PREFIX_PATH=${CMAKE_PREFIX_PATH}:/home/sid/ws/install/tortoisebot_control:/opt/ros/humble /usr/bin/cmake --build /home/sid/ws/build/v4l2_camera -- -j12 -l12
[0.572s] DEBUG:colcon.colcon_core.event_handler.log_command:Invoking command in '/home/sid/ws/build/v4l2_camera': CMAKE_PREFIX_PATH=${CMAKE_PREFIX_PATH}:/home/sid/ws/install/tortoisebot_control:/opt/ros/humble /usr/bin/cmake --install /home/sid/ws/build/v4l2_camera
[0.590s] Level 1:colcon.colcon_core.environment:create_environment_scripts_only(v4l2_camera)
[0.590s] DEBUG:colcon.colcon_core.event_handler.log_command:Invoked command in '/home/sid/ws/build/v4l2_camera' returned '0': CMAKE_PREFIX_PATH=${CMAKE_PREFIX_PATH}:/home/sid/ws/install/tortoisebot_control:/opt/ros/humble /usr/bin/cmake --install /home/sid/ws/build/v4l2_camera
[0.590s] Level 1:colcon.colcon_core.environment:checking '/home/sid/ws/install/v4l2_camera' for CMake module files
[0.591s] Level 1:colcon.colcon_core.environment:checking '/home/sid/ws/install/v4l2_camera' for CMake config files
[0.591s] Level 1:colcon.colcon_core.shell:create_environment_hook('v4l2_camera', 'cmake_prefix_path')
[0.591s] INFO:colcon.colcon_core.shell:Creating environment hook '/home/sid/ws/install/v4l2_camera/share/v4l2_camera/hook/cmake_prefix_path.ps1'
[0.592s] INFO:colcon.colcon_core.shell:Creating environment descriptor '/home/sid/ws/install/v4l2_camera/share/v4l2_camera/hook/cmake_prefix_path.dsv'
[0.592s] INFO:colcon.colcon_core.shell:Creating environment hook '/home/sid/ws/install/v4l2_camera/share/v4l2_camera/hook/cmake_prefix_path.sh'
[0.593s] Level 1:colcon.colcon_core.environment:checking '/home/sid/ws/install/v4l2_camera/lib'
[0.593s] Level 1:colcon.colcon_core.shell:create_environment_hook('v4l2_camera', 'ld_library_path_lib')
[0.593s] INFO:colcon.colcon_core.shell:Creating environment hook '/home/sid/ws/install/v4l2_camera/share/v4l2_camera/hook/ld_library_path_lib.ps1'
[0.593s] INFO:colcon.colcon_core.shell:Creating environment descriptor '/home/sid/ws/install/v4l2_camera/share/v4l2_camera/hook/ld_library_path_lib.dsv'
[0.594s] INFO:colcon.colcon_core.shell:Creating environment hook '/home/sid/ws/install/v4l2_camera/share/v4l2_camera/hook/ld_library_path_lib.sh'
[0.594s] Level 1:colcon.colcon_core.environment:checking '/home/sid/ws/install/v4l2_camera/bin'
[0.594s] Level 1:colcon.colcon_core.environment:checking '/home/sid/ws/install/v4l2_camera/lib/pkgconfig/v4l2_camera.pc'
[0.594s] Level 1:colcon.colcon_core.environment:checking '/home/sid/ws/install/v4l2_camera/lib/python3.10/site-packages'
[0.595s] Level 1:colcon.colcon_core.environment:checking '/home/sid/ws/install/v4l2_camera/bin'
[0.595s] INFO:colcon.colcon_core.shell:Creating package script '/home/sid/ws/install/v4l2_camera/share/v4l2_camera/package.ps1'
[0.595s] INFO:colcon.colcon_core.shell:Creating package descriptor '/home/sid/ws/install/v4l2_camera/share/v4l2_camera/package.dsv'
[0.596s] INFO:colcon.colcon_core.shell:Creating package script '/home/sid/ws/install/v4l2_camera/share/v4l2_camera/package.sh'
[0.596s] INFO:colcon.colcon_core.shell:Creating package script '/home/sid/ws/install/v4l2_camera/share/v4l2_camera/package.bash'
[0.597s] INFO:colcon.colcon_core.shell:Creating package script '/home/sid/ws/install/v4l2_camera/share/v4l2_camera/package.zsh'
[0.597s] Level 1:colcon.colcon_core.environment:create_file_with_runtime_dependencies(/home/sid/ws/install/v4l2_camera/share/colcon-core/packages/v4l2_camera)
[0.597s] Level 1:colcon.colcon_core.environment:create_environment_scripts_only(v4l2_camera)
[0.598s] Level 1:colcon.colcon_core.environment:checking '/home/sid/ws/install/v4l2_camera' for CMake module files
[0.598s] Level 1:colcon.colcon_core.environment:checking '/home/sid/ws/install/v4l2_camera' for CMake config files
[0.599s] Level 1:colcon.colcon_core.shell:create_environment_hook('v4l2_camera', 'cmake_prefix_path')
[0.599s] INFO:colcon.colcon_core.shell:Creating environment hook '/home/sid/ws/install/v4l2_camera/share/v4l2_camera/hook/cmake_prefix_path.ps1'
[0.599s] INFO:colcon.colcon_core.shell:Creating environment descriptor '/home/sid/ws/install/v4l2_camera/share/v4l2_camera/hook/cmake_prefix_path.dsv'
[0.600s] INFO:colcon.colcon_core.shell:Creating environment hook '/home/sid/ws/install/v4l2_camera/share/v4l2_camera/hook/cmake_prefix_path.sh'
[0.600s] Level 1:colcon.colcon_core.environment:checking '/home/sid/ws/install/v4l2_camera/lib'
[0.600s] Level 1:colcon.colcon_core.shell:create_environment_hook('v4l2_camera', 'ld_library_path_lib')
[0.600s] INFO:colcon.colcon_core.shell:Creating environment hook '/home/sid/ws/install/v4l2_camera/share/v4l2_camera/hook/ld_library_path_lib.ps1'
[0.601s] INFO:colcon.colcon_core.shell:Creating environment descriptor '/home/sid/ws/install/v4l2_camera/share/v4l2_camera/hook/ld_library_path_lib.dsv'
[0.601s] INFO:colcon.colcon_core.shell:Creating environment hook '/home/sid/ws/install/v4l2_camera/share/v4l2_camera/hook/ld_library_path_lib.sh'
[0.601s] Level 1:colcon.colcon_core.environment:checking '/home/sid/ws/install/v4l2_camera/bin'
[0.601s] Level 1:colcon.colcon_core.environment:checking '/home/sid/ws/install/v4l2_camera/lib/pkgconfig/v4l2_camera.pc'
[0.602s] Level 1:colcon.colcon_core.environment:checking '/home/sid/ws/install/v4l2_camera/lib/python3.10/site-packages'
[0.602s] Level 1:colcon.colcon_core.environment:checking '/home/sid/ws/install/v4l2_camera/bin'
[0.602s] INFO:colcon.colcon_core.shell:Creating package script '/home/sid/ws/install/v4l2_camera/share/v4l2_camera/package.ps1'
[0.603s] INFO:colcon.colcon_core.shell:Creating package descriptor '/home/sid/ws/install/v4l2_camera/share/v4l2_camera/package.dsv'
[0.603s] INFO:colcon.colcon_core.shell:Creating package script '/home/sid/ws/install/v4l2_camera/share/v4l2_camera/package.sh'
[0.604s] INFO:colcon.colcon_core.shell:Creating package script '/home/sid/ws/install/v4l2_camera/share/v4l2_camera/package.bash'
[0.604s] INFO:colcon.colcon_core.shell:Creating package script '/home/sid/ws/install/v4l2_camera/share/v4l2_camera/package.zsh'
[0.604s] Level 1:colcon.colcon_core.environment:create_file_with_runtime_dependencies(/home/sid/ws/install/v4l2_camera/share/colcon-core/packages/v4l2_camera)
[0.690s] DEBUG:colcon.colcon_core.event_handler.log_command:Invoking command in '/home/sid/ws/tortoisebot/tortoisebot_control': PYTHONPATH=/home/sid/ws/build/tortoisebot_control/prefix_override:/usr/lib/python3/dist-packages/colcon_core/task/python/colcon_distutils_commands:/home/sid/ws/install/tortoisebot_control/lib/python3.10/site-packages:${PYTHONPATH} /usr/bin/python3 -W ignore:setup.py install is deprecated -W ignore:easy_install command is deprecated setup.py egg_info --egg-base ../../build/tortoisebot_control build --build-base /home/sid/ws/build/tortoisebot_control/build install --record /home/sid/ws/build/tortoisebot_control/install.log --single-version-externally-managed install_data
[0.707s] DEBUG:colcon.colcon_core.event_handler.log_command:Invoked command in '/home/sid/ws/build/tortoisebot_firmware' returned '0': CMAKE_PREFIX_PATH=${CMAKE_PREFIX_PATH}:/home/sid/ws/install/tortoisebot_control:/opt/ros/humble /usr/bin/cmake --build /home/sid/ws/build/tortoisebot_firmware -- -j12 -l12
[0.707s] DEBUG:colcon.colcon_core.event_handler.log_command:Invoking command in '/home/sid/ws/build/tortoisebot_firmware': CMAKE_PREFIX_PATH=${CMAKE_PREFIX_PATH}:/home/sid/ws/install/tortoisebot_control:/opt/ros/humble /usr/bin/cmake --install /home/sid/ws/build/tortoisebot_firmware
[0.745s] Level 1:colcon.colcon_core.environment:create_environment_scripts_only(tortoisebot_firmware)
[0.746s] Level 1:colcon.colcon_core.environment:checking '/home/sid/ws/install/tortoisebot_firmware' for CMake module files
[0.746s] DEBUG:colcon.colcon_core.event_handler.log_command:Invoked command in '/home/sid/ws/build/tortoisebot_firmware' returned '0': CMAKE_PREFIX_PATH=${CMAKE_PREFIX_PATH}:/home/sid/ws/install/tortoisebot_control:/opt/ros/humble /usr/bin/cmake --install /home/sid/ws/build/tortoisebot_firmware
[0.746s] Level 1:colcon.colcon_core.environment:checking '/home/sid/ws/install/tortoisebot_firmware' for CMake config files
[0.747s] Level 1:colcon.colcon_core.shell:create_environment_hook('tortoisebot_firmware', 'cmake_prefix_path')
[0.747s] INFO:colcon.colcon_core.shell:Creating environment hook '/home/sid/ws/install/tortoisebot_firmware/share/tortoisebot_firmware/hook/cmake_prefix_path.ps1'
[0.747s] INFO:colcon.colcon_core.shell:Creating environment descriptor '/home/sid/ws/install/tortoisebot_firmware/share/tortoisebot_firmware/hook/cmake_prefix_path.dsv'
[0.747s] INFO:colcon.colcon_core.shell:Creating environment hook '/home/sid/ws/install/tortoisebot_firmware/share/tortoisebot_firmware/hook/cmake_prefix_path.sh'
[0.748s] Level 1:colcon.colcon_core.environment:checking '/home/sid/ws/install/tortoisebot_firmware/lib'
[0.748s] Level 1:colcon.colcon_core.environment:checking '/home/sid/ws/install/tortoisebot_firmware/bin'
[0.748s] Level 1:colcon.colcon_core.environment:checking '/home/sid/ws/install/tortoisebot_firmware/lib/pkgconfig/tortoisebot_firmware.pc'
[0.748s] Level 1:colcon.colcon_core.environment:checking '/home/sid/ws/install/tortoisebot_firmware/lib/python3.10/site-packages'
[0.748s] Level 1:colcon.colcon_core.environment:checking '/home/sid/ws/install/tortoisebot_firmware/bin'
[0.748s] INFO:colcon.colcon_core.shell:Creating package script '/home/sid/ws/install/tortoisebot_firmware/share/tortoisebot_firmware/package.ps1'
[0.748s] INFO:colcon.colcon_core.shell:Creating package descriptor '/home/sid/ws/install/tortoisebot_firmware/share/tortoisebot_firmware/package.dsv'
[0.749s] INFO:colcon.colcon_core.shell:Creating package script '/home/sid/ws/install/tortoisebot_firmware/share/tortoisebot_firmware/package.sh'
[0.749s] INFO:colcon.colcon_core.shell:Creating package script '/home/sid/ws/install/tortoisebot_firmware/share/tortoisebot_firmware/package.bash'
[0.749s] INFO:colcon.colcon_core.shell:Creating package script '/home/sid/ws/install/tortoisebot_firmware/share/tortoisebot_firmware/package.zsh'
[0.749s] Level 1:colcon.colcon_core.environment:create_file_with_runtime_dependencies(/home/sid/ws/install/tortoisebot_firmware/share/colcon-core/packages/tortoisebot_firmware)
[0.749s] Level 1:colcon.colcon_core.environment:create_environment_scripts_only(tortoisebot_firmware)
[0.750s] Level 1:colcon.colcon_core.environment:checking '/home/sid/ws/install/tortoisebot_firmware' for CMake module files
[0.750s] Level 1:colcon.colcon_core.environment:checking '/home/sid/ws/install/tortoisebot_firmware' for CMake config files
[0.750s] Level 1:colcon.colcon_core.shell:create_environment_hook('tortoisebot_firmware', 'cmake_prefix_path')
[0.750s] INFO:colcon.colcon_core.shell:Creating environment hook '/home/sid/ws/install/tortoisebot_firmware/share/tortoisebot_firmware/hook/cmake_prefix_path.ps1'
[0.750s] INFO:colcon.colcon_core.shell:Creating environment descriptor '/home/sid/ws/install/tortoisebot_firmware/share/tortoisebot_firmware/hook/cmake_prefix_path.dsv'
[0.751s] INFO:colcon.colcon_core.shell:Creating environment hook '/home/sid/ws/install/tortoisebot_firmware/share/tortoisebot_firmware/hook/cmake_prefix_path.sh'
[0.751s] Level 1:colcon.colcon_core.environment:checking '/home/sid/ws/install/tortoisebot_firmware/lib'
[0.751s] Level 1:colcon.colcon_core.environment:checking '/home/sid/ws/install/tortoisebot_firmware/bin'
[0.751s] Level 1:colcon.colcon_core.environment:checking '/home/sid/ws/install/tortoisebot_firmware/lib/pkgconfig/tortoisebot_firmware.pc'
[0.751s] Level 1:colcon.colcon_core.environment:checking '/home/sid/ws/install/tortoisebot_firmware/lib/python3.10/site-packages'
[0.751s] Level 1:colcon.colcon_core.environment:checking '/home/sid/ws/install/tortoisebot_firmware/bin'
[0.751s] INFO:colcon.colcon_core.shell:Creating package script '/home/sid/ws/install/tortoisebot_firmware/share/tortoisebot_firmware/package.ps1'
[0.752s] INFO:colcon.colcon_core.shell:Creating package descriptor '/home/sid/ws/install/tortoisebot_firmware/share/tortoisebot_firmware/package.dsv'
[0.752s] INFO:colcon.colcon_core.shell:Creating package script '/home/sid/ws/install/tortoisebot_firmware/share/tortoisebot_firmware/package.sh'
[0.752s] INFO:colcon.colcon_core.shell:Creating package script '/home/sid/ws/install/tortoisebot_firmware/share/tortoisebot_firmware/package.bash'
[0.753s] INFO:colcon.colcon_core.shell:Creating package script '/home/sid/ws/install/tortoisebot_firmware/share/tortoisebot_firmware/package.zsh'
[0.753s] Level 1:colcon.colcon_core.environment:create_file_with_runtime_dependencies(/home/sid/ws/install/tortoisebot_firmware/share/colcon-core/packages/tortoisebot_firmware)
[0.867s] Level 1:colcon.colcon_core.environment:checking '/home/sid/ws/install/tortoisebot_control' for CMake module files
[0.868s] DEBUG:colcon.colcon_core.event_handler.log_command:Invoked command in '/home/sid/ws/tortoisebot/tortoisebot_control' returned '0': PYTHONPATH=/home/sid/ws/build/tortoisebot_control/prefix_override:/usr/lib/python3/dist-packages/colcon_core/task/python/colcon_distutils_commands:/home/sid/ws/install/tortoisebot_control/lib/python3.10/site-packages:${PYTHONPATH} /usr/bin/python3 -W ignore:setup.py install is deprecated -W ignore:easy_install command is deprecated setup.py egg_info --egg-base ../../build/tortoisebot_control build --build-base /home/sid/ws/build/tortoisebot_control/build install --record /home/sid/ws/build/tortoisebot_control/install.log --single-version-externally-managed install_data
[0.868s] Level 1:colcon.colcon_core.environment:checking '/home/sid/ws/install/tortoisebot_control' for CMake config files
[0.868s] Level 1:colcon.colcon_core.environment:checking '/home/sid/ws/install/tortoisebot_control/lib'
[0.868s] Level 1:colcon.colcon_core.environment:checking '/home/sid/ws/install/tortoisebot_control/bin'
[0.868s] Level 1:colcon.colcon_core.environment:checking '/home/sid/ws/install/tortoisebot_control/lib/pkgconfig/tortoisebot_control.pc'
[0.868s] Level 1:colcon.colcon_core.environment:checking '/home/sid/ws/install/tortoisebot_control/lib/python3.10/site-packages'
[0.868s] Level 1:colcon.colcon_core.shell:create_environment_hook('tortoisebot_control', 'pythonpath')
[0.869s] INFO:colcon.colcon_core.shell:Creating environment hook '/home/sid/ws/install/tortoisebot_control/share/tortoisebot_control/hook/pythonpath.ps1'
[0.869s] INFO:colcon.colcon_core.shell:Creating environment descriptor '/home/sid/ws/install/tortoisebot_control/share/tortoisebot_control/hook/pythonpath.dsv'
[0.869s] INFO:colcon.colcon_core.shell:Creating environment hook '/home/sid/ws/install/tortoisebot_control/share/tortoisebot_control/hook/pythonpath.sh'
[0.870s] Level 1:colcon.colcon_core.environment:checking '/home/sid/ws/install/tortoisebot_control/bin'
[0.870s] Level 1:colcon.colcon_core.environment:create_environment_scripts_only(tortoisebot_control)
[0.870s] INFO:colcon.colcon_core.shell:Creating package script '/home/sid/ws/install/tortoisebot_control/share/tortoisebot_control/package.ps1'
[0.870s] INFO:colcon.colcon_core.shell:Creating package descriptor '/home/sid/ws/install/tortoisebot_control/share/tortoisebot_control/package.dsv'
[0.871s] INFO:colcon.colcon_core.shell:Creating package script '/home/sid/ws/install/tortoisebot_control/share/tortoisebot_control/package.sh'
[0.871s] INFO:colcon.colcon_core.shell:Creating package script '/home/sid/ws/install/tortoisebot_control/share/tortoisebot_control/package.bash'
[0.871s] INFO:colcon.colcon_core.shell:Creating package script '/home/sid/ws/install/tortoisebot_control/share/tortoisebot_control/package.zsh'
[0.871s] Level 1:colcon.colcon_core.environment:create_file_with_runtime_dependencies(/home/sid/ws/install/tortoisebot_control/share/colcon-core/packages/tortoisebot_control)
[0.871s] DEBUG:colcon.colcon_parallel_executor.executor.parallel:closing loop
[0.872s] DEBUG:colcon.colcon_parallel_executor.executor.parallel:loop closed
[0.872s] DEBUG:colcon.colcon_parallel_executor.executor.parallel:run_until_complete finished with '0'
[0.872s] DEBUG:colcon.colcon_core.event_reactor:joining thread
[0.875s] INFO:colcon.colcon_core.plugin_system:Skipping extension 'colcon_notification.desktop_notification.terminal_notifier': Not used on non-Darwin systems
[0.875s] INFO:colcon.colcon_core.plugin_system:Skipping extension 'colcon_notification.desktop_notification.win32': Not used on non-Windows systems
[0.875s] INFO:colcon.colcon_notification.desktop_notification:Sending desktop notification using 'notify2'
[0.883s] DEBUG:colcon.colcon_core.event_reactor:joined thread
[0.883s] INFO:colcon.colcon_core.shell:Creating prefix script '/home/sid/ws/install/local_setup.ps1'
[0.884s] INFO:colcon.colcon_core.shell:Creating prefix util module '/home/sid/ws/install/_local_setup_util_ps1.py'
[0.884s] INFO:colcon.colcon_core.shell:Creating prefix chain script '/home/sid/ws/install/setup.ps1'
[0.885s] INFO:colcon.colcon_core.shell:Creating prefix script '/home/sid/ws/install/local_setup.sh'
[0.886s] INFO:colcon.colcon_core.shell:Creating prefix util module '/home/sid/ws/install/_local_setup_util_sh.py'
[0.886s] INFO:colcon.colcon_core.shell:Creating prefix chain script '/home/sid/ws/install/setup.sh'
[0.887s] INFO:colcon.colcon_core.shell:Creating prefix script '/home/sid/ws/install/local_setup.bash'
[0.887s] INFO:colcon.colcon_core.shell:Creating prefix chain script '/home/sid/ws/install/setup.bash'
[0.888s] INFO:colcon.colcon_core.shell:Creating prefix script '/home/sid/ws/install/local_setup.zsh'
[0.888s] INFO:colcon.colcon_core.shell:Creating prefix chain script '/home/sid/ws/install/setup.zsh'
