[0.238s] Invoking command in '/home/sid/ws/build/tortoisebot_gazebo': CMAKE_PREFIX_PATH=${CMAKE_PREFIX_PATH}:/home/sid/ws/install/tortoisebot_control:/opt/ros/humble /usr/bin/cmake --build /home/sid/ws/build/tortoisebot_gazebo -- -j12 -l12
[0.283s] Invoked command in '/home/sid/ws/build/tortoisebot_gazebo' returned '0': CMAKE_PREFIX_PATH=${CMAKE_PREFIX_PATH}:/home/sid/ws/install/tortoisebot_control:/opt/ros/humble /usr/bin/cmake --build /home/sid/ws/build/tortoisebot_gazebo -- -j12 -l12
[0.286s] Invoking command in '/home/sid/ws/build/tortoisebot_gazebo': CMAKE_PREFIX_PATH=${CMAKE_PREFIX_PATH}:/home/sid/ws/install/tortoisebot_control:/opt/ros/humble /usr/bin/cmake --install /home/sid/ws/build/tortoisebot_gazebo
[0.295s] -- Install configuration: ""
[0.295s] -- Up-to-date: /home/sid/ws/install/tortoisebot_gazebo/share/tortoisebot_gazebo/gazebo
[0.295s] -- Up-to-date: /home/sid/ws/install/tortoisebot_gazebo/share/tortoisebot_gazebo/gazebo/tortoisebot_physics.gazebo
[0.295s] -- Up-to-date: /home/sid/ws/install/tortoisebot_gazebo/share/tortoisebot_gazebo/gazebo/tortoisebot_materials.gazebo
[0.295s] -- Up-to-date: /home/sid/ws/install/tortoisebot_gazebo/share/tortoisebot_gazebo/gazebo/tortoisebot_plugins.gazebo
[0.295s] -- Up-to-date: /home/sid/ws/install/tortoisebot_gazebo/share/tortoisebot_gazebo/launch
[0.295s] -- Up-to-date: /home/sid/ws/install/tortoisebot_gazebo/share/tortoisebot_gazebo/launch/gazebo.launch.py
[0.296s] -- Up-to-date: /home/sid/ws/install/tortoisebot_gazebo/share/tortoisebot_gazebo/worlds
[0.296s] -- Up-to-date: /home/sid/ws/install/tortoisebot_gazebo/share/tortoisebot_gazebo/worlds/room2.sdf
[0.296s] -- Up-to-date: /home/sid/ws/install/tortoisebot_gazebo/share/ament_index/resource_index/package_run_dependencies/tortoisebot_gazebo
[0.296s] -- Up-to-date: /home/sid/ws/install/tortoisebot_gazebo/share/ament_index/resource_index/parent_prefix_path/tortoisebot_gazebo
[0.296s] -- Up-to-date: /home/sid/ws/install/tortoisebot_gazebo/share/tortoisebot_gazebo/environment/ament_prefix_path.sh
[0.296s] -- Up-to-date: /home/sid/ws/install/tortoisebot_gazebo/share/tortoisebot_gazebo/environment/ament_prefix_path.dsv
[0.296s] -- Up-to-date: /home/sid/ws/install/tortoisebot_gazebo/share/tortoisebot_gazebo/environment/path.sh
[0.297s] -- Up-to-date: /home/sid/ws/install/tortoisebot_gazebo/share/tortoisebot_gazebo/environment/path.dsv
[0.297s] -- Up-to-date: /home/sid/ws/install/tortoisebot_gazebo/share/tortoisebot_gazebo/local_setup.bash
[0.297s] -- Up-to-date: /home/sid/ws/install/tortoisebot_gazebo/share/tortoisebot_gazebo/local_setup.sh
[0.297s] -- Up-to-date: /home/sid/ws/install/tortoisebot_gazebo/share/tortoisebot_gazebo/local_setup.zsh
[0.297s] -- Up-to-date: /home/sid/ws/install/tortoisebot_gazebo/share/tortoisebot_gazebo/local_setup.dsv
[0.297s] -- Up-to-date: /home/sid/ws/install/tortoisebot_gazebo/share/tortoisebot_gazebo/package.dsv
[0.297s] -- Up-to-date: /home/sid/ws/install/tortoisebot_gazebo/share/ament_index/resource_index/packages/tortoisebot_gazebo
[0.298s] -- Up-to-date: /home/sid/ws/install/tortoisebot_gazebo/share/tortoisebot_gazebo/cmake/tortoisebot_gazeboConfig.cmake
[0.298s] -- Up-to-date: /home/sid/ws/install/tortoisebot_gazebo/share/tortoisebot_gazebo/cmake/tortoisebot_gazeboConfig-version.cmake
[0.298s] -- Up-to-date: /home/sid/ws/install/tortoisebot_gazebo/share/tortoisebot_gazebo/package.xml
[0.337s] Invoked command in '/home/sid/ws/build/tortoisebot_gazebo' returned '0': CMAKE_PREFIX_PATH=${CMAKE_PREFIX_PATH}:/home/sid/ws/install/tortoisebot_control:/opt/ros/humble /usr/bin/cmake --install /home/sid/ws/build/tortoisebot_gazebo
