[0.246s] Invoking command in '/home/sid/ws/build/tortoisebot_navigation': CMAKE_PREFIX_PATH=/opt/ros/humble /usr/bin/cmake /home/sid/ws/tortoisebot/tortoisebot_navigation -DCMAKE_INSTALL_PREFIX=/home/sid/ws/install/tortoisebot_navigation
[0.309s] -- The C compiler identification is GNU 11.4.0
[0.398s] -- The CXX compiler identification is GNU 11.4.0
[0.408s] -- Detecting C compiler ABI info
[0.506s] -- Detecting C compiler ABI info - done
[0.517s] -- Check for working C compiler: /usr/bin/cc - skipped
[0.517s] -- Detecting C compile features
[0.517s] -- Detecting C compile features - done
[0.521s] -- Detecting CXX compiler ABI info
[0.628s] -- Detecting CXX compiler ABI info - done
[0.646s] -- Check for working CXX compiler: /usr/bin/c++ - skipped
[0.646s] -- Detecting CXX compile features
[0.647s] -- Detecting CXX compile features - done
[0.651s] -- Found ament_cmake: 1.3.11 (/opt/ros/humble/share/ament_cmake/cmake)
[0.868s] -- Found Python3: /usr/bin/python3 (found version "3.10.12") found components: Interpreter 
[0.994s] -- Found ament_lint_auto: 0.12.11 (/opt/ros/humble/share/ament_lint_auto/cmake)
[1.086s] -- Added test 'copyright' to check source files copyright and LICENSE
[1.087s] -- Added test 'flake8' to check Python code syntax and style conventions
[1.087s] -- Added test 'lint_cmake' to check CMake code style
[1.087s] -- Added test 'pep257' to check Python code against some of the docstring style conventions in PEP 257
[1.088s] -- Added test 'xmllint' to check XML markup files
[1.090s] -- Configuring done
[1.094s] -- Generating done
[1.097s] -- Build files have been written to: /home/sid/ws/build/tortoisebot_navigation
[1.103s] Invoked command in '/home/sid/ws/build/tortoisebot_navigation' returned '0': CMAKE_PREFIX_PATH=/opt/ros/humble /usr/bin/cmake /home/sid/ws/tortoisebot/tortoisebot_navigation -DCMAKE_INSTALL_PREFIX=/home/sid/ws/install/tortoisebot_navigation
[1.106s] Invoking command in '/home/sid/ws/build/tortoisebot_navigation': CMAKE_PREFIX_PATH=/opt/ros/humble /usr/bin/cmake --build /home/sid/ws/build/tortoisebot_navigation -- -j12 -l12
[1.185s] Invoked command in '/home/sid/ws/build/tortoisebot_navigation' returned '0': CMAKE_PREFIX_PATH=/opt/ros/humble /usr/bin/cmake --build /home/sid/ws/build/tortoisebot_navigation -- -j12 -l12
[1.187s] Invoking command in '/home/sid/ws/build/tortoisebot_navigation': CMAKE_PREFIX_PATH=/opt/ros/humble /usr/bin/cmake --install /home/sid/ws/build/tortoisebot_navigation
[1.199s] -- Install configuration: ""
[1.199s] -- Installing: /home/sid/ws/install/tortoisebot_navigation/share/tortoisebot_navigation/launch
[1.199s] -- Installing: /home/sid/ws/install/tortoisebot_navigation/share/tortoisebot_navigation/launch/navigation.launch.py
[1.199s] -- Installing: /home/sid/ws/install/tortoisebot_navigation/share/tortoisebot_navigation/config
[1.199s] -- Installing: /home/sid/ws/install/tortoisebot_navigation/share/tortoisebot_navigation/config/nav2_params_simulation.yaml
[1.200s] -- Installing: /home/sid/ws/install/tortoisebot_navigation/share/tortoisebot_navigation/config/nav2_params_robot.yaml
[1.200s] -- Installing: /home/sid/ws/install/tortoisebot_navigation/share/ament_index/resource_index/package_run_dependencies/tortoisebot_navigation
[1.200s] -- Installing: /home/sid/ws/install/tortoisebot_navigation/share/ament_index/resource_index/parent_prefix_path/tortoisebot_navigation
[1.200s] -- Installing: /home/sid/ws/install/tortoisebot_navigation/share/tortoisebot_navigation/environment/ament_prefix_path.sh
[1.200s] -- Installing: /home/sid/ws/install/tortoisebot_navigation/share/tortoisebot_navigation/environment/ament_prefix_path.dsv
[1.200s] -- Installing: /home/sid/ws/install/tortoisebot_navigation/share/tortoisebot_navigation/environment/path.sh
[1.200s] -- Installing: /home/sid/ws/install/tortoisebot_navigation/share/tortoisebot_navigation/environment/path.dsv
[1.201s] -- Installing: /home/sid/ws/install/tortoisebot_navigation/share/tortoisebot_navigation/local_setup.bash
[1.201s] -- Installing: /home/sid/ws/install/tortoisebot_navigation/share/tortoisebot_navigation/local_setup.sh
[1.202s] -- Installing: /home/sid/ws/install/tortoisebot_navigation/share/tortoisebot_navigation/local_setup.zsh
[1.203s] -- Installing: /home/sid/ws/install/tortoisebot_navigation/share/tortoisebot_navigation/local_setup.dsv
[1.203s] -- Installing: /home/sid/ws/install/tortoisebot_navigation/share/tortoisebot_navigation/package.dsv
[1.205s] -- Installing: /home/sid/ws/install/tortoisebot_navigation/share/ament_index/resource_index/packages/tortoisebot_navigation
[1.205s] -- Installing: /home/sid/ws/install/tortoisebot_navigation/share/tortoisebot_navigation/cmake/tortoisebot_navigationConfig.cmake
[1.205s] -- Installing: /home/sid/ws/install/tortoisebot_navigation/share/tortoisebot_navigation/cmake/tortoisebot_navigationConfig-version.cmake
[1.205s] -- Installing: /home/sid/ws/install/tortoisebot_navigation/share/tortoisebot_navigation/package.xml
[1.221s] Invoked command in '/home/sid/ws/build/tortoisebot_navigation' returned '0': CMAKE_PREFIX_PATH=/opt/ros/humble /usr/bin/cmake --install /home/sid/ws/build/tortoisebot_navigation
