[0.046s] Invoking command in '/home/sid/ws/build/tortoisebot_bringup': CMAKE_PREFIX_PATH=${CMAKE_PREFIX_PATH}:/home/sid/ws/install/tortoisebot_control:/opt/ros/humble /usr/bin/cmake --build /home/sid/ws/build/tortoisebot_bringup -- -j12 -l12
[0.270s] Invoked command in '/home/sid/ws/build/tortoisebot_bringup' returned '0': CMAKE_PREFIX_PATH=${CMAKE_PREFIX_PATH}:/home/sid/ws/install/tortoisebot_control:/opt/ros/humble /usr/bin/cmake --build /home/sid/ws/build/tortoisebot_bringup -- -j12 -l12
[0.287s] Invoking command in '/home/sid/ws/build/tortoisebot_bringup': CMAKE_PREFIX_PATH=${CMAKE_PREFIX_PATH}:/home/sid/ws/install/tortoisebot_control:/opt/ros/humble /usr/bin/cmake --install /home/sid/ws/build/tortoisebot_bringup
[0.297s] -- Install configuration: ""
[0.298s] -- Execute custom install script
[0.299s] -- Up-to-date symlink: /home/sid/ws/install/tortoisebot_bringup/share/tortoisebot_bringup/launch/autobringup.launch.py
[0.299s] -- Up-to-date symlink: /home/sid/ws/install/tortoisebot_bringup/share/tortoisebot_bringup/launch/bringup.launch.py
[0.300s] -- Up-to-date symlink: /home/sid/ws/install/tortoisebot_bringup/share/tortoisebot_bringup/maps/room2.pgm
[0.300s] -- Up-to-date symlink: /home/sid/ws/install/tortoisebot_bringup/share/tortoisebot_bringup/maps/room2.yaml
[0.300s] -- Up-to-date symlink: /home/sid/ws/install/tortoisebot_bringup/share/ament_index/resource_index/package_run_dependencies/tortoisebot_bringup
[0.301s] -- Up-to-date symlink: /home/sid/ws/install/tortoisebot_bringup/share/ament_index/resource_index/parent_prefix_path/tortoisebot_bringup
[0.301s] -- Up-to-date symlink: /home/sid/ws/install/tortoisebot_bringup/share/tortoisebot_bringup/environment/ament_prefix_path.sh
[0.301s] -- Up-to-date symlink: /home/sid/ws/install/tortoisebot_bringup/share/tortoisebot_bringup/environment/ament_prefix_path.dsv
[0.301s] -- Up-to-date symlink: /home/sid/ws/install/tortoisebot_bringup/share/tortoisebot_bringup/environment/path.sh
[0.301s] -- Up-to-date symlink: /home/sid/ws/install/tortoisebot_bringup/share/tortoisebot_bringup/environment/path.dsv
[0.301s] -- Up-to-date symlink: /home/sid/ws/install/tortoisebot_bringup/share/tortoisebot_bringup/local_setup.bash
[0.301s] -- Up-to-date symlink: /home/sid/ws/install/tortoisebot_bringup/share/tortoisebot_bringup/local_setup.sh
[0.301s] -- Up-to-date symlink: /home/sid/ws/install/tortoisebot_bringup/share/tortoisebot_bringup/local_setup.zsh
[0.301s] -- Up-to-date symlink: /home/sid/ws/install/tortoisebot_bringup/share/tortoisebot_bringup/local_setup.dsv
[0.302s] -- Symlinking: /home/sid/ws/install/tortoisebot_bringup/share/tortoisebot_bringup/package.dsv
[0.314s] -- Up-to-date symlink: /home/sid/ws/install/tortoisebot_bringup/share/ament_index/resource_index/packages/tortoisebot_bringup
[0.314s] -- Up-to-date symlink: /home/sid/ws/install/tortoisebot_bringup/share/tortoisebot_bringup/cmake/tortoisebot_bringupConfig.cmake
[0.315s] -- Up-to-date symlink: /home/sid/ws/install/tortoisebot_bringup/share/tortoisebot_bringup/cmake/tortoisebot_bringupConfig-version.cmake
[0.316s] -- Up-to-date symlink: /home/sid/ws/install/tortoisebot_bringup/share/tortoisebot_bringup/package.xml
[0.326s] Invoked command in '/home/sid/ws/build/tortoisebot_bringup' returned '0': CMAKE_PREFIX_PATH=${CMAKE_PREFIX_PATH}:/home/sid/ws/install/tortoisebot_control:/opt/ros/humble /usr/bin/cmake --install /home/sid/ws/build/tortoisebot_bringup
